Change Component Designator: Old Designator=C58 New Designator=C74
Change Component Designator: Old Designator=C61 New Designator=C79
Change Component Designator: Old Designator=C62 New Designator=C80
Change Component Designator: Old Designator=C65 New Designator=C85
Change Component Designator: Old Designator=C? New Designator=C75
Change Component Designator: Old Designator=C? New Designator=C76
Change Component Designator: Old Designator=C? New Designator=C77
Change Component Designator: Old Designator=C? New Designator=C78
Change Component Designator: Old Designator=C? New Designator=C81
Change Component Designator: Old Designator=C? New Designator=C82
Change Component Designator: Old Designator=C? New Designator=C83
Change Component Designator: Old Designator=C? New Designator=C84
Change Component Designator: Old Designator=D? New Designator=D13
Change Component Designator: Old Designator=D? New Designator=D14
Change Component Designator: Old Designator=FB? New Designator=FB8
Change Component Designator: Old Designator=FB? New Designator=FB9
Change Component Designator: Old Designator=R71 New Designator=R69
Change Component Designator: Old Designator=R72 New Designator=R70
Change Component Designator: Old Designator=R73 New Designator=R71
Change Component Designator: Old Designator=R74 New Designator=R72
Change Component Designator: Old Designator=R75 New Designator=R73
Change Component Designator: Old Designator=R76 New Designator=R74
Change Component Designator: Old Designator=R77 New Designator=R75
Change Component Designator: Old Designator=R78 New Designator=R76
