Change Component Designator: Old Designator=C52 New Designator=C40
Change Component Designator: Old Designator=C53 New Designator=C41
Change Component Designator: Old Designator=C54 New Designator=C42
Change Component Designator: Old Designator=C55 New Designator=C43
Change Component Designator: Old Designator=C56 New Designator=C44
Change Component Designator: Old Designator=C57 New Designator=C45
Change Component Designator: Old Designator=C60 New Designator=C47
Change Component Designator: Old Designator=C61 New Designator=C48
Change Component Designator: Old Designator=C64 New Designator=C50
Change Component Designator: Old Designator=C65 New Designator=C51
Change Component Designator: Old Designator=C? New Designator=C46
Change Component Designator: Old Designator=C? New Designator=C49
Change Component Designator: Old Designator=C? New Designator=C52
Change Component Designator: Old Designator=C? New Designator=C53
Change Component Designator: Old Designator=J? New Designator=J2
Change Component Designator: Old Designator=R50 New Designator=R40
Change Component Designator: Old Designator=R51 New Designator=R41
Change Component Designator: Old Designator=R53 New Designator=R44
Change Component Designator: Old Designator=R54 New Designator=R45
Change Component Designator: Old Designator=R55 New Designator=R46
Change Component Designator: Old Designator=R56 New Designator=R47
Change Component Designator: Old Designator=R? New Designator=R36
Change Component Designator: Old Designator=R? New Designator=R37
Change Component Designator: Old Designator=R? New Designator=R38
Change Component Designator: Old Designator=R? New Designator=R39
Change Component Designator: Old Designator=R? New Designator=R42
Change Component Designator: Old Designator=R? New Designator=R43
Change Component Designator: Old Designator=R? New Designator=R48
Change Component Designator: Old Designator=R? New Designator=R49
Change Component Designator: Old Designator=R? New Designator=R50
Change Component Designator: Old Designator=R? New Designator=R51
Change Component Designator: Old Designator=R? New Designator=R52
Change Component Designator: Old Designator=R? New Designator=R53
Change Component Designator: Old Designator=R? New Designator=R54
Change Component Designator: Old Designator=R? New Designator=R55
Change Component Designator: Old Designator=R? New Designator=R56
Change Component Designator: Old Designator=U13 New Designator=U9
Change Component Designator: Old Designator=U? New Designator=U10
Change Component Designator: Old Designator=U? New Designator=U11
Change Component Designator: Old Designator=U? New Designator=U12
Change Component Designator: Old Designator=U? New Designator=U13
Change Component Designator: Old Designator=U? New Designator=U10
Change Component Designator: Old Designator=U? New Designator=U11
Change Component Designator: Old Designator=U? New Designator=U12
Change Component Designator: Old Designator=U? New Designator=U13
