Change Component Designator: Old Designator=C40 New Designator=C50
Change Component Designator: Old Designator=C43 New Designator=C55
Change Component Designator: Old Designator=C44 New Designator=C56
Change Component Designator: Old Designator=C45 New Designator=C57
Change Component Designator: Old Designator=C46 New Designator=C58
Change Component Designator: Old Designator=C47 New Designator=C59
Change Component Designator: Old Designator=C48 New Designator=C60
Change Component Designator: Old Designator=C51 New Designator=C65
Change Component Designator: Old Designator=C52 New Designator=C66
Change Component Designator: Old Designator=C53 New Designator=C67
Change Component Designator: Old Designator=C56 New Designator=C72
Change Component Designator: Old Designator=C57 New Designator=C73
Change Component Designator: Old Designator=C? New Designator=C51
Change Component Designator: Old Designator=C? New Designator=C52
Change Component Designator: Old Designator=C? New Designator=C53
Change Component Designator: Old Designator=C? New Designator=C54
Change Component Designator: Old Designator=C? New Designator=C61
Change Component Designator: Old Designator=C? New Designator=C62
Change Component Designator: Old Designator=C? New Designator=C63
Change Component Designator: Old Designator=C? New Designator=C64
Change Component Designator: Old Designator=C? New Designator=C68
Change Component Designator: Old Designator=C? New Designator=C69
Change Component Designator: Old Designator=C? New Designator=C70
Change Component Designator: Old Designator=C? New Designator=C71
Change Component Designator: Old Designator=D? New Designator=D11
Change Component Designator: Old Designator=D? New Designator=D12
Change Component Designator: Old Designator=FB? New Designator=FB5
Change Component Designator: Old Designator=FB? New Designator=FB6
Change Component Designator: Old Designator=FB? New Designator=FB7
Change Component Designator: Old Designator=Q1 New Designator=Q2
Change Component Designator: Old Designator=R50 New Designator=R48
Change Component Designator: Old Designator=R51 New Designator=R49
Change Component Designator: Old Designator=R52 New Designator=R50
Change Component Designator: Old Designator=R53 New Designator=R51
Change Component Designator: Old Designator=R54 New Designator=R52
Change Component Designator: Old Designator=R55 New Designator=R53
Change Component Designator: Old Designator=R56 New Designator=R54
Change Component Designator: Old Designator=R57 New Designator=R55
Change Component Designator: Old Designator=R58 New Designator=R56
Change Component Designator: Old Designator=R59 New Designator=R57
Change Component Designator: Old Designator=R60 New Designator=R58
Change Component Designator: Old Designator=R61 New Designator=R59
Change Component Designator: Old Designator=R62 New Designator=R60
Change Component Designator: Old Designator=R63 New Designator=R61
Change Component Designator: Old Designator=R64 New Designator=R62
Change Component Designator: Old Designator=R65 New Designator=R63
Change Component Designator: Old Designator=R66 New Designator=R64
Change Component Designator: Old Designator=R67 New Designator=R65
Change Component Designator: Old Designator=R68 New Designator=R66
Change Component Designator: Old Designator=R69 New Designator=R67
Change Component Designator: Old Designator=R70 New Designator=R68
