Removed Pin From Net: NetName=BLE_N Pin=R105-1
Removed Pin From Net: NetName=BLE_P Pin=R107-1
Removed Pin From Net: NetName=WIFI_N Pin=R121-1
Removed Pin From Net: NetName=WIFI_P Pin=R123-1
Change Component Designator: OldDesignator=R106 NewDesignator=R105
Change Component Designator: OldDesignator=R108 NewDesignator=R106
Change Component Designator: OldDesignator=R109 NewDesignator=R107
Change Component Designator: OldDesignator=R110 NewDesignator=R108
Change Component Designator: OldDesignator=R111 NewDesignator=R109
Change Component Designator: OldDesignator=R112 NewDesignator=R110
Change Component Designator: OldDesignator=R113 NewDesignator=R111
Change Component Designator: OldDesignator=R114 NewDesignator=R112
Change Component Designator: OldDesignator=R115 NewDesignator=R113
Change Component Designator: OldDesignator=R116 NewDesignator=R114
Change Component Designator: OldDesignator=R117 NewDesignator=R115
Change Component Designator: OldDesignator=R118 NewDesignator=R116
Change Component Designator: OldDesignator=R119 NewDesignator=R117
Change Component Designator: OldDesignator=R120 NewDesignator=R118
Change Component Designator: OldDesignator=R122 NewDesignator=R119
Change Component Designator: OldDesignator=R124 NewDesignator=R120
Change Component Designator: OldDesignator=R125 NewDesignator=R121
Change Component Designator: OldDesignator=R126 NewDesignator=R122
Change Component Designator: OldDesignator=R127 NewDesignator=R123
Change Component Designator: OldDesignator=R128 NewDesignator=R124
Change Component Designator: OldDesignator=R129 NewDesignator=R125
Change Component Designator: OldDesignator=R130 NewDesignator=R126
Change Component Designator: OldDesignator=R131 NewDesignator=R127
Change Component Designator: OldDesignator=R132 NewDesignator=R128
Change Component Designator: OldDesignator=R133 NewDesignator=R129
Change Component Designator: OldDesignator=R134 NewDesignator=R130
Change Component Designator: OldDesignator=R135 NewDesignator=R131
Change Component Designator: OldDesignator=R136 NewDesignator=R132
Change Component Designator: OldDesignator=R137 NewDesignator=R133
Change Component Designator: OldDesignator=R138 NewDesignator=R134
Change Component Designator: OldDesignator=R139 NewDesignator=R135
Change Component Designator: OldDesignator=R140 NewDesignator=R136
Added Pin To Net: NetName=BLE_P Pin=U22-1
Added Pin To Net: NetName=BLE_N Pin=U22-2
Added Pin To Net: NetName=WIFI_P Pin=U24-1
Added Pin To Net: NetName=WIFI_N Pin=U24-2
Change Net Name : Old Net Name=NetR106_1 New Net Name=NetR105_1
Change Net Name : Old Net Name=NetR108_1 New Net Name=NetR106_1
Change Net Name : Old Net Name=NetR109_2 New Net Name=NetR107_2
Change Net Name : Old Net Name=NetR116_1 New Net Name=NetR114_1
Change Net Name : Old Net Name=NetR117_1 New Net Name=NetR115_1
Change Net Name : Old Net Name=NetR119_2 New Net Name=NetR117_2
Change Net Name : Old Net Name=NetR120_1 New Net Name=NetR118_1
Change Net Name : Old Net Name=NetR122_1 New Net Name=NetR119_1
Change Net Name : Old Net Name=NetR124_1 New Net Name=NetR120_1
Change Net Name : Old Net Name=NetR125_2 New Net Name=NetR121_2
Change Net Name : Old Net Name=NetR132_1 New Net Name=NetR128_1
Change Net Name : Old Net Name=NetR132_2 New Net Name=NetR128_2
Change Net Name : Old Net Name=NetR133_1 New Net Name=NetR129_1
Change Net Name : Old Net Name=NetR133_2 New Net Name=NetR129_2
Change Net Name : Old Net Name=NetR136_1 New Net Name=NetR132_1
Change Net Name : Old Net Name=NetR136_2 New Net Name=NetR132_2
Change Net Name : Old Net Name=NetR137_1 New Net Name=NetR133_1
Change Net Name : Old Net Name=NetR137_2 New Net Name=NetR133_2
Change Net Name : Old Net Name=NetR138_1 New Net Name=NetR134_1
Change Net Name : Old Net Name=NetR139_1 New Net Name=NetR135_1
Add Class: Class already exists: Designator
Add Class: Class already exists: Designator
Add Class: Class already exists: Designator
Add Class: Class already exists: Designator
Add Class: Class already exists: Designator
Add Class: Class already exists: Designator
Add Class: Class already exists: Designator
Add Class: Class already exists: Designator
Add Class: Class already exists: Designator
Add Class: Class already exists: Designator
Add Class: Class already exists: Designator
Add Class: Class already exists: Designator
