Removed Pin From Net: NetName=GND Pin=TP5-1
Removed Pin From Net: NetName=2V8 Pin=TP10-1
Removed Pin From Net: NetName=1V2 Pin=TP11-1
Removed Member From Class: ClassName=Designator Member=TP9
Removed Member From Class: ClassName=Designator Member=TP10
Removed Member From Class: ClassName=Designator Member=TP11
Change Component Designator: OldDesignator=TP6 NewDesignator=TP5
Change Component Designator: OldDesignator=TP7 NewDesignator=TP6
Change Component Designator: OldDesignator=TP8 NewDesignator=TP7
Change Component Designator: OldDesignator=TP9 NewDesignator=TP8
Change Component Designator: OldDesignator=TP12 NewDesignator=TP9
Change Component Designator: OldDesignator=TP13 NewDesignator=TP10
Change Component Designator: OldDesignator=TP14 NewDesignator=TP11
Change Component Designator: OldDesignator=TP15 NewDesignator=TP12
Change Component Designator: OldDesignator=TP16 NewDesignator=TP13
Change Component Designator: OldDesignator=TP17 NewDesignator=TP14
Change Component Designator: OldDesignator=TP18 NewDesignator=TP15
Change Component Designator: OldDesignator=TP19 NewDesignator=TP16
Change Component Designator: OldDesignator=TP20 NewDesignator=TP17
Add Class: Class already exists: Designator
Add Class: Class already exists: Designator
Add Class: Class already exists: Designator
Add Class: Class already exists: Designator
Add Class: Class already exists: Designator
Add Class: Class already exists: Designator
Add Class: Class already exists: Designator
Add Class: Class already exists: Designator
Add Class: Class already exists: Designator
Add Class: Class already exists: Designator
Add Class: Class already exists: Designator
Add Class: Class already exists: Designator
