Removed Pin From Net: NetName=GND Pin=C92-1
Removed Pin From Net: NetName=3V3 Pin=C92-2
Removed Pin From Net: NetName=GND Pin=C93-1
Removed Pin From Net: NetName=3V3 Pin=C93-2
Removed Pin From Net: NetName=3V3 Pin=FB12-2
Change Component Designator: OldDesignator=C94 NewDesignator=C92
Change Component Designator: OldDesignator=C95 NewDesignator=C93
Change Component Designator: OldDesignator=C96 NewDesignator=C94
Change Component Designator: OldDesignator=C97 NewDesignator=C95
Change Component Designator: OldDesignator=C98 NewDesignator=C96
Change Component Designator: OldDesignator=C99 NewDesignator=C97
Change Component Designator: OldDesignator=C100 NewDesignator=C98
Change Component Designator: OldDesignator=C101 NewDesignator=C99
Change Component Designator: OldDesignator=C102 NewDesignator=C100
Change Component Designator: OldDesignator=C103 NewDesignator=C101
Change Component Designator: OldDesignator=C104 NewDesignator=C102
Change Component Designator: OldDesignator=C105 NewDesignator=C103
Change Component Designator: OldDesignator=FB13 NewDesignator=FB12
Change Component Designator: OldDesignator=FB14 NewDesignator=FB13
Change Component Designator: OldDesignator=FB15 NewDesignator=FB14
Change Component Designator: OldDesignator=FB16 NewDesignator=FB15
Change Component Designator: OldDesignator=FB17 NewDesignator=FB16
Change Component Designator: OldDesignator=FB18 NewDesignator=FB17
Added Pin To Net: NetName=3V3 Pin=C90-2
Added Pin To Net: NetName=3V3 Pin=C91-2
Added Pin To Net: NetName=3V3 Pin=U21-2
Change Net Name : Old Net Name=NetC94_2 New Net Name=NetC92_2
Change Net Name : Old Net Name=NetC96_2 New Net Name=NetC94_2
Change Net Name : Old Net Name=NetC97_1 New Net Name=NetC95_1
Change Net Name : Old Net Name=NetC98_2 New Net Name=NetC96_2
Change Net Name : Old Net Name=NetC100_2 New Net Name=NetC98_2
Change Net Name : Old Net Name=NetC101_1 New Net Name=NetC99_1
Change Net Name : Old Net Name=NetFB14_1 New Net Name=NetFB13_1
Change Net Name : Old Net Name=NetFB17_1 New Net Name=NetFB16_1
Add Class: Class already exists: Designator
Add Class: Class already exists: Designator
Add Class: Class already exists: Designator
Add Class: Class already exists: Designator
Add Class: Class already exists: Designator
Add Class: Class already exists: Designator
Add Class: Class already exists: Designator
Add Class: Class already exists: Designator
Add Class: Class already exists: Designator
Add Class: Class already exists: Designator
Add Class: Class already exists: Designator
Add Class: Class already exists: Designator
