Removed Pin From Net: NetName=GND Pin=C41-1
Removed Pin From Net: NetName=3V3 Pin=C41-2
Removed Pin From Net: NetName=GND Pin=C42-1
Removed Pin From Net: NetName=3V3 Pin=C42-2
Removed Pin From Net: NetName=3V3 Pin=R37-2
Change Component Designator: OldDesignator=C43 NewDesignator=C41
Change Component Designator: OldDesignator=C44 NewDesignator=C42
Change Component Designator: OldDesignator=C45 NewDesignator=C43
Change Component Designator: OldDesignator=C46 NewDesignator=C44
Change Component Designator: OldDesignator=C47 NewDesignator=C45
Change Component Designator: OldDesignator=C48 NewDesignator=C46
Change Component Designator: OldDesignator=C49 NewDesignator=C47
Change Component Designator: OldDesignator=C50 NewDesignator=C48
Change Component Designator: OldDesignator=C51 NewDesignator=C49
Change Component Designator: OldDesignator=C52 NewDesignator=C50
Change Component Designator: OldDesignator=C53 NewDesignator=C51
Change Component Designator: OldDesignator=C54 NewDesignator=C52
Change Component Designator: OldDesignator=C55 NewDesignator=C53
Change Component Designator: OldDesignator=C56 NewDesignator=C54
Change Component Designator: OldDesignator=C57 NewDesignator=C55
Change Component Designator: OldDesignator=C58 NewDesignator=C56
Change Component Designator: OldDesignator=C59 NewDesignator=C57
Change Component Designator: OldDesignator=C60 NewDesignator=C58
Change Component Designator: OldDesignator=C61 NewDesignator=C59
Change Component Designator: OldDesignator=C62 NewDesignator=C60
Change Component Designator: OldDesignator=C63 NewDesignator=C61
Change Component Designator: OldDesignator=C64 NewDesignator=C62
Change Component Designator: OldDesignator=C65 NewDesignator=C63
Change Component Designator: OldDesignator=C66 NewDesignator=C64
Change Component Designator: OldDesignator=C67 NewDesignator=C65
Change Component Designator: OldDesignator=C68 NewDesignator=C66
Change Component Designator: OldDesignator=C69 NewDesignator=C67
Change Component Designator: OldDesignator=C70 NewDesignator=C68
Change Component Designator: OldDesignator=C71 NewDesignator=C69
Change Component Designator: OldDesignator=C72 NewDesignator=C70
Change Component Designator: OldDesignator=C73 NewDesignator=C71
Change Component Designator: OldDesignator=C74 NewDesignator=C72
Change Component Designator: OldDesignator=C75 NewDesignator=C73
Change Component Designator: OldDesignator=C76 NewDesignator=C74
Change Component Designator: OldDesignator=C77 NewDesignator=C75
Change Component Designator: OldDesignator=C78 NewDesignator=C76
Change Component Designator: OldDesignator=C79 NewDesignator=C77
Change Component Designator: OldDesignator=C80 NewDesignator=C78
Change Component Designator: OldDesignator=C81 NewDesignator=C79
Change Component Designator: OldDesignator=C82 NewDesignator=C80
Change Component Designator: OldDesignator=C83 NewDesignator=C81
Change Component Designator: OldDesignator=C84 NewDesignator=C82
Change Component Designator: OldDesignator=C85 NewDesignator=C83
Change Component Designator: OldDesignator=C86 NewDesignator=C84
Change Component Designator: OldDesignator=C87 NewDesignator=C85
Change Component Designator: OldDesignator=C88 NewDesignator=C86
Change Component Designator: OldDesignator=C89 NewDesignator=C87
Change Component Designator: OldDesignator=C90 NewDesignator=C88
Change Component Designator: OldDesignator=C91 NewDesignator=C89
Change Component Designator: OldDesignator=C92 NewDesignator=C90
Change Component Designator: OldDesignator=C93 NewDesignator=C91
Change Component Designator: OldDesignator=C94 NewDesignator=C92
Change Component Designator: OldDesignator=C95 NewDesignator=C93
Change Component Designator: OldDesignator=C96 NewDesignator=C94
Change Component Designator: OldDesignator=C97 NewDesignator=C95
Change Component Designator: OldDesignator=C98 NewDesignator=C96
Change Component Designator: OldDesignator=C99 NewDesignator=C97
Change Component Designator: OldDesignator=C100 NewDesignator=C98
Change Component Designator: OldDesignator=C101 NewDesignator=C99
Change Component Designator: OldDesignator=C102 NewDesignator=C100
Change Component Designator: OldDesignator=C103 NewDesignator=C101
Change Component Designator: OldDesignator=C104 NewDesignator=C102
Change Component Designator: OldDesignator=FB4 NewDesignator=FB5
Change Component Designator: OldDesignator=FB5 NewDesignator=FB6
Change Component Designator: OldDesignator=FB6 NewDesignator=FB7
Change Component Designator: OldDesignator=FB7 NewDesignator=FB8
Change Component Designator: OldDesignator=FB8 NewDesignator=FB9
Change Component Designator: OldDesignator=FB9 NewDesignator=FB10
Change Component Designator: OldDesignator=FB10 NewDesignator=FB11
Change Component Designator: OldDesignator=FB11 NewDesignator=FB12
Change Component Designator: OldDesignator=FB12 NewDesignator=FB13
Added Component: Designator=FB4(Ferrite_Bead_0805)
Add component (AddParameter): Name = "Datasheet"; Value = ""; VariantName = "[No Variations]"
Add component (AddParameter): Name = "Supply Name"; Value = "Thegioiic"; VariantName = "[No Variations]"
Add component (AddParameter): Name = "Supply Part Number"; Value = "CBW201209U121T Ferrite Beads 2A 120 Ohm 0805"; VariantName = "[No Variations]"
Add component (AddParameter): Name = "Supply URL"; Value = "https://www.thegioiic.com/cbw201209u121t-ferrite-beads-2a-120-ohm-0805"; VariantName = "[No Variations]"
Added Pin To Net: NetName=3V3 Pin=FB4-1
Change Net Name : Old Net Name=NetC47_1 New Net Name=NetC45_1
Change Net Name : Old Net Name=NetC56_1 New Net Name=NetC54_1
Change Net Name : Old Net Name=NetC56_2 New Net Name=NetC54_2
Change Net Name : Old Net Name=NetC57_2 New Net Name=NetC55_2
Change Net Name : Old Net Name=NetC62_1 New Net Name=NetC60_1
Change Net Name : Old Net Name=NetC62_2 New Net Name=NetC60_2
Change Net Name : Old Net Name=NetC63_1 New Net Name=NetC61_1
Change Net Name : Old Net Name=NetC64_1 New Net Name=NetC62_1
Change Net Name : Old Net Name=NetC69_1 New Net Name=NetC67_1
Change Net Name : Old Net Name=NetC69_2 New Net Name=NetC67_2
Change Net Name : Old Net Name=NetC70_1 New Net Name=NetC68_1
Change Net Name : Old Net Name=NetC70_2 New Net Name=NetC68_2
Change Net Name : Old Net Name=NetC71_1 New Net Name=NetC69_1
Change Net Name : Old Net Name=NetC76_1 New Net Name=NetC74_1
Change Net Name : Old Net Name=NetC76_2 New Net Name=NetC74_2
Change Net Name : Old Net Name=NetC77_1 New Net Name=NetC75_1
Change Net Name : Old Net Name=NetC82_1 New Net Name=NetC80_1
Change Net Name : Old Net Name=NetC82_2 New Net Name=NetC80_2
Change Net Name : Old Net Name=NetC95_2 New Net Name=NetC93_2
Change Net Name : Old Net Name=NetC96_1 New Net Name=NetC94_1
Change Net Name : Old Net Name=NetC99_2 New Net Name=NetC97_2
Change Net Name : Old Net Name=NetC100_1 New Net Name=NetC98_1
Change Net Name : Old Net Name=NetFB9_1 New Net Name=NetFB10_1
Change Net Name : Old Net Name=NetFB11_1 New Net Name=NetFB12_1
Added Pin To Net: NetName=NetFB4_2 Pin=FB4-2
Added Pin To Net: NetName=NetFB4_2 Pin=R37-2
Added Net: Name=NetFB4_2
Add Class: Class already exists: Designator
Add Class: Class already exists: Designator
Add Class: Class already exists: Designator
Add Class: Class already exists: Designator
Add Class: Class already exists: Designator
Add Class: Class already exists: Designator
Add Class: Class already exists: Designator
Add Class: Class already exists: Designator
Add Class: Class already exists: Designator
Add Class: Class already exists: Designator
Add Class: Class already exists: Designator
Add Class: Class already exists: Designator
