Removed Pin From Net: NetName=VCC Pin=F1-2
Removed Member From Class: ClassName=Designator Member=SW2
Added Pin To Net: NetName=VCC Pin=SW1-2
Add Pin To Net: Unknown Pin: Pin SW1-SH
Added Pin To Net: NetName=NetF1_2 Pin=F1-2
Added Pin To Net: NetName=NetF1_2 Pin=SW1-3
Added Net: Name=NetF1_2
Add Class: Class already exists: Designator
Add Class: Class already exists: Designator
Add Class: Class already exists: Designator
Add Class: Class already exists: Designator
Add Class: Class already exists: Designator
Add Class: Class already exists: Designator
Add Class: Class already exists: Designator
Add Class: Class already exists: Designator
Add Class: Class already exists: Designator
Add Class: Class already exists: Designator
Add Class: Class already exists: Designator
Add Class: Class already exists: Designator
Added Member To Class: ClassName=Designator Member=Component SW1 Button
