Removed Member From Class: ClassName=Ethernet Member=C29
Removed Member From Class: ClassName=Ethernet Member=C30
Removed Member From Class: ClassName=Display Member=C34
Removed Member From Class: ClassName=Display Member=C35
Removed Member From Class: ClassName=UART_RS485 Member=C35
Removed Member From Class: ClassName=Ethernet Member=R30
Removed Member From Class: ClassName=Ethernet Member=R31
Removed Member From Class: ClassName=Ethernet Member=R32
Removed Member From Class: ClassName=UART_RS485 Member=R32
Change Component Designator: OldDesignator=C28 NewDesignator=C29
Change Component Designator: OldDesignator=C29 NewDesignator=C30
Change Component Designator: OldDesignator=C30 NewDesignator=C31
Change Component Designator: OldDesignator=C31 NewDesignator=C32
Change Component Designator: OldDesignator=C32 NewDesignator=C33
Change Component Designator: OldDesignator=C33 NewDesignator=C34
Change Component Designator: OldDesignator=C34 NewDesignator=C35
Change Component Designator: OldDesignator=C35 NewDesignator=C36
Change Component Designator: OldDesignator=R24 NewDesignator=R30
Change Component Designator: OldDesignator=R25 NewDesignator=R31
Change Component Designator: OldDesignator=R26 NewDesignator=R32
Change Component Designator: OldDesignator=R27 NewDesignator=R33
Change Component Designator: OldDesignator=R28 NewDesignator=R34
Change Component Designator: OldDesignator=R29 NewDesignator=R35
Change Component Designator: OldDesignator=R30 NewDesignator=R36
Change Component Designator: OldDesignator=R31 NewDesignator=R37
Change Component Designator: OldDesignator=R32 NewDesignator=R38
Added Component: Designator=C28(CAP_0603)
Add component (AddParameter): Name = "Datasheet"; Value = ""; VariantName = "[No Variations]"
Add component (AddParameter): Name = "Supply Name"; Value = "Thegioiic"; VariantName = "[No Variations]"
Add component (AddParameter): Name = "Supply Part Number"; Value = "T? G?m 0603 100nF (0.1uF) 50V"; VariantName = "[No Variations]"
Add component (AddParameter): Name = "Supply URL"; Value = "https://www.thegioiic.com/tu-gom-0603-100nf-0-1uf-50v"; VariantName = "[No Variations]"
Added Component: Designator=R24(Resistor_0603)
Add component (AddParameter): Name = "Datasheet"; Value = ""; VariantName = "[No Variations]"
Add component (AddParameter): Name = "Supply Name"; Value = "Thegioiic"; VariantName = "[No Variations]"
Add component (AddParameter): Name = "Supply Part Number"; Value = "할?n Tr? 49.9 Ohm 0603 1%"; VariantName = "[No Variations]"
Add component (AddParameter): Name = "Supply URL"; Value = "https://www.thegioiic.com/dien-tro-49-9-ohm-0603-1-"; VariantName = "[No Variations]"
Added Component: Designator=R25(Resistor_0603)
Add component (AddParameter): Name = "Datasheet"; Value = ""; VariantName = "[No Variations]"
Add component (AddParameter): Name = "Supply Name"; Value = "Thegioiic"; VariantName = "[No Variations]"
Add component (AddParameter): Name = "Supply Part Number"; Value = "할?n Tr? 49.9 Ohm 0603 1%"; VariantName = "[No Variations]"
Add component (AddParameter): Name = "Supply URL"; Value = "https://www.thegioiic.com/dien-tro-49-9-ohm-0603-1-"; VariantName = "[No Variations]"
Added Component: Designator=R26(Resistor_0603)
Add component (AddParameter): Name = "Datasheet"; Value = ""; VariantName = "[No Variations]"
Add component (AddParameter): Name = "Supply Name"; Value = "Thegioiic"; VariantName = "[No Variations]"
Add component (AddParameter): Name = "Supply Part Number"; Value = "할?n Tr? 49.9 Ohm 0603 1%"; VariantName = "[No Variations]"
Add component (AddParameter): Name = "Supply URL"; Value = "https://www.thegioiic.com/dien-tro-49-9-ohm-0603-1-"; VariantName = "[No Variations]"
Added Component: Designator=R27(Resistor_0603)
Add component (AddParameter): Name = "Datasheet"; Value = ""; VariantName = "[No Variations]"
Add component (AddParameter): Name = "Supply Name"; Value = "Thegioiic"; VariantName = "[No Variations]"
Add component (AddParameter): Name = "Supply Part Number"; Value = "할?n Tr? 49.9 Ohm 0603 1%"; VariantName = "[No Variations]"
Add component (AddParameter): Name = "Supply URL"; Value = "https://www.thegioiic.com/dien-tro-49-9-ohm-0603-1-"; VariantName = "[No Variations]"
Added Component: Designator=R28(Resistor_0603)
Add component (AddParameter): Name = "Datasheet"; Value = ""; VariantName = "[No Variations]"
Add component (AddParameter): Name = "Supply Name"; Value = "Thegioiic"; VariantName = "[No Variations]"
Add component (AddParameter): Name = "Supply Part Number"; Value = "할?n Tr? 330 Ohm 0603 1%"; VariantName = "[No Variations]"
Add component (AddParameter): Name = "Supply URL"; Value = "https://www.thegioiic.com/dien-tro-330-ohm-0603-1-"; VariantName = "[No Variations]"
Added Component: Designator=R29(Resistor_0603)
Add component (AddParameter): Name = "Datasheet"; Value = ""; VariantName = "[No Variations]"
Add component (AddParameter): Name = "Supply Name"; Value = "Thegioiic"; VariantName = "[No Variations]"
Add component (AddParameter): Name = "Supply Part Number"; Value = "할?n Tr? 330 Ohm 0603 1%"; VariantName = "[No Variations]"
Add component (AddParameter): Name = "Supply URL"; Value = "https://www.thegioiic.com/dien-tro-330-ohm-0603-1-"; VariantName = "[No Variations]"
Added Pin To Net: NetName=GND Pin=C28-1
Added Pin To Net: NetName=3V3 Pin=C28-2
Added Pin To Net: NetName=TXP Pin=J2-1
Added Pin To Net: NetName=TXN Pin=J2-2
Added Pin To Net: NetName=RXP Pin=J2-3
Added Pin To Net: NetName=3V3 Pin=J2-4
Added Pin To Net: NetName=3V3 Pin=J2-5
Added Pin To Net: NetName=RXN Pin=J2-6
Added Pin To Net: NetName=GND Pin=J2-8
Added Pin To Net: NetName=LED2 Pin=J2-10
Added Pin To Net: NetName=LED1 Pin=J2-12
Added Pin To Net: NetName=GND Pin=J2-15
Added Pin To Net: NetName=GND Pin=J2-16
Added Pin To Net: NetName=RXN Pin=R24-1
Added Pin To Net: NetName=NetC19_2 Pin=R24-2
Added Pin To Net: NetName=RXP Pin=R25-1
Added Pin To Net: NetName=NetC19_2 Pin=R25-2
Added Pin To Net: NetName=TXN Pin=R26-1
Added Pin To Net: NetName=NetC19_2 Pin=R26-2
Added Pin To Net: NetName=TXP Pin=R27-1
Added Pin To Net: NetName=NetC19_2 Pin=R27-2
Added Pin To Net: NetName=3V3 Pin=R28-2
Added Pin To Net: NetName=GND Pin=R29-2
Change Net Name : Old Net Name=NetC19_2 New Net Name=3V3-FILTER
Change Net Name : Old Net Name=NetC32_2 New Net Name=NetC33_2
Change Net Name : Old Net Name=NetC33_2 New Net Name=NetC34_2
Change Net Name : Old Net Name=NetC34_2 New Net Name=NetC35_2
Change Net Name : Old Net Name=NetR30_1 New Net Name=NetR36_1
Change Net Color : Old Net Color=RGB(158, 161, 117) New Net Color=Fuchsia
Added Pin To Net: NetName=NetJ2_9 Pin=J2-9
Added Pin To Net: NetName=NetJ2_9 Pin=R28-1
Added Net: Name=NetJ2_9
Added Pin To Net: NetName=NetJ2_11 Pin=J2-11
Added Pin To Net: NetName=NetJ2_11 Pin=R29-1
Added Net: Name=NetJ2_11
Added Member To Class: ClassName=Ethernet Member=Component C26 100nF/50V
Added Member To Class: ClassName=Ethernet Member=Component C27 10uF/6.3V
Added Member To Class: ClassName=Ethernet Member=Component C28 100nF/50V
Added Member To Class: ClassName=UART_RS485 Member=Component C29 100nF/50V
Added Member To Class: ClassName=Display Member=Component C31 10uF/50V
Added Member To Class: ClassName=Display Member=Component C32 100nF/50V
Added Member To Class: ClassName=Interface Member=Component C33 100nF/50V
Added Member To Class: ClassName=Interface Member=Component C36 1nF/50V
Added Member To Class: ClassName=Ethernet Member=Component R17 10K/1%/1_10W
Added Member To Class: ClassName=Ethernet Member=Component R18 10K/1%/1_10W
Added Member To Class: ClassName=Ethernet Member=Component R19 10K/1%/1_10W
Added Member To Class: ClassName=Ethernet Member=Component R20 10K/1%/1_10W
Added Member To Class: ClassName=Ethernet Member=Component R21 10K/1%/1_10W
Added Member To Class: ClassName=Ethernet Member=Component R22 12.1K/1%/1_10W
Added Member To Class: ClassName=Ethernet Member=Component R23 10K/1%/1_10W
Added Member To Class: ClassName=Ethernet Member=Component R24 49.9R/1%/1_10W
Added Member To Class: ClassName=Ethernet Member=Component R25 49.9R/1%/1_10W
Added Member To Class: ClassName=UART_RS485 Member=Component R30 10K/1%/1_10W
Added Rule: Name=Schematic Supply Nets_4
