Change Physical Footprint: Designator=C1 Old Footprint=CAP_0603 New Footprint=CAP_0603
Change Physical Footprint: Designator=C2 Old Footprint=CAP_0603 New Footprint=CAP_0603
Change Physical Footprint: Designator=C3 Old Footprint=CAP_1206 New Footprint=CAP_1206
Change Physical Footprint: Designator=C4 Old Footprint=CAP_1206 New Footprint=CAP_1206
Change Physical Footprint: Designator=C5 Old Footprint=CAP_1206 New Footprint=CAP_1206
Change Physical Footprint: Designator=C6 Old Footprint=CAP_1206 New Footprint=CAP_1206
Change Physical Footprint: Designator=C7 Old Footprint=CAP_1206 New Footprint=CAP_1206
Change Physical Footprint: Designator=C8 Old Footprint=CAP_1206 New Footprint=CAP_1206
Change Physical Footprint: Designator=C9 Old Footprint=CAP_0603 New Footprint=CAP_0603
Change Physical Footprint: Designator=C10 Old Footprint=CAP_1206 New Footprint=CAP_1206
Change Physical Footprint: Designator=C11 Old Footprint=CAP_1206 New Footprint=CAP_1206
Change Physical Footprint: Designator=C12 Old Footprint=CAP_0603 New Footprint=CAP_0603
Change Physical Footprint: Designator=C13 Old Footprint=CAP_0603 New Footprint=CAP_0603
Change Physical Footprint: Designator=C14 Old Footprint=CAP_0603 New Footprint=CAP_0603
Change Physical Footprint: Designator=C15 Old Footprint=CAP_0603 New Footprint=CAP_0603
Change Physical Footprint: Designator=C16 Old Footprint=CAP_0603 New Footprint=CAP_0603
Change Physical Footprint: Designator=C17 Old Footprint=CAP_0603 New Footprint=CAP_0603
Change Physical Footprint: Designator=C18 Old Footprint=CAP_0603 New Footprint=CAP_0603
Change Physical Footprint: Designator=C19 Old Footprint=CAP_0603 New Footprint=CAP_0603
Change Physical Footprint: Designator=C20 Old Footprint=CAP_0603 New Footprint=CAP_0603
Change Physical Footprint: Designator=C21 Old Footprint=CAP_0603 New Footprint=CAP_0603
Change Physical Footprint: Designator=C22 Old Footprint=CAP_0805 New Footprint=CAP_0805
Change Physical Footprint: Designator=C23 Old Footprint=CAP_0805 New Footprint=CAP_0805
Change Physical Footprint: Designator=C24 Old Footprint=CAP_0805 New Footprint=CAP_0805
Change Physical Footprint: Designator=C25 Old Footprint=CAP_0805 New Footprint=CAP_0805
Change Physical Footprint: Designator=C26 Old Footprint=CAP_0805 New Footprint=CAP_0805
Change Physical Footprint: Designator=C27 Old Footprint=CAP_0805 New Footprint=CAP_0805
Change Physical Footprint: Designator=C28 Old Footprint=CAP_0402 New Footprint=CAP_0402
Change Physical Footprint: Designator=C29 Old Footprint=CAP_0402 New Footprint=CAP_0402
Change Physical Footprint: Designator=C30 Old Footprint=CAP_0805 New Footprint=CAP_0805
Change Physical Footprint: Designator=C31 Old Footprint=CAP_0805 New Footprint=CAP_0805
Change Physical Footprint: Designator=C32 Old Footprint=CAP_0402 New Footprint=CAP_0402
Change Physical Footprint: Designator=C33 Old Footprint=CAP_0402 New Footprint=CAP_0402
Change Physical Footprint: Designator=C34 Old Footprint=CAP_0402 New Footprint=CAP_0402
Change Physical Footprint: Designator=C35 Old Footprint=CAP_0402 New Footprint=CAP_0402
Change Physical Footprint: Designator=C36 Old Footprint=CAP_0402 New Footprint=CAP_0402
Change Physical Footprint: Designator=C37 Old Footprint=CAP_0402 New Footprint=CAP_0402
Change Physical Footprint: Designator=C38 Old Footprint=CAP_0603 New Footprint=CAP_0603
Change Physical Footprint: Designator=C39 Old Footprint=CAP_0603 New Footprint=CAP_0603
Change Physical Footprint: Designator=C40 Old Footprint=CAP_0603 New Footprint=CAP_0603
Change Physical Footprint: Designator=C41 Old Footprint=CAP_0603 New Footprint=CAP_0603
Change Physical Footprint: Designator=C42 Old Footprint=CAP_0603 New Footprint=CAP_0603
Change Physical Footprint: Designator=C43 Old Footprint=CAP_0603 New Footprint=CAP_0603
Change Physical Footprint: Designator=C44 Old Footprint=CAP_0603 New Footprint=CAP_0603
Change Physical Footprint: Designator=C45 Old Footprint=CAP_0603 New Footprint=CAP_0603
Change Physical Footprint: Designator=C46 Old Footprint=CAP_0603 New Footprint=CAP_0603
Change Physical Footprint: Designator=C47 Old Footprint=CAP_0603 New Footprint=CAP_0603
Change Physical Footprint: Designator=C48 Old Footprint=CAP_0603 New Footprint=CAP_0603
Change Physical Footprint: Designator=C49 Old Footprint=CAP_0603 New Footprint=CAP_0603
Change Physical Footprint: Designator=C50 Old Footprint=CAP_0603 New Footprint=CAP_0603
Change Physical Footprint: Designator=C51 Old Footprint=TanTa_Cap_A New Footprint=TanTa_Cap_A
Change Physical Footprint: Designator=C52 Old Footprint=CAP_0603 New Footprint=CAP_0603
Change Physical Footprint: Designator=C53 Old Footprint=CAP_0603 New Footprint=CAP_0603
Change Physical Footprint: Designator=C54 Old Footprint=TanTa_Cap_A New Footprint=TanTa_Cap_A
Change Physical Footprint: Designator=C55 Old Footprint=CAP_0603 New Footprint=CAP_0603
Change Physical Footprint: Designator=C56 Old Footprint=CAP_0603 New Footprint=CAP_0603
Change Physical Footprint: Designator=C57 Old Footprint=CAP_0603 New Footprint=CAP_0603
Change Physical Footprint: Designator=C58 Old Footprint=CAP_0603 New Footprint=CAP_0603
Change Physical Footprint: Designator=C59 Old Footprint=CAP_0603 New Footprint=CAP_0603
Change Physical Footprint: Designator=C60 Old Footprint=CAP_0603 New Footprint=CAP_0603
Change Physical Footprint: Designator=C61 Old Footprint=CAP_0603 New Footprint=CAP_0603
Change Physical Footprint: Designator=C62 Old Footprint=CAP_0603 New Footprint=CAP_0603
Change Physical Footprint: Designator=C63 Old Footprint=CAP_0603 New Footprint=CAP_0603
Change Physical Footprint: Designator=C64 Old Footprint=CAP_0603 New Footprint=CAP_0603
Change Physical Footprint: Designator=C65 Old Footprint=CAP_0603 New Footprint=CAP_0603
Change Physical Footprint: Designator=C66 Old Footprint=CAP_0603 New Footprint=CAP_0603
Change Physical Footprint: Designator=C67 Old Footprint=CAP_0603 New Footprint=CAP_0603
Change Physical Footprint: Designator=C68 Old Footprint=CAP_0603 New Footprint=CAP_0603
Change Physical Footprint: Designator=C69 Old Footprint=CAP_0603 New Footprint=CAP_0603
Change Physical Footprint: Designator=C70 Old Footprint=CAP_0603 New Footprint=CAP_0603
Change Physical Footprint: Designator=C71 Old Footprint=CAP_0603 New Footprint=CAP_0603
Change Physical Footprint: Designator=C72 Old Footprint=CAP_0603 New Footprint=CAP_0603
Change Physical Footprint: Designator=C73 Old Footprint=CAP_0603 New Footprint=CAP_0603
Change Physical Footprint: Designator=C74 Old Footprint=CAP_0603 New Footprint=CAP_0603
Change Physical Footprint: Designator=C75 Old Footprint=CAP_0603 New Footprint=CAP_0603
Change Physical Footprint: Designator=C76 Old Footprint=CAP_0603 New Footprint=CAP_0603
Change Physical Footprint: Designator=C77 Old Footprint=CAP_0603 New Footprint=CAP_0603
Change Physical Footprint: Designator=C78 Old Footprint=CAP_0603 New Footprint=CAP_0603
Change Physical Footprint: Designator=C79 Old Footprint=CAP_0603 New Footprint=CAP_0603
Change Physical Footprint: Designator=C80 Old Footprint=CAP_0603 New Footprint=CAP_0603
Change Physical Footprint: Designator=C81 Old Footprint=CAP_0603 New Footprint=CAP_0603
Change Physical Footprint: Designator=C82 Old Footprint=CAP_0603 New Footprint=CAP_0603
Change Physical Footprint: Designator=C83 Old Footprint=CAP_0603 New Footprint=CAP_0603
Change Physical Footprint: Designator=C84 Old Footprint=CAP_0603 New Footprint=CAP_0603
Change Physical Footprint: Designator=C85 Old Footprint=CAP_0603 New Footprint=CAP_0603
Change Physical Footprint: Designator=C86 Old Footprint=CAP_0603 New Footprint=CAP_0603
Change Physical Footprint: Designator=C87 Old Footprint=CAP_0603 New Footprint=CAP_0603
Change Physical Footprint: Designator=C88 Old Footprint=CAP_0603 New Footprint=CAP_0603
Change Physical Footprint: Designator=C89 Old Footprint=CAP_0603 New Footprint=CAP_0603
Change Physical Footprint: Designator=C90 Old Footprint=CAP_0603 New Footprint=CAP_0603
Change Physical Footprint: Designator=C91 Old Footprint=CAP_0603 New Footprint=CAP_0603
Change Physical Footprint: Designator=C92 Old Footprint=CAP_0603 New Footprint=CAP_0603
Change Physical Footprint: Designator=C93 Old Footprint=CAP_0603 New Footprint=CAP_0603
Change Physical Footprint: Designator=C94 Old Footprint=CAP_0603 New Footprint=CAP_0603
Change Physical Footprint: Designator=C95 Old Footprint=CAP_0603 New Footprint=CAP_0603
Change Physical Footprint: Designator=C96 Old Footprint=CAP_0402 New Footprint=CAP_0402
Change Physical Footprint: Designator=C97 Old Footprint=CAP_0402 New Footprint=CAP_0402
Change Physical Footprint: Designator=C98 Old Footprint=CAP_0603 New Footprint=CAP_0603
Change Physical Footprint: Designator=C99 Old Footprint=CAP_0603 New Footprint=CAP_0603
Change Physical Footprint: Designator=C100 Old Footprint=CAP_0402 New Footprint=CAP_0402
Change Physical Footprint: Designator=C101 Old Footprint=CAP_0402 New Footprint=CAP_0402
Change Physical Footprint: Designator=C102 Old Footprint=CAP_0603 New Footprint=CAP_0603
Change Physical Footprint: Designator=C103 Old Footprint=CAP_0603 New Footprint=CAP_0603
Change Physical Footprint: Designator=C104 Old Footprint=CAP_0603 New Footprint=CAP_0603
Change Physical Footprint: Designator=C105 Old Footprint=CAP_0603 New Footprint=CAP_0603
Change Physical Footprint: Designator=D1 Old Footprint=D_SMA New Footprint=D_SMA
Change Physical Footprint: Designator=D2 Old Footprint=D_SMA New Footprint=D_SMA
Change Physical Footprint: Designator=D3 Old Footprint=D_SMA New Footprint=D_SMA
Change Physical Footprint: Designator=D4 Old Footprint=SOD-123 New Footprint=SOD-123
Change Physical Footprint: Designator=D5 Old Footprint=SOD-123 New Footprint=SOD-123
Change Physical Footprint: Designator=D6 Old Footprint=LED_0805 New Footprint=LED_0805
Change Physical Footprint: Designator=D7 Old Footprint=LED_0805 New Footprint=LED_0805
Change Physical Footprint: Designator=D8 Old Footprint=LED_0805 New Footprint=LED_0805
Change Physical Footprint: Designator=D9 Old Footprint=LED_0805 New Footprint=LED_0805
Change Physical Footprint: Designator=D10 Old Footprint=LED_0805 New Footprint=LED_0805
Change Physical Footprint: Designator=D11 Old Footprint=LED_0805 New Footprint=LED_0805
Change Physical Footprint: Designator=D12 Old Footprint=SOD-80 New Footprint=SOD-80
Change Physical Footprint: Designator=D13 Old Footprint=SOD-80 New Footprint=SOD-80
Change Physical Footprint: Designator=D14 Old Footprint=SOD-80 New Footprint=SOD-80
Change Physical Footprint: Designator=D15 Old Footprint=SOD-80 New Footprint=SOD-80
Change Physical Footprint: Designator=D16 Old Footprint=D_SMA New Footprint=D_SMA
Change Physical Footprint: Designator=D17 Old Footprint=LED_0805 New Footprint=LED_0805
Change Physical Footprint: Designator=D18 Old Footprint=D_SMA New Footprint=D_SMA
Change Physical Footprint: Designator=D19 Old Footprint=LED_0805 New Footprint=LED_0805
Change Physical Footprint: Designator=D20 Old Footprint=LED_0805 New Footprint=LED_0805
Change Physical Footprint: Designator=D21 Old Footprint=LED_0805 New Footprint=LED_0805
Change Physical Footprint: Designator=D22 Old Footprint=LED_0805 New Footprint=LED_0805
Change Physical Footprint: Designator=D23 Old Footprint=SOT-23 New Footprint=SOT-23
Change Physical Footprint: Designator=D24 Old Footprint=LED_0805 New Footprint=LED_0805
Change Physical Footprint: Designator=D25 Old Footprint=SOT-23 New Footprint=SOT-23
Change Physical Footprint: Designator=F1 Old Footprint=FUSER_MF-MSMF075/24-2 New Footprint=FUSER_MF-MSMF075/24-2
Change Physical Footprint: Designator=FB1 Old Footprint=Ferrite_Bead_0805 New Footprint=Ferrite_Bead_0805
Change Physical Footprint: Designator=FB2 Old Footprint=Ferrite_Bead_0805 New Footprint=Ferrite_Bead_0805
Change Physical Footprint: Designator=FB3 Old Footprint=Ferrite_Bead_0805 New Footprint=Ferrite_Bead_0805
Change Physical Footprint: Designator=FB4 Old Footprint=Ferrite_Bead_0805 New Footprint=Ferrite_Bead_0805
Change Physical Footprint: Designator=FB5 Old Footprint=Ferrite_Bead_0805 New Footprint=Ferrite_Bead_0805
Change Physical Footprint: Designator=FB6 Old Footprint=Ferrite_Bead_0805 New Footprint=Ferrite_Bead_0805
Change Physical Footprint: Designator=FB7 Old Footprint=Ferrite_Bead_0805 New Footprint=Ferrite_Bead_0805
Change Physical Footprint: Designator=FB8 Old Footprint=Ferrite_Bead_0805 New Footprint=Ferrite_Bead_0805
Change Physical Footprint: Designator=FB9 Old Footprint=Ferrite_Bead_0805 New Footprint=Ferrite_Bead_0805
Change Physical Footprint: Designator=FB10 Old Footprint=Ferrite_Bead_0805 New Footprint=Ferrite_Bead_0805
Change Physical Footprint: Designator=FB11 Old Footprint=Ferrite_Bead_0805 New Footprint=Ferrite_Bead_0805
Change Physical Footprint: Designator=FB12 Old Footprint=Ferrite_Bead_0805 New Footprint=Ferrite_Bead_0805
Change Physical Footprint: Designator=FB13 Old Footprint=Ferrite_Bead_0805 New Footprint=Ferrite_Bead_0805
Change Physical Footprint: Designator=FB14 Old Footprint=Ferrite_Bead_0805 New Footprint=Ferrite_Bead_0805
Change Physical Footprint: Designator=FB15 Old Footprint=Ferrite_Bead_0805 New Footprint=Ferrite_Bead_0805
Change Physical Footprint: Designator=FB16 Old Footprint=Ferrite_Bead_0805 New Footprint=Ferrite_Bead_0805
Change Physical Footprint: Designator=FB17 Old Footprint=Ferrite_Bead_0805 New Footprint=Ferrite_Bead_0805
Change Physical Footprint: Designator=FB18 Old Footprint=Ferrite_Bead_0805 New Footprint=Ferrite_Bead_0805
Change Physical Footprint: Designator=H1 Old Footprint=MountingHole_3.2mm_M3_Pad_Via New Footprint=MountingHole_3.2mm_M3_Pad_Via
Change Physical Footprint: Designator=H2 Old Footprint=MountingHole_3.2mm_M3_Pad_Via New Footprint=MountingHole_3.2mm_M3_Pad_Via
Change Physical Footprint: Designator=H3 Old Footprint=MountingHole_3.2mm_M3_Pad_Via New Footprint=MountingHole_3.2mm_M3_Pad_Via
Change Physical Footprint: Designator=H4 Old Footprint=MountingHole_3.2mm_M3_Pad_Via New Footprint=MountingHole_3.2mm_M3_Pad_Via
Change Physical Footprint: Designator=J1 Old Footprint=FPC_0.5mm_24P New Footprint=FPC_0.5mm_24P
Change Physical Footprint: Designator=J2 Old Footprint=MX_1.25mm_8P New Footprint=MX_1.25mm_8P
Change Physical Footprint: Designator=J3 Old Footprint=Terminal_Block_3.81mm_2P New Footprint=Terminal_Block_3.81mm_2P
Change Physical Footprint: Designator=J4 Old Footprint=Terminal_Block_3.81mm_3P New Footprint=Terminal_Block_3.81mm_3P
Change Physical Footprint: Designator=J5 Old Footprint=Battery_Holder_CR1220 New Footprint=Battery_Holder_CR1220
Change Physical Footprint: Designator=J6 Old Footprint=USB_TypeC_3.1 New Footprint=USB_TypeC_3.1
Change Physical Footprint: Designator=J7 Old Footprint=USB_TypeC_3.1 New Footprint=USB_TypeC_3.1
Change Physical Footprint: Designator=K1 Old Footprint=RELAY_HF46F_005-HS1 New Footprint=RELAY_HF46F_005-HS1
Change Physical Footprint: Designator=K2 Old Footprint=RELAY_HF46F_005-HS1 New Footprint=RELAY_HF46F_005-HS1
Change Physical Footprint: Designator=L1 Old Footprint=Inductor_0630 New Footprint=Inductor_0630
Change Physical Footprint: Designator=L2 Old Footprint=Inductor_0630 New Footprint=Inductor_0630
Change Physical Footprint: Designator=L3 Old Footprint=Inductor_CDRH4D28 New Footprint=Inductor_CDRH4D28
Change Physical Footprint: Designator=LCD1 Old Footprint=LCD_TFT_ILI9341_3.2 New Footprint=LCD_TFT_ILI9341_3.2
Change Physical Footprint: Designator=P1 Old Footprint=Terminal_Block_5.08mm_2P New Footprint=Terminal_Block_5.08mm_2P
Change Physical Footprint: Designator=P2 Old Footprint=Terminal_Block_3.81mm_2P New Footprint=Terminal_Block_3.81mm_2P
Change Physical Footprint: Designator=P3 Old Footprint=Terminal_Block_3.81mm_2P New Footprint=Terminal_Block_3.81mm_2P
Change Physical Footprint: Designator=P4 Old Footprint=Terminal_Block_3.81mm_2P New Footprint=Terminal_Block_3.81mm_2P
Change Physical Footprint: Designator=P5 Old Footprint=Terminal_Block_3.81mm_2P New Footprint=Terminal_Block_3.81mm_2P
Change Physical Footprint: Designator=P6 Old Footprint=Terminal_Block_3.81mm_2P New Footprint=Terminal_Block_3.81mm_2P
Change Physical Footprint: Designator=P7 Old Footprint=Terminal_Block_3.81mm_4P New Footprint=Terminal_Block_3.81mm_4P
Change Physical Footprint: Designator=P8 Old Footprint=Terminal_Block_3.81mm_2P New Footprint=Terminal_Block_3.81mm_2P
Change Physical Footprint: Designator=P9 Old Footprint=Terminal_Block_3.81mm_2P New Footprint=Terminal_Block_3.81mm_2P
Change Physical Footprint: Designator=Q1 Old Footprint=SOT-23 New Footprint=SOT-23
Change Physical Footprint: Designator=Q2 Old Footprint=SOT-23 New Footprint=SOT-23
Change Physical Footprint: Designator=Q3 Old Footprint=SOT-23 New Footprint=SOT-23
Change Physical Footprint: Designator=Q4 Old Footprint=SOT-23 New Footprint=SOT-23
Change Physical Footprint: Designator=Q5 Old Footprint=SOT-23 New Footprint=SOT-23
Change Physical Footprint: Designator=Q6 Old Footprint=SOT-23 New Footprint=SOT-23
Change Physical Footprint: Designator=Q7 Old Footprint=SOT-23 New Footprint=SOT-23
Change Physical Footprint: Designator=Q8 Old Footprint=SOT-23 New Footprint=SOT-23
Change Physical Footprint: Designator=Q9 Old Footprint=SOT-23 New Footprint=SOT-23
Change Physical Footprint: Designator=R1 Old Footprint=Resistor_0603 New Footprint=Resistor_0603
Change Physical Footprint: Designator=R2 Old Footprint=Resistor_0603 New Footprint=Resistor_0603
Change Physical Footprint: Designator=R3 Old Footprint=Resistor_0603 New Footprint=Resistor_0603
Change Physical Footprint: Designator=R4 Old Footprint=Resistor_0603 New Footprint=Resistor_0603
Change Physical Footprint: Designator=R5 Old Footprint=Resistor_0603 New Footprint=Resistor_0603
Change Physical Footprint: Designator=R6 Old Footprint=Resistor_0603 New Footprint=Resistor_0603
Change Physical Footprint: Designator=R7 Old Footprint=Resistor_0603 New Footprint=Resistor_0603
Change Physical Footprint: Designator=R8 Old Footprint=Resistor_0603 New Footprint=Resistor_0603
Change Physical Footprint: Designator=R9 Old Footprint=Resistor_0603 New Footprint=Resistor_0603
Change Physical Footprint: Designator=R10 Old Footprint=Resistor_0603 New Footprint=Resistor_0603
Change Physical Footprint: Designator=R11 Old Footprint=Resistor_0603 New Footprint=Resistor_0603
Change Physical Footprint: Designator=R12 Old Footprint=Resistor_0603 New Footprint=Resistor_0603
Change Physical Footprint: Designator=R13 Old Footprint=Resistor_0603 New Footprint=Resistor_0603
Change Physical Footprint: Designator=R14 Old Footprint=Resistor_0603 New Footprint=Resistor_0603
Change Physical Footprint: Designator=R15 Old Footprint=Resistor_0603 New Footprint=Resistor_0603
Change Physical Footprint: Designator=R16 Old Footprint=Resistor_0603 New Footprint=Resistor_0603
Change Physical Footprint: Designator=R17 Old Footprint=Resistor_0603 New Footprint=Resistor_0603
Change Physical Footprint: Designator=R18 Old Footprint=Resistor_0603 New Footprint=Resistor_0603
Change Physical Footprint: Designator=R19 Old Footprint=RESISTOR_0402 New Footprint=RESISTOR_0402
Change Physical Footprint: Designator=R20 Old Footprint=RESISTOR_0402 New Footprint=RESISTOR_0402
Change Physical Footprint: Designator=R21 Old Footprint=RESISTOR_0402 New Footprint=RESISTOR_0402
Change Physical Footprint: Designator=R22 Old Footprint=RESISTOR_0402 New Footprint=RESISTOR_0402
Change Physical Footprint: Designator=R23 Old Footprint=RESISTOR_0402 New Footprint=RESISTOR_0402
Change Physical Footprint: Designator=R24 Old Footprint=RESISTOR_0402 New Footprint=RESISTOR_0402
Change Physical Footprint: Designator=R25 Old Footprint=RESISTOR_0402 New Footprint=RESISTOR_0402
Change Physical Footprint: Designator=R26 Old Footprint=RESISTOR_0402 New Footprint=RESISTOR_0402
Change Physical Footprint: Designator=R27 Old Footprint=RESISTOR_0402 New Footprint=RESISTOR_0402
Change Physical Footprint: Designator=R28 Old Footprint=RESISTOR_0402 New Footprint=RESISTOR_0402
Change Physical Footprint: Designator=R29 Old Footprint=RESISTOR_0402 New Footprint=RESISTOR_0402
Change Physical Footprint: Designator=R30 Old Footprint=RESISTOR_0402 New Footprint=RESISTOR_0402
Change Physical Footprint: Designator=R31 Old Footprint=RESISTOR_0402 New Footprint=RESISTOR_0402
Change Physical Footprint: Designator=R32 Old Footprint=RESISTOR_0402 New Footprint=RESISTOR_0402
Change Physical Footprint: Designator=R33 Old Footprint=RESISTOR_0402 New Footprint=RESISTOR_0402
Change Physical Footprint: Designator=R34 Old Footprint=RESISTOR_0402 New Footprint=RESISTOR_0402
Change Physical Footprint: Designator=R35 Old Footprint=RESISTOR_0402 New Footprint=RESISTOR_0402
Change Physical Footprint: Designator=R36 Old Footprint=Resistor_0603 New Footprint=Resistor_0603
Change Physical Footprint: Designator=R37 Old Footprint=RESISTOR_0402 New Footprint=RESISTOR_0402
Change Physical Footprint: Designator=R38 Old Footprint=RESISTOR_0402 New Footprint=RESISTOR_0402
Change Physical Footprint: Designator=R39 Old Footprint=RESISTOR_0402 New Footprint=RESISTOR_0402
Change Physical Footprint: Designator=R40 Old Footprint=Resistor_0603 New Footprint=Resistor_0603
Change Physical Footprint: Designator=R41 Old Footprint=RESISTOR_0402 New Footprint=RESISTOR_0402
Change Physical Footprint: Designator=R42 Old Footprint=RESISTOR_0402 New Footprint=RESISTOR_0402
Change Physical Footprint: Designator=R43 Old Footprint=Resistor_0603 New Footprint=Resistor_0603
Change Physical Footprint: Designator=R44 Old Footprint=RESISTOR_0402 New Footprint=RESISTOR_0402
Change Physical Footprint: Designator=R45 Old Footprint=RESISTOR_0402 New Footprint=RESISTOR_0402
Change Physical Footprint: Designator=R46 Old Footprint=Resistor_0603 New Footprint=Resistor_0603
Change Physical Footprint: Designator=R47 Old Footprint=Resistor_0603 New Footprint=Resistor_0603
Change Physical Footprint: Designator=R48 Old Footprint=Resistor_0603 New Footprint=Resistor_0603
Change Physical Footprint: Designator=R49 Old Footprint=Resistor_0603 New Footprint=Resistor_0603
Change Physical Footprint: Designator=R50 Old Footprint=Resistor_0603 New Footprint=Resistor_0603
Change Physical Footprint: Designator=R51 Old Footprint=Resistor_0603 New Footprint=Resistor_0603
Change Physical Footprint: Designator=R52 Old Footprint=Resistor_0603 New Footprint=Resistor_0603
Change Physical Footprint: Designator=R53 Old Footprint=Resistor_0603 New Footprint=Resistor_0603
Change Physical Footprint: Designator=R54 Old Footprint=Resistor_0603 New Footprint=Resistor_0603
Change Physical Footprint: Designator=R55 Old Footprint=Resistor_0603 New Footprint=Resistor_0603
Change Physical Footprint: Designator=R56 Old Footprint=Resistor_0603 New Footprint=Resistor_0603
Change Physical Footprint: Designator=R57 Old Footprint=Resistor_0805 New Footprint=Resistor_0805
Change Physical Footprint: Designator=R58 Old Footprint=Resistor_0805 New Footprint=Resistor_0805
Change Physical Footprint: Designator=R59 Old Footprint=Resistor_0603 New Footprint=Resistor_0603
Change Physical Footprint: Designator=R60 Old Footprint=Resistor_0603 New Footprint=Resistor_0603
Change Physical Footprint: Designator=R61 Old Footprint=Resistor_0603 New Footprint=Resistor_0603
Change Physical Footprint: Designator=R62 Old Footprint=Resistor_0603 New Footprint=Resistor_0603
Change Physical Footprint: Designator=R63 Old Footprint=Resistor_0805 New Footprint=Resistor_0805
Change Physical Footprint: Designator=R64 Old Footprint=Resistor_0603 New Footprint=Resistor_0603
Change Physical Footprint: Designator=R65 Old Footprint=Resistor_0603 New Footprint=Resistor_0603
Change Physical Footprint: Designator=R66 Old Footprint=Resistor_0603 New Footprint=Resistor_0603
Change Physical Footprint: Designator=R67 Old Footprint=Resistor_0603 New Footprint=Resistor_0603
Change Physical Footprint: Designator=R68 Old Footprint=Resistor_0603 New Footprint=Resistor_0603
Change Physical Footprint: Designator=R69 Old Footprint=Resistor_0603 New Footprint=Resistor_0603
Change Physical Footprint: Designator=R70 Old Footprint=Resistor_0603 New Footprint=Resistor_0603
Change Physical Footprint: Designator=R71 Old Footprint=Resistor_0603 New Footprint=Resistor_0603
Change Physical Footprint: Designator=R72 Old Footprint=Resistor_0603 New Footprint=Resistor_0603
Change Physical Footprint: Designator=R73 Old Footprint=RESISTOR_0402 New Footprint=RESISTOR_0402
Change Physical Footprint: Designator=R74 Old Footprint=RESISTOR_0402 New Footprint=RESISTOR_0402
Change Physical Footprint: Designator=R75 Old Footprint=Resistor_0603 New Footprint=Resistor_0603
Change Physical Footprint: Designator=R76 Old Footprint=RESISTOR_0402 New Footprint=RESISTOR_0402
Change Physical Footprint: Designator=R77 Old Footprint=RESISTOR_0402 New Footprint=RESISTOR_0402
Change Physical Footprint: Designator=R78 Old Footprint=RESISTOR_0402 New Footprint=RESISTOR_0402
Change Physical Footprint: Designator=R79 Old Footprint=RESISTOR_0402 New Footprint=RESISTOR_0402
Change Physical Footprint: Designator=R80 Old Footprint=RESISTOR_0402 New Footprint=RESISTOR_0402
Change Physical Footprint: Designator=R81 Old Footprint=Resistor_0603 New Footprint=Resistor_0603
Change Physical Footprint: Designator=R82 Old Footprint=RESISTOR_0402 New Footprint=RESISTOR_0402
Change Physical Footprint: Designator=R83 Old Footprint=RESISTOR_0402 New Footprint=RESISTOR_0402
Change Physical Footprint: Designator=R84 Old Footprint=RESISTOR_0402 New Footprint=RESISTOR_0402
Change Physical Footprint: Designator=R85 Old Footprint=RESISTOR_0402 New Footprint=RESISTOR_0402
Change Physical Footprint: Designator=R86 Old Footprint=RESISTOR_0402 New Footprint=RESISTOR_0402
Change Physical Footprint: Designator=R87 Old Footprint=Resistor_0603 New Footprint=Resistor_0603
Change Physical Footprint: Designator=R88 Old Footprint=RESISTOR_0402 New Footprint=RESISTOR_0402
Change Physical Footprint: Designator=R89 Old Footprint=RESISTOR_0402 New Footprint=RESISTOR_0402
Change Physical Footprint: Designator=R90 Old Footprint=RESISTOR_0402 New Footprint=RESISTOR_0402
Change Physical Footprint: Designator=R91 Old Footprint=RESISTOR_0402 New Footprint=RESISTOR_0402
Change Physical Footprint: Designator=R92 Old Footprint=RESISTOR_0402 New Footprint=RESISTOR_0402
Change Physical Footprint: Designator=R93 Old Footprint=RESISTOR_0402 New Footprint=RESISTOR_0402
Change Physical Footprint: Designator=R94 Old Footprint=RESISTOR_0402 New Footprint=RESISTOR_0402
Change Physical Footprint: Designator=R95 Old Footprint=RESISTOR_0402 New Footprint=RESISTOR_0402
Change Physical Footprint: Designator=R96 Old Footprint=Resistor_0603 New Footprint=Resistor_0603
Change Physical Footprint: Designator=R97 Old Footprint=Resistor_0603 New Footprint=Resistor_0603
Change Physical Footprint: Designator=R98 Old Footprint=Resistor_0603 New Footprint=Resistor_0603
Change Physical Footprint: Designator=R99 Old Footprint=RESISTOR_0402 New Footprint=RESISTOR_0402
Change Physical Footprint: Designator=R100 Old Footprint=RESISTOR_0402 New Footprint=RESISTOR_0402
Change Physical Footprint: Designator=R101 Old Footprint=RESISTOR_0402 New Footprint=RESISTOR_0402
Change Physical Footprint: Designator=R102 Old Footprint=RESISTOR_0402 New Footprint=RESISTOR_0402
Change Physical Footprint: Designator=R103 Old Footprint=RESISTOR_0402 New Footprint=RESISTOR_0402
Change Physical Footprint: Designator=R104 Old Footprint=RESISTOR_0402 New Footprint=RESISTOR_0402
Change Physical Footprint: Designator=R105 Old Footprint=RESISTOR_0402 New Footprint=RESISTOR_0402
Change Physical Footprint: Designator=R106 Old Footprint=RESISTOR_0402 New Footprint=RESISTOR_0402
Change Physical Footprint: Designator=R107 Old Footprint=RESISTOR_0402 New Footprint=RESISTOR_0402
Change Physical Footprint: Designator=R108 Old Footprint=RESISTOR_0402 New Footprint=RESISTOR_0402
Change Physical Footprint: Designator=R109 Old Footprint=RESISTOR_0402 New Footprint=RESISTOR_0402
Change Physical Footprint: Designator=R110 Old Footprint=RESISTOR_0402 New Footprint=RESISTOR_0402
Change Physical Footprint: Designator=R111 Old Footprint=RESISTOR_0402 New Footprint=RESISTOR_0402
Change Physical Footprint: Designator=R112 Old Footprint=RESISTOR_0402 New Footprint=RESISTOR_0402
Change Physical Footprint: Designator=R113 Old Footprint=RESISTOR_0402 New Footprint=RESISTOR_0402
Change Physical Footprint: Designator=R114 Old Footprint=Resistor_0603 New Footprint=Resistor_0603
Change Physical Footprint: Designator=R115 Old Footprint=RESISTOR_0402 New Footprint=RESISTOR_0402
Change Physical Footprint: Designator=R116 Old Footprint=RESISTOR_0402 New Footprint=RESISTOR_0402
Change Physical Footprint: Designator=R117 Old Footprint=RESISTOR_0402 New Footprint=RESISTOR_0402
Change Physical Footprint: Designator=R118 Old Footprint=RESISTOR_0402 New Footprint=RESISTOR_0402
Change Physical Footprint: Designator=R119 Old Footprint=RESISTOR_0402 New Footprint=RESISTOR_0402
Change Physical Footprint: Designator=R120 Old Footprint=RESISTOR_0402 New Footprint=RESISTOR_0402
Change Physical Footprint: Designator=R121 Old Footprint=RESISTOR_0402 New Footprint=RESISTOR_0402
Change Physical Footprint: Designator=R122 Old Footprint=RESISTOR_0402 New Footprint=RESISTOR_0402
Change Physical Footprint: Designator=R123 Old Footprint=RESISTOR_0402 New Footprint=RESISTOR_0402
Change Physical Footprint: Designator=R124 Old Footprint=RESISTOR_0402 New Footprint=RESISTOR_0402
Change Physical Footprint: Designator=R125 Old Footprint=RESISTOR_0402 New Footprint=RESISTOR_0402
Change Physical Footprint: Designator=R126 Old Footprint=RESISTOR_0402 New Footprint=RESISTOR_0402
Change Physical Footprint: Designator=R127 Old Footprint=RESISTOR_0402 New Footprint=RESISTOR_0402
Change Physical Footprint: Designator=R128 Old Footprint=RESISTOR_0402 New Footprint=RESISTOR_0402
Change Physical Footprint: Designator=R129 Old Footprint=RESISTOR_0402 New Footprint=RESISTOR_0402
Change Physical Footprint: Designator=R130 Old Footprint=Resistor_0603 New Footprint=Resistor_0603
Change Physical Footprint: Designator=R131 Old Footprint=RESISTOR_0402 New Footprint=RESISTOR_0402
Change Physical Footprint: Designator=R132 Old Footprint=RESISTOR_0402 New Footprint=RESISTOR_0402
Change Physical Footprint: Designator=R133 Old Footprint=Resistor_0603 New Footprint=Resistor_0603
Change Physical Footprint: Designator=R134 Old Footprint=Resistor_0603 New Footprint=Resistor_0603
Change Physical Footprint: Designator=R135 Old Footprint=RESISTOR_0402 New Footprint=RESISTOR_0402
Change Physical Footprint: Designator=R136 Old Footprint=RESISTOR_0402 New Footprint=RESISTOR_0402
Change Physical Footprint: Designator=R137 Old Footprint=RESISTOR_0402 New Footprint=RESISTOR_0402
Change Physical Footprint: Designator=R138 Old Footprint=RESISTOR_0402 New Footprint=RESISTOR_0402
Change Physical Footprint: Designator=R139 Old Footprint=Resistor_0603 New Footprint=Resistor_0603
Change Physical Footprint: Designator=SW1 Old Footprint=Button_3x4mm_SMD_2P New Footprint=Button_3x4mm_SMD_2P
Change Physical Footprint: Designator=SW2 Old Footprint=Button_3x4mm_SMD_2P New Footprint=Button_3x4mm_SMD_2P
Change Physical Footprint: Designator=SW3 Old Footprint=Button_3x4mm_SMD_2P New Footprint=Button_3x4mm_SMD_2P
Change Physical Footprint: Designator=SW4 Old Footprint=Button_3x4mm_SMD_2P New Footprint=Button_3x4mm_SMD_2P
Change Physical Footprint: Designator=SW5 Old Footprint=Button_4.5x4.7mm_SMD_4P New Footprint=Button_4.5x4.7mm_SMD_4P
Change Physical Footprint: Designator=TP1 Old Footprint=TestPoint_Pad_3.0x3.0mm New Footprint=TestPoint_Pad_3.0x3.0mm
Change Physical Footprint: Designator=TP2 Old Footprint=TestPoint_Pad_3.0x3.0mm New Footprint=TestPoint_Pad_3.0x3.0mm
Change Physical Footprint: Designator=TP3 Old Footprint=TestPoint_Pad_3.0x3.0mm New Footprint=TestPoint_Pad_3.0x3.0mm
Change Physical Footprint: Designator=TP4 Old Footprint=TestPoint_Pad_3.0x3.0mm New Footprint=TestPoint_Pad_3.0x3.0mm
Change Physical Footprint: Designator=TP5 Old Footprint=TestPoint_Pad_3.0x3.0mm New Footprint=TestPoint_Pad_3.0x3.0mm
Change Physical Footprint: Designator=TP6 Old Footprint=TestPoint_Pad_3.0x3.0mm New Footprint=TestPoint_Pad_3.0x3.0mm
Change Physical Footprint: Designator=TP7 Old Footprint=TestPoint_Pad_3.0x3.0mm New Footprint=TestPoint_Pad_3.0x3.0mm
Change Physical Footprint: Designator=TP8 Old Footprint=TestPoint_Pad_3.0x3.0mm New Footprint=TestPoint_Pad_3.0x3.0mm
Change Physical Footprint: Designator=TP9 Old Footprint=TestPoint_Pad_3.0x3.0mm New Footprint=TestPoint_Pad_3.0x3.0mm
Change Physical Footprint: Designator=TP10 Old Footprint=TestPoint_Pad_3.0x3.0mm New Footprint=TestPoint_Pad_3.0x3.0mm
Change Physical Footprint: Designator=TP11 Old Footprint=TestPoint_Pad_3.0x3.0mm New Footprint=TestPoint_Pad_3.0x3.0mm
Change Physical Footprint: Designator=TP12 Old Footprint=TestPoint_Pad_3.0x3.0mm New Footprint=TestPoint_Pad_3.0x3.0mm
Change Physical Footprint: Designator=TP13 Old Footprint=TestPoint_Pad_3.0x3.0mm New Footprint=TestPoint_Pad_3.0x3.0mm
Change Physical Footprint: Designator=TP14 Old Footprint=TestPoint_THTPad_D1.5mm_Drill0.7mm New Footprint=TestPoint_THTPad_D1.5mm_Drill0.7mm
Change Physical Footprint: Designator=TP15 Old Footprint=TestPoint_THTPad_D1.5mm_Drill0.7mm New Footprint=TestPoint_THTPad_D1.5mm_Drill0.7mm
Change Physical Footprint: Designator=TP16 Old Footprint=TestPoint_THTPad_D1.5mm_Drill0.7mm New Footprint=TestPoint_THTPad_D1.5mm_Drill0.7mm
Change Physical Footprint: Designator=TP17 Old Footprint=TestPoint_THTPad_D1.5mm_Drill0.7mm New Footprint=TestPoint_THTPad_D1.5mm_Drill0.7mm
Change Physical Footprint: Designator=TP18 Old Footprint=TestPoint_THTPad_D1.5mm_Drill0.7mm New Footprint=TestPoint_THTPad_D1.5mm_Drill0.7mm
Change Physical Footprint: Designator=TP19 Old Footprint=TestPoint_THTPad_D1.5mm_Drill0.7mm New Footprint=TestPoint_THTPad_D1.5mm_Drill0.7mm
Change Physical Footprint: Designator=TP20 Old Footprint=TestPoint_THTPad_D1.5mm_Drill0.7mm New Footprint=TestPoint_THTPad_D1.5mm_Drill0.7mm
Change Physical Footprint: Designator=U1 Old Footprint=SOIC-8E New Footprint=SOIC-8E
Change Physical Footprint: Designator=U2 Old Footprint=SOIC-8E New Footprint=SOIC-8E
Change Physical Footprint: Designator=U3 Old Footprint=TSOT-23-6 New Footprint=TSOT-23-6
Change Physical Footprint: Designator=U4 Old Footprint=SOT-23 New Footprint=SOT-23
Change Physical Footprint: Designator=U5 Old Footprint=SOT-23 New Footprint=SOT-23
Change Physical Footprint: Designator=U6 Old Footprint=XCVR_ESP32-S3-WROOM-1U-N16R8 New Footprint=XCVR_ESP32-S3-WROOM-1U-N16R8
Change Physical Footprint: Designator=U7 Old Footprint=XCVR_ESP32-S3-WROOM-1U-N16R8 New Footprint=XCVR_ESP32-S3-WROOM-1U-N16R8
Change Physical Footprint: Designator=U8 Old Footprint=SOIC-8 New Footprint=SOIC-8
Change Physical Footprint: Designator=U9 Old Footprint=SOT-23 New Footprint=SOT-23
Change Physical Footprint: Designator=U10 Old Footprint=SOIC-8 New Footprint=SOIC-8
Change Physical Footprint: Designator=U11 Old Footprint=SOIC-8 New Footprint=SOIC-8
Change Physical Footprint: Designator=U12 Old Footprint=SOIC-8 New Footprint=SOIC-8
Change Physical Footprint: Designator=U13 Old Footprint=SOIC-8 New Footprint=SOIC-8
Change Physical Footprint: Designator=U14 Old Footprint=SOIC-8 New Footprint=SOIC-8
Change Physical Footprint: Designator=U15 Old Footprint=VSSOP-10 New Footprint=VSSOP-10
Change Physical Footprint: Designator=U16 Old Footprint=SOIC-8 New Footprint=SOIC-8
Change Physical Footprint: Designator=U17 Old Footprint=SOP-4 New Footprint=SOP-4
Change Physical Footprint: Designator=U18 Old Footprint=SOP-4 New Footprint=SOP-4
Change Physical Footprint: Designator=U19 Old Footprint=SOP-4 New Footprint=SOP-4
Change Physical Footprint: Designator=U20 Old Footprint=SOP-4 New Footprint=SOP-4
Change Physical Footprint: Designator=U21 Old Footprint=SOIC-16 New Footprint=SOIC-16
Change Physical Footprint: Designator=U22 Old Footprint=EESOP10 New Footprint=EESOP10
Change Physical Footprint: Designator=U23 Old Footprint=SOT-23-6 New Footprint=SOT-23-6
Change Physical Footprint: Designator=U24 Old Footprint=EESOP10 New Footprint=EESOP10
Change Physical Footprint: Designator=U25 Old Footprint=SOT-23-6 New Footprint=SOT-23-6
Change Physical Footprint: Designator=U26 Old Footprint=SOIC-8 New Footprint=SOIC-8
Change Physical Footprint: Designator=U27 Old Footprint=SOIC-8 New Footprint=SOIC-8
