Removed Pin From Net: NetName=GND Pin=SW5-1
Removed Member From Class: ClassName=Power_Supply Member=D7
Change Component Footprint: Designator=SW5 Old Footprint=Button_3x4mm_SMD_2P New Footprint=SW_B3F-4050_OMR
Change Component Designator: OldDesignator=C33 NewDesignator=C34
Change Component Designator: OldDesignator=C34 NewDesignator=C33
Change Component Designator: OldDesignator=R35 NewDesignator=R38
Change Component Designator: OldDesignator=R36 NewDesignator=R35
Change Component Designator: OldDesignator=R37 NewDesignator=R36
Change Component Designator: OldDesignator=R38 NewDesignator=R37
Change component parameters: Designator = "SW5" ("SW5"); Footprint = "Button_3x4mm_SMD_2P"; UniqueID = "\PTUBWNFV" ("\PTUBWNFV")
Change component parameters (AddParameter): Name = "Datasheet"; Value = ""; VariantName = "[No Variations]"
Change component parameters (AddParameter): Name = "Supply Name"; Value = "Thegioiic"; VariantName = "[No Variations]"
Change component parameters (AddParameter): Name = "Supply Part Number"; Value = "B3F-4055 Nút Nh?n 12x12mm Cao 7.3mm 4 Chân Xuyên L? Omron"; VariantName = "[No Variations]"
Change component parameters (AddParameter): Name = "Supply URL"; Value = "https://www.thegioiic.com/b3f-4055-nut-nhan-12x12mm-cao-7-3mm-4-chan-xuyen-lo-omron"; VariantName = "[No Variations]"
Added Pin To Net: NetName=NetC33_2 Pin=SW5-1
Added Pin To Net: NetName=GND Pin=SW5-3
Added Pin To Net: NetName=GND Pin=SW5-4
Change Net Name : Old Net Name=NetC33_2 New Net Name=NetC34_2
Change Net Name : Old Net Name=NetC34_2 New Net Name=NetC33_2
Change Net Name : Old Net Name=NetR36_1 New Net Name=NetR35_1
Added Member To Class: ClassName=Power_Supply Member=Component D6 SS54
