Removed Pin From Net: NetName=GND Pin=P4-2
Removed Pin From Net: NetName=NetP5_1 Pin=P5-1
Removed Pin From Net: NetName=GND Pin=P5-2
Change Component Footprint: Designator=P4 Old Footprint=Terminal_Block_3.81mm_2P New Footprint=Terminal_Block_3.81mm_4P
Change Component Comment : Designator=P4 Old Comment=3.81mm_2P New Comment=3.81mm_4P
Change Component Designator: OldDesignator=P6 NewDesignator=P5
Change Component Designator: OldDesignator=P7 NewDesignator=P6
Change Component Designator: OldDesignator=P8 NewDesignator=P7
Change component parameters: Designator = "P4" ("P4"); Footprint = "Terminal_Block_3.81mm_2P"; UniqueID = "\LVQOUKEU\FZHQWHTW" ("\LVQOUKEU\FZHQWHTW")
Change component parameters (AddParameter): Name = "ComponentLink1Description"; Value = "Website Link"; VariantName = "[No Variations]"
Change component parameters (AddParameter): Name = "ComponentLink1URL"; Value = "https://www.we-online.com/redexpert/article/691322310004?ad"; VariantName = "[No Variations]"
Change component parameters (AddParameter): Name = "ComponentLink2Description"; Value = "Datasheet Link"; VariantName = "[No Variations]"
Change component parameters (AddParameter): Name = "ComponentLink2URL"; Value = "https://www.we-online.com/redexpert/spec/691322310004?ad"; VariantName = "[No Variations]"
Change component parameters (AddParameter): Name = "Datasheet"; Value = ""; VariantName = "[No Variations]"
Change component parameters (AddParameter): Name = "Supply Name"; Value = "Thegioiic"; VariantName = "[No Variations]"
Change component parameters (AddParameter): Name = "Supply Part Number"; Value = "UL-3.81-4-R Terminal Block Plug-in Hàn PCB 4 Chân Cong 3.81mm 300V 10A ULO"; VariantName = "[No Variations]"
Change component parameters (AddParameter): Name = "Supply URL"; Value = "https://www.thegioiic.com/ul-3-81-4-r-terminal-block-plug-in-han-pcb-4-chan-cong-3-81mm-300v-10a-ulo"; VariantName = "[No Variations]"
Added Pin To Net: NetName=GND Pin=P4-1
Added Pin To Net: NetName=NetP5_1 Pin=P4-2
Added Pin To Net: NetName=GND Pin=P4-3
Change Net Name : Old Net Name=NetP5_1 New Net Name=NetP4_2
Change Net Name : Old Net Name=NetP6_1 New Net Name=NetP5_1
Change Net Name : Old Net Name=NetP6_3 New Net Name=NetP5_3
Added Pin To Net: NetName=NetP4_4 Pin=P4-4
Added Pin To Net: NetName=NetP4_4 Pin=R70-1
Added Pin To Net: NetName=NetP4_4 Pin=TP17-1
Added Net: Name=NetP4_4
Add Class: Class already exists: Designator
Add Class: Class already exists: Designator
Add Class: Class already exists: Designator
Add Class: Class already exists: Designator
Add Class: Class already exists: Designator
Add Class: Class already exists: Designator
Add Class: Class already exists: Designator
Add Class: Class already exists: Designator
Add Class: Class already exists: Designator
Add Class: Class already exists: Designator
Add Class: Class already exists: Designator
Add Class: Class already exists: Designator
