Removed Pin From Net: NetName=NetR80_1 Pin=R80-1
Removed Pin From Net: NetName=3V3 Pin=R80-2
Removed Pin From Net: NetName=NetR81_1 Pin=R81-1
Removed Pin From Net: NetName=3V3 Pin=R81-2
Change Component Designator: OldDesignator=R82 NewDesignator=R80
Change Component Designator: OldDesignator=R83 NewDesignator=R81
Change Component Designator: OldDesignator=R84 NewDesignator=R82
Change Component Designator: OldDesignator=R85 NewDesignator=R83
Change Component Designator: OldDesignator=R86 NewDesignator=R84
Change Component Designator: OldDesignator=R87 NewDesignator=R85
Change Component Designator: OldDesignator=R88 NewDesignator=R86
Change Component Designator: OldDesignator=R89 NewDesignator=R87
Change Component Designator: OldDesignator=R90 NewDesignator=R88
Change Component Designator: OldDesignator=R91 NewDesignator=R89
Change Component Designator: OldDesignator=R92 NewDesignator=R90
Change Component Designator: OldDesignator=R93 NewDesignator=R91
Change Component Designator: OldDesignator=R94 NewDesignator=R92
Change Component Designator: OldDesignator=R95 NewDesignator=R93
Change Component Designator: OldDesignator=R96 NewDesignator=R94
Change Component Designator: OldDesignator=R97 NewDesignator=R95
Change Component Designator: OldDesignator=R98 NewDesignator=R96
Change Component Designator: OldDesignator=R99 NewDesignator=R97
Change Component Designator: OldDesignator=R100 NewDesignator=R98
Change Component Designator: OldDesignator=R101 NewDesignator=R99
Change Component Designator: OldDesignator=R102 NewDesignator=R100
Change Component Designator: OldDesignator=R103 NewDesignator=R101
Change Component Designator: OldDesignator=R104 NewDesignator=R102
Change Component Designator: OldDesignator=R105 NewDesignator=R103
Change Component Designator: OldDesignator=R106 NewDesignator=R104
Change Component Designator: OldDesignator=R107 NewDesignator=R105
Change Component Designator: OldDesignator=R108 NewDesignator=R106
Change Component Designator: OldDesignator=R109 NewDesignator=R107
Change Component Designator: OldDesignator=R110 NewDesignator=R108
Change Component Designator: OldDesignator=R111 NewDesignator=R109
Change Component Designator: OldDesignator=R112 NewDesignator=R110
Change Component Designator: OldDesignator=R113 NewDesignator=R111
Change Component Designator: OldDesignator=R114 NewDesignator=R112
Change Component Designator: OldDesignator=R115 NewDesignator=R113
Change Component Designator: OldDesignator=R116 NewDesignator=R114
Change Component Designator: OldDesignator=R117 NewDesignator=R115
Change Component Designator: OldDesignator=R118 NewDesignator=R116
Change Component Designator: OldDesignator=R119 NewDesignator=R117
Change Component Designator: OldDesignator=R120 NewDesignator=R118
Change Component Designator: OldDesignator=R121 NewDesignator=R119
Change Component Designator: OldDesignator=R122 NewDesignator=R120
Change Component Designator: OldDesignator=R123 NewDesignator=R121
Change Component Designator: OldDesignator=R124 NewDesignator=R122
Change Component Designator: OldDesignator=R125 NewDesignator=R123
Change Component Designator: OldDesignator=R126 NewDesignator=R124
Change Component Designator: OldDesignator=R127 NewDesignator=R125
Change Component Designator: OldDesignator=R128 NewDesignator=R126
Change Component Designator: OldDesignator=R129 NewDesignator=R127
Change Component Designator: OldDesignator=R130 NewDesignator=R128
Change Component Designator: OldDesignator=R131 NewDesignator=R129
Change Component Designator: OldDesignator=R132 NewDesignator=R130
Change Component Designator: OldDesignator=R133 NewDesignator=R131
Change Component Designator: OldDesignator=R134 NewDesignator=R132
Change Component Designator: OldDesignator=R135 NewDesignator=R133
Change Component Designator: OldDesignator=R136 NewDesignator=R134
Change Component Designator: OldDesignator=R137 NewDesignator=R135
Change Component Designator: OldDesignator=R138 NewDesignator=R136
Change Component Designator: OldDesignator=R139 NewDesignator=R137
Change Component Designator: OldDesignator=R140 NewDesignator=R138
Change Component Designator: OldDesignator=R141 NewDesignator=R139
Change Component Designator: OldDesignator=R142 NewDesignator=R140
Change Component Designator: OldDesignator=R143 NewDesignator=R141
Change Component Description : Designator=J5 Old Description=USB Type C - Connector, Top-mount SMT, 16pos New Description=USB Type C - Connector, Top-mount SMT, 16pos | Molex Incorporated 217179-0001
Change Component Description : Designator=J6 Old Description=USB Type C - Connector, Top-mount SMT, 16pos New Description=USB Type C - Connector, Top-mount SMT, 16pos | Molex Incorporated 217179-0001
Change Net Name : Old Net Name=NetR80_1 New Net Name=NetR98_1
Change Net Name : Old Net Name=NetR81_1 New Net Name=NetR99_1
Change Net Name : Old Net Name=NetR82_1 New Net Name=NetR80_1
Change Net Name : Old Net Name=NetR83_1 New Net Name=NetR81_1
Change Net Name : Old Net Name=NetR84_2 New Net Name=NetR82_2
Change Net Name : Old Net Name=NetR86_1 New Net Name=NetR84_1
Change Net Name : Old Net Name=NetR86_2 New Net Name=NetR84_2
Change Net Name : Old Net Name=NetR88_2 New Net Name=NetR86_2
Change Net Name : Old Net Name=NetR92_2 New Net Name=NetR90_2
Change Net Name : Old Net Name=NetR95_1 New Net Name=NetR93_1
Change Net Name : Old Net Name=NetR95_2 New Net Name=NetR93_2
Change Net Name : Old Net Name=NetR106_1 New Net Name=NetR104_1
Change Net Name : Old Net Name=NetR107_1 New Net Name=NetR105_1
Change Net Name : Old Net Name=NetR108_1 New Net Name=NetR106_1
Change Net Name : Old Net Name=NetR109_2 New Net Name=NetR107_2
Change Net Name : Old Net Name=NetR110_1 New Net Name=NetR108_1
Change Net Name : Old Net Name=NetR111_2 New Net Name=NetR109_2
Change Net Name : Old Net Name=NetR112_1 New Net Name=NetR110_1
Change Net Name : Old Net Name=NetR119_1 New Net Name=NetR117_1
Change Net Name : Old Net Name=NetR120_1 New Net Name=NetR118_1
Change Net Name : Old Net Name=NetR122_1 New Net Name=NetR120_1
Change Net Name : Old Net Name=NetR123_2 New Net Name=NetR121_2
Change Net Name : Old Net Name=NetR124_1 New Net Name=NetR122_1
Change Net Name : Old Net Name=NetR125_2 New Net Name=NetR123_2
Change Net Name : Old Net Name=NetR126_1 New Net Name=NetR124_1
Change Net Name : Old Net Name=NetR134_1 New Net Name=NetR132_1
Change Net Name : Old Net Name=NetR134_2 New Net Name=NetR132_2
Change Net Name : Old Net Name=NetR135_1 New Net Name=NetR133_1
Change Net Name : Old Net Name=NetR138_1 New Net Name=NetR136_1
Change Net Name : Old Net Name=NetR138_2 New Net Name=NetR136_2
Change Net Name : Old Net Name=NetR139_1 New Net Name=NetR137_1
Change Net Name : Old Net Name=NetR140_1 New Net Name=NetR138_1
Change Net Name : Old Net Name=NetR141_1 New Net Name=NetR139_1
Add Class: Class already exists: Designator
Add Class: Class already exists: Designator
Add Class: Class already exists: Designator
Add Class: Class already exists: Designator
Add Class: Class already exists: Designator
Add Class: Class already exists: Designator
Add Class: Class already exists: Designator
Add Class: Class already exists: Designator
Add Class: Class already exists: Designator
Add Class: Class already exists: Designator
Add Class: Class already exists: Designator
Add Class: Class already exists: Designator
