Removed Pin From Net: NetName=GND Pin=U6-41_10
Removed Pin From Net: NetName=GND Pin=U6-41_11
Removed Pin From Net: NetName=GND Pin=U6-41_12
Removed Pin From Net: NetName=GND Pin=U6-41_13
Removed Pin From Net: NetName=GND Pin=U6-41_14
Removed Pin From Net: NetName=GND Pin=U6-41_15
Removed Pin From Net: NetName=GND Pin=U6-41_16
Removed Pin From Net: NetName=GND Pin=U6-41_17
Removed Pin From Net: NetName=GND Pin=U6-41_18
Removed Pin From Net: NetName=GND Pin=U6-41_19
Removed Pin From Net: NetName=GND Pin=U6-41_20
Removed Pin From Net: NetName=GND Pin=U6-41_21
Removed Pin From Net: NetName=GND Pin=U7-41_10
Removed Pin From Net: NetName=GND Pin=U7-41_11
Removed Pin From Net: NetName=GND Pin=U7-41_12
Removed Pin From Net: NetName=GND Pin=U7-41_13
Removed Pin From Net: NetName=GND Pin=U7-41_14
Removed Pin From Net: NetName=GND Pin=U7-41_15
Removed Pin From Net: NetName=GND Pin=U7-41_16
Removed Pin From Net: NetName=GND Pin=U7-41_17
Removed Pin From Net: NetName=GND Pin=U7-41_18
Removed Pin From Net: NetName=GND Pin=U7-41_19
Removed Pin From Net: NetName=GND Pin=U7-41_20
Removed Pin From Net: NetName=GND Pin=U7-41_21
Change Component Designator: OldDesignator=R133 NewDesignator=R134
Change Component Designator: OldDesignator=R134 NewDesignator=R135
Change Component Designator: OldDesignator=R135 NewDesignator=R136
Change Component Designator: OldDesignator=R136 NewDesignator=R137
Change Component Designator: OldDesignator=R137 NewDesignator=R138
Change Component Designator: OldDesignator=R138 NewDesignator=R139
Change Component Designator: OldDesignator=R139 NewDesignator=R140
Change Component Designator: OldDesignator=R140 NewDesignator=R141
Change Component Designator: OldDesignator=R141 NewDesignator=R133
Change Component Description : Designator=J5 Old Description=USB Type C - Connector, Top-mount SMT, 16pos New Description=USB Type C - Connector, Top-mount SMT, 16pos | Molex Incorporated 217179-0001
Change Component Description : Designator=J6 Old Description=USB Type C - Connector, Top-mount SMT, 16pos New Description=USB Type C - Connector, Top-mount SMT, 16pos | Molex Incorporated 217179-0001
Added Component: Designator=J7(SolderBridgeOpen)
Add component (AddParameter): Name = "Datasheet"; Value = ""; VariantName = "[No Variations]"
Add component (AddParameter): Name = "Supply Name"; Value = ""; VariantName = "[No Variations]"
Add component (AddParameter): Name = "Supply Part Number"; Value = ""; VariantName = "[No Variations]"
Add component (AddParameter): Name = "Supply URL"; Value = ""; VariantName = "[No Variations]"
Added Component: Designator=J8(SolderBridgeOpen)
Add component (AddParameter): Name = "Datasheet"; Value = ""; VariantName = "[No Variations]"
Add component (AddParameter): Name = "Supply Name"; Value = ""; VariantName = "[No Variations]"
Add component (AddParameter): Name = "Supply Part Number"; Value = ""; VariantName = "[No Variations]"
Add component (AddParameter): Name = "Supply URL"; Value = ""; VariantName = "[No Variations]"
Added Component: Designator=R142(RESISTOR_0402)
Add component (AddParameter): Name = "Datasheet"; Value = ""; VariantName = "[No Variations]"
Add component (AddParameter): Name = "Supply Name"; Value = ""; VariantName = "[No Variations]"
Add component (AddParameter): Name = "Supply Part Number"; Value = ""; VariantName = "[No Variations]"
Add component (AddParameter): Name = "Supply URL"; Value = ""; VariantName = "[No Variations]"
Added Component: Designator=R143(RESISTOR_0402)
Add component (AddParameter): Name = "Datasheet"; Value = ""; VariantName = "[No Variations]"
Add component (AddParameter): Name = "Supply Name"; Value = ""; VariantName = "[No Variations]"
Add component (AddParameter): Name = "Supply Part Number"; Value = ""; VariantName = "[No Variations]"
Add component (AddParameter): Name = "Supply URL"; Value = ""; VariantName = "[No Variations]"
Change Net Name : Old Net Name=NetR133_1 New Net Name=NetR134_1
Change Net Name : Old Net Name=NetR133_2 New Net Name=NetR134_2
Change Net Name : Old Net Name=NetR134_1 New Net Name=NetR135_1
Change Net Name : Old Net Name=NetR134_2 New Net Name=NetR135_2
Change Net Name : Old Net Name=NetR137_1 New Net Name=NetR138_1
Change Net Name : Old Net Name=NetR137_2 New Net Name=NetR138_2
Change Net Name : Old Net Name=NetR138_1 New Net Name=NetR139_1
Change Net Name : Old Net Name=NetR138_2 New Net Name=NetR139_2
Change Net Name : Old Net Name=NetR139_1 New Net Name=NetR140_1
Change Net Name : Old Net Name=NetR140_1 New Net Name=NetR141_1
Added Pin To Net: NetName=NetJ7_1 Pin=J7-1
Added Pin To Net: NetName=NetJ7_1 Pin=R142-2
Added Net: Name=NetJ7_1
Added Pin To Net: NetName=NetJ7_2 Pin=J7-2
Added Net: Name=NetJ7_2
Added Pin To Net: NetName=NetJ8_1 Pin=J8-1
Added Pin To Net: NetName=NetJ8_1 Pin=R143-2
Added Net: Name=NetJ8_1
Added Pin To Net: NetName=NetJ8_2 Pin=J8-2
Added Net: Name=NetJ8_2
Added Pin To Net: NetName=NetR142_1 Pin=R142-1
Added Net: Name=NetR142_1
Added Pin To Net: NetName=NetR143_1 Pin=R143-1
Added Net: Name=NetR143_1
Add Class: Class already exists: Designator
Add Class: Class already exists: Designator
Add Class: Class already exists: Designator
Add Class: Class already exists: Designator
Add Class: Class already exists: Designator
Add Class: Class already exists: Designator
Add Class: Class already exists: Designator
Add Class: Class already exists: Designator
Add Class: Class already exists: Designator
Add Class: Class already exists: Designator
Add Class: Class already exists: Designator
Add Class: Class already exists: Designator
