Change Component Footprint: Designator=C15 Old Footprint=CAP_0603 New Footprint=CAP_0402
Change Component Footprint: Designator=C16 Old Footprint=CAP_0603 New Footprint=CAP_0402
Change Component Footprint: Designator=C19 Old Footprint=CAP_0603 New Footprint=CAP_0402
Change Component Footprint: Designator=C20 Old Footprint=CAP_0603 New Footprint=CAP_0402
Change component parameters: Designator = "C15" ("C15"); Footprint = "CAP_0603"; UniqueID = "\XLUAPMEB\NWQNMOAC" ("\XLUAPMEB\NWQNMOAC")
Change component parameters (AddParameter): Name = "Datasheet"; Value = ""; VariantName = "[No Variations]"
Change component parameters (AddParameter): Name = "Supply Name"; Value = "Thegioiic"; VariantName = "[No Variations]"
Change component parameters (AddParameter): Name = "Supply Part Number"; Value = "T? G?m 0402 100nF (0.1uF) 50V"; VariantName = "[No Variations]"
Change component parameters (AddParameter): Name = "Supply URL"; Value = "https://www.thegioiic.com/tu-gom-0402-100nf-0-1uf-50v"; VariantName = "[No Variations]"
Change component parameters: Designator = "C16" ("C16"); Footprint = "CAP_0603"; UniqueID = "\XLUAPMEB\CIQKNCAJ" ("\XLUAPMEB\CIQKNCAJ")
Change component parameters (AddParameter): Name = "Datasheet"; Value = ""; VariantName = "[No Variations]"
Change component parameters (AddParameter): Name = "Supply Name"; Value = "Thegioiic"; VariantName = "[No Variations]"
Change component parameters (AddParameter): Name = "Supply Part Number"; Value = "T? G?m 0402 100nF (0.1uF) 50V"; VariantName = "[No Variations]"
Change component parameters (AddParameter): Name = "Supply URL"; Value = "https://www.thegioiic.com/tu-gom-0402-100nf-0-1uf-50v"; VariantName = "[No Variations]"
Change component parameters: Designator = "C19" ("C19"); Footprint = "CAP_0603"; UniqueID = "\XLUAPMEB\AYRYDGGD" ("\XLUAPMEB\AYRYDGGD")
Change component parameters (AddParameter): Name = "Datasheet"; Value = ""; VariantName = "[No Variations]"
Change component parameters (AddParameter): Name = "Supply Name"; Value = "Thegioiic"; VariantName = "[No Variations]"
Change component parameters (AddParameter): Name = "Supply Part Number"; Value = "T? G?m 0402 100nF (0.1uF) 50V"; VariantName = "[No Variations]"
Change component parameters (AddParameter): Name = "Supply URL"; Value = "https://www.thegioiic.com/tu-gom-0402-100nf-0-1uf-50v"; VariantName = "[No Variations]"
Change component parameters: Designator = "C20" ("C20"); Footprint = "CAP_0603"; UniqueID = "\XLUAPMEB\KROGXVZH" ("\XLUAPMEB\KROGXVZH")
Change component parameters (AddParameter): Name = "Datasheet"; Value = ""; VariantName = "[No Variations]"
Change component parameters (AddParameter): Name = "Supply Name"; Value = "Thegioiic"; VariantName = "[No Variations]"
Change component parameters (AddParameter): Name = "Supply Part Number"; Value = "T? G?m 0402 100nF (0.1uF) 50V"; VariantName = "[No Variations]"
Change component parameters (AddParameter): Name = "Supply URL"; Value = "https://www.thegioiic.com/tu-gom-0402-100nf-0-1uf-50v"; VariantName = "[No Variations]"
Add Class: Class already exists: Designator
Add Class: Class already exists: Designator
Add Class: Class already exists: Designator
Add Class: Class already exists: Designator
Add Class: Class already exists: Designator
Add Class: Class already exists: Designator
Add Class: Class already exists: Designator
Add Class: Class already exists: Designator
Add Class: Class already exists: Designator
Add Class: Class already exists: Designator
Add Class: Class already exists: Designator
Add Class: Class already exists: Designator
