Change component parameters: Designator = "SW1" ("SW1"); Footprint = "Button_3x4mm_SMD_2P"; UniqueID = "\UTWQFTNJ\YQJQUNJZ" ("\UTWQFTNJ\YQJQUNJZ")
Change component parameters (AddParameter): Name = "Datasheet"; Value = ""; VariantName = "[No Variations]"
Change component parameters (AddParameter): Name = "Supply Name"; Value = "Thegioiic"; VariantName = "[No Variations]"
Change component parameters (AddParameter): Name = "Supply Part Number"; Value = "Nút Nh?n 3x4mm Cao 2.5mm 2 Chân SMD"; VariantName = "[No Variations]"
Change component parameters (AddParameter): Name = "Supply URL"; Value = "https://www.thegioiic.com/nut-nhan-3x4mm-cao-2-5mm-2-chan-smd"; VariantName = "[No Variations]"
Change component parameters: Designator = "SW2" ("SW2"); Footprint = "Button_3x4mm_SMD_2P"; UniqueID = "\UTWQFTNJ\IYQEKPJI" ("\UTWQFTNJ\IYQEKPJI")
Change component parameters (AddParameter): Name = "Datasheet"; Value = ""; VariantName = "[No Variations]"
Change component parameters (AddParameter): Name = "Supply Name"; Value = "Thegioiic"; VariantName = "[No Variations]"
Change component parameters (AddParameter): Name = "Supply Part Number"; Value = "Nút Nh?n 3x4mm Cao 2.5mm 2 Chân SMD"; VariantName = "[No Variations]"
Change component parameters (AddParameter): Name = "Supply URL"; Value = "https://www.thegioiic.com/nut-nhan-3x4mm-cao-2-5mm-2-chan-smd"; VariantName = "[No Variations]"
Change component parameters: Designator = "SW3" ("SW3"); Footprint = "Button_3x4mm_SMD_2P"; UniqueID = "\WZDIQVUA\MAPIROIF" ("\WZDIQVUA\MAPIROIF")
Change component parameters (AddParameter): Name = "Datasheet"; Value = ""; VariantName = "[No Variations]"
Change component parameters (AddParameter): Name = "Supply Name"; Value = "Thegioiic"; VariantName = "[No Variations]"
Change component parameters (AddParameter): Name = "Supply Part Number"; Value = "Nút Nh?n 3x4mm Cao 2.5mm 2 Chân SMD"; VariantName = "[No Variations]"
Change component parameters (AddParameter): Name = "Supply URL"; Value = "https://www.thegioiic.com/nut-nhan-3x4mm-cao-2-5mm-2-chan-smd"; VariantName = "[No Variations]"
Change component parameters: Designator = "SW4" ("SW4"); Footprint = "Button_3x4mm_SMD_2P"; UniqueID = "\WZDIQVUA\TODODMKL" ("\WZDIQVUA\TODODMKL")
Change component parameters (AddParameter): Name = "Datasheet"; Value = ""; VariantName = "[No Variations]"
Change component parameters (AddParameter): Name = "Supply Name"; Value = "Thegioiic"; VariantName = "[No Variations]"
Change component parameters (AddParameter): Name = "Supply Part Number"; Value = "Nút Nh?n 3x4mm Cao 2.5mm 2 Chân SMD"; VariantName = "[No Variations]"
Change component parameters (AddParameter): Name = "Supply URL"; Value = "https://www.thegioiic.com/nut-nhan-3x4mm-cao-2-5mm-2-chan-smd"; VariantName = "[No Variations]"
Add Class: Class already exists: Designator
Add Class: Class already exists: Designator
Add Class: Class already exists: Designator
Add Class: Class already exists: Designator
Add Class: Class already exists: Designator
Add Class: Class already exists: Designator
Add Class: Class already exists: Designator
Add Class: Class already exists: Designator
Add Class: Class already exists: Designator
Add Class: Class already exists: Designator
Add Class: Class already exists: Designator
Add Class: Class already exists: Designator
