Removed Pin From Net: NetName=NetR16_1 Pin=U3-10
Removed Pin From Net: NetName=NetR15_1 Pin=U3-37
Change Component Designator: OldDesignator=R20 NewDesignator=R22
Change Component Designator: OldDesignator=R21 NewDesignator=R23
Change Component Designator: OldDesignator=R22 NewDesignator=R24
Change Component Designator: OldDesignator=R23 NewDesignator=R25
Change Component Designator: OldDesignator=R24 NewDesignator=R26
Change Component Designator: OldDesignator=R25 NewDesignator=R27
Change Component Designator: OldDesignator=R26 NewDesignator=R28
Change Component Designator: OldDesignator=R27 NewDesignator=R29
Change Component Designator: OldDesignator=R28 NewDesignator=R30
Change Component Designator: OldDesignator=R29 NewDesignator=R31
Change Component Designator: OldDesignator=R30 NewDesignator=R32
Change Component Designator: OldDesignator=R31 NewDesignator=R33
Change Component Designator: OldDesignator=R32 NewDesignator=R34
Change Component Designator: OldDesignator=R33 NewDesignator=R35
Change Component Designator: OldDesignator=R34 NewDesignator=R36
Change Component Designator: OldDesignator=R35 NewDesignator=R37
Change Component Designator: OldDesignator=R36 NewDesignator=R38
Change Component Designator: OldDesignator=R37 NewDesignator=R39
Change Component Designator: OldDesignator=R38 NewDesignator=R40
Change Component Designator: OldDesignator=R39 NewDesignator=R41
Change Component Designator: OldDesignator=R40 NewDesignator=R42
Added Component: Designator=R20(Resistor_0603)
Add component (AddParameter): Name = "Datasheet"; Value = ""; VariantName = "[No Variations]"
Add component (AddParameter): Name = "Supply Name"; Value = "Thegioiic"; VariantName = "[No Variations]"
Add component (AddParameter): Name = "Supply Part Number"; Value = "Ði?n Tr? 33 Ohm 0603 1%"; VariantName = "[No Variations]"
Add component (AddParameter): Name = "Supply URL"; Value = "https://www.thegioiic.com/dien-tro-33-ohm-0603-1-"; VariantName = "[No Variations]"
Added Component: Designator=R21(Resistor_0603)
Add component (AddParameter): Name = "Datasheet"; Value = ""; VariantName = "[No Variations]"
Add component (AddParameter): Name = "Supply Name"; Value = "Thegioiic"; VariantName = "[No Variations]"
Add component (AddParameter): Name = "Supply Part Number"; Value = "Ði?n Tr? 33 Ohm 0603 1%"; VariantName = "[No Variations]"
Add component (AddParameter): Name = "Supply URL"; Value = "https://www.thegioiic.com/dien-tro-33-ohm-0603-1-"; VariantName = "[No Variations]"
Added Pin To Net: NetName=NetR15_1 Pin=R20-1
Added Pin To Net: NetName=NetR16_1 Pin=R21-1
Change Net Name : Old Net Name=NetR20_2 New Net Name=NetR22_2
Change Net Name : Old Net Name=NetR21_2 New Net Name=NetR23_2
Change Net Name : Old Net Name=NetR35_1 New Net Name=NetR37_1
Change Net Name : Old Net Name=NetR40_1 New Net Name=NetR42_1
Added Pin To Net: NetName=NetR20_2 Pin=R20-2
Added Pin To Net: NetName=NetR20_2 Pin=U3-37
Added Net: Name=NetR20_2
Added Pin To Net: NetName=NetR21_2 Pin=R21-2
Added Pin To Net: NetName=NetR21_2 Pin=U3-10
Added Net: Name=NetR21_2
Added Member To Class: ClassName=Ethernet Member=Component R30 330/1%/1_10W
Added Member To Class: ClassName=Ethernet Member=Component R31 0R/1%/1_10W
