Removed Pin From Net: NetName=NetC26_1 Pin=C26-1
Removed Pin From Net: NetName=5V Pin=C26-2
Removed Member From Class: ClassName=Designator Member=C26
Change Component Designator: OldDesignator=C27 NewDesignator=C26
Change Component Designator: OldDesignator=C28 NewDesignator=C27
Change Component Designator: OldDesignator=C29 NewDesignator=C28
Change Component Designator: OldDesignator=C30 NewDesignator=C29
Change Component Designator: OldDesignator=C31 NewDesignator=C30
Change Component Designator: OldDesignator=C32 NewDesignator=C31
Change Component Designator: OldDesignator=C33 NewDesignator=C32
Change Component Designator: OldDesignator=C34 NewDesignator=C33
Change Component Designator: OldDesignator=C35 NewDesignator=C34
Change Component Designator: OldDesignator=C36 NewDesignator=C35
Change Component Designator: OldDesignator=C37 NewDesignator=C36
Change Component Designator: OldDesignator=C38 NewDesignator=C37
Change Component Designator: OldDesignator=C39 NewDesignator=C38
Change Component Designator: OldDesignator=C40 NewDesignator=C39
Change Component Designator: OldDesignator=C41 NewDesignator=C40
Change Component Designator: OldDesignator=C42 NewDesignator=C41
Change Component Designator: OldDesignator=C43 NewDesignator=C42
Change Component Designator: OldDesignator=C44 NewDesignator=C43
Change Component Designator: OldDesignator=C45 NewDesignator=C44
Change Component Designator: OldDesignator=C46 NewDesignator=C45
Change Component Designator: OldDesignator=C47 NewDesignator=C46
Change Component Designator: OldDesignator=C48 NewDesignator=C47
Change Component Designator: OldDesignator=C49 NewDesignator=C48
Change Component Designator: OldDesignator=C50 NewDesignator=C49
Change Component Designator: OldDesignator=C51 NewDesignator=C50
Change Component Designator: OldDesignator=C52 NewDesignator=C51
Change Component Designator: OldDesignator=C53 NewDesignator=C52
Change Component Designator: OldDesignator=C54 NewDesignator=C53
Change Component Designator: OldDesignator=C55 NewDesignator=C54
Change Component Designator: OldDesignator=C56 NewDesignator=C55
Change Component Designator: OldDesignator=C57 NewDesignator=C56
Change Component Designator: OldDesignator=C58 NewDesignator=C57
Change Component Designator: OldDesignator=C59 NewDesignator=C58
Change Component Designator: OldDesignator=C60 NewDesignator=C59
Change Component Designator: OldDesignator=C61 NewDesignator=C60
Change Component Designator: OldDesignator=C62 NewDesignator=C61
Change Component Designator: OldDesignator=C63 NewDesignator=C62
Change Component Designator: OldDesignator=C64 NewDesignator=C63
Change Component Designator: OldDesignator=C65 NewDesignator=C64
Change Component Designator: OldDesignator=C66 NewDesignator=C65
Change Component Designator: OldDesignator=C67 NewDesignator=C66
Change Component Designator: OldDesignator=C68 NewDesignator=C67
Change Component Designator: OldDesignator=C69 NewDesignator=C68
Change Component Designator: OldDesignator=C70 NewDesignator=C69
Change Component Designator: OldDesignator=C71 NewDesignator=C70
Change Component Designator: OldDesignator=C72 NewDesignator=C71
Change Component Designator: OldDesignator=C73 NewDesignator=C72
Change Component Designator: OldDesignator=C74 NewDesignator=C73
Change Component Designator: OldDesignator=C75 NewDesignator=C74
Change Component Designator: OldDesignator=C76 NewDesignator=C75
Change Component Designator: OldDesignator=C77 NewDesignator=C76
Change Component Designator: OldDesignator=C78 NewDesignator=C77
Change Component Designator: OldDesignator=C79 NewDesignator=C78
Change Component Designator: OldDesignator=C80 NewDesignator=C79
Change Component Designator: OldDesignator=C81 NewDesignator=C80
Change Component Designator: OldDesignator=C82 NewDesignator=C81
Change Component Designator: OldDesignator=C83 NewDesignator=C82
Change Component Designator: OldDesignator=C84 NewDesignator=C83
Change Component Designator: OldDesignator=C85 NewDesignator=C84
Change Component Designator: OldDesignator=C86 NewDesignator=C85
Change Component Designator: OldDesignator=C87 NewDesignator=C86
Change Component Designator: OldDesignator=C88 NewDesignator=C87
Change Component Designator: OldDesignator=C89 NewDesignator=C88
Change Component Designator: OldDesignator=C90 NewDesignator=C89
Change Component Designator: OldDesignator=C91 NewDesignator=C90
Change Component Designator: OldDesignator=C92 NewDesignator=C91
Change Component Designator: OldDesignator=C93 NewDesignator=C92
Change Component Designator: OldDesignator=C94 NewDesignator=C93
Change Component Designator: OldDesignator=C95 NewDesignator=C94
Change Component Designator: OldDesignator=C96 NewDesignator=C95
Change Component Designator: OldDesignator=C97 NewDesignator=C96
Change Component Designator: OldDesignator=C98 NewDesignator=C97
Change Component Designator: OldDesignator=C99 NewDesignator=C98
Change Component Designator: OldDesignator=C100 NewDesignator=C99
Change Component Designator: OldDesignator=C101 NewDesignator=C100
Change Component Designator: OldDesignator=C102 NewDesignator=C101
Change Component Designator: OldDesignator=C103 NewDesignator=C102
Change Component Designator: OldDesignator=C104 NewDesignator=C103
Change Component Designator: OldDesignator=C105 NewDesignator=C104
Change Component Description : Designator=J6 Old Description=USB Type C - Connector, Top-mount SMT, 16pos New Description=USB Type C - Connector, Top-mount SMT, 16pos | Molex Incorporated 217179-0001
Change Component Description : Designator=J7 Old Description=USB Type C - Connector, Top-mount SMT, 16pos New Description=USB Type C - Connector, Top-mount SMT, 16pos | Molex Incorporated 217179-0001
Change Net Name : Old Net Name=NetC26_1 New Net Name=NetR12_2
Change Net Name : Old Net Name=NetC27_2 New Net Name=NetC26_2
Change Net Name : Old Net Name=NetC29_2 New Net Name=NetC28_2
Change Net Name : Old Net Name=NetC30_2 New Net Name=NetC29_2
Change Net Name : Old Net Name=NetC31_2 New Net Name=NetC30_2
Change Net Name : Old Net Name=NetC33_2 New Net Name=NetC32_2
Change Net Name : Old Net Name=NetC34_2 New Net Name=NetC33_2
Change Net Name : Old Net Name=NetC42_2 New Net Name=NetC41_2
Change Net Name : Old Net Name=NetC48_2 New Net Name=NetC47_2
Change Net Name : Old Net Name=NetC50_1 New Net Name=NetC49_1
Change Net Name : Old Net Name=NetC59_1 New Net Name=NetC58_1
Change Net Name : Old Net Name=NetC59_2 New Net Name=NetC58_2
Change Net Name : Old Net Name=NetC60_2 New Net Name=NetC59_2
Change Net Name : Old Net Name=NetC65_1 New Net Name=NetC64_1
Change Net Name : Old Net Name=NetC65_2 New Net Name=NetC64_2
Change Net Name : Old Net Name=NetC66_1 New Net Name=NetC65_1
Change Net Name : Old Net Name=NetC67_1 New Net Name=NetC66_1
Change Net Name : Old Net Name=NetC72_1 New Net Name=NetC71_1
Change Net Name : Old Net Name=NetC72_2 New Net Name=NetC71_2
Change Net Name : Old Net Name=NetC73_1 New Net Name=NetC72_1
Change Net Name : Old Net Name=NetC73_2 New Net Name=NetC72_2
Change Net Name : Old Net Name=NetC74_1 New Net Name=NetC73_1
Change Net Name : Old Net Name=NetC79_1 New Net Name=NetC78_1
Change Net Name : Old Net Name=NetC79_2 New Net Name=NetC78_2
Change Net Name : Old Net Name=NetC80_1 New Net Name=NetC79_1
Change Net Name : Old Net Name=NetC85_1 New Net Name=NetC84_1
Change Net Name : Old Net Name=NetC85_2 New Net Name=NetC84_2
Change Net Name : Old Net Name=NetC86_2 New Net Name=NetC85_2
Change Net Name : Old Net Name=NetC88_2 New Net Name=NetC87_2
Change Net Name : Old Net Name=NetC98_2 New Net Name=NetC97_2
Change Net Name : Old Net Name=NetC100_2 New Net Name=NetC99_2
Change Net Name : Old Net Name=NetC101_1 New Net Name=NetC100_1
Change Net Name : Old Net Name=NetC102_2 New Net Name=NetC101_2
Change Net Name : Old Net Name=NetC104_2 New Net Name=NetC103_2
Change Net Name : Old Net Name=NetC105_1 New Net Name=NetC104_1
Add Class: Class already exists: Designator
Add Class: Class already exists: Designator
Add Class: Class already exists: Designator
Add Class: Class already exists: Designator
Add Class: Class already exists: Designator
Add Class: Class already exists: Designator
Add Class: Class already exists: Designator
Add Class: Class already exists: Designator
Add Class: Class already exists: Designator
Add Class: Class already exists: Designator
Add Class: Class already exists: Designator
