Removed Pin From Net: NetName=5V Pin=FB9-1
Removed Pin From Net: NetName=5V Pin=FB12-1
Change Component Designator: OldDesignator=FB10 NewDesignator=FB9
Change Component Designator: OldDesignator=FB11 NewDesignator=FB10
Change Component Designator: OldDesignator=FB13 NewDesignator=FB11
Change Component Designator: OldDesignator=FB14 NewDesignator=FB12
Added Pin To Net: NetName=5V Pin=C93-2
Added Pin To Net: NetName=5V Pin=C94-2
Added Pin To Net: NetName=5V Pin=C97-2
Added Pin To Net: NetName=5V Pin=C98-2
Added Pin To Net: NetName=5V Pin=U22-7
Added Pin To Net: NetName=5V Pin=U24-7
Change Net Name : Old Net Name=NetFB10_1 New Net Name=NetFB9_1
Change Net Name : Old Net Name=NetFB13_1 New Net Name=NetFB11_1
Add Class: Class already exists: Designator
Add Class: Class already exists: Designator
Add Class: Class already exists: Designator
Add Class: Class already exists: Designator
Add Class: Class already exists: Designator
Add Class: Class already exists: Designator
Add Class: Class already exists: Designator
Add Class: Class already exists: Designator
Add Class: Class already exists: Designator
Add Class: Class already exists: Designator
Add Class: Class already exists: Designator
Add Class: Class already exists: Designator
