Removed Pin From Net: NetName=BLE_USB_N Pin=R103-2
Removed Pin From Net: NetName=BLE_USB_P Pin=R107-2
Removed Pin From Net: NetName=WIFI_USB_N Pin=R117-1
Removed Pin From Net: NetName=WIFI_USB_P Pin=R121-1
Change Component Designator: OldDesignator=R104 NewDesignator=R103
Change Component Designator: OldDesignator=R105 NewDesignator=R104
Change Component Designator: OldDesignator=R106 NewDesignator=R105
Change Component Designator: OldDesignator=R108 NewDesignator=R106
Change Component Designator: OldDesignator=R109 NewDesignator=R107
Change Component Designator: OldDesignator=R110 NewDesignator=R108
Change Component Designator: OldDesignator=R111 NewDesignator=R109
Change Component Designator: OldDesignator=R112 NewDesignator=R110
Change Component Designator: OldDesignator=R113 NewDesignator=R111
Change Component Designator: OldDesignator=R114 NewDesignator=R112
Change Component Designator: OldDesignator=R115 NewDesignator=R113
Change Component Designator: OldDesignator=R116 NewDesignator=R114
Change Component Designator: OldDesignator=R118 NewDesignator=R115
Change Component Designator: OldDesignator=R119 NewDesignator=R116
Change Component Designator: OldDesignator=R120 NewDesignator=R117
Change Component Designator: OldDesignator=R122 NewDesignator=R118
Change Component Designator: OldDesignator=R123 NewDesignator=R119
Change Component Designator: OldDesignator=R124 NewDesignator=R120
Change Component Designator: OldDesignator=R125 NewDesignator=R121
Change Component Designator: OldDesignator=R126 NewDesignator=R122
Change Component Designator: OldDesignator=R127 NewDesignator=R123
Change Component Designator: OldDesignator=R128 NewDesignator=R124
Change Component Designator: OldDesignator=R129 NewDesignator=R125
Change Component Designator: OldDesignator=R130 NewDesignator=R126
Change Component Designator: OldDesignator=R131 NewDesignator=R127
Change Component Designator: OldDesignator=R132 NewDesignator=R128
Change Component Designator: OldDesignator=R133 NewDesignator=R129
Change Component Designator: OldDesignator=R134 NewDesignator=R130
Change Component Designator: OldDesignator=R135 NewDesignator=R131
Change Component Designator: OldDesignator=R136 NewDesignator=R132
Added Pin To Net: NetName=BLE_USB_P Pin=J6-A6
Added Pin To Net: NetName=BLE_USB_N Pin=J6-A7
Added Pin To Net: NetName=BLE_USB_P Pin=J6-B6
Added Pin To Net: NetName=BLE_USB_N Pin=J6-B7
Added Pin To Net: NetName=WIFI_USB_N Pin=U25-4
Added Pin To Net: NetName=WIFI_USB_P Pin=U25-6
Change Net Name : Old Net Name=NetR104_1 New Net Name=NetR103_1
Change Net Name : Old Net Name=NetR105_1 New Net Name=NetR104_1
Change Net Name : Old Net Name=NetR106_1 New Net Name=NetR105_1
Change Net Name : Old Net Name=NetR114_1 New Net Name=NetR112_1
Change Net Name : Old Net Name=NetR115_1 New Net Name=NetR113_1
Change Net Name : Old Net Name=NetR118_1 New Net Name=NetR115_1
Change Net Name : Old Net Name=NetR119_1 New Net Name=NetR116_1
Change Net Name : Old Net Name=NetR120_1 New Net Name=NetR117_1
Change Net Name : Old Net Name=NetR128_1 New Net Name=NetR124_1
Change Net Name : Old Net Name=NetR128_2 New Net Name=NetR124_2
Change Net Name : Old Net Name=NetR129_1 New Net Name=NetR125_1
Change Net Name : Old Net Name=NetR129_2 New Net Name=NetR125_2
Change Net Name : Old Net Name=NetR132_1 New Net Name=NetR128_1
Change Net Name : Old Net Name=NetR132_2 New Net Name=NetR128_2
Change Net Name : Old Net Name=NetR133_1 New Net Name=NetR129_1
Change Net Name : Old Net Name=NetR133_2 New Net Name=NetR129_2
Change Net Name : Old Net Name=NetR134_1 New Net Name=NetR130_1
Change Net Name : Old Net Name=NetR135_1 New Net Name=NetR131_1
Add Class: Class already exists: Designator
Add Class: Class already exists: Designator
Add Class: Class already exists: Designator
Add Class: Class already exists: Designator
Add Class: Class already exists: Designator
Add Class: Class already exists: Designator
Add Class: Class already exists: Designator
Add Class: Class already exists: Designator
Add Class: Class already exists: Designator
Add Class: Class already exists: Designator
Add Class: Class already exists: Designator
Add Class: Class already exists: Designator
Added Differential Pair: Name=BLE_USB
