Removed Pin From Net: NetName=12V Pin=P3-1
Removed Pin From Net: NetName=NetP3_3 Pin=P3-3
Removed Pin From Net: NetName=GND Pin=P3-4
Added Pin To Net: NetName=GND Pin=P3-1
Added Pin To Net: NetName=NetP3_3 Pin=P3-2
Added Pin To Net: NetName=12V Pin=P3-4
Change Net Name : Old Net Name=NetP3_3 New Net Name=NetP3_2
Added Pin To Net: NetName=NetP3_3 Pin=P3-3
Added Pin To Net: NetName=NetP3_3 Pin=Q2-3
Added Net: Name=NetP3_3
Add Class: Class already exists: Designator
Add Class: Class already exists: Designator
Add Class: Class already exists: Designator
Add Class: Class already exists: Designator
Add Class: Class already exists: Designator
Add Class: Class already exists: Designator
Add Class: Class already exists: Designator
Add Class: Class already exists: Designator
Add Class: Class already exists: Designator
Add Class: Class already exists: Designator
Add Class: Class already exists: Designator
Add Class: Class already exists: Designator
