Added Component: Designator=*1(BK_LOGO)
Added Component: Designator=C1(CAP_0603)
Add component (AddParameter): Name = "Datasheet"; Value = ""; VariantName = "[No Variations]"
Add component (AddParameter): Name = "Supply Name"; Value = "Thegioiic"; VariantName = "[No Variations]"
Add component (AddParameter): Name = "Supply Part Number"; Value = "T? G?m 0603 100nF (0.1uF) 50V"; VariantName = "[No Variations]"
Add component (AddParameter): Name = "Supply URL"; Value = "https://www.thegioiic.com/tu-gom-0603-100nf-0-1uf-50v"; VariantName = "[No Variations]"
Added Component: Designator=C2(CAP_1206)
Add component (AddParameter): Name = "Datasheet"; Value = ""; VariantName = "[No Variations]"
Add component (AddParameter): Name = "Supply Name"; Value = "Thegioiic"; VariantName = "[No Variations]"
Add component (AddParameter): Name = "Supply Part Number"; Value = "T? G?m 1206 10uF 35V"; VariantName = "[No Variations]"
Add component (AddParameter): Name = "Supply URL"; Value = "https://www.thegioiic.com/tu-gom-1206-10uf-35v"; VariantName = "[No Variations]"
Added Component: Designator=C3(CAP_1206)
Add component (AddParameter): Name = "Datasheet"; Value = ""; VariantName = "[No Variations]"
Add component (AddParameter): Name = "Supply Name"; Value = "Thegioiic"; VariantName = "[No Variations]"
Add component (AddParameter): Name = "Supply Part Number"; Value = "T? G?m 1206 100nF (0.1uF) 50V"; VariantName = "[No Variations]"
Add component (AddParameter): Name = "Supply URL"; Value = "https://www.thegioiic.com/tu-gom-1206-100nf-0-1uf-50v"; VariantName = "[No Variations]"
Added Component: Designator=C4(CAP_1206)
Add component (AddParameter): Name = "Datasheet"; Value = ""; VariantName = "[No Variations]"
Add component (AddParameter): Name = "Supply Name"; Value = "Thegioiic"; VariantName = "[No Variations]"
Add component (AddParameter): Name = "Supply Part Number"; Value = "T? G?m 1206 47uF 16V"; VariantName = "[No Variations]"
Add component (AddParameter): Name = "Supply URL"; Value = "https://www.thegioiic.com/tu-gom-1206-47uf-16v"; VariantName = "[No Variations]"
Added Component: Designator=C5(CAP_1206)
Add component (AddParameter): Name = "Datasheet"; Value = ""; VariantName = "[No Variations]"
Add component (AddParameter): Name = "Supply Name"; Value = "Thegioiic"; VariantName = "[No Variations]"
Add component (AddParameter): Name = "Supply Part Number"; Value = "T? G?m 1206 47uF 16V"; VariantName = "[No Variations]"
Add component (AddParameter): Name = "Supply URL"; Value = "https://www.thegioiic.com/tu-gom-1206-47uf-16v"; VariantName = "[No Variations]"
Added Component: Designator=C6(CAP_0603)
Add component (AddParameter): Name = "Datasheet"; Value = ""; VariantName = "[No Variations]"
Add component (AddParameter): Name = "Supply Name"; Value = "Thegioiic"; VariantName = "[No Variations]"
Add component (AddParameter): Name = "Supply Part Number"; Value = "T? G?m 0603 150pF 50V"; VariantName = "[No Variations]"
Add component (AddParameter): Name = "Supply URL"; Value = "https://www.thegioiic.com/tu-gom-0603-150pf-50v"; VariantName = "[No Variations]"
Added Component: Designator=C7(CAP_0805)
Add component (AddParameter): Name = "Datasheet"; Value = ""; VariantName = "[No Variations]"
Add component (AddParameter): Name = "Supply Name"; Value = "Thegioiic"; VariantName = "[No Variations]"
Add component (AddParameter): Name = "Supply Part Number"; Value = "T? G?m 0805 10uF 50V"; VariantName = "[No Variations]"
Add component (AddParameter): Name = "Supply URL"; Value = "https://www.thegioiic.com/tu-gom-0805-10uf-50v"; VariantName = "[No Variations]"
Added Component: Designator=C8(CAP_0805)
Add component (AddParameter): Name = "Datasheet"; Value = ""; VariantName = "[No Variations]"
Add component (AddParameter): Name = "Supply Name"; Value = "Thegioiic"; VariantName = "[No Variations]"
Add component (AddParameter): Name = "Supply Part Number"; Value = "T? G?m 0805 100nF (0.1uF) 50V"; VariantName = "[No Variations]"
Add component (AddParameter): Name = "Supply URL"; Value = "https://www.thegioiic.com/tu-gom-0805-100nf-0-1uf-50v"; VariantName = "[No Variations]"
Added Component: Designator=C9(CAP_0805)
Add component (AddParameter): Name = "Datasheet"; Value = ""; VariantName = "[No Variations]"
Add component (AddParameter): Name = "Supply Name"; Value = "Thegioiic"; VariantName = "[No Variations]"
Add component (AddParameter): Name = "Supply Part Number"; Value = "T? G?m 0805 100nF (0.1uF) 50V"; VariantName = "[No Variations]"
Add component (AddParameter): Name = "Supply URL"; Value = "https://www.thegioiic.com/tu-gom-0805-100nf-0-1uf-50v"; VariantName = "[No Variations]"
Added Component: Designator=C10(CAP_0805)
Add component (AddParameter): Name = "Datasheet"; Value = ""; VariantName = "[No Variations]"
Add component (AddParameter): Name = "Supply Name"; Value = "Thegioiic"; VariantName = "[No Variations]"
Add component (AddParameter): Name = "Supply Part Number"; Value = "T? G?m 0805 10uF 50V"; VariantName = "[No Variations]"
Add component (AddParameter): Name = "Supply URL"; Value = "https://www.thegioiic.com/tu-gom-0805-10uf-50v"; VariantName = "[No Variations]"
Added Component: Designator=C11(CAP_0603)
Add component (AddParameter): Name = "Datasheet"; Value = ""; VariantName = "[No Variations]"
Add component (AddParameter): Name = "Supply Name"; Value = "Thegioiic"; VariantName = "[No Variations]"
Add component (AddParameter): Name = "Supply Part Number"; Value = "T? G?m 0603 100nF (0.1uF) 50V"; VariantName = "[No Variations]"
Add component (AddParameter): Name = "Supply URL"; Value = "https://www.thegioiic.com/tu-gom-0603-100nf-0-1uf-50v"; VariantName = "[No Variations]"
Added Component: Designator=C12(CAP_0805)
Add component (AddParameter): Name = "Datasheet"; Value = ""; VariantName = "[No Variations]"
Add component (AddParameter): Name = "Supply Name"; Value = "Thegioiic"; VariantName = "[No Variations]"
Add component (AddParameter): Name = "Supply Part Number"; Value = "T? G?m 0805 100nF (0.1uF) 50V"; VariantName = "[No Variations]"
Add component (AddParameter): Name = "Supply URL"; Value = "https://www.thegioiic.com/tu-gom-0805-100nf-0-1uf-50v"; VariantName = "[No Variations]"
Added Component: Designator=C13(CAP_0805)
Add component (AddParameter): Name = "Datasheet"; Value = ""; VariantName = "[No Variations]"
Add component (AddParameter): Name = "Supply Name"; Value = "Thegioiic"; VariantName = "[No Variations]"
Add component (AddParameter): Name = "Supply Part Number"; Value = "T? G?m 0805 22uF 6.3V"; VariantName = "[No Variations]"
Add component (AddParameter): Name = "Supply URL"; Value = "https://www.thegioiic.com/tu-gom-0805-22uf-6-3v"; VariantName = "[No Variations]"
Added Component: Designator=C14(CAP_0603)
Add component (AddParameter): Name = "Datasheet"; Value = ""; VariantName = "[No Variations]"
Add component (AddParameter): Name = "Supply Name"; Value = "Thegioiic"; VariantName = "[No Variations]"
Add component (AddParameter): Name = "Supply Part Number"; Value = "T? G?m 0603 100nF (0.1uF) 50V"; VariantName = "[No Variations]"
Add component (AddParameter): Name = "Supply URL"; Value = "https://www.thegioiic.com/tu-gom-0603-100nf-0-1uf-50v"; VariantName = "[No Variations]"
Added Component: Designator=C15(CAP_0603)
Add component (AddParameter): Name = "Datasheet"; Value = ""; VariantName = "[No Variations]"
Add component (AddParameter): Name = "Supply Name"; Value = "Thegioiic"; VariantName = "[No Variations]"
Add component (AddParameter): Name = "Supply Part Number"; Value = "T? G?m 0603 100nF (0.1uF) 50V"; VariantName = "[No Variations]"
Add component (AddParameter): Name = "Supply URL"; Value = "https://www.thegioiic.com/tu-gom-0603-100nf-0-1uf-50v"; VariantName = "[No Variations]"
Added Component: Designator=C16(CAP_0603)
Add component (AddParameter): Name = "Datasheet"; Value = ""; VariantName = "[No Variations]"
Add component (AddParameter): Name = "Supply Name"; Value = "tme"; VariantName = "[No Variations]"
Add component (AddParameter): Name = "Supply Part Number"; Value = "CC0603KRX5R5BB106"; VariantName = "[No Variations]"
Add component (AddParameter): Name = "Supply URL"; Value = "http://www.tme.vn/Product.aspx?id=1165#page=pro_info"; VariantName = "[No Variations]"
Added Component: Designator=C17(CAP_0603)
Add component (AddParameter): Name = "Datasheet"; Value = ""; VariantName = "[No Variations]"
Add component (AddParameter): Name = "Supply Name"; Value = "tme"; VariantName = "[No Variations]"
Add component (AddParameter): Name = "Supply Part Number"; Value = "CC0603KRX5R5BB106"; VariantName = "[No Variations]"
Add component (AddParameter): Name = "Supply URL"; Value = "http://www.tme.vn/Product.aspx?id=1165#page=pro_info"; VariantName = "[No Variations]"
Added Component: Designator=C18(CAP_0603)
Add component (AddParameter): Name = "Datasheet"; Value = ""; VariantName = "[No Variations]"
Add component (AddParameter): Name = "Supply Name"; Value = "Thegioiic"; VariantName = "[No Variations]"
Add component (AddParameter): Name = "Supply Part Number"; Value = "T? G?m 0603 100nF (0.1uF) 50V"; VariantName = "[No Variations]"
Add component (AddParameter): Name = "Supply URL"; Value = "https://www.thegioiic.com/tu-gom-0603-100nf-0-1uf-50v"; VariantName = "[No Variations]"
Added Component: Designator=C19(CAP_0603)
Add component (AddParameter): Name = "Datasheet"; Value = ""; VariantName = "[No Variations]"
Add component (AddParameter): Name = "Supply Name"; Value = "tme"; VariantName = "[No Variations]"
Add component (AddParameter): Name = "Supply Part Number"; Value = "CC0603KRX5R5BB106"; VariantName = "[No Variations]"
Add component (AddParameter): Name = "Supply URL"; Value = "http://www.tme.vn/Product.aspx?id=1165#page=pro_info"; VariantName = "[No Variations]"
Added Component: Designator=C20(CAP_0603)
Add component (AddParameter): Name = "Datasheet"; Value = ""; VariantName = "[No Variations]"
Add component (AddParameter): Name = "Supply Name"; Value = "Thegioiic"; VariantName = "[No Variations]"
Add component (AddParameter): Name = "Supply Part Number"; Value = "T? G?m 0603 100nF (0.1uF) 50V"; VariantName = "[No Variations]"
Add component (AddParameter): Name = "Supply URL"; Value = "https://www.thegioiic.com/tu-gom-0603-100nf-0-1uf-50v"; VariantName = "[No Variations]"
Added Component: Designator=C21(CAP_0603)
Add component (AddParameter): Name = "Datasheet"; Value = ""; VariantName = "[No Variations]"
Add component (AddParameter): Name = "Supply Name"; Value = "Thegioiic"; VariantName = "[No Variations]"
Add component (AddParameter): Name = "Supply Part Number"; Value = "T? G?m 0603 100nF (0.1uF) 50V"; VariantName = "[No Variations]"
Add component (AddParameter): Name = "Supply URL"; Value = "https://www.thegioiic.com/tu-gom-0603-100nf-0-1uf-50v"; VariantName = "[No Variations]"
Added Component: Designator=C22(CAP_0603)
Add component (AddParameter): Name = "Datasheet"; Value = ""; VariantName = "[No Variations]"
Add component (AddParameter): Name = "Supply Name"; Value = "tme"; VariantName = "[No Variations]"
Add component (AddParameter): Name = "Supply Part Number"; Value = "CC0603KRX5R5BB106"; VariantName = "[No Variations]"
Add component (AddParameter): Name = "Supply URL"; Value = "http://www.tme.vn/Product.aspx?id=1165#page=pro_info"; VariantName = "[No Variations]"
Added Component: Designator=C23(CAP_0603)
Add component (AddParameter): Name = "Datasheet"; Value = ""; VariantName = "[No Variations]"
Add component (AddParameter): Name = "Supply Name"; Value = "Thegioiic"; VariantName = "[No Variations]"
Add component (AddParameter): Name = "Supply Part Number"; Value = "T? G?m 0603 100nF (0.1uF) 50V"; VariantName = "[No Variations]"
Add component (AddParameter): Name = "Supply URL"; Value = "https://www.thegioiic.com/tu-gom-0603-100nf-0-1uf-50v"; VariantName = "[No Variations]"
Added Component: Designator=C24(CAP_0603)
Add component (AddParameter): Name = "Datasheet"; Value = ""; VariantName = "[No Variations]"
Add component (AddParameter): Name = "Supply Name"; Value = "tme"; VariantName = "[No Variations]"
Add component (AddParameter): Name = "Supply Part Number"; Value = "CC0603JRNPO9BN200"; VariantName = "[No Variations]"
Add component (AddParameter): Name = "Supply URL"; Value = "http://tme.vn/Product.aspx?id=1305#page=pro_info"; VariantName = "[No Variations]"
Added Component: Designator=C25(CAP_0603)
Add component (AddParameter): Name = "Datasheet"; Value = ""; VariantName = "[No Variations]"
Add component (AddParameter): Name = "Supply Name"; Value = "tme"; VariantName = "[No Variations]"
Add component (AddParameter): Name = "Supply Part Number"; Value = "CC0603JRNPO9BN200"; VariantName = "[No Variations]"
Add component (AddParameter): Name = "Supply URL"; Value = "http://tme.vn/Product.aspx?id=1305#page=pro_info"; VariantName = "[No Variations]"
Added Component: Designator=C26(CAP_0603)
Add component (AddParameter): Name = "Datasheet"; Value = ""; VariantName = "[No Variations]"
Add component (AddParameter): Name = "Supply Name"; Value = "Thegioiic"; VariantName = "[No Variations]"
Add component (AddParameter): Name = "Supply Part Number"; Value = "T? G?m 0603 100nF (0.1uF) 50V"; VariantName = "[No Variations]"
Add component (AddParameter): Name = "Supply URL"; Value = "https://www.thegioiic.com/tu-gom-0603-100nf-0-1uf-50v"; VariantName = "[No Variations]"
Added Component: Designator=C27(CAP_0603)
Add component (AddParameter): Name = "Datasheet"; Value = ""; VariantName = "[No Variations]"
Add component (AddParameter): Name = "Supply Name"; Value = "tme"; VariantName = "[No Variations]"
Add component (AddParameter): Name = "Supply Part Number"; Value = "CC0603KRX5R5BB106"; VariantName = "[No Variations]"
Add component (AddParameter): Name = "Supply URL"; Value = "http://www.tme.vn/Product.aspx?id=1165#page=pro_info"; VariantName = "[No Variations]"
Added Component: Designator=C28(CAP_0603)
Add component (AddParameter): Name = "Datasheet"; Value = ""; VariantName = "[No Variations]"
Add component (AddParameter): Name = "Supply Name"; Value = "Thegioiic"; VariantName = "[No Variations]"
Add component (AddParameter): Name = "Supply Part Number"; Value = "T? G?m 0603 100nF (0.1uF) 50V"; VariantName = "[No Variations]"
Add component (AddParameter): Name = "Supply URL"; Value = "https://www.thegioiic.com/tu-gom-0603-100nf-0-1uf-50v"; VariantName = "[No Variations]"
Added Component: Designator=C29(CAP_0603)
Add component (AddParameter): Name = "Datasheet"; Value = ""; VariantName = "[No Variations]"
Add component (AddParameter): Name = "Supply Name"; Value = "Thegioiic"; VariantName = "[No Variations]"
Add component (AddParameter): Name = "Supply Part Number"; Value = "T? G?m 0603 100nF (0.1uF) 50V"; VariantName = "[No Variations]"
Add component (AddParameter): Name = "Supply URL"; Value = "https://www.thegioiic.com/tu-gom-0603-100nf-0-1uf-50v"; VariantName = "[No Variations]"
Added Component: Designator=C30(CAP_0603)
Add component (AddParameter): Name = "Datasheet"; Value = ""; VariantName = "[No Variations]"
Add component (AddParameter): Name = "Supply Name"; Value = "Thegioiic"; VariantName = "[No Variations]"
Add component (AddParameter): Name = "Supply Part Number"; Value = "T? G?m 0603 10uF 16V"; VariantName = "[No Variations]"
Add component (AddParameter): Name = "Supply URL"; Value = "https://www.thegioiic.com/tu-gom-0603-10uf-16v"; VariantName = "[No Variations]"
Added Component: Designator=C31(CAP_0805)
Add component (AddParameter): Name = "Datasheet"; Value = ""; VariantName = "[No Variations]"
Add component (AddParameter): Name = "Supply Name"; Value = "Thegioiic"; VariantName = "[No Variations]"
Add component (AddParameter): Name = "Supply Part Number"; Value = "T? G?m 0805 10uF 50V"; VariantName = "[No Variations]"
Add component (AddParameter): Name = "Supply URL"; Value = "https://www.thegioiic.com/tu-gom-0805-10uf-50v"; VariantName = "[No Variations]"
Added Component: Designator=C32(CAP_0805)
Add component (AddParameter): Name = "Datasheet"; Value = ""; VariantName = "[No Variations]"
Add component (AddParameter): Name = "Supply Name"; Value = "Thegioiic"; VariantName = "[No Variations]"
Add component (AddParameter): Name = "Supply Part Number"; Value = "T? G?m 0805 100nF (0.1uF) 50V"; VariantName = "[No Variations]"
Add component (AddParameter): Name = "Supply URL"; Value = "https://www.thegioiic.com/tu-gom-0805-100nf-0-1uf-50v"; VariantName = "[No Variations]"
Added Component: Designator=C33(CAP_0603)
Add component (AddParameter): Name = "Datasheet"; Value = ""; VariantName = "[No Variations]"
Add component (AddParameter): Name = "Supply Name"; Value = "Thegioiic"; VariantName = "[No Variations]"
Add component (AddParameter): Name = "Supply Part Number"; Value = "T? G?m 0603 100nF (0.1uF) 50V"; VariantName = "[No Variations]"
Add component (AddParameter): Name = "Supply URL"; Value = "https://www.thegioiic.com/tu-gom-0603-100nf-0-1uf-50v"; VariantName = "[No Variations]"
Added Component: Designator=C34(CAP_0603)
Add component (AddParameter): Name = "Datasheet"; Value = ""; VariantName = "[No Variations]"
Add component (AddParameter): Name = "Supply Name"; Value = "Thegioiic"; VariantName = "[No Variations]"
Add component (AddParameter): Name = "Supply Part Number"; Value = "T? G?m 0603 100nF (0.1uF) 50V"; VariantName = "[No Variations]"
Add component (AddParameter): Name = "Supply URL"; Value = "https://www.thegioiic.com/tu-gom-0603-100nf-0-1uf-50v"; VariantName = "[No Variations]"
Added Component: Designator=C35(CAP_0603)
Add component (AddParameter): Name = "Datasheet"; Value = ""; VariantName = "[No Variations]"
Add component (AddParameter): Name = "Supply Name"; Value = "tme"; VariantName = "[No Variations]"
Add component (AddParameter): Name = "Supply Part Number"; Value = "CC0603KRX7R9BB102"; VariantName = "[No Variations]"
Add component (AddParameter): Name = "Supply URL"; Value = "http://tme.vn/Product.aspx?id=1218#page=pro_info"; VariantName = "[No Variations]"
Added Component: Designator=C36(CAP_0603)
Add component (AddParameter): Name = "Datasheet"; Value = ""; VariantName = "[No Variations]"
Add component (AddParameter): Name = "Supply Name"; Value = "tme"; VariantName = "[No Variations]"
Add component (AddParameter): Name = "Supply Part Number"; Value = "CC0603KRX7R9BB102"; VariantName = "[No Variations]"
Add component (AddParameter): Name = "Supply URL"; Value = "http://tme.vn/Product.aspx?id=1218#page=pro_info"; VariantName = "[No Variations]"
Added Component: Designator=D1(D_SMA)
Add component (AddParameter): Name = "Datasheet"; Value = "https://www.thegioiic.com/upload/documents/dc8a63b3eda4738bc390d9dc570a4e18.pdf"; VariantName = "[No Variations]"
Add component (AddParameter): Name = "Supply Name"; Value = "Thegioiic"; VariantName = "[No Variations]"
Add component (AddParameter): Name = "Supply Part Number"; Value = "SS54 SMA Diode Shotky 5A 40V"; VariantName = "[No Variations]"
Add component (AddParameter): Name = "Supply URL"; Value = "https://www.thegioiic.com/ss54-sma-diode-shotky-5a-40v"; VariantName = "[No Variations]"
Added Component: Designator=D2(D_SMA)
Add component (AddParameter): Name = "Datasheet"; Value = "https://www.thegioiic.com/upload/documents/dc8a63b3eda4738bc390d9dc570a4e18.pdf"; VariantName = "[No Variations]"
Add component (AddParameter): Name = "Supply Name"; Value = "Thegioiic"; VariantName = "[No Variations]"
Add component (AddParameter): Name = "Supply Part Number"; Value = "SS54 SMA Diode Shotky 5A 40V"; VariantName = "[No Variations]"
Add component (AddParameter): Name = "Supply URL"; Value = "https://www.thegioiic.com/ss54-sma-diode-shotky-5a-40v"; VariantName = "[No Variations]"
Added Component: Designator=D3(LED_0603Y)
Add component (AddParameter): Name = "Datasheet"; Value = ""; VariantName = "[No Variations]"
Add component (AddParameter): Name = "Supply Name"; Value = "Thegioiic"; VariantName = "[No Variations]"
Add component (AddParameter): Name = "Supply Part Number"; Value = "LED Vàng 0603 Dán SMD Trong Su?t Harvatek"; VariantName = "[No Variations]"
Add component (AddParameter): Name = "Supply URL"; Value = "https://www.thegioiic.com/led-vang-0603-dan-smd-trong-suot-harvatek"; VariantName = "[No Variations]"
Added Component: Designator=D4(LED_0603Y)
Add component (AddParameter): Name = "Datasheet"; Value = ""; VariantName = "[No Variations]"
Add component (AddParameter): Name = "Supply Name"; Value = "Thegioiic"; VariantName = "[No Variations]"
Add component (AddParameter): Name = "Supply Part Number"; Value = "LED Vàng 0603 Dán SMD Trong Su?t Harvatek"; VariantName = "[No Variations]"
Add component (AddParameter): Name = "Supply URL"; Value = "https://www.thegioiic.com/led-vang-0603-dan-smd-trong-suot-harvatek"; VariantName = "[No Variations]"
Added Component: Designator=D5(LED_0603Y)
Add component (AddParameter): Name = "Datasheet"; Value = ""; VariantName = "[No Variations]"
Add component (AddParameter): Name = "Supply Name"; Value = "Thegioiic"; VariantName = "[No Variations]"
Add component (AddParameter): Name = "Supply Part Number"; Value = "LED Vàng 0603 Dán SMD Trong Su?t Harvatek"; VariantName = "[No Variations]"
Add component (AddParameter): Name = "Supply URL"; Value = "https://www.thegioiic.com/led-vang-0603-dan-smd-trong-suot-harvatek"; VariantName = "[No Variations]"
Added Component: Designator=D6(LED_0603Y)
Add component (AddParameter): Name = "Datasheet"; Value = ""; VariantName = "[No Variations]"
Add component (AddParameter): Name = "Supply Name"; Value = "Thegioiic"; VariantName = "[No Variations]"
Add component (AddParameter): Name = "Supply Part Number"; Value = "LED Vàng 0603 Dán SMD Trong Su?t Harvatek"; VariantName = "[No Variations]"
Add component (AddParameter): Name = "Supply URL"; Value = "https://www.thegioiic.com/led-vang-0603-dan-smd-trong-suot-harvatek"; VariantName = "[No Variations]"
Added Component: Designator=F1(FUSER_MF-MSMF075/24-2)
Add component (AddParameter): Name = "Datasheet"; Value = "https://www.bourns.com/docs/product-datasheets/mf-msmf.pdf?sfvrsn=4a75e5c0_64"; VariantName = "[No Variations]"
Add component (AddParameter): Name = "Supply Name"; Value = "Thegioiic"; VariantName = "[No Variations]"
Add component (AddParameter): Name = "Supply Part Number"; Value = "MF-MSMF075/24-2 C?u Chì T? Ph?c H?i 1812 24V 0.75A"; VariantName = "[No Variations]"
Add component (AddParameter): Name = "Supply URL"; Value = "https://www.thegioiic.com/mf-msmf075-24-2-cau-chi-tu-phuc-hoi-1812-24v-0-75a"; VariantName = "[No Variations]"
Added Component: Designator=FB1(Ferrite_Bead_0805)
Add component (AddParameter): Name = "Datasheet"; Value = ""; VariantName = "[No Variations]"
Add component (AddParameter): Name = "Supply Name"; Value = "Thegioiic"; VariantName = "[No Variations]"
Add component (AddParameter): Name = "Supply Part Number"; Value = "CBW201209U121T Ferrite Beads 2A 120 Ohm 0805"; VariantName = "[No Variations]"
Add component (AddParameter): Name = "Supply URL"; Value = "https://www.thegioiic.com/cbw201209u121t-ferrite-beads-2a-120-ohm-0805"; VariantName = "[No Variations]"
Added Component: Designator=FB2(Ferrite_Bead_0805)
Add component (AddParameter): Name = "Datasheet"; Value = ""; VariantName = "[No Variations]"
Add component (AddParameter): Name = "Supply Name"; Value = "Thegioiic"; VariantName = "[No Variations]"
Add component (AddParameter): Name = "Supply Part Number"; Value = "CBW201209U121T Ferrite Beads 2A 120 Ohm 0805"; VariantName = "[No Variations]"
Add component (AddParameter): Name = "Supply URL"; Value = "https://www.thegioiic.com/cbw201209u121t-ferrite-beads-2a-120-ohm-0805"; VariantName = "[No Variations]"
Added Component: Designator=FB3(Ferrite_Bead_0805)
Add component (AddParameter): Name = "Datasheet"; Value = ""; VariantName = "[No Variations]"
Add component (AddParameter): Name = "Supply Name"; Value = "Thegioiic"; VariantName = "[No Variations]"
Add component (AddParameter): Name = "Supply Part Number"; Value = "CBW201209U121T Ferrite Beads 2A 120 Ohm 0805"; VariantName = "[No Variations]"
Add component (AddParameter): Name = "Supply URL"; Value = "https://www.thegioiic.com/cbw201209u121t-ferrite-beads-2a-120-ohm-0805"; VariantName = "[No Variations]"
Added Component: Designator=H1(MountingHole_3.2mm_M3_Pad_Via)
Add component (AddParameter): Name = "Datasheet"; Value = ""; VariantName = "[No Variations]"
Add component (AddParameter): Name = "Supply Name"; Value = ""; VariantName = "[No Variations]"
Add component (AddParameter): Name = "Supply Part Number"; Value = ""; VariantName = "[No Variations]"
Add component (AddParameter): Name = "Supply URL"; Value = ""; VariantName = "[No Variations]"
Added Component: Designator=H2(MountingHole_3.2mm_M3_Pad_Via)
Add component (AddParameter): Name = "Datasheet"; Value = ""; VariantName = "[No Variations]"
Add component (AddParameter): Name = "Supply Name"; Value = ""; VariantName = "[No Variations]"
Add component (AddParameter): Name = "Supply Part Number"; Value = ""; VariantName = "[No Variations]"
Add component (AddParameter): Name = "Supply URL"; Value = ""; VariantName = "[No Variations]"
Added Component: Designator=H3(MountingHole_3.2mm_M3_Pad_Via)
Add component (AddParameter): Name = "Datasheet"; Value = ""; VariantName = "[No Variations]"
Add component (AddParameter): Name = "Supply Name"; Value = ""; VariantName = "[No Variations]"
Add component (AddParameter): Name = "Supply Part Number"; Value = ""; VariantName = "[No Variations]"
Add component (AddParameter): Name = "Supply URL"; Value = ""; VariantName = "[No Variations]"
Added Component: Designator=H4(MountingHole_3.2mm_M3_Pad_Via)
Add component (AddParameter): Name = "Datasheet"; Value = ""; VariantName = "[No Variations]"
Add component (AddParameter): Name = "Supply Name"; Value = ""; VariantName = "[No Variations]"
Add component (AddParameter): Name = "Supply Part Number"; Value = ""; VariantName = "[No Variations]"
Add component (AddParameter): Name = "Supply URL"; Value = ""; VariantName = "[No Variations]"
Added Component: Designator=J1(Header_2.54mm_3P)
Add component (AddParameter): Name = "Datasheet"; Value = ""; VariantName = "[No Variations]"
Add component (AddParameter): Name = "Supply Name"; Value = "Thegioiic"; VariantName = "[No Variations]"
Add component (AddParameter): Name = "Supply Part Number"; Value = "Hàng Rào Ð?c Ðon 2.54mm 40 Chân 1 Hàng Cao 11.2mm Xuyên L?"; VariantName = "[No Variations]"
Add component (AddParameter): Name = "Supply URL"; Value = "https://www.thegioiic.com/hang-rao-duc-don-2-54mm-40-chan-1-hang-cao-11-2mm-xuyen-lo"; VariantName = "[No Variations]"
Added Component: Designator=J2(HANRUN_HR911105A)
Add component (AddParameter): Name = "Datasheet"; Value = "https://core-electronics.com.au/attachments/localcontent/cc11be56d66bb63d5f1eeb85492439c0_335950a6d06.pdf"; VariantName = "[No Variations]"
Add component (AddParameter): Name = "Supply Name"; Value = "Thegioiic"; VariantName = "[No Variations]"
Add component (AddParameter): Name = "Supply Part Number"; Value = "HR911105A C?ng RJ45 Cái Có LED Hanrun"; VariantName = "[No Variations]"
Add component (AddParameter): Name = "Supply URL"; Value = "https://www.thegioiic.com/hr911105a-cong-rj45-cai-co-led-hanrun"; VariantName = "[No Variations]"
Added Component: Designator=J3(JST-XH2.54-4P)
Add component (AddParameter): Name = "Datasheet"; Value = ""; VariantName = "[No Variations]"
Add component (AddParameter): Name = "Supply Name"; Value = "Thegioiic"; VariantName = "[No Variations]"
Add component (AddParameter): Name = "Supply Part Number"; Value = "Ð?u XH2.54mm 4 Chân Dán SMD N?m Ngang"; VariantName = "[No Variations]"
Add component (AddParameter): Name = "Supply URL"; Value = "https://www.thegioiic.com/dau-xh2-54mm-4-chan-dan-smd-nam-ngang"; VariantName = "[No Variations]"
Added Component: Designator=L1(Inductor_0630)
Add component (AddParameter): Name = "Datasheet"; Value = ""; VariantName = "[No Variations]"
Add component (AddParameter): Name = "Supply Name"; Value = "icdayroi"; VariantName = "[No Variations]"
Add component (AddParameter): Name = "Supply Part Number"; Value = "Cu?n c?m 10UH 0630"; VariantName = "[No Variations]"
Add component (AddParameter): Name = "Supply URL"; Value = "https://icdayroi.com/cuon-cam-10uh-0630"; VariantName = "[No Variations]"
Added Component: Designator=P1(Terminal_Block_5.08mm_2P)
Add component (AddParameter): Name = "Datasheet"; Value = ""; VariantName = "[No Variations]"
Add component (AddParameter): Name = "Supply Name"; Value = "Thegioiic"; VariantName = "[No Variations]"
Add component (AddParameter): Name = "Supply Part Number"; Value = "UL-5.08-2-R Terminal Block Plug-in Hàn PCB 2 Chân Cong 5.08mm 300V 15A ULO"; VariantName = "[No Variations]"
Add component (AddParameter): Name = "Supply URL"; Value = "https://www.thegioiic.com/ul-5-08-2-r-terminal-block-plug-in-han-pcb-2-chan-cong-5-08mm-300v-15a-ulo"; VariantName = "[No Variations]"
Added Component: Designator=P2(Terminal_Block_3.81mm_2P)
Add component (AddParameter): Name = "Datasheet"; Value = ""; VariantName = "[No Variations]"
Add component (AddParameter): Name = "Supply Name"; Value = "Thegioiic"; VariantName = "[No Variations]"
Add component (AddParameter): Name = "Supply Part Number"; Value = "UL-3.81-2-R Terminal Block Plug-in Hàn PCB 2 Chân Cong 3.81mm 300V 10A ULO"; VariantName = "[No Variations]"
Add component (AddParameter): Name = "Supply URL"; Value = "https://www.thegioiic.com/ul-3-81-2-r-terminal-block-plug-in-han-pcb-2-chan-cong-3-81mm-300v-10a-ulo"; VariantName = "[No Variations]"
Added Component: Designator=R1(Resistor_0603)
Add component (AddParameter): Name = "Datasheet"; Value = ""; VariantName = "[No Variations]"
Add component (AddParameter): Name = "Supply Name"; Value = "Thegioiic"; VariantName = "[No Variations]"
Add component (AddParameter): Name = "Supply Part Number"; Value = "Ði?n Tr? 68 KOhm 0603 1%"; VariantName = "[No Variations]"
Add component (AddParameter): Name = "Supply URL"; Value = "https://www.thegioiic.com/dien-tro-68-kohm-0603-1-"; VariantName = "[No Variations]"
Added Component: Designator=R2(Resistor_0603)
Add component (AddParameter): Name = "Datasheet"; Value = ""; VariantName = "[No Variations]"
Add component (AddParameter): Name = "Supply Name"; Value = "Thegioiic"; VariantName = "[No Variations]"
Add component (AddParameter): Name = "Supply Part Number"; Value = "Ði?n Tr? 100 KOhm 0603 1%"; VariantName = "[No Variations]"
Add component (AddParameter): Name = "Supply URL"; Value = "https://www.thegioiic.com/dien-tro-100-kohm-0603-1-"; VariantName = "[No Variations]"
Added Component: Designator=R3(Resistor_0603)
Add component (AddParameter): Name = "Datasheet"; Value = ""; VariantName = "[No Variations]"
Add component (AddParameter): Name = "Supply Name"; Value = "Thegioiic"; VariantName = "[No Variations]"
Add component (AddParameter): Name = "Supply Part Number"; Value = "Ði?n Tr? 4.7 KOhm 0603 1%"; VariantName = "[No Variations]"
Add component (AddParameter): Name = "Supply URL"; Value = "https://www.thegioiic.com/dien-tro-4-7-kohm-0603-1-"; VariantName = "[No Variations]"
Added Component: Designator=R4(Resistor_0603)
Add component (AddParameter): Name = "Datasheet"; Value = ""; VariantName = "[No Variations]"
Add component (AddParameter): Name = "Supply Name"; Value = "Thegioiic"; VariantName = "[No Variations]"
Add component (AddParameter): Name = "Supply Part Number"; Value = "Ði?n Tr? 10.2 KOhm 0603 1%"; VariantName = "[No Variations]"
Add component (AddParameter): Name = "Supply URL"; Value = "https://www.thegioiic.com/dien-tro-10-2-kohm-0603-1-"; VariantName = "[No Variations]"
Added Component: Designator=R5(Resistor_0603)
Add component (AddParameter): Name = "Datasheet"; Value = ""; VariantName = "[No Variations]"
Add component (AddParameter): Name = "Supply Name"; Value = "Thegioiic"; VariantName = "[No Variations]"
Add component (AddParameter): Name = "Supply Part Number"; Value = "Ði?n Tr? 100 KOhm 0603 1%"; VariantName = "[No Variations]"
Add component (AddParameter): Name = "Supply URL"; Value = "https://www.thegioiic.com/dien-tro-100-kohm-0603-1-"; VariantName = "[No Variations]"
Added Component: Designator=R6(Resistor_0603)
Add component (AddParameter): Name = "Datasheet"; Value = ""; VariantName = "[No Variations]"
Add component (AddParameter): Name = "Supply Name"; Value = "Thegioiic"; VariantName = "[No Variations]"
Add component (AddParameter): Name = "Supply Part Number"; Value = "Ði?n Tr? 100 KOhm 0603 1%"; VariantName = "[No Variations]"
Add component (AddParameter): Name = "Supply URL"; Value = "https://www.thegioiic.com/dien-tro-100-kohm-0603-1-"; VariantName = "[No Variations]"
Added Component: Designator=R7(Resistor_0603)
Add component (AddParameter): Name = "Datasheet"; Value = ""; VariantName = "[No Variations]"
Add component (AddParameter): Name = "Supply Name"; Value = "Thegioiic"; VariantName = "[No Variations]"
Add component (AddParameter): Name = "Supply Part Number"; Value = "Ði?n Tr? 4.7 KOhm 0603 1%"; VariantName = "[No Variations]"
Add component (AddParameter): Name = "Supply URL"; Value = "https://www.thegioiic.com/dien-tro-4-7-kohm-0603-1-"; VariantName = "[No Variations]"
Added Component: Designator=R8(Resistor_0603)
Add component (AddParameter): Name = "Datasheet"; Value = ""; VariantName = "[No Variations]"
Add component (AddParameter): Name = "Supply Name"; Value = "Thegioiic"; VariantName = "[No Variations]"
Add component (AddParameter): Name = "Supply Part Number"; Value = "Ði?n Tr? 4.7 KOhm 0603 1%"; VariantName = "[No Variations]"
Add component (AddParameter): Name = "Supply URL"; Value = "https://www.thegioiic.com/dien-tro-4-7-kohm-0603-1-"; VariantName = "[No Variations]"
Added Component: Designator=R9(Resistor_0603)
Add component (AddParameter): Name = "Datasheet"; Value = ""; VariantName = "[No Variations]"
Add component (AddParameter): Name = "Supply Name"; Value = "Thegioiic"; VariantName = "[No Variations]"
Add component (AddParameter): Name = "Supply Part Number"; Value = "Ði?n Tr? 4.7 KOhm 0603 1%"; VariantName = "[No Variations]"
Add component (AddParameter): Name = "Supply URL"; Value = "https://www.thegioiic.com/dien-tro-4-7-kohm-0603-1-"; VariantName = "[No Variations]"
Added Component: Designator=R10(Resistor_0603)
Add component (AddParameter): Name = "Datasheet"; Value = ""; VariantName = "[No Variations]"
Add component (AddParameter): Name = "Supply Name"; Value = "Thegioiic"; VariantName = "[No Variations]"
Add component (AddParameter): Name = "Supply Part Number"; Value = "Ði?n Tr? 10 KOhm 0603 1%"; VariantName = "[No Variations]"
Add component (AddParameter): Name = "Supply URL"; Value = "https://www.thegioiic.com/dien-tro-10-kohm-0603-1-"; VariantName = "[No Variations]"
Added Component: Designator=R11(Resistor_0603)
Add component (AddParameter): Name = "Datasheet"; Value = ""; VariantName = "[No Variations]"
Add component (AddParameter): Name = "Supply Name"; Value = "Thegioiic"; VariantName = "[No Variations]"
Add component (AddParameter): Name = "Supply Part Number"; Value = "Ði?n Tr? 10 KOhm 0603 1%"; VariantName = "[No Variations]"
Add component (AddParameter): Name = "Supply URL"; Value = "https://www.thegioiic.com/dien-tro-10-kohm-0603-1-"; VariantName = "[No Variations]"
Added Component: Designator=R12(Resistor_0603)
Add component (AddParameter): Name = "Datasheet"; Value = ""; VariantName = "[No Variations]"
Add component (AddParameter): Name = "Supply Name"; Value = "Thegioiic"; VariantName = "[No Variations]"
Add component (AddParameter): Name = "Supply Part Number"; Value = "Ði?n Tr? 10 KOhm 0603 1%"; VariantName = "[No Variations]"
Add component (AddParameter): Name = "Supply URL"; Value = "https://www.thegioiic.com/dien-tro-10-kohm-0603-1-"; VariantName = "[No Variations]"
Added Component: Designator=R13(Resistor_0603)
Add component (AddParameter): Name = "Datasheet"; Value = ""; VariantName = "[No Variations]"
Add component (AddParameter): Name = "Supply Name"; Value = "Thegioiic"; VariantName = "[No Variations]"
Add component (AddParameter): Name = "Supply Part Number"; Value = "Ði?n Tr? 10 KOhm 0603 1%"; VariantName = "[No Variations]"
Add component (AddParameter): Name = "Supply URL"; Value = "https://www.thegioiic.com/dien-tro-10-kohm-0603-1-"; VariantName = "[No Variations]"
Added Component: Designator=R14(Resistor_0603)
Add component (AddParameter): Name = "Datasheet"; Value = ""; VariantName = "[No Variations]"
Add component (AddParameter): Name = "Supply Name"; Value = "Thegioiic"; VariantName = "[No Variations]"
Add component (AddParameter): Name = "Supply Part Number"; Value = "Ði?n Tr? 10 KOhm 0603 1%"; VariantName = "[No Variations]"
Add component (AddParameter): Name = "Supply URL"; Value = "https://www.thegioiic.com/dien-tro-10-kohm-0603-1-"; VariantName = "[No Variations]"
Added Component: Designator=R15(Resistor_0603)
Add component (AddParameter): Name = "Datasheet"; Value = ""; VariantName = "[No Variations]"
Add component (AddParameter): Name = "Supply Name"; Value = "Thegioiic"; VariantName = "[No Variations]"
Add component (AddParameter): Name = "Supply Part Number"; Value = "Ði?n Tr? 10 KOhm 0603 1%"; VariantName = "[No Variations]"
Add component (AddParameter): Name = "Supply URL"; Value = "https://www.thegioiic.com/dien-tro-10-kohm-0603-1-"; VariantName = "[No Variations]"
Added Component: Designator=R16(Resistor_0603)
Add component (AddParameter): Name = "Datasheet"; Value = ""; VariantName = "[No Variations]"
Add component (AddParameter): Name = "Supply Name"; Value = "Thegioiic"; VariantName = "[No Variations]"
Add component (AddParameter): Name = "Supply Part Number"; Value = "Ði?n Tr? 1 KOhm 0603 1%"; VariantName = "[No Variations]"
Add component (AddParameter): Name = "Supply URL"; Value = "https://www.thegioiic.com/dien-tro-1-kohm-0603-1-"; VariantName = "[No Variations]"
Added Component: Designator=R17(Resistor_0603)
Add component (AddParameter): Name = "Datasheet"; Value = ""; VariantName = "[No Variations]"
Add component (AddParameter): Name = "Supply Name"; Value = "Thegioiic"; VariantName = "[No Variations]"
Add component (AddParameter): Name = "Supply Part Number"; Value = "Ði?n Tr? 10 KOhm 0603 1%"; VariantName = "[No Variations]"
Add component (AddParameter): Name = "Supply URL"; Value = "https://www.thegioiic.com/dien-tro-10-kohm-0603-1-"; VariantName = "[No Variations]"
Added Component: Designator=R18(Resistor_0603)
Add component (AddParameter): Name = "Datasheet"; Value = ""; VariantName = "[No Variations]"
Add component (AddParameter): Name = "Supply Name"; Value = "Thegioiic"; VariantName = "[No Variations]"
Add component (AddParameter): Name = "Supply Part Number"; Value = "Ði?n Tr? 10 KOhm 0603 1%"; VariantName = "[No Variations]"
Add component (AddParameter): Name = "Supply URL"; Value = "https://www.thegioiic.com/dien-tro-10-kohm-0603-1-"; VariantName = "[No Variations]"
Added Component: Designator=R19(Resistor_0603)
Add component (AddParameter): Name = "Datasheet"; Value = ""; VariantName = "[No Variations]"
Add component (AddParameter): Name = "Supply Name"; Value = "Thegioiic"; VariantName = "[No Variations]"
Add component (AddParameter): Name = "Supply Part Number"; Value = "Ði?n Tr? 10 KOhm 0603 1%"; VariantName = "[No Variations]"
Add component (AddParameter): Name = "Supply URL"; Value = "https://www.thegioiic.com/dien-tro-10-kohm-0603-1-"; VariantName = "[No Variations]"
Added Component: Designator=R20(Resistor_0603)
Add component (AddParameter): Name = "Datasheet"; Value = ""; VariantName = "[No Variations]"
Add component (AddParameter): Name = "Supply Name"; Value = "Thegioiic"; VariantName = "[No Variations]"
Add component (AddParameter): Name = "Supply Part Number"; Value = "Ði?n Tr? 10 KOhm 0603 1%"; VariantName = "[No Variations]"
Add component (AddParameter): Name = "Supply URL"; Value = "https://www.thegioiic.com/dien-tro-10-kohm-0603-1-"; VariantName = "[No Variations]"
Added Component: Designator=R21(Resistor_0603)
Add component (AddParameter): Name = "Datasheet"; Value = ""; VariantName = "[No Variations]"
Add component (AddParameter): Name = "Supply Name"; Value = "Thegioiic"; VariantName = "[No Variations]"
Add component (AddParameter): Name = "Supply Part Number"; Value = "Ði?n Tr? 10 KOhm 0603 1%"; VariantName = "[No Variations]"
Add component (AddParameter): Name = "Supply URL"; Value = "https://www.thegioiic.com/dien-tro-10-kohm-0603-1-"; VariantName = "[No Variations]"
Added Component: Designator=R22(Resistor_0603)
Add component (AddParameter): Name = "Datasheet"; Value = ""; VariantName = "[No Variations]"
Add component (AddParameter): Name = "Supply Name"; Value = "Thegioiic"; VariantName = "[No Variations]"
Add component (AddParameter): Name = "Supply Part Number"; Value = "Ði?n Tr? 12.1 KOhm 0603 1%"; VariantName = "[No Variations]"
Add component (AddParameter): Name = "Supply URL"; Value = "https://www.thegioiic.com/dien-tro-12-1-kohm-0603-1-"; VariantName = "[No Variations]"
Added Component: Designator=R23(Resistor_0603)
Add component (AddParameter): Name = "Datasheet"; Value = ""; VariantName = "[No Variations]"
Add component (AddParameter): Name = "Supply Name"; Value = "Thegioiic"; VariantName = "[No Variations]"
Add component (AddParameter): Name = "Supply Part Number"; Value = "Ði?n Tr? 10 KOhm 0603 1%"; VariantName = "[No Variations]"
Add component (AddParameter): Name = "Supply URL"; Value = "https://www.thegioiic.com/dien-tro-10-kohm-0603-1-"; VariantName = "[No Variations]"
Added Component: Designator=R24(Resistor_0603)
Add component (AddParameter): Name = "Datasheet"; Value = ""; VariantName = "[No Variations]"
Add component (AddParameter): Name = "Supply Name"; Value = "Thegioiic"; VariantName = "[No Variations]"
Add component (AddParameter): Name = "Supply Part Number"; Value = "Ði?n Tr? 49.9 Ohm 0603 1%"; VariantName = "[No Variations]"
Add component (AddParameter): Name = "Supply URL"; Value = "https://www.thegioiic.com/dien-tro-49-9-ohm-0603-1-"; VariantName = "[No Variations]"
Added Component: Designator=R25(Resistor_0603)
Add component (AddParameter): Name = "Datasheet"; Value = ""; VariantName = "[No Variations]"
Add component (AddParameter): Name = "Supply Name"; Value = "Thegioiic"; VariantName = "[No Variations]"
Add component (AddParameter): Name = "Supply Part Number"; Value = "Ði?n Tr? 49.9 Ohm 0603 1%"; VariantName = "[No Variations]"
Add component (AddParameter): Name = "Supply URL"; Value = "https://www.thegioiic.com/dien-tro-49-9-ohm-0603-1-"; VariantName = "[No Variations]"
Added Component: Designator=R26(Resistor_0603)
Add component (AddParameter): Name = "Datasheet"; Value = ""; VariantName = "[No Variations]"
Add component (AddParameter): Name = "Supply Name"; Value = "Thegioiic"; VariantName = "[No Variations]"
Add component (AddParameter): Name = "Supply Part Number"; Value = "Ði?n Tr? 49.9 Ohm 0603 1%"; VariantName = "[No Variations]"
Add component (AddParameter): Name = "Supply URL"; Value = "https://www.thegioiic.com/dien-tro-49-9-ohm-0603-1-"; VariantName = "[No Variations]"
Added Component: Designator=R27(Resistor_0603)
Add component (AddParameter): Name = "Datasheet"; Value = ""; VariantName = "[No Variations]"
Add component (AddParameter): Name = "Supply Name"; Value = "Thegioiic"; VariantName = "[No Variations]"
Add component (AddParameter): Name = "Supply Part Number"; Value = "Ði?n Tr? 49.9 Ohm 0603 1%"; VariantName = "[No Variations]"
Add component (AddParameter): Name = "Supply URL"; Value = "https://www.thegioiic.com/dien-tro-49-9-ohm-0603-1-"; VariantName = "[No Variations]"
Added Component: Designator=R28(Resistor_0603)
Add component (AddParameter): Name = "Datasheet"; Value = ""; VariantName = "[No Variations]"
Add component (AddParameter): Name = "Supply Name"; Value = "Thegioiic"; VariantName = "[No Variations]"
Add component (AddParameter): Name = "Supply Part Number"; Value = "Ði?n Tr? 330 Ohm 0603 1%"; VariantName = "[No Variations]"
Add component (AddParameter): Name = "Supply URL"; Value = "https://www.thegioiic.com/dien-tro-330-ohm-0603-1-"; VariantName = "[No Variations]"
Added Component: Designator=R29(Resistor_0603)
Add component (AddParameter): Name = "Datasheet"; Value = ""; VariantName = "[No Variations]"
Add component (AddParameter): Name = "Supply Name"; Value = "Thegioiic"; VariantName = "[No Variations]"
Add component (AddParameter): Name = "Supply Part Number"; Value = "Ði?n Tr? 330 Ohm 0603 1%"; VariantName = "[No Variations]"
Add component (AddParameter): Name = "Supply URL"; Value = "https://www.thegioiic.com/dien-tro-330-ohm-0603-1-"; VariantName = "[No Variations]"
Added Component: Designator=R30(Resistor_0603)
Add component (AddParameter): Name = "Datasheet"; Value = ""; VariantName = "[No Variations]"
Add component (AddParameter): Name = "Supply Name"; Value = "Thegioiic"; VariantName = "[No Variations]"
Add component (AddParameter): Name = "Supply Part Number"; Value = "Ði?n Tr? 10 KOhm 0603 1%"; VariantName = "[No Variations]"
Add component (AddParameter): Name = "Supply URL"; Value = "https://www.thegioiic.com/dien-tro-10-kohm-0603-1-"; VariantName = "[No Variations]"
Added Component: Designator=R31(Resistor_0603)
Add component (AddParameter): Name = "Datasheet"; Value = ""; VariantName = "[No Variations]"
Add component (AddParameter): Name = "Supply Name"; Value = "Thegioiic"; VariantName = "[No Variations]"
Add component (AddParameter): Name = "Supply Part Number"; Value = "Ði?n Tr? 120 Ohm 0603 1%"; VariantName = "[No Variations]"
Add component (AddParameter): Name = "Supply URL"; Value = "https://www.thegioiic.com/dien-tro-120-ohm-0603-1-"; VariantName = "[No Variations]"
Added Component: Designator=R32(Resistor_0603)
Add component (AddParameter): Name = "Datasheet"; Value = ""; VariantName = "[No Variations]"
Add component (AddParameter): Name = "Supply Name"; Value = "Thegioiic"; VariantName = "[No Variations]"
Add component (AddParameter): Name = "Supply Part Number"; Value = "Ði?n Tr? 10 KOhm 0603 1%"; VariantName = "[No Variations]"
Add component (AddParameter): Name = "Supply URL"; Value = "https://www.thegioiic.com/dien-tro-10-kohm-0603-1-"; VariantName = "[No Variations]"
Added Component: Designator=R33(Resistor_0603)
Add component (AddParameter): Name = "Datasheet"; Value = ""; VariantName = "[No Variations]"
Add component (AddParameter): Name = "Supply Name"; Value = "Thegioiic"; VariantName = "[No Variations]"
Add component (AddParameter): Name = "Supply Part Number"; Value = "Ði?n Tr? 4.7 KOhm 0603 1%"; VariantName = "[No Variations]"
Add component (AddParameter): Name = "Supply URL"; Value = "https://www.thegioiic.com/dien-tro-4-7-kohm-0603-1-"; VariantName = "[No Variations]"
Added Component: Designator=R34(Resistor_0603)
Add component (AddParameter): Name = "Datasheet"; Value = ""; VariantName = "[No Variations]"
Add component (AddParameter): Name = "Supply Name"; Value = "Thegioiic"; VariantName = "[No Variations]"
Add component (AddParameter): Name = "Supply Part Number"; Value = "Ði?n Tr? 4.7 KOhm 0603 1%"; VariantName = "[No Variations]"
Add component (AddParameter): Name = "Supply URL"; Value = "https://www.thegioiic.com/dien-tro-4-7-kohm-0603-1-"; VariantName = "[No Variations]"
Added Component: Designator=R35(Resistor_0603)
Add component (AddParameter): Name = "Datasheet"; Value = ""; VariantName = "[No Variations]"
Add component (AddParameter): Name = "Supply Name"; Value = "Thegioiic"; VariantName = "[No Variations]"
Add component (AddParameter): Name = "Supply Part Number"; Value = "Ði?n Tr? 10 KOhm 0603 1%"; VariantName = "[No Variations]"
Add component (AddParameter): Name = "Supply URL"; Value = "https://www.thegioiic.com/dien-tro-10-kohm-0603-1-"; VariantName = "[No Variations]"
Added Component: Designator=R36(Resistor_0603)
Add component (AddParameter): Name = "Datasheet"; Value = ""; VariantName = "[No Variations]"
Add component (AddParameter): Name = "Supply Name"; Value = "Thegioiic"; VariantName = "[No Variations]"
Add component (AddParameter): Name = "Supply Part Number"; Value = "Ði?n Tr? 10 KOhm 0603 1%"; VariantName = "[No Variations]"
Add component (AddParameter): Name = "Supply URL"; Value = "https://www.thegioiic.com/dien-tro-10-kohm-0603-1-"; VariantName = "[No Variations]"
Added Component: Designator=R37(Resistor_0603)
Add component (AddParameter): Name = "Datasheet"; Value = ""; VariantName = "[No Variations]"
Add component (AddParameter): Name = "Supply Name"; Value = "Thegioiic"; VariantName = "[No Variations]"
Add component (AddParameter): Name = "Supply Part Number"; Value = "Ði?n Tr? 10 KOhm 0603 1%"; VariantName = "[No Variations]"
Add component (AddParameter): Name = "Supply URL"; Value = "https://www.thegioiic.com/dien-tro-10-kohm-0603-1-"; VariantName = "[No Variations]"
Added Component: Designator=R38(Resistor_0603)
Add component (AddParameter): Name = "Datasheet"; Value = ""; VariantName = "[No Variations]"
Add component (AddParameter): Name = "Supply Name"; Value = "Thegioiic"; VariantName = "[No Variations]"
Add component (AddParameter): Name = "Supply Part Number"; Value = "Ði?n Tr? 10 KOhm 0603 1%"; VariantName = "[No Variations]"
Add component (AddParameter): Name = "Supply URL"; Value = "https://www.thegioiic.com/dien-tro-10-kohm-0603-1-"; VariantName = "[No Variations]"
Added Component: Designator=SW1(MTS-102-C3)
Add component (AddParameter): Name = "Datasheet"; Value = ""; VariantName = "[No Variations]"
Add component (AddParameter): Name = "Supply Name"; Value = "Thegioiic"; VariantName = "[No Variations]"
Add component (AddParameter): Name = "Supply Part Number"; Value = "MTS-102-C3 Công T?c Toggle ON-ON G?t Gi? 3 Chân Cong 6A 125VAC"; VariantName = "[No Variations]"
Add component (AddParameter): Name = "Supply URL"; Value = "https://www.thegioiic.com/mts-102-c3-cong-tac-toggle-on-on-gat-giu-3-chan-cong-6a-125vac"; VariantName = "[No Variations]"
Added Component: Designator=SW2(Button_3x4mm_SMD_2P)
Add component (AddParameter): Name = "Datasheet"; Value = ""; VariantName = "[No Variations]"
Add component (AddParameter): Name = "Supply Name"; Value = "Thegioiic"; VariantName = "[No Variations]"
Add component (AddParameter): Name = "Supply Part Number"; Value = "Nút Nh?n 3x4mm Cao 2.5mm 2 Chân SMD"; VariantName = "[No Variations]"
Add component (AddParameter): Name = "Supply URL"; Value = "https://www.thegioiic.com/nut-nhan-3x4mm-cao-2-5mm-2-chan-smd"; VariantName = "[No Variations]"
Added Component: Designator=SW3(Button_3x4mm_SMD_2P)
Add component (AddParameter): Name = "Datasheet"; Value = ""; VariantName = "[No Variations]"
Add component (AddParameter): Name = "Supply Name"; Value = "Thegioiic"; VariantName = "[No Variations]"
Add component (AddParameter): Name = "Supply Part Number"; Value = "Nút Nh?n 3x4mm Cao 2.5mm 2 Chân SMD"; VariantName = "[No Variations]"
Add component (AddParameter): Name = "Supply URL"; Value = "https://www.thegioiic.com/nut-nhan-3x4mm-cao-2-5mm-2-chan-smd"; VariantName = "[No Variations]"
Added Component: Designator=SW4(EC11E_AAL)
Add component (AddParameter): Name = "Datasheet"; Value = "https://www.mouser.com/datasheet/2/15/EC11-1370808.pdf?srsltid=AfmBOorL-p3RDg0TVWdiqS1ahAZMuYN-p-HqCGniHXWN9SXXGVQbWXfM"; VariantName = "[No Variations]"
Add component (AddParameter): Name = "Supply Name"; Value = "Thegioiic"; VariantName = "[No Variations]"
Add component (AddParameter): Name = "Supply Part Number"; Value = "EC11 Rotary Encoder 20 V? Trí 15mm"; VariantName = "[No Variations]"
Add component (AddParameter): Name = "Supply URL"; Value = "https://www.thegioiic.com/ec11-rotary-encoder-20-vi-tri-15mm"; VariantName = "[No Variations]"
Added Component: Designator=SW5(Button_3x4mm_SMD_2P)
Add component (AddParameter): Name = "Datasheet"; Value = ""; VariantName = "[No Variations]"
Add component (AddParameter): Name = "Supply Name"; Value = "Thegioiic"; VariantName = "[No Variations]"
Add component (AddParameter): Name = "Supply Part Number"; Value = "Nút Nh?n 3x4mm Cao 2.5mm 2 Chân SMD"; VariantName = "[No Variations]"
Add component (AddParameter): Name = "Supply URL"; Value = "https://www.thegioiic.com/nut-nhan-3x4mm-cao-2-5mm-2-chan-smd"; VariantName = "[No Variations]"
Added Component: Designator=TP1(TestPoint_Pad_3.0x3.0mm)
Add component (AddParameter): Name = "Datasheet"; Value = ""; VariantName = "[No Variations]"
Add component (AddParameter): Name = "Supply Name"; Value = ""; VariantName = "[No Variations]"
Add component (AddParameter): Name = "Supply Part Number"; Value = ""; VariantName = "[No Variations]"
Add component (AddParameter): Name = "Supply URL"; Value = ""; VariantName = "[No Variations]"
Added Component: Designator=TP2(TestPoint_Pad_3.0x3.0mm)
Add component (AddParameter): Name = "Datasheet"; Value = ""; VariantName = "[No Variations]"
Add component (AddParameter): Name = "Supply Name"; Value = ""; VariantName = "[No Variations]"
Add component (AddParameter): Name = "Supply Part Number"; Value = ""; VariantName = "[No Variations]"
Add component (AddParameter): Name = "Supply URL"; Value = ""; VariantName = "[No Variations]"
Added Component: Designator=TP3(TestPoint_Pad_3.0x3.0mm)
Add component (AddParameter): Name = "Datasheet"; Value = ""; VariantName = "[No Variations]"
Add component (AddParameter): Name = "Supply Name"; Value = ""; VariantName = "[No Variations]"
Add component (AddParameter): Name = "Supply Part Number"; Value = ""; VariantName = "[No Variations]"
Add component (AddParameter): Name = "Supply URL"; Value = ""; VariantName = "[No Variations]"
Added Component: Designator=TP4(TestPoint_Pad_3.0x3.0mm)
Add component (AddParameter): Name = "Datasheet"; Value = ""; VariantName = "[No Variations]"
Add component (AddParameter): Name = "Supply Name"; Value = ""; VariantName = "[No Variations]"
Add component (AddParameter): Name = "Supply Part Number"; Value = ""; VariantName = "[No Variations]"
Add component (AddParameter): Name = "Supply URL"; Value = ""; VariantName = "[No Variations]"
Added Component: Designator=TP5(TestPoint_Pad_3.0x3.0mm)
Add component (AddParameter): Name = "Datasheet"; Value = ""; VariantName = "[No Variations]"
Add component (AddParameter): Name = "Supply Name"; Value = ""; VariantName = "[No Variations]"
Add component (AddParameter): Name = "Supply Part Number"; Value = ""; VariantName = "[No Variations]"
Add component (AddParameter): Name = "Supply URL"; Value = ""; VariantName = "[No Variations]"
Added Component: Designator=TP6(TestPoint_Pad_3.0x3.0mm)
Add component (AddParameter): Name = "Datasheet"; Value = ""; VariantName = "[No Variations]"
Add component (AddParameter): Name = "Supply Name"; Value = ""; VariantName = "[No Variations]"
Add component (AddParameter): Name = "Supply Part Number"; Value = ""; VariantName = "[No Variations]"
Add component (AddParameter): Name = "Supply URL"; Value = ""; VariantName = "[No Variations]"
Added Component: Designator=TP7(TestPoint_Pad_3.0x3.0mm)
Add component (AddParameter): Name = "Datasheet"; Value = ""; VariantName = "[No Variations]"
Add component (AddParameter): Name = "Supply Name"; Value = ""; VariantName = "[No Variations]"
Add component (AddParameter): Name = "Supply Part Number"; Value = ""; VariantName = "[No Variations]"
Add component (AddParameter): Name = "Supply URL"; Value = ""; VariantName = "[No Variations]"
Added Component: Designator=U1(SOIC-8E)
Add component (AddParameter): Name = "Datasheet"; Value = "https://www.monolithicpower.com/en/documentview/productdocument/index/version/2/document_type/Datasheet/lang/en/sku/MP1584EN-LF-Z/document_id/204/?srsltid=AfmBOopCyUDyOs-uLll4YtNPir4o4STehG4B04EkgGGTflYW96m-OPS4"; VariantName = "[No Variations]"
Add component (AddParameter): Name = "Supply Name"; Value = "tme"; VariantName = "[No Variations]"
Add component (AddParameter): Name = "Supply Part Number"; Value = "MP1584EN-LF-Z"; VariantName = "[No Variations]"
Add component (AddParameter): Name = "Supply URL"; Value = "http://www.tme.vn/Product.aspx?id=2070#page=pro_info"; VariantName = "[No Variations]"
Added Component: Designator=U2(SOT-223)
Add component (AddParameter): Name = "Datasheet"; Value = "http://www.advanced-monolithic.com/pdf/ds1117.pdf"; VariantName = "[No Variations]"
Add component (AddParameter): Name = "Supply Name"; Value = "tme"; VariantName = "[No Variations]"
Add component (AddParameter): Name = "Supply Part Number"; Value = "AMS1117-3.3"; VariantName = "[No Variations]"
Add component (AddParameter): Name = "Supply URL"; Value = "http://tme.vn/Product.aspx?id=437#page=pro_info"; VariantName = "[No Variations]"
Added Component: Designator=U3(XCVR_ESP32-WROVER-IE-N4R8)
Add component (AddParameter): Name = "Datasheet"; Value = "https://www.espressif.com/sites/default/files/documentation/esp32-wrover-e_esp32-wrover-ie_datasheet_en.pdf"; VariantName = "[No Variations]"
Add component (AddParameter): Name = "Supply Name"; Value = "Thegioiic"; VariantName = "[No Variations]"
Add component (AddParameter): Name = "Supply Part Number"; Value = "ESP32-WROVER-IE-N4R8 Module WiFi Bluetooth 4MB Flash, 8MB PSRAM, 2.4GHz"; VariantName = "[No Variations]"
Add component (AddParameter): Name = "Supply URL"; Value = "https://www.thegioiic.com/esp32-wrover-ie-n4r8-module-wifi-bluetooth-4mb-flash-8mb-psram-2-4ghz"; VariantName = "[No Variations]"
Added Component: Designator=U4(QFN-EP-24)
Add component (AddParameter): Name = "Datasheet"; Value = "https://ww1.microchip.com/downloads/en/devicedoc/00002165b.pdf"; VariantName = "[No Variations]"
Add component (AddParameter): Name = "Supply Name"; Value = "Thegioiic"; VariantName = "[No Variations]"
Add component (AddParameter): Name = "Supply Part Number"; Value = "LAN8720A IC Truy?n Nh?n Ethernet 24-QFN"; VariantName = "[No Variations]"
Add component (AddParameter): Name = "Supply URL"; Value = "https://www.thegioiic.com/lan8720a-ic-truyen-nhan-ethernet-24-qfn"; VariantName = "[No Variations]"
Added Component: Designator=U5(SOIC-8)
Add component (AddParameter): Name = "Datasheet"; Value = "https://www.analog.com/media/en/technical-documentation/data-sheets/max3483e-max3491e.pdf"; VariantName = "[No Variations]"
Add component (AddParameter): Name = "Supply Name"; Value = "Thegioiic"; VariantName = "[No Variations]"
Add component (AddParameter): Name = "Supply Part Number"; Value = "MAX3485EESA+ Line Transceiver, 8-SOIC"; VariantName = "[No Variations]"
Add component (AddParameter): Name = "Supply URL"; Value = "https://www.thegioiic.com/max3485eesa-line-transceiver-8-soic"; VariantName = "[No Variations]"
Added Component: Designator=U6(MODULE_LCD-16X2)
Add component (AddParameter): Name = "Datasheet"; Value = "https://www.snapeda.com/parts/LCD-16X2/Gravitech/view-part/?ref=snap"; VariantName = "[No Variations]"
Add component (AddParameter): Name = "Supply Name"; Value = "Thegioiic"; VariantName = "[No Variations]"
Add component (AddParameter): Name = "Supply Part Number"; Value = "LCD 1602 N?n Xanh Lá Ch? Ðen 5V Kèm I2C Driver"; VariantName = "[No Variations]"
Add component (AddParameter): Name = "Supply URL"; Value = "https://www.thegioiic.com/lcd-1602-nen-xanh-la-chu-den-5v-kem-i2c-driver"; VariantName = "[No Variations]"
Added Component: Designator=Y1(Crystal_SMD_3225_4P)
Add component (AddParameter): Name = "Datasheet"; Value = ""; VariantName = "[No Variations]"
Add component (AddParameter): Name = "Supply Name"; Value = "Thegioiic"; VariantName = "[No Variations]"
Add component (AddParameter): Name = "Supply Part Number"; Value = "Th?ch Anh 25MHz 3225 4 Chân SMD"; VariantName = "[No Variations]"
Add component (AddParameter): Name = "Supply URL"; Value = "https://www.thegioiic.com/thach-anh-25mhz-3225-4-chan-smd"; VariantName = "[No Variations]"
Added Pin To Net: NetName=NetC1_1 Pin=C1-1
Added Pin To Net: NetName=NetC1_2 Pin=C1-2
Added Pin To Net: NetName=GND Pin=C2-1
Added Pin To Net: NetName=VCC Pin=C2-2
Added Pin To Net: NetName=GND Pin=C3-1
Added Pin To Net: NetName=VCC Pin=C3-2
Added Pin To Net: NetName=GND Pin=C4-1
Added Pin To Net: NetName=5V Pin=C4-2
Added Pin To Net: NetName=GND Pin=C5-1
Added Pin To Net: NetName=5V Pin=C5-2
Added Pin To Net: NetName=GND Pin=C7-1
Added Pin To Net: NetName=5V Pin=C7-2
Added Pin To Net: NetName=GND Pin=C8-1
Added Pin To Net: NetName=5V Pin=C8-2
Added Pin To Net: NetName=GND Pin=C9-1
Added Pin To Net: NetName=3V3 Pin=C9-2
Added Pin To Net: NetName=GND Pin=C10-1
Added Pin To Net: NetName=3V3 Pin=C10-2
Added Pin To Net: NetName=GND Pin=C11-2
Added Pin To Net: NetName=GND Pin=C12-1
Added Pin To Net: NetName=NetC12_2 Pin=C12-2
Added Pin To Net: NetName=GND Pin=C13-1
Added Pin To Net: NetName=NetC12_2 Pin=C13-2
Added Pin To Net: NetName=GND Pin=C14-1
Added Pin To Net: NetName=GND Pin=C15-1
Added Pin To Net: NetName=GND Pin=C16-1
Added Pin To Net: NetName=3V3 Pin=C16-2
Added Pin To Net: NetName=GND Pin=C17-1
Added Pin To Net: NetName=3V3 Pin=C17-2
Added Pin To Net: NetName=GND Pin=C18-1
Added Pin To Net: NetName=3V3 Pin=C18-2
Added Pin To Net: NetName=GND Pin=C19-1
Added Pin To Net: NetName=GND Pin=C20-1
Added Pin To Net: NetName=GND Pin=C21-1
Added Pin To Net: NetName=GND Pin=C22-1
Added Pin To Net: NetName=GND Pin=C23-1
Added Pin To Net: NetName=GND Pin=C24-2
Added Pin To Net: NetName=GND Pin=C25-1
Added Pin To Net: NetName=GND Pin=C26-1
Added Pin To Net: NetName=GND Pin=C27-1
Added Pin To Net: NetName=GND Pin=C28-1
Added Pin To Net: NetName=3V3 Pin=C28-2
Added Pin To Net: NetName=GND Pin=C29-1
Added Pin To Net: NetName=3V3 Pin=C29-2
Added Pin To Net: NetName=GND Pin=C30-1
Added Pin To Net: NetName=3V3 Pin=C30-2
Added Pin To Net: NetName=GND Pin=C31-1
Added Pin To Net: NetName=5V Pin=C31-2
Added Pin To Net: NetName=GND Pin=C32-1
Added Pin To Net: NetName=5V Pin=C32-2
Added Pin To Net: NetName=GND Pin=C33-1
Added Pin To Net: NetName=NetC33_2 Pin=C33-2
Added Pin To Net: NetName=GND Pin=C34-1
Added Pin To Net: NetName=NetC34_2 Pin=C34-2
Added Pin To Net: NetName=GND Pin=C35-1
Added Pin To Net: NetName=GND Pin=C36-1
Added Pin To Net: NetName=NetC1_2 Pin=D1-1
Added Pin To Net: NetName=GND Pin=D1-2
Added Pin To Net: NetName=VCC Pin=D2-1
Added Pin To Net: NetName=GND Pin=D2-2
Added Pin To Net: NetName=GND Pin=D3-C
Added Pin To Net: NetName=GND Pin=D4-C
Added Pin To Net: NetName=GND Pin=D5-C
Added Pin To Net: NetName=NetD6_A Pin=D6-A
Added Pin To Net: NetName=GND Pin=D6-C
Added Pin To Net: NetName=NetF1_1 Pin=F1-1
Added Pin To Net: NetName=NetF1_2 Pin=F1-2
Added Pin To Net: NetName=GND Pin=FB1-2
Added Pin To Net: NetName=NetC12_2 Pin=FB2-1
Added Pin To Net: NetName=3V3 Pin=FB2-2
Added Pin To Net: NetName=3V3 Pin=FB3-1
Added Pin To Net: NetName=GND Pin=J1-3
Added Pin To Net: NetName=3V3 Pin=J2-4
Added Pin To Net: NetName=3V3 Pin=J2-5
Added Pin To Net: NetName=GND Pin=J2-8
Added Pin To Net: NetName=GND Pin=J2-15
Added Pin To Net: NetName=GND Pin=J2-16
Added Pin To Net: NetName=NetJ3_2 Pin=J3-2
Added Pin To Net: NetName=5V Pin=J3-3
Added Pin To Net: NetName=GND Pin=J3-4
Added Pin To Net: NetName=GND Pin=J3-SH1
Added Pin To Net: NetName=GND Pin=J3-SH2
Added Pin To Net: NetName=NetC1_2 Pin=L1-1
Added Pin To Net: NetName=5V Pin=L1-2
Added Pin To Net: NetName=NetF1_1 Pin=P1-1
Added Pin To Net: NetName=GND Pin=P1-2
Added Pin To Net: NetName=RS485_N Pin=P2-1
Added Pin To Net: NetName=RS485_P Pin=P2-2
Added Pin To Net: NetName=NetR1_1 Pin=R1-1
Added Pin To Net: NetName=5V Pin=R1-2
Added Pin To Net: NetName=NetR2_1 Pin=R2-1
Added Pin To Net: NetName=VCC Pin=R2-2
Added Pin To Net: NetName=GND Pin=R3-1
Added Pin To Net: NetName=NetR1_1 Pin=R3-2
Added Pin To Net: NetName=GND Pin=R4-1
Added Pin To Net: NetName=NetR2_1 Pin=R4-2
Added Pin To Net: NetName=GND Pin=R5-1
Added Pin To Net: NetName=GND Pin=R6-1
Added Pin To Net: NetName=VCC Pin=R7-2
Added Pin To Net: NetName=5V Pin=R8-2
Added Pin To Net: NetName=3V3 Pin=R9-2
Added Pin To Net: NetName=GND Pin=R10-1
Added Pin To Net: NetName=GND Pin=R11-1
Added Pin To Net: NetName=3V3 Pin=R12-2
Added Pin To Net: NetName=3V3 Pin=R13-2
Added Pin To Net: NetName=3V3 Pin=R14-2
Added Pin To Net: NetName=3V3 Pin=R15-2
Added Pin To Net: NetName=NetD6_A Pin=R16-2
Added Pin To Net: NetName=3V3 Pin=R17-2
Added Pin To Net: NetName=3V3 Pin=R18-2
Added Pin To Net: NetName=3V3 Pin=R19-2
Added Pin To Net: NetName=3V3 Pin=R20-2
Added Pin To Net: NetName=3V3 Pin=R21-2
Added Pin To Net: NetName=GND Pin=R22-1
Added Pin To Net: NetName=GND Pin=R23-1
Added Pin To Net: NetName=3V3 Pin=R28-2
Added Pin To Net: NetName=GND Pin=R29-2
Added Pin To Net: NetName=RS485_P Pin=R30-1
Added Pin To Net: NetName=3V3 Pin=R30-2
Added Pin To Net: NetName=RS485_N Pin=R31-1
Added Pin To Net: NetName=RS485_P Pin=R31-2
Added Pin To Net: NetName=RS485_N Pin=R32-1
Added Pin To Net: NetName=GND Pin=R32-2
Added Pin To Net: NetName=3V3 Pin=R33-2
Added Pin To Net: NetName=NetJ3_2 Pin=R34-1
Added Pin To Net: NetName=3V3 Pin=R34-2
Added Pin To Net: NetName=NetC33_2 Pin=R35-1
Added Pin To Net: NetName=3V3 Pin=R35-2
Added Pin To Net: NetName=NetR36_1 Pin=R36-1
Added Pin To Net: NetName=3V3 Pin=R36-2
Added Pin To Net: NetName=3V3 Pin=R37-2
Added Pin To Net: NetName=NetC34_2 Pin=R38-1
Added Pin To Net: NetName=3V3 Pin=R38-2
Added Pin To Net: NetName=NetF1_2 Pin=SW1-1
Added Pin To Net: NetName=VCC Pin=SW1-2
Added Pin To Net: NetName=GND Pin=SW2-1
Added Pin To Net: NetName=GND Pin=SW3-1
Added Pin To Net: NetName=NetR36_1 Pin=SW4-B
Added Pin To Net: NetName=GND Pin=SW4-C
Added Pin To Net: NetName=GND Pin=SW4-D
Added Pin To Net: NetName=NetC34_2 Pin=SW4-E
Added Pin To Net: NetName=GND Pin=SW5-1
Added Pin To Net: NetName=NetC33_2 Pin=SW5-2
Added Pin To Net: NetName=GND Pin=TP1-1
Added Pin To Net: NetName=GND Pin=TP2-1
Added Pin To Net: NetName=GND Pin=TP3-1
Added Pin To Net: NetName=GND Pin=TP4-1
Added Pin To Net: NetName=VCC Pin=TP5-1
Added Pin To Net: NetName=5V Pin=TP6-1
Added Pin To Net: NetName=3V3 Pin=TP7-1
Added Pin To Net: NetName=NetC1_2 Pin=U1-1
Added Pin To Net: NetName=NetR2_1 Pin=U1-2
Added Pin To Net: NetName=NetR1_1 Pin=U1-4
Added Pin To Net: NetName=GND Pin=U1-5
Added Pin To Net: NetName=VCC Pin=U1-7
Added Pin To Net: NetName=NetC1_1 Pin=U1-8
Added Pin To Net: NetName=GND Pin=U1-9
Added Pin To Net: NetName=GND Pin=U2-1
Added Pin To Net: NetName=3V3 Pin=U2-2
Added Pin To Net: NetName=5V Pin=U2-3
Added Pin To Net: NetName=GND Pin=U2-4
Added Pin To Net: NetName=GND Pin=U3-1
Added Pin To Net: NetName=NetC12_2 Pin=U3-2
Added Pin To Net: NetName=NetC33_2 Pin=U3-4
Added Pin To Net: NetName=NetC34_2 Pin=U3-5
Added Pin To Net: NetName=NetR36_1 Pin=U3-7
Added Pin To Net: NetName=GND Pin=U3-15
Added Pin To Net: NetName=NetJ3_2 Pin=U3-23
Added Pin To Net: NetName=GND Pin=U3-38
Added Pin To Net: NetName=GND Pin=U3-39_1
Added Pin To Net: NetName=GND Pin=U3-39_2
Added Pin To Net: NetName=GND Pin=U3-39_3
Added Pin To Net: NetName=GND Pin=U3-39_4
Added Pin To Net: NetName=GND Pin=U3-39_5
Added Pin To Net: NetName=GND Pin=U3-39_6
Added Pin To Net: NetName=GND Pin=U3-39_7
Added Pin To Net: NetName=GND Pin=U3-39_8
Added Pin To Net: NetName=GND Pin=U3-39_9
Added Pin To Net: NetName=3V3 Pin=U4-9
Added Pin To Net: NetName=GND Pin=U4-25
Added Pin To Net: NetName=GND Pin=U5-5
Added Pin To Net: NetName=RS485_P Pin=U5-6
Added Pin To Net: NetName=RS485_N Pin=U5-7
Added Pin To Net: NetName=3V3 Pin=U5-8
Added Pin To Net: NetName=GND Pin=Y1-2
Added Pin To Net: NetName=GND Pin=Y1-4
Change Net Color : Old Net Color=RGB(255, 153, 0) New Net Color=RGB(74, 134, 232)
Change Net Color : Old Net Color=Red New Net Color=Fuchsia
Added Pin To Net: NetName=3V3-FILTER Pin=C19-2
Added Pin To Net: NetName=3V3-FILTER Pin=C20-2
Added Pin To Net: NetName=3V3-FILTER Pin=C21-2
Added Pin To Net: NetName=3V3-FILTER Pin=FB3-2
Added Pin To Net: NetName=3V3-FILTER Pin=R24-2
Added Pin To Net: NetName=3V3-FILTER Pin=R25-2
Added Pin To Net: NetName=3V3-FILTER Pin=R26-2
Added Pin To Net: NetName=3V3-FILTER Pin=R27-2
Added Pin To Net: NetName=3V3-FILTER Pin=U4-1
Added Pin To Net: NetName=3V3-FILTER Pin=U4-19
Added Net: Name=3V3-FILTER
Added Pin To Net: NetName=EN Pin=C15-2
Added Pin To Net: NetName=EN Pin=R15-1
Added Pin To Net: NetName=EN Pin=SW3-2
Added Pin To Net: NetName=EN Pin=U3-3
Added Net: Name=EN
Added Pin To Net: NetName=FLASH Pin=C14-2
Added Pin To Net: NetName=FLASH Pin=R14-1
Added Pin To Net: NetName=FLASH Pin=SW2-2
Added Pin To Net: NetName=FLASH Pin=U3-25
Added Net: Name=FLASH
Added Pin To Net: NetName=LED1 Pin=J2-12
Added Pin To Net: NetName=LED1 Pin=U4-3
Added Net: Name=LED1
Added Pin To Net: NetName=LED2 Pin=J2-10
Added Pin To Net: NetName=LED2 Pin=U4-2
Added Net: Name=LED2
Added Pin To Net: NetName=LED_STATUS Pin=R11-2
Added Pin To Net: NetName=LED_STATUS Pin=R16-1
Added Pin To Net: NetName=LED_STATUS Pin=U3-24
Added Net: Name=LED_STATUS
Added Pin To Net: NetName=NetC6_1 Pin=C6-1
Added Pin To Net: NetName=NetC6_1 Pin=R6-2
Added Net: Name=NetC6_1
Added Pin To Net: NetName=NetC6_2 Pin=C6-2
Added Pin To Net: NetName=NetC6_2 Pin=U1-3
Added Net: Name=NetC6_2
Added Pin To Net: NetName=NetC11_1 Pin=C11-1
Added Pin To Net: NetName=NetC11_1 Pin=FB1-1
Added Pin To Net: NetName=NetC11_1 Pin=R10-2
Added Pin To Net: NetName=NetC11_1 Pin=SW1-SH
Added Pin To Net: NetName=NetC11_1 Pin=SW1-SH
Added Net: Name=NetC11_1
Added Pin To Net: NetName=NetC22_2 Pin=C22-2
Added Pin To Net: NetName=NetC22_2 Pin=C23-2
Added Pin To Net: NetName=NetC22_2 Pin=U4-6
Added Net: Name=NetC22_2
Added Pin To Net: NetName=NetC24_1 Pin=C24-1
Added Pin To Net: NetName=NetC24_1 Pin=U4-4
Added Pin To Net: NetName=NetC24_1 Pin=Y1-3
Added Net: Name=NetC24_1
Added Pin To Net: NetName=NetC25_2 Pin=C25-2
Added Pin To Net: NetName=NetC25_2 Pin=U4-5
Added Pin To Net: NetName=NetC25_2 Pin=Y1-1
Added Net: Name=NetC25_2
Added Pin To Net: NetName=NetC26_2 Pin=C26-2
Added Pin To Net: NetName=NetC26_2 Pin=C27-2
Added Pin To Net: NetName=NetC26_2 Pin=R21-1
Added Pin To Net: NetName=NetC26_2 Pin=U4-15
Added Net: Name=NetC26_2
Added Pin To Net: NetName=NetC35_2 Pin=C35-2
Added Pin To Net: NetName=NetC35_2 Pin=C36-2
Added Pin To Net: NetName=NetC35_2 Pin=R37-1
Added Pin To Net: NetName=NetC35_2 Pin=SW4-A
Added Pin To Net: NetName=NetC35_2 Pin=U3-6
Added Net: Name=NetC35_2
Added Pin To Net: NetName=NetD3_A Pin=D3-A
Added Pin To Net: NetName=NetD3_A Pin=R7-1
Added Net: Name=NetD3_A
Added Pin To Net: NetName=NetD4_A Pin=D4-A
Added Pin To Net: NetName=NetD4_A Pin=R8-1
Added Net: Name=NetD4_A
Added Pin To Net: NetName=NetD5_A Pin=D5-A
Added Pin To Net: NetName=NetD5_A Pin=R9-1
Added Net: Name=NetD5_A
Added Pin To Net: NetName=NetJ2_9 Pin=J2-9
Added Pin To Net: NetName=NetJ2_9 Pin=R28-1
Added Net: Name=NetJ2_9
Added Pin To Net: NetName=NetJ2_11 Pin=J2-11
Added Pin To Net: NetName=NetJ2_11 Pin=R29-1
Added Net: Name=NetJ2_11
Added Pin To Net: NetName=NetJ3_1 Pin=J3-1
Added Pin To Net: NetName=NetJ3_1 Pin=R33-1
Added Pin To Net: NetName=NetJ3_1 Pin=U3-13
Added Net: Name=NetJ3_1
Added Pin To Net: NetName=NetR5_2 Pin=R5-2
Added Pin To Net: NetName=NetR5_2 Pin=U1-6
Added Net: Name=NetR5_2
Added Pin To Net: NetName=NetR17_1 Pin=R17-1
Added Pin To Net: NetName=NetR17_1 Pin=U3-37
Added Pin To Net: NetName=NetR17_1 Pin=U4-8
Added Net: Name=NetR17_1
Added Pin To Net: NetName=NetR18_1 Pin=R18-1
Added Pin To Net: NetName=NetR18_1 Pin=U3-10
Added Pin To Net: NetName=NetR18_1 Pin=U4-7
Added Net: Name=NetR18_1
Added Pin To Net: NetName=NetR19_1 Pin=R19-1
Added Pin To Net: NetName=NetR19_1 Pin=U3-12
Added Pin To Net: NetName=NetR19_1 Pin=U4-12
Added Net: Name=NetR19_1
Added Pin To Net: NetName=NetR20_1 Pin=R20-1
Added Pin To Net: NetName=NetR20_1 Pin=U3-8
Added Pin To Net: NetName=NetR20_1 Pin=U4-11
Added Net: Name=NetR20_1
Added Pin To Net: NetName=NetR22_2 Pin=R22-2
Added Pin To Net: NetName=NetR22_2 Pin=U4-24
Added Net: Name=NetR22_2
Added Pin To Net: NetName=NetR23_2 Pin=R23-2
Added Pin To Net: NetName=NetR23_2 Pin=U4-10
Added Net: Name=NetR23_2
Added Pin To Net: NetName=NetU3_11 Pin=U3-11
Added Pin To Net: NetName=NetU3_11 Pin=U4-13
Added Net: Name=NetU3_11
Added Pin To Net: NetName=NetU3_14 Pin=U3-14
Added Pin To Net: NetName=NetU3_14 Pin=U5-3
Added Net: Name=NetU3_14
Added Pin To Net: NetName=NetU3_16 Pin=U3-16
Added Pin To Net: NetName=NetU3_16 Pin=U5-4
Added Net: Name=NetU3_16
Added Pin To Net: NetName=NetU3_26 Pin=U3-26
Added Pin To Net: NetName=NetU3_26 Pin=U5-1
Added Net: Name=NetU3_26
Added Pin To Net: NetName=NetU3_29 Pin=U3-29
Added Pin To Net: NetName=NetU3_29 Pin=U5-2
Added Net: Name=NetU3_29
Added Pin To Net: NetName=NetU3_31 Pin=U3-31
Added Pin To Net: NetName=NetU3_31 Pin=U4-17
Added Net: Name=NetU3_31
Added Pin To Net: NetName=NetU3_33 Pin=U3-33
Added Pin To Net: NetName=NetU3_33 Pin=U4-18
Added Net: Name=NetU3_33
Added Pin To Net: NetName=NetU3_36 Pin=U3-36
Added Pin To Net: NetName=NetU3_36 Pin=U4-16
Added Net: Name=NetU3_36
Added Pin To Net: NetName=RXD0 Pin=J1-1
Added Pin To Net: NetName=RXD0 Pin=R12-1
Added Pin To Net: NetName=RXD0 Pin=U3-34
Added Net: Name=RXD0
Added Pin To Net: NetName=RXN Pin=J2-6
Added Pin To Net: NetName=RXN Pin=R24-1
Added Pin To Net: NetName=RXN Pin=U4-22
Added Net: Name=RXN
Added Pin To Net: NetName=RXP Pin=J2-3
Added Pin To Net: NetName=RXP Pin=R25-1
Added Pin To Net: NetName=RXP Pin=U4-23
Added Net: Name=RXP
Added Pin To Net: NetName=TXD0 Pin=J1-2
Added Pin To Net: NetName=TXD0 Pin=R13-1
Added Pin To Net: NetName=TXD0 Pin=U3-35
Added Net: Name=TXD0
Added Pin To Net: NetName=TXN Pin=J2-2
Added Pin To Net: NetName=TXN Pin=R26-1
Added Pin To Net: NetName=TXN Pin=U4-20
Added Net: Name=TXN
Added Pin To Net: NetName=TXP Pin=J2-1
Added Pin To Net: NetName=TXP Pin=R27-1
Added Pin To Net: NetName=TXP Pin=U4-21
Added Net: Name=TXP
Added Class: Name=Display
Added Class: Name=Ethernet
Added Class: Name=Interface
Added Class: Name=MCU
Added Class: Name=Power_Supply
Added Class: Name=UART_RS485
Added Rule: Name=Schematic Supply Nets_8
