Removed Pin From Net: NetName=NetJ7_1 Pin=R132-1
Removed Pin From Net: NetName=NetJ8_1 Pin=R136-1
Removed Pin From Net: NetName=NetJ8_1 Pin=U6-22
Removed Pin From Net: NetName=NetJ7_1 Pin=U6-23
Added Pin To Net: NetName=NetJ7_1 Pin=R132-2
Added Pin To Net: NetName=NetJ8_1 Pin=R136-2
Added Pin To Net: NetName=NetJ7_1 Pin=U26-1
Added Pin To Net: NetName=NetJ8_1 Pin=U26-4
Added Pin To Net: NetName=NetR132_1 Pin=R132-1
Added Pin To Net: NetName=NetR132_1 Pin=U6-23
Added Net: Name=NetR132_1
Added Pin To Net: NetName=NetR136_1 Pin=R136-1
Added Pin To Net: NetName=NetR136_1 Pin=U6-22
Added Net: Name=NetR136_1
Add Class: Class already exists: Designator
Add Class: Class already exists: Designator
Add Class: Class already exists: Designator
Add Class: Class already exists: Designator
Add Class: Class already exists: Designator
Add Class: Class already exists: Designator
Add Class: Class already exists: Designator
Add Class: Class already exists: Designator
Add Class: Class already exists: Designator
Add Class: Class already exists: Designator
Add Class: Class already exists: Designator
Add Class: Class already exists: Designator
