Change component parameters: Designator = "C70" ("C70"); Footprint = "CAP_0603"; UniqueID = "\LVQOUKEU\WHOWLNMP" ("\LVQOUKEU\WHOWLNMP")
Change component parameters (AddParameter): Name = "Datasheet"; Value = ""; VariantName = "[No Variations]"
Change component parameters (AddParameter): Name = "Supply Name"; Value = "tme"; VariantName = "[No Variations]"
Change component parameters (AddParameter): Name = "Supply Part Number"; Value = "CC0603KRX7R9BB222"; VariantName = "[No Variations]"
Change component parameters (AddParameter): Name = "Supply URL"; Value = "http://www.tme.vn/Product.aspx?id=1310#page=pro_info"; VariantName = "[No Variations]"
Change component parameters: Designator = "C75" ("C75"); Footprint = "CAP_0603"; UniqueID = "\LVQOUKEU\XEYSEQUX" ("\LVQOUKEU\XEYSEQUX")
Change component parameters (AddParameter): Name = "Datasheet"; Value = ""; VariantName = "[No Variations]"
Change component parameters (AddParameter): Name = "Supply Name"; Value = "tme"; VariantName = "[No Variations]"
Change component parameters (AddParameter): Name = "Supply Part Number"; Value = "CC0603KRX7R9BB222"; VariantName = "[No Variations]"
Change component parameters (AddParameter): Name = "Supply URL"; Value = "http://www.tme.vn/Product.aspx?id=1310#page=pro_info"; VariantName = "[No Variations]"
Change component parameters: Designator = "C76" ("C76"); Footprint = "CAP_0603"; UniqueID = "\LVQOUKEU\LBPTNSQM" ("\LVQOUKEU\LBPTNSQM")
Change component parameters (AddParameter): Name = "Datasheet"; Value = ""; VariantName = "[No Variations]"
Change component parameters (AddParameter): Name = "Supply Name"; Value = "tme"; VariantName = "[No Variations]"
Change component parameters (AddParameter): Name = "Supply Part Number"; Value = "CC0603KRX7R9BB222"; VariantName = "[No Variations]"
Change component parameters (AddParameter): Name = "Supply URL"; Value = "http://www.tme.vn/Product.aspx?id=1310#page=pro_info"; VariantName = "[No Variations]"
Change component parameters: Designator = "C81" ("C81"); Footprint = "CAP_0603"; UniqueID = "\LVQOUKEU\COJOLJVX" ("\LVQOUKEU\COJOLJVX")
Change component parameters (AddParameter): Name = "Datasheet"; Value = ""; VariantName = "[No Variations]"
Change component parameters (AddParameter): Name = "Supply Name"; Value = "tme"; VariantName = "[No Variations]"
Change component parameters (AddParameter): Name = "Supply Part Number"; Value = "CC0603KRX7R9BB222"; VariantName = "[No Variations]"
Change component parameters (AddParameter): Name = "Supply URL"; Value = "http://www.tme.vn/Product.aspx?id=1310#page=pro_info"; VariantName = "[No Variations]"
Add Class: Class already exists: Designator
Add Class: Class already exists: Designator
Add Class: Class already exists: Designator
Add Class: Class already exists: Designator
Add Class: Class already exists: Designator
Add Class: Class already exists: Designator
Add Class: Class already exists: Designator
Add Class: Class already exists: Designator
Add Class: Class already exists: Designator
Add Class: Class already exists: Designator
Add Class: Class already exists: Designator
Add Class: Class already exists: Designator
