Removed Pin From Net: NetName=NetJ1_7 Pin=U6-7
Removed Pin From Net: NetName=NetJ1_19 Pin=U6-11
Removed Pin From Net: NetName=GND Pin=U6-41_10
Removed Pin From Net: NetName=GND Pin=U6-41_11
Removed Pin From Net: NetName=GND Pin=U6-41_12
Removed Pin From Net: NetName=GND Pin=U6-41_13
Removed Pin From Net: NetName=GND Pin=U6-41_14
Removed Pin From Net: NetName=GND Pin=U6-41_15
Removed Pin From Net: NetName=GND Pin=U6-41_16
Removed Pin From Net: NetName=GND Pin=U6-41_17
Removed Pin From Net: NetName=GND Pin=U6-41_18
Removed Pin From Net: NetName=GND Pin=U6-41_19
Removed Pin From Net: NetName=GND Pin=U6-41_20
Removed Pin From Net: NetName=GND Pin=U6-41_21
Removed Pin From Net: NetName=GND Pin=U7-41_10
Removed Pin From Net: NetName=GND Pin=U7-41_11
Removed Pin From Net: NetName=GND Pin=U7-41_12
Removed Pin From Net: NetName=GND Pin=U7-41_13
Removed Pin From Net: NetName=GND Pin=U7-41_14
Removed Pin From Net: NetName=GND Pin=U7-41_15
Removed Pin From Net: NetName=GND Pin=U7-41_16
Removed Pin From Net: NetName=GND Pin=U7-41_17
Removed Pin From Net: NetName=GND Pin=U7-41_18
Removed Pin From Net: NetName=GND Pin=U7-41_19
Removed Pin From Net: NetName=GND Pin=U7-41_20
Removed Pin From Net: NetName=GND Pin=U7-41_21
Change Component Description : Designator=J5 Old Description=USB Type C - Connector, Top-mount SMT, 16pos New Description=USB Type C - Connector, Top-mount SMT, 16pos | Molex Incorporated 217179-0001
Change Component Description : Designator=J6 Old Description=USB Type C - Connector, Top-mount SMT, 16pos New Description=USB Type C - Connector, Top-mount SMT, 16pos | Molex Incorporated 217179-0001
Added Pin To Net: NetName=NetJ1_19 Pin=U6-7
Added Pin To Net: NetName=NetJ1_7 Pin=U6-11
Add Class: Class already exists: Designator
Add Class: Class already exists: Designator
Add Class: Class already exists: Designator
Add Class: Class already exists: Designator
Add Class: Class already exists: Designator
Add Class: Class already exists: Designator
Add Class: Class already exists: Designator
Add Class: Class already exists: Designator
Add Class: Class already exists: Designator
Add Class: Class already exists: Designator
Add Class: Class already exists: Designator
Add Class: Class already exists: Designator
