Removed Pin From Net: NetName=CAN_P Pin=P7-1
Removed Pin From Net: NetName=CAN_N Pin=P7-2
Removed Pin From Net: NetName=CAN_N Pin=R140-1
Removed Pin From Net: NetName=CAN_P Pin=R140-2
Added Pin To Net: NetName=CAN_N Pin=P7-1
Added Pin To Net: NetName=CAN_P Pin=P7-2
Added Pin To Net: NetName=CAN_P Pin=R140-1
Added Pin To Net: NetName=CAN_N Pin=R140-2
Add Class: Class already exists: Designator
Add Class: Class already exists: Designator
Add Class: Class already exists: Designator
Add Class: Class already exists: Designator
Add Class: Class already exists: Designator
Add Class: Class already exists: Designator
Add Class: Class already exists: Designator
Add Class: Class already exists: Designator
Add Class: Class already exists: Designator
Add Class: Class already exists: Designator
Add Class: Class already exists: Designator
Add Class: Class already exists: Designator
