Change Component Footprint: Designator=D22 Old Footprint=LED_0805 New Footprint=LED_0603G
Change Component Footprint: Designator=D23 Old Footprint=LED_0805 New Footprint=LED_0603R
Change Component Comment : Designator=D22 Old Comment=LED_Green New Comment=LED_Green_0603
Change Component Comment : Designator=D23 Old Comment=LED_Red New Comment=LED_Red_0603
Change component parameters: Designator = "D22" ("D22"); Footprint = "LED_0805"; UniqueID = "\EVHBKNOC\IOUCTMCV" ("\EVHBKNOC\IOUCTMCV")
Change component parameters (AddParameter): Name = "Datasheet"; Value = ""; VariantName = "[No Variations]"
Change component parameters (AddParameter): Name = "Supply Name"; Value = "Thegioiic"; VariantName = "[No Variations]"
Change component parameters (AddParameter): Name = "Supply Part Number"; Value = "LED Xanh Lá 0603 Dán SMD Trong Su?t Harvatek"; VariantName = "[No Variations]"
Change component parameters (AddParameter): Name = "Supply URL"; Value = "https://www.thegioiic.com/led-xanh-la-0603-dan-smd-trong-suot-harvatek"; VariantName = "[No Variations]"
Change component parameters: Designator = "D23" ("D23"); Footprint = "LED_0805"; UniqueID = "\EVHBKNOC\MMQNNYJH" ("\EVHBKNOC\MMQNNYJH")
Change component parameters (AddParameter): Name = "Datasheet"; Value = ""; VariantName = "[No Variations]"
Change component parameters (AddParameter): Name = "Supply Name"; Value = "Thegioiic"; VariantName = "[No Variations]"
Change component parameters (AddParameter): Name = "Supply Part Number"; Value = "LED Ð? 0603 Dán SMD Trong Su?t Harvatek"; VariantName = "[No Variations]"
Change component parameters (AddParameter): Name = "Supply URL"; Value = "https://www.thegioiic.com/led-do-0603-dan-smd-trong-suot-harvatek"; VariantName = "[No Variations]"
Add Class: Class already exists: Designator
Add Class: Class already exists: Designator
Add Class: Class already exists: Designator
Add Class: Class already exists: Designator
Add Class: Class already exists: Designator
Add Class: Class already exists: Designator
Add Class: Class already exists: Designator
Add Class: Class already exists: Designator
Add Class: Class already exists: Designator
Add Class: Class already exists: Designator
Add Class: Class already exists: Designator
Add Class: Class already exists: Designator
