Removed Pin From Net: NetName=NetR130_1 Pin=U6-4
Removed Pin From Net: NetName=NetJ1_6 Pin=U6-13
Removed Pin From Net: NetName=NetJ1_8 Pin=U6-14
Removed Pin From Net: NetName=NetR126_1 Pin=U6-15
Added Pin To Net: NetName=NetJ1_8 Pin=U6-4
Added Pin To Net: NetName=NetR126_1 Pin=U6-13
Added Pin To Net: NetName=NetR130_1 Pin=U6-14
Added Pin To Net: NetName=NetJ1_6 Pin=U6-15
Add Class: Class already exists: Designator
Add Class: Class already exists: Designator
Add Class: Class already exists: Designator
Add Class: Class already exists: Designator
Add Class: Class already exists: Designator
Add Class: Class already exists: Designator
Add Class: Class already exists: Designator
Add Class: Class already exists: Designator
Add Class: Class already exists: Designator
Add Class: Class already exists: Designator
Add Class: Class already exists: Designator
Add Class: Class already exists: Designator
