Removed Pin From Net: NetName=NetF1_2 Pin=SW1-3
Removed Pin From Net: NetName=GND Pin=SW1-SH
Removed Pin From Net: NetName=GND Pin=SW1-SH
Change Component Comment : Designator=SW1 Old Comment=Button New Comment=PWR
Change Component Designator: OldDesignator=C26 NewDesignator=C27
Change Component Designator: OldDesignator=C27 NewDesignator=C28
Change Component Designator: OldDesignator=C28 NewDesignator=C29
Change Component Designator: OldDesignator=C29 NewDesignator=C30
Change Component Designator: OldDesignator=C30 NewDesignator=C31
Change Component Designator: OldDesignator=C31 NewDesignator=C32
Change Component Designator: OldDesignator=C32 NewDesignator=C33
Change Component Designator: OldDesignator=C33 NewDesignator=C34
Change Component Designator: OldDesignator=C34 NewDesignator=C35
Change Component Designator: OldDesignator=C35 NewDesignator=C36
Change Component Designator: OldDesignator=C36 NewDesignator=C37
Change Component Designator: OldDesignator=C37 NewDesignator=C38
Change Component Designator: OldDesignator=C38 NewDesignator=C39
Change Component Designator: OldDesignator=C39 NewDesignator=C40
Change Component Designator: OldDesignator=C40 NewDesignator=C41
Change Component Designator: OldDesignator=C41 NewDesignator=C42
Change Component Designator: OldDesignator=C42 NewDesignator=C43
Change Component Designator: OldDesignator=C43 NewDesignator=C44
Change Component Designator: OldDesignator=C44 NewDesignator=C45
Change Component Designator: OldDesignator=C45 NewDesignator=C46
Change Component Designator: OldDesignator=C46 NewDesignator=C47
Change Component Designator: OldDesignator=C47 NewDesignator=C48
Change Component Designator: OldDesignator=C48 NewDesignator=C49
Change Component Designator: OldDesignator=C49 NewDesignator=C50
Change Component Designator: OldDesignator=C50 NewDesignator=C51
Change Component Designator: OldDesignator=C51 NewDesignator=C52
Change Component Designator: OldDesignator=C52 NewDesignator=C53
Change Component Designator: OldDesignator=C53 NewDesignator=C54
Change Component Designator: OldDesignator=C54 NewDesignator=C55
Change Component Designator: OldDesignator=C55 NewDesignator=C56
Change Component Designator: OldDesignator=C56 NewDesignator=C57
Change Component Designator: OldDesignator=C57 NewDesignator=C58
Change Component Designator: OldDesignator=C58 NewDesignator=C59
Change Component Designator: OldDesignator=C59 NewDesignator=C60
Change Component Designator: OldDesignator=C60 NewDesignator=C61
Change Component Designator: OldDesignator=C61 NewDesignator=C62
Change Component Designator: OldDesignator=C62 NewDesignator=C63
Change Component Designator: OldDesignator=C63 NewDesignator=C64
Change Component Designator: OldDesignator=C64 NewDesignator=C65
Change Component Designator: OldDesignator=C65 NewDesignator=C66
Change Component Designator: OldDesignator=C66 NewDesignator=C67
Change Component Designator: OldDesignator=C67 NewDesignator=C68
Change Component Designator: OldDesignator=C68 NewDesignator=C69
Change Component Designator: OldDesignator=C69 NewDesignator=C70
Change Component Designator: OldDesignator=C70 NewDesignator=C71
Change Component Designator: OldDesignator=C71 NewDesignator=C72
Change Component Designator: OldDesignator=C72 NewDesignator=C73
Change Component Designator: OldDesignator=C73 NewDesignator=C74
Change Component Designator: OldDesignator=C74 NewDesignator=C75
Change Component Designator: OldDesignator=C75 NewDesignator=C76
Change Component Designator: OldDesignator=C76 NewDesignator=C77
Change Component Designator: OldDesignator=C77 NewDesignator=C78
Change Component Designator: OldDesignator=C78 NewDesignator=C79
Change Component Designator: OldDesignator=C79 NewDesignator=C80
Change Component Designator: OldDesignator=C80 NewDesignator=C81
Change Component Designator: OldDesignator=C81 NewDesignator=C82
Change Component Designator: OldDesignator=C82 NewDesignator=C83
Change Component Designator: OldDesignator=C83 NewDesignator=C84
Change Component Designator: OldDesignator=C84 NewDesignator=C85
Change Component Designator: OldDesignator=C85 NewDesignator=C86
Change Component Designator: OldDesignator=C86 NewDesignator=C87
Change Component Designator: OldDesignator=C87 NewDesignator=C88
Change Component Designator: OldDesignator=C88 NewDesignator=C89
Change Component Designator: OldDesignator=C89 NewDesignator=C90
Change Component Designator: OldDesignator=C90 NewDesignator=C91
Change Component Designator: OldDesignator=C91 NewDesignator=C92
Change Component Designator: OldDesignator=C92 NewDesignator=C93
Change Component Designator: OldDesignator=C93 NewDesignator=C94
Change Component Designator: OldDesignator=C94 NewDesignator=C95
Change Component Designator: OldDesignator=C95 NewDesignator=C96
Change Component Designator: OldDesignator=C96 NewDesignator=C97
Change Component Designator: OldDesignator=C97 NewDesignator=C98
Change Component Designator: OldDesignator=C98 NewDesignator=C99
Change Component Designator: OldDesignator=C99 NewDesignator=C100
Change Component Designator: OldDesignator=C100 NewDesignator=C101
Change Component Designator: OldDesignator=C101 NewDesignator=C102
Change Component Designator: OldDesignator=C102 NewDesignator=C103
Change Component Designator: OldDesignator=C103 NewDesignator=C104
Change Component Designator: OldDesignator=FB1 NewDesignator=FB2
Change Component Designator: OldDesignator=FB2 NewDesignator=FB3
Change Component Designator: OldDesignator=FB3 NewDesignator=FB4
Change Component Designator: OldDesignator=FB4 NewDesignator=FB5
Change Component Designator: OldDesignator=FB5 NewDesignator=FB6
Change Component Designator: OldDesignator=FB6 NewDesignator=FB7
Change Component Designator: OldDesignator=FB7 NewDesignator=FB8
Change Component Designator: OldDesignator=FB8 NewDesignator=FB9
Change Component Designator: OldDesignator=FB9 NewDesignator=FB10
Change Component Designator: OldDesignator=FB10 NewDesignator=FB11
Change Component Designator: OldDesignator=FB11 NewDesignator=FB12
Change Component Designator: OldDesignator=FB12 NewDesignator=FB13
Change Component Designator: OldDesignator=FB13 NewDesignator=FB14
Change Component Designator: OldDesignator=FB14 NewDesignator=FB15
Change Component Designator: OldDesignator=R19 NewDesignator=R20
Change Component Designator: OldDesignator=R20 NewDesignator=R21
Change Component Designator: OldDesignator=R21 NewDesignator=R22
Change Component Designator: OldDesignator=R22 NewDesignator=R23
Change Component Designator: OldDesignator=R23 NewDesignator=R24
Change Component Designator: OldDesignator=R24 NewDesignator=R25
Change Component Designator: OldDesignator=R25 NewDesignator=R26
Change Component Designator: OldDesignator=R26 NewDesignator=R27
Change Component Designator: OldDesignator=R27 NewDesignator=R28
Change Component Designator: OldDesignator=R28 NewDesignator=R29
Change Component Designator: OldDesignator=R29 NewDesignator=R30
Change Component Designator: OldDesignator=R30 NewDesignator=R31
Change Component Designator: OldDesignator=R31 NewDesignator=R32
Change Component Designator: OldDesignator=R32 NewDesignator=R33
Change Component Designator: OldDesignator=R33 NewDesignator=R34
Change Component Designator: OldDesignator=R34 NewDesignator=R35
Change Component Designator: OldDesignator=R35 NewDesignator=R36
Change Component Designator: OldDesignator=R36 NewDesignator=R37
Change Component Designator: OldDesignator=R37 NewDesignator=R38
Change Component Designator: OldDesignator=R38 NewDesignator=R39
Change Component Designator: OldDesignator=R39 NewDesignator=R40
Change Component Designator: OldDesignator=R40 NewDesignator=R41
Change Component Designator: OldDesignator=R41 NewDesignator=R42
Change Component Designator: OldDesignator=R42 NewDesignator=R43
Change Component Designator: OldDesignator=R43 NewDesignator=R44
Change Component Designator: OldDesignator=R44 NewDesignator=R45
Change Component Designator: OldDesignator=R45 NewDesignator=R46
Change Component Designator: OldDesignator=R46 NewDesignator=R47
Change Component Designator: OldDesignator=R47 NewDesignator=R48
Change Component Designator: OldDesignator=R48 NewDesignator=R49
Change Component Designator: OldDesignator=R49 NewDesignator=R50
Change Component Designator: OldDesignator=R50 NewDesignator=R51
Change Component Designator: OldDesignator=R51 NewDesignator=R52
Change Component Designator: OldDesignator=R52 NewDesignator=R53
Change Component Designator: OldDesignator=R53 NewDesignator=R54
Change Component Designator: OldDesignator=R54 NewDesignator=R55
Change Component Designator: OldDesignator=R55 NewDesignator=R56
Change Component Designator: OldDesignator=R56 NewDesignator=R57
Change Component Designator: OldDesignator=R57 NewDesignator=R58
Change Component Designator: OldDesignator=R58 NewDesignator=R59
Change Component Designator: OldDesignator=R59 NewDesignator=R60
Change Component Designator: OldDesignator=R60 NewDesignator=R61
Change Component Designator: OldDesignator=R61 NewDesignator=R62
Change Component Designator: OldDesignator=R62 NewDesignator=R63
Change Component Designator: OldDesignator=R63 NewDesignator=R64
Change Component Designator: OldDesignator=R64 NewDesignator=R65
Change Component Designator: OldDesignator=R65 NewDesignator=R66
Change Component Designator: OldDesignator=R66 NewDesignator=R67
Change Component Designator: OldDesignator=R67 NewDesignator=R68
Change Component Designator: OldDesignator=R68 NewDesignator=R69
Change Component Designator: OldDesignator=R69 NewDesignator=R70
Change Component Designator: OldDesignator=R70 NewDesignator=R71
Change Component Designator: OldDesignator=R71 NewDesignator=R72
Change Component Designator: OldDesignator=R72 NewDesignator=R73
Change Component Designator: OldDesignator=R73 NewDesignator=R74
Change Component Designator: OldDesignator=R74 NewDesignator=R75
Change Component Designator: OldDesignator=R75 NewDesignator=R76
Change Component Designator: OldDesignator=R76 NewDesignator=R77
Change Component Designator: OldDesignator=R77 NewDesignator=R78
Change Component Designator: OldDesignator=R78 NewDesignator=R79
Change Component Designator: OldDesignator=R79 NewDesignator=R80
Change Component Designator: OldDesignator=R80 NewDesignator=R81
Change Component Designator: OldDesignator=R81 NewDesignator=R82
Change Component Designator: OldDesignator=R82 NewDesignator=R83
Change Component Designator: OldDesignator=R83 NewDesignator=R84
Change Component Designator: OldDesignator=R84 NewDesignator=R85
Change Component Designator: OldDesignator=R85 NewDesignator=R86
Change Component Designator: OldDesignator=R86 NewDesignator=R87
Change Component Designator: OldDesignator=R87 NewDesignator=R88
Change Component Designator: OldDesignator=R88 NewDesignator=R89
Change Component Designator: OldDesignator=R89 NewDesignator=R90
Change Component Designator: OldDesignator=R90 NewDesignator=R91
Change Component Designator: OldDesignator=R91 NewDesignator=R92
Change Component Designator: OldDesignator=R92 NewDesignator=R93
Change Component Designator: OldDesignator=R93 NewDesignator=R94
Change Component Designator: OldDesignator=R94 NewDesignator=R95
Change Component Designator: OldDesignator=R95 NewDesignator=R96
Change Component Designator: OldDesignator=R96 NewDesignator=R97
Change Component Designator: OldDesignator=R97 NewDesignator=R98
Change Component Designator: OldDesignator=R98 NewDesignator=R99
Change Component Designator: OldDesignator=R99 NewDesignator=R100
Change Component Designator: OldDesignator=R100 NewDesignator=R101
Change Component Designator: OldDesignator=R101 NewDesignator=R102
Change Component Designator: OldDesignator=R102 NewDesignator=R103
Change Component Designator: OldDesignator=R103 NewDesignator=R104
Change Component Designator: OldDesignator=R104 NewDesignator=R105
Change Component Designator: OldDesignator=R105 NewDesignator=R106
Change Component Designator: OldDesignator=R106 NewDesignator=R107
Change Component Designator: OldDesignator=R107 NewDesignator=R108
Change Component Designator: OldDesignator=R108 NewDesignator=R109
Change Component Designator: OldDesignator=R109 NewDesignator=R110
Change Component Designator: OldDesignator=R110 NewDesignator=R111
Change Component Designator: OldDesignator=R111 NewDesignator=R112
Change Component Designator: OldDesignator=R112 NewDesignator=R113
Change Component Designator: OldDesignator=R113 NewDesignator=R114
Change Component Designator: OldDesignator=R114 NewDesignator=R115
Change Component Designator: OldDesignator=R115 NewDesignator=R116
Change Component Designator: OldDesignator=R116 NewDesignator=R117
Change Component Designator: OldDesignator=R117 NewDesignator=R118
Change Component Designator: OldDesignator=R118 NewDesignator=R119
Change Component Designator: OldDesignator=R119 NewDesignator=R120
Change Component Designator: OldDesignator=R120 NewDesignator=R121
Change Component Designator: OldDesignator=R121 NewDesignator=R122
Change Component Designator: OldDesignator=R122 NewDesignator=R123
Change Component Designator: OldDesignator=R123 NewDesignator=R124
Change Component Designator: OldDesignator=R124 NewDesignator=R125
Change Component Designator: OldDesignator=R125 NewDesignator=R126
Change Component Designator: OldDesignator=R126 NewDesignator=R127
Change Component Designator: OldDesignator=R127 NewDesignator=R128
Change Component Designator: OldDesignator=R128 NewDesignator=R129
Change Component Designator: OldDesignator=R129 NewDesignator=R130
Change Component Designator: OldDesignator=R130 NewDesignator=R131
Change Component Designator: OldDesignator=R131 NewDesignator=R132
Change Component Designator: OldDesignator=R132 NewDesignator=R133
Change Component Designator: OldDesignator=R133 NewDesignator=R134
Change Component Designator: OldDesignator=R134 NewDesignator=R135
Change Component Designator: OldDesignator=R135 NewDesignator=R136
Change Component Designator: OldDesignator=R136 NewDesignator=R137
Change Component Designator: OldDesignator=R137 NewDesignator=R138
Change Component Designator: OldDesignator=R138 NewDesignator=R139
Change Component Designator: OldDesignator=R139 NewDesignator=R140
Added Component: Designator=C26(CAP_0402)
Add component (AddParameter): Name = "Datasheet"; Value = ""; VariantName = "[No Variations]"
Add component (AddParameter): Name = "Supply Name"; Value = "Thegioiic"; VariantName = "[No Variations]"
Add component (AddParameter): Name = "Supply Part Number"; Value = "T? G?m 0402 100nF (0.1uF) 50V"; VariantName = "[No Variations]"
Add component (AddParameter): Name = "Supply URL"; Value = "https://www.thegioiic.com/tu-gom-0402-100nf-0-1uf-50v"; VariantName = "[No Variations]"
Added Component: Designator=FB1(Ferrite_Bead_0805)
Add component (AddParameter): Name = "Datasheet"; Value = ""; VariantName = "[No Variations]"
Add component (AddParameter): Name = "Supply Name"; Value = "Thegioiic"; VariantName = "[No Variations]"
Add component (AddParameter): Name = "Supply Part Number"; Value = "CBW201209U121T Ferrite Beads 2A 120 Ohm 0805"; VariantName = "[No Variations]"
Add component (AddParameter): Name = "Supply URL"; Value = "https://www.thegioiic.com/cbw201209u121t-ferrite-beads-2a-120-ohm-0805"; VariantName = "[No Variations]"
Added Component: Designator=R19(RESISTOR_0402)
Add component (AddParameter): Name = "Datasheet"; Value = ""; VariantName = "[No Variations]"
Add component (AddParameter): Name = "Supply Name"; Value = "Thegioiic"; VariantName = "[No Variations]"
Add component (AddParameter): Name = "Supply Part Number"; Value = "Ði?n Tr? 10 KOhm 0402 1%"; VariantName = "[No Variations]"
Add component (AddParameter): Name = "Supply URL"; Value = "https://www.thegioiic.com/dien-tro-10-kohm-0402-1-"; VariantName = "[No Variations]"
Added Pin To Net: NetName=GND Pin=C26-2
Added Pin To Net: NetName=GND Pin=FB1-2
Added Pin To Net: NetName=GND Pin=R19-2
Added Pin To Net: NetName=NetF1_2 Pin=SW1-1
Change Net Name : Old Net Name=NetC26_2 New Net Name=NetC27_2
Change Net Name : Old Net Name=NetC28_2 New Net Name=NetC29_2
Change Net Name : Old Net Name=NetC29_2 New Net Name=NetC30_2
Change Net Name : Old Net Name=NetC30_2 New Net Name=NetC31_2
Change Net Name : Old Net Name=NetC32_2 New Net Name=NetC33_2
Change Net Name : Old Net Name=NetC33_2 New Net Name=NetC34_2
Change Net Name : Old Net Name=NetC38_2 New Net Name=NetC39_2
Change Net Name : Old Net Name=NetC46_1 New Net Name=NetC47_1
Change Net Name : Old Net Name=NetC55_1 New Net Name=NetC56_1
Change Net Name : Old Net Name=NetC55_2 New Net Name=NetC56_2
Change Net Name : Old Net Name=NetC56_2 New Net Name=NetC57_2
Change Net Name : Old Net Name=NetC61_1 New Net Name=NetC62_1
Change Net Name : Old Net Name=NetC61_2 New Net Name=NetC62_2
Change Net Name : Old Net Name=NetC62_1 New Net Name=NetC63_1
Change Net Name : Old Net Name=NetC63_1 New Net Name=NetC64_1
Change Net Name : Old Net Name=NetC68_1 New Net Name=NetC69_1
Change Net Name : Old Net Name=NetC68_2 New Net Name=NetC69_2
Change Net Name : Old Net Name=NetC69_1 New Net Name=NetC70_1
Change Net Name : Old Net Name=NetC69_2 New Net Name=NetC70_2
Change Net Name : Old Net Name=NetC70_1 New Net Name=NetC71_1
Change Net Name : Old Net Name=NetC75_1 New Net Name=NetC76_1
Change Net Name : Old Net Name=NetC75_2 New Net Name=NetC76_2
Change Net Name : Old Net Name=NetC76_1 New Net Name=NetC77_1
Change Net Name : Old Net Name=NetC81_1 New Net Name=NetC82_1
Change Net Name : Old Net Name=NetC81_2 New Net Name=NetC82_2
Change Net Name : Old Net Name=NetC92_2 New Net Name=NetC93_2
Change Net Name : Old Net Name=NetC94_2 New Net Name=NetC95_2
Change Net Name : Old Net Name=NetC95_1 New Net Name=NetC96_1
Change Net Name : Old Net Name=NetC96_2 New Net Name=NetC97_2
Change Net Name : Old Net Name=NetC98_2 New Net Name=NetC99_2
Change Net Name : Old Net Name=NetC99_1 New Net Name=NetC100_1
Change Net Name : Old Net Name=NetFB10_1 New Net Name=NetFB11_1
Change Net Name : Old Net Name=NetFB13_1 New Net Name=NetFB14_1
Change Net Name : Old Net Name=NetR32_1 New Net Name=NetR33_1
Change Net Name : Old Net Name=NetR33_1 New Net Name=NetR34_1
Change Net Name : Old Net Name=NetR35_1 New Net Name=NetR36_1
Change Net Name : Old Net Name=NetR41_1 New Net Name=NetR42_1
Change Net Name : Old Net Name=NetR41_2 New Net Name=NetR42_2
Change Net Name : Old Net Name=NetR42_1 New Net Name=NetR43_1
Change Net Name : Old Net Name=NetR42_2 New Net Name=NetR43_2
Change Net Name : Old Net Name=NetR44_1 New Net Name=NetR45_1
Change Net Name : Old Net Name=NetR44_2 New Net Name=NetR45_2
Change Net Name : Old Net Name=NetR45_1 New Net Name=NetR46_1
Change Net Name : Old Net Name=NetR45_2 New Net Name=NetR46_2
Change Net Name : Old Net Name=NetR51_1 New Net Name=NetR52_1
Change Net Name : Old Net Name=NetR51_2 New Net Name=NetR52_2
Change Net Name : Old Net Name=NetR55_1 New Net Name=NetR56_1
Change Net Name : Old Net Name=NetR55_2 New Net Name=NetR56_2
Change Net Name : Old Net Name=NetR57_1 New Net Name=NetR58_1
Change Net Name : Old Net Name=NetR73_1 New Net Name=NetR74_1
Change Net Name : Old Net Name=NetR76_1 New Net Name=NetR77_1
Change Net Name : Old Net Name=NetR77_1 New Net Name=NetR78_1
Change Net Name : Old Net Name=NetR78_1 New Net Name=NetR79_1
Change Net Name : Old Net Name=NetR79_1 New Net Name=NetR80_1
Change Net Name : Old Net Name=NetR80_2 New Net Name=NetR81_2
Change Net Name : Old Net Name=NetR82_1 New Net Name=NetR83_1
Change Net Name : Old Net Name=NetR82_2 New Net Name=NetR83_2
Change Net Name : Old Net Name=NetR84_2 New Net Name=NetR85_2
Change Net Name : Old Net Name=NetR88_2 New Net Name=NetR89_2
Change Net Name : Old Net Name=NetR89_1 New Net Name=NetR90_1
Change Net Name : Old Net Name=NetR89_2 New Net Name=NetR90_2
Change Net Name : Old Net Name=NetR100_1 New Net Name=NetR101_1
Change Net Name : Old Net Name=NetR101_1 New Net Name=NetR102_1
Change Net Name : Old Net Name=NetR102_2 New Net Name=NetR103_2
Change Net Name : Old Net Name=NetR103_1 New Net Name=NetR104_1
Change Net Name : Old Net Name=NetR104_2 New Net Name=NetR105_2
Change Net Name : Old Net Name=NetR105_1 New Net Name=NetR106_1
Change Net Name : Old Net Name=NetR106_2 New Net Name=NetR107_2
Change Net Name : Old Net Name=NetR107_1 New Net Name=NetR108_1
Change Net Name : Old Net Name=NetR108_2 New Net Name=NetR109_2
Change Net Name : Old Net Name=NetR115_1 New Net Name=NetR116_1
Change Net Name : Old Net Name=NetR116_1 New Net Name=NetR117_1
Change Net Name : Old Net Name=NetR118_2 New Net Name=NetR119_2
Change Net Name : Old Net Name=NetR119_1 New Net Name=NetR120_1
Change Net Name : Old Net Name=NetR120_2 New Net Name=NetR121_2
Change Net Name : Old Net Name=NetR121_1 New Net Name=NetR122_1
Change Net Name : Old Net Name=NetR122_2 New Net Name=NetR123_2
Change Net Name : Old Net Name=NetR123_1 New Net Name=NetR124_1
Change Net Name : Old Net Name=NetR124_2 New Net Name=NetR125_2
Change Net Name : Old Net Name=NetR131_1 New Net Name=NetR132_1
Change Net Name : Old Net Name=NetR131_2 New Net Name=NetR132_2
Change Net Name : Old Net Name=NetR132_1 New Net Name=NetR133_1
Change Net Name : Old Net Name=NetR132_2 New Net Name=NetR133_2
Change Net Name : Old Net Name=NetR135_1 New Net Name=NetR136_1
Change Net Name : Old Net Name=NetR135_2 New Net Name=NetR136_2
Change Net Name : Old Net Name=NetR136_1 New Net Name=NetR137_1
Change Net Name : Old Net Name=NetR136_2 New Net Name=NetR137_2
Change Net Name : Old Net Name=NetR137_1 New Net Name=NetR138_1
Change Net Name : Old Net Name=NetR138_1 New Net Name=NetR139_1
Added Pin To Net: NetName=NetC26_1 Pin=C26-1
Added Pin To Net: NetName=NetC26_1 Pin=FB1-1
Added Pin To Net: NetName=NetC26_1 Pin=R19-1
Added Pin To Net: NetName=NetC26_1 Pin=SW1-SH
Added Pin To Net: NetName=NetC26_1 Pin=SW1-SH
Added Net: Name=NetC26_1
Add Class: Class already exists: Designator
Add Class: Class already exists: Designator
Add Class: Class already exists: Designator
Add Class: Class already exists: Designator
Add Class: Class already exists: Designator
Add Class: Class already exists: Designator
Add Class: Class already exists: Designator
Add Class: Class already exists: Designator
Add Class: Class already exists: Designator
Add Class: Class already exists: Designator
Add Class: Class already exists: Designator
Add Class: Class already exists: Designator
Added Member To Class: ClassName=Designator Member=Component C26 100nF/50V
Added Member To Class: ClassName=Designator Member=Component FB1 120Ohm
Added Member To Class: ClassName=Designator Member=Component R19 10K/1%/1_16W
