Removed Pin From Net: NetName=2V8 Pin=J1-11
Change Component Designator: OldDesignator=C41 NewDesignator=C38
Change Component Designator: OldDesignator=C42 NewDesignator=C39
Change Component Designator: OldDesignator=C43 NewDesignator=C40
Change Component Designator: OldDesignator=C44 NewDesignator=C41
Change Component Designator: OldDesignator=C45 NewDesignator=C42
Change Component Designator: OldDesignator=C46 NewDesignator=C43
Change Component Designator: OldDesignator=C47 NewDesignator=C44
Change Component Designator: OldDesignator=C48 NewDesignator=C45
Change Component Designator: OldDesignator=C49 NewDesignator=C46
Change Component Designator: OldDesignator=C50 NewDesignator=C47
Change Component Designator: OldDesignator=C51 NewDesignator=C48
Change Component Designator: OldDesignator=C52 NewDesignator=C49
Change Component Designator: OldDesignator=C53 NewDesignator=C50
Change Component Designator: OldDesignator=C54 NewDesignator=C51
Change Component Designator: OldDesignator=C55 NewDesignator=C52
Change Component Designator: OldDesignator=C56 NewDesignator=C53
Change Component Designator: OldDesignator=C57 NewDesignator=C54
Change Component Designator: OldDesignator=C58 NewDesignator=C55
Change Component Designator: OldDesignator=C59 NewDesignator=C56
Change Component Designator: OldDesignator=C60 NewDesignator=C57
Change Component Designator: OldDesignator=C61 NewDesignator=C58
Change Component Designator: OldDesignator=C62 NewDesignator=C59
Change Component Designator: OldDesignator=C63 NewDesignator=C60
Change Component Designator: OldDesignator=C64 NewDesignator=C61
Change Component Designator: OldDesignator=C65 NewDesignator=C62
Change Component Designator: OldDesignator=C66 NewDesignator=C63
Change Component Designator: OldDesignator=C67 NewDesignator=C64
Change Component Designator: OldDesignator=C68 NewDesignator=C65
Change Component Designator: OldDesignator=C69 NewDesignator=C66
Change Component Designator: OldDesignator=C70 NewDesignator=C67
Change Component Designator: OldDesignator=C71 NewDesignator=C68
Change Component Designator: OldDesignator=C72 NewDesignator=C69
Change Component Designator: OldDesignator=C73 NewDesignator=C70
Change Component Designator: OldDesignator=C74 NewDesignator=C71
Change Component Designator: OldDesignator=C75 NewDesignator=C72
Change Component Designator: OldDesignator=C76 NewDesignator=C73
Change Component Designator: OldDesignator=C77 NewDesignator=C74
Change Component Designator: OldDesignator=C78 NewDesignator=C75
Change Component Designator: OldDesignator=C79 NewDesignator=C76
Change Component Designator: OldDesignator=C80 NewDesignator=C77
Change Component Designator: OldDesignator=C81 NewDesignator=C78
Change Component Designator: OldDesignator=C82 NewDesignator=C79
Change Component Designator: OldDesignator=C83 NewDesignator=C80
Change Component Designator: OldDesignator=C84 NewDesignator=C81
Change Component Designator: OldDesignator=C85 NewDesignator=C82
Change Component Designator: OldDesignator=C86 NewDesignator=C83
Change Component Designator: OldDesignator=C87 NewDesignator=C84
Change Component Designator: OldDesignator=C88 NewDesignator=C85
Change Component Designator: OldDesignator=C89 NewDesignator=C86
Change Component Designator: OldDesignator=C90 NewDesignator=C87
Change Component Designator: OldDesignator=C91 NewDesignator=C88
Change Component Designator: OldDesignator=C92 NewDesignator=C89
Change Component Designator: OldDesignator=C93 NewDesignator=C90
Change Component Designator: OldDesignator=C94 NewDesignator=C91
Change Component Designator: OldDesignator=C95 NewDesignator=C92
Change Component Designator: OldDesignator=C96 NewDesignator=C93
Change Component Designator: OldDesignator=C97 NewDesignator=C94
Change Component Designator: OldDesignator=C98 NewDesignator=C95
Change Component Designator: OldDesignator=C99 NewDesignator=C96
Change Component Designator: OldDesignator=C100 NewDesignator=C97
Change Component Designator: OldDesignator=C101 NewDesignator=C98
Change Component Designator: OldDesignator=C102 NewDesignator=C99
Change Component Designator: OldDesignator=C103 NewDesignator=C100
Change Component Designator: OldDesignator=C104 NewDesignator=C101
Added Component: Designator=C35(CAP_0402)
Add component (AddParameter): Name = "Datasheet"; Value = ""; VariantName = "[No Variations]"
Add component (AddParameter): Name = "Supply Name"; Value = "Thegioiic"; VariantName = "[No Variations]"
Add component (AddParameter): Name = "Supply Part Number"; Value = "T? G?m 0402 100nF (0.1uF) 50V"; VariantName = "[No Variations]"
Add component (AddParameter): Name = "Supply URL"; Value = "https://www.thegioiic.com/tu-gom-0402-100nf-0-1uf-50v"; VariantName = "[No Variations]"
Added Component: Designator=C36(CAP_0402)
Add component (AddParameter): Name = "Datasheet"; Value = ""; VariantName = "[No Variations]"
Add component (AddParameter): Name = "Supply Name"; Value = "Thegioiic"; VariantName = "[No Variations]"
Add component (AddParameter): Name = "Supply Part Number"; Value = "T? G?m 0402 100nF (0.1uF) 50V"; VariantName = "[No Variations]"
Add component (AddParameter): Name = "Supply URL"; Value = "https://www.thegioiic.com/tu-gom-0402-100nf-0-1uf-50v"; VariantName = "[No Variations]"
Added Component: Designator=C37(CAP_0402)
Add component (AddParameter): Name = "Datasheet"; Value = ""; VariantName = "[No Variations]"
Add component (AddParameter): Name = "Supply Name"; Value = "Thegioiic"; VariantName = "[No Variations]"
Add component (AddParameter): Name = "Supply Part Number"; Value = "T? G?m 0402 100nF (0.1uF) 50V"; VariantName = "[No Variations]"
Add component (AddParameter): Name = "Supply URL"; Value = "https://www.thegioiic.com/tu-gom-0402-100nf-0-1uf-50v"; VariantName = "[No Variations]"
Added Pin To Net: NetName=GND Pin=C35-1
Added Pin To Net: NetName=1V2 Pin=C35-2
Added Pin To Net: NetName=GND Pin=C36-1
Added Pin To Net: NetName=2V8 Pin=C36-2
Added Pin To Net: NetName=GND Pin=C37-1
Added Pin To Net: NetName=3V3 Pin=C37-2
Added Pin To Net: NetName=3V3 Pin=J1-11
Change Net Name : Old Net Name=NetC41_2 New Net Name=NetC38_2
Change Net Name : Old Net Name=NetC47_2 New Net Name=NetC44_2
Change Net Name : Old Net Name=NetC49_1 New Net Name=NetC46_1
Change Net Name : Old Net Name=NetC58_1 New Net Name=NetC55_1
Change Net Name : Old Net Name=NetC58_2 New Net Name=NetC55_2
Change Net Name : Old Net Name=NetC59_2 New Net Name=NetC56_2
Change Net Name : Old Net Name=NetC64_1 New Net Name=NetC61_1
Change Net Name : Old Net Name=NetC64_2 New Net Name=NetC61_2
Change Net Name : Old Net Name=NetC65_1 New Net Name=NetC62_1
Change Net Name : Old Net Name=NetC66_1 New Net Name=NetC63_1
Change Net Name : Old Net Name=NetC71_1 New Net Name=NetC68_1
Change Net Name : Old Net Name=NetC71_2 New Net Name=NetC68_2
Change Net Name : Old Net Name=NetC72_1 New Net Name=NetC69_1
Change Net Name : Old Net Name=NetC72_2 New Net Name=NetC69_2
Change Net Name : Old Net Name=NetC73_1 New Net Name=NetC70_1
Change Net Name : Old Net Name=NetC78_1 New Net Name=NetC75_1
Change Net Name : Old Net Name=NetC78_2 New Net Name=NetC75_2
Change Net Name : Old Net Name=NetC79_1 New Net Name=NetC76_1
Change Net Name : Old Net Name=NetC84_1 New Net Name=NetC81_1
Change Net Name : Old Net Name=NetC84_2 New Net Name=NetC81_2
Change Net Name : Old Net Name=NetC85_2 New Net Name=NetC82_2
Change Net Name : Old Net Name=NetC87_2 New Net Name=NetC84_2
Change Net Name : Old Net Name=NetC97_2 New Net Name=NetC94_2
Change Net Name : Old Net Name=NetC99_2 New Net Name=NetC96_2
Change Net Name : Old Net Name=NetC100_1 New Net Name=NetC97_1
Change Net Name : Old Net Name=NetC101_2 New Net Name=NetC98_2
Change Net Name : Old Net Name=NetC103_2 New Net Name=NetC100_2
Change Net Name : Old Net Name=NetC104_1 New Net Name=NetC101_1
Add Class: Class already exists: Designator
Add Class: Class already exists: Designator
Add Class: Class already exists: Designator
Add Class: Class already exists: Designator
Add Class: Class already exists: Designator
Add Class: Class already exists: Designator
Add Class: Class already exists: Designator
Add Class: Class already exists: Designator
Add Class: Class already exists: Designator
Add Class: Class already exists: Designator
Add Class: Class already exists: Designator
