Removed Pin From Net: NetName=TXP Pin=U4-20
Removed Pin From Net: NetName=TXP Pin=U4-22
Removed Pin From Net: NetName=TXP Pin=U4-23
Removed Member From Class: ClassName=Display Member=C32
Removed Member From Class: ClassName=Display Member=C33
Removed Member From Class: ClassName=MCU Member=R17
Change Component Designator: OldDesignator=C26 NewDesignator=C28
Change Component Designator: OldDesignator=C27 NewDesignator=C29
Change Component Designator: OldDesignator=C28 NewDesignator=C30
Change Component Designator: OldDesignator=C29 NewDesignator=C31
Change Component Designator: OldDesignator=C30 NewDesignator=C32
Change Component Designator: OldDesignator=C31 NewDesignator=C33
Change Component Designator: OldDesignator=C32 NewDesignator=C34
Change Component Designator: OldDesignator=C33 NewDesignator=C35
Change Component Designator: OldDesignator=R17 NewDesignator=R24
Change Component Designator: OldDesignator=R18 NewDesignator=R25
Change Component Designator: OldDesignator=R19 NewDesignator=R26
Change Component Designator: OldDesignator=R20 NewDesignator=R27
Change Component Designator: OldDesignator=R21 NewDesignator=R28
Change Component Designator: OldDesignator=R22 NewDesignator=R29
Change Component Designator: OldDesignator=R23 NewDesignator=R30
Change Component Designator: OldDesignator=R24 NewDesignator=R31
Change Component Designator: OldDesignator=R25 NewDesignator=R32
Added Component: Designator=C26(CAP_0603)
Add component (AddParameter): Name = "Datasheet"; Value = ""; VariantName = "[No Variations]"
Add component (AddParameter): Name = "Supply Name"; Value = "Thegioiic"; VariantName = "[No Variations]"
Add component (AddParameter): Name = "Supply Part Number"; Value = "T? G?m 0603 100nF (0.1uF) 50V"; VariantName = "[No Variations]"
Add component (AddParameter): Name = "Supply URL"; Value = "https://www.thegioiic.com/tu-gom-0603-100nf-0-1uf-50v"; VariantName = "[No Variations]"
Added Component: Designator=C27(CAP_0603)
Add component (AddParameter): Name = "Datasheet"; Value = ""; VariantName = "[No Variations]"
Add component (AddParameter): Name = "Supply Name"; Value = "tme"; VariantName = "[No Variations]"
Add component (AddParameter): Name = "Supply Part Number"; Value = "CC0603KRX5R5BB106"; VariantName = "[No Variations]"
Add component (AddParameter): Name = "Supply URL"; Value = "http://www.tme.vn/Product.aspx?id=1165#page=pro_info"; VariantName = "[No Variations]"
Added Component: Designator=R17(Resistor_0603)
Add component (AddParameter): Name = "Datasheet"; Value = ""; VariantName = "[No Variations]"
Add component (AddParameter): Name = "Supply Name"; Value = "Thegioiic"; VariantName = "[No Variations]"
Add component (AddParameter): Name = "Supply Part Number"; Value = "할?n Tr? 10 KOhm 0603 1%"; VariantName = "[No Variations]"
Add component (AddParameter): Name = "Supply URL"; Value = "https://www.thegioiic.com/dien-tro-10-kohm-0603-1-"; VariantName = "[No Variations]"
Added Component: Designator=R18(Resistor_0603)
Add component (AddParameter): Name = "Datasheet"; Value = ""; VariantName = "[No Variations]"
Add component (AddParameter): Name = "Supply Name"; Value = "Thegioiic"; VariantName = "[No Variations]"
Add component (AddParameter): Name = "Supply Part Number"; Value = "할?n Tr? 10 KOhm 0603 1%"; VariantName = "[No Variations]"
Add component (AddParameter): Name = "Supply URL"; Value = "https://www.thegioiic.com/dien-tro-10-kohm-0603-1-"; VariantName = "[No Variations]"
Added Component: Designator=R19(Resistor_0603)
Add component (AddParameter): Name = "Datasheet"; Value = ""; VariantName = "[No Variations]"
Add component (AddParameter): Name = "Supply Name"; Value = "Thegioiic"; VariantName = "[No Variations]"
Add component (AddParameter): Name = "Supply Part Number"; Value = "할?n Tr? 10 KOhm 0603 1%"; VariantName = "[No Variations]"
Add component (AddParameter): Name = "Supply URL"; Value = "https://www.thegioiic.com/dien-tro-10-kohm-0603-1-"; VariantName = "[No Variations]"
Added Component: Designator=R20(Resistor_0603)
Add component (AddParameter): Name = "Datasheet"; Value = ""; VariantName = "[No Variations]"
Add component (AddParameter): Name = "Supply Name"; Value = "Thegioiic"; VariantName = "[No Variations]"
Add component (AddParameter): Name = "Supply Part Number"; Value = "할?n Tr? 10 KOhm 0603 1%"; VariantName = "[No Variations]"
Add component (AddParameter): Name = "Supply URL"; Value = "https://www.thegioiic.com/dien-tro-10-kohm-0603-1-"; VariantName = "[No Variations]"
Added Component: Designator=R21(Resistor_0603)
Add component (AddParameter): Name = "Datasheet"; Value = ""; VariantName = "[No Variations]"
Add component (AddParameter): Name = "Supply Name"; Value = "Thegioiic"; VariantName = "[No Variations]"
Add component (AddParameter): Name = "Supply Part Number"; Value = "할?n Tr? 10 KOhm 0603 1%"; VariantName = "[No Variations]"
Add component (AddParameter): Name = "Supply URL"; Value = "https://www.thegioiic.com/dien-tro-10-kohm-0603-1-"; VariantName = "[No Variations]"
Added Component: Designator=R22(Resistor_0603)
Add component (AddParameter): Name = "Datasheet"; Value = ""; VariantName = "[No Variations]"
Add component (AddParameter): Name = "Supply Name"; Value = "Thegioiic"; VariantName = "[No Variations]"
Add component (AddParameter): Name = "Supply Part Number"; Value = "할?n Tr? 12.1 KOhm 0603 1%"; VariantName = "[No Variations]"
Add component (AddParameter): Name = "Supply URL"; Value = "https://www.thegioiic.com/dien-tro-12-1-kohm-0603-1-"; VariantName = "[No Variations]"
Added Component: Designator=R23(Resistor_0603)
Add component (AddParameter): Name = "Datasheet"; Value = ""; VariantName = "[No Variations]"
Add component (AddParameter): Name = "Supply Name"; Value = "Thegioiic"; VariantName = "[No Variations]"
Add component (AddParameter): Name = "Supply Part Number"; Value = "할?n Tr? 10 KOhm 0603 1%"; VariantName = "[No Variations]"
Add component (AddParameter): Name = "Supply URL"; Value = "https://www.thegioiic.com/dien-tro-10-kohm-0603-1-"; VariantName = "[No Variations]"
Added Pin To Net: NetName=GND Pin=C26-1
Added Pin To Net: NetName=GND Pin=C27-1
Added Pin To Net: NetName=3V3 Pin=R17-2
Added Pin To Net: NetName=3V3 Pin=R18-2
Added Pin To Net: NetName=3V3 Pin=R19-2
Added Pin To Net: NetName=3V3 Pin=R20-2
Added Pin To Net: NetName=3V3 Pin=R21-2
Added Pin To Net: NetName=GND Pin=R22-1
Added Pin To Net: NetName=GND Pin=R23-1
Change Net Name : Old Net Name=NetC30_2 New Net Name=NetC32_2
Change Net Name : Old Net Name=NetC31_2 New Net Name=NetC33_2
Change Net Name : Old Net Name=NetC32_2 New Net Name=NetC34_2
Change Net Name : Old Net Name=NetR23_1 New Net Name=NetR30_1
Added Pin To Net: NetName=LED1 Pin=U4-3
Added Net: Name=LED1
Added Pin To Net: NetName=LED2 Pin=U4-2
Added Net: Name=LED2
Added Pin To Net: NetName=NetC26_2 Pin=C26-2
Added Pin To Net: NetName=NetC26_2 Pin=C27-2
Added Pin To Net: NetName=NetC26_2 Pin=R21-1
Added Pin To Net: NetName=NetC26_2 Pin=U4-15
Added Net: Name=NetC26_2
Added Pin To Net: NetName=NetR17_1 Pin=R17-1
Added Pin To Net: NetName=NetR17_1 Pin=U3-37
Added Pin To Net: NetName=NetR17_1 Pin=U4-8
Added Net: Name=NetR17_1
Added Pin To Net: NetName=NetR18_1 Pin=R18-1
Added Pin To Net: NetName=NetR18_1 Pin=U3-10
Added Pin To Net: NetName=NetR18_1 Pin=U4-7
Added Net: Name=NetR18_1
Added Pin To Net: NetName=NetR19_1 Pin=R19-1
Added Pin To Net: NetName=NetR19_1 Pin=U3-12
Added Pin To Net: NetName=NetR19_1 Pin=U4-12
Added Net: Name=NetR19_1
Added Pin To Net: NetName=NetR20_1 Pin=R20-1
Added Pin To Net: NetName=NetR20_1 Pin=U3-8
Added Pin To Net: NetName=NetR20_1 Pin=U4-11
Added Net: Name=NetR20_1
Added Pin To Net: NetName=NetR22_2 Pin=R22-2
Added Pin To Net: NetName=NetR22_2 Pin=U4-24
Added Net: Name=NetR22_2
Added Pin To Net: NetName=NetR23_2 Pin=R23-2
Added Pin To Net: NetName=NetR23_2 Pin=U4-10
Added Net: Name=NetR23_2
Added Pin To Net: NetName=NetU3_11 Pin=U3-11
Added Pin To Net: NetName=NetU3_11 Pin=U4-13
Added Net: Name=NetU3_11
Added Pin To Net: NetName=NetU3_31 Pin=U3-31
Added Pin To Net: NetName=NetU3_31 Pin=U4-17
Added Net: Name=NetU3_31
Added Pin To Net: NetName=NetU3_33 Pin=U3-33
Added Pin To Net: NetName=NetU3_33 Pin=U4-18
Added Net: Name=NetU3_33
Added Pin To Net: NetName=NetU3_36 Pin=U3-36
Added Pin To Net: NetName=NetU3_36 Pin=U4-16
Added Net: Name=NetU3_36
Added Pin To Net: NetName=RXN Pin=U4-22
Added Net: Name=RXN
Added Pin To Net: NetName=RXP Pin=U4-23
Added Net: Name=RXP
Added Pin To Net: NetName=TXN Pin=U4-20
Added Net: Name=TXN
Added Member To Class: ClassName=Ethernet Member=Component C24 20pF/50V
Added Member To Class: ClassName=Ethernet Member=Component C25 20pF/50V
Added Member To Class: ClassName=Ethernet Member=Component C26 100nF/50V
Added Member To Class: ClassName=Ethernet Member=Component C27 10uF/6.3V
Added Member To Class: ClassName=UART_RS485 Member=Component C28 100nF/50V
Added Member To Class: ClassName=UART_RS485 Member=Component C29 10uF/16V
Added Member To Class: ClassName=Display Member=Component C30 10uF/50V
Added Member To Class: ClassName=Display Member=Component C31 100nF/50V
Added Member To Class: ClassName=Interface Member=Component C34 1nF/50V
Added Member To Class: ClassName=Interface Member=Component C35 1nF/50V
Added Member To Class: ClassName=MCU Member=Component R11 10K/1%/1_10W
Added Member To Class: ClassName=MCU Member=Component R12 10K/1%/1_10W
Added Member To Class: ClassName=MCU Member=Component R13 10K/1%/1_10W
Added Member To Class: ClassName=MCU Member=Component R14 10K/1%/1_10W
Added Member To Class: ClassName=MCU Member=Component R15 10K/1%/1_10W
Added Member To Class: ClassName=MCU Member=Component R16 1K/1%/1_10W
Added Member To Class: ClassName=Ethernet Member=Component R17 10K/1%/1_10W
Added Member To Class: ClassName=Ethernet Member=Component R18 10K/1%/1_10W
Added Member To Class: ClassName=Ethernet Member=Component R19 10K/1%/1_10W
Added Member To Class: ClassName=Ethernet Member=Component R20 10K/1%/1_10W
Added Member To Class: ClassName=Ethernet Member=Component R21 10K/1%/1_10W
Added Member To Class: ClassName=Ethernet Member=Component R22 12.1K/1%/1_10W
Added Member To Class: ClassName=Ethernet Member=Component R23 10K/1%/1_10W
Added Member To Class: ClassName=UART_RS485 Member=Component R25 120R/1%/1_10W
Added Member To Class: ClassName=UART_RS485 Member=Component R26 10K/1%/1_10W
Added Member To Class: ClassName=Interface Member=Component R29 10K/1%/1_10W
Added Member To Class: ClassName=Interface Member=Component R30 10K/1%/1_10W
Added Member To Class: ClassName=Interface Member=Component R31 10K/1%/1_10W
