Removed Pin From Net: NetName=GND Pin=C26-1
Removed Pin From Net: NetName=5V Pin=C26-2
Removed Pin From Net: NetName=GND Pin=C27-1
Removed Pin From Net: NetName=5V Pin=C27-2
Removed Pin From Net: NetName=3V3 Pin=FB4-1
Removed Pin From Net: NetName=5V Pin=LCD1-1
Removed Pin From Net: NetName=GND Pin=LCD1-2
Removed Pin From Net: NetName=GND Pin=Q1-2
Removed Pin From Net: NetName=3V3 Pin=R19-2
Removed Pin From Net: NetName=GND Pin=R24-1
Removed Member From Class: ClassName=Display Member=C26
Removed Member From Class: ClassName=Display Member=C27
Removed Member From Class: ClassName=Display Member=FB4
Removed Member From Class: ClassName=Display Member=LCD1
Removed Member From Class: ClassName=Display Member=Q1
Removed Member From Class: ClassName=Display Member=R19
Removed Member From Class: ClassName=Display Member=R22
Removed Member From Class: ClassName=Display Member=R23
Removed Member From Class: ClassName=Display Member=R24
Change Component Footprint: Designator=R20 Old Footprint=RESISTOR_0402 New Footprint=Resistor_0603
Change Component Footprint: Designator=R21 Old Footprint=RESISTOR_0402 New Footprint=Resistor_0603
Change Component Comment : Designator=R20 Old Comment=10K/1%/1_16W New Comment=4.7K/1%/1_10W
Change Component Comment : Designator=R21 Old Comment=22R/1%/1_16W New Comment=4.7K/1%/1_10W
Change Component Designator: OldDesignator=C24 NewDesignator=C26
Change Component Designator: OldDesignator=C25 NewDesignator=C27
Change Component Designator: OldDesignator=C28 NewDesignator=C30
Change Component Designator: OldDesignator=C29 NewDesignator=C31
Change Component Designator: OldDesignator=C30 NewDesignator=C32
Change Component Designator: OldDesignator=C31 NewDesignator=C33
Change Component Designator: OldDesignator=C? NewDesignator=C11
Change Component Designator: OldDesignator=R11 NewDesignator=R12
Change Component Designator: OldDesignator=R12 NewDesignator=R13
Change Component Designator: OldDesignator=R13 NewDesignator=R14
Change Component Designator: OldDesignator=R14 NewDesignator=R15
Change Component Designator: OldDesignator=R15 NewDesignator=R16
Change Component Designator: OldDesignator=R16 NewDesignator=R17
Change Component Designator: OldDesignator=R17 NewDesignator=R18
Change Component Designator: OldDesignator=R18 NewDesignator=R19
Change Component Designator: OldDesignator=R25 NewDesignator=R22
Change Component Designator: OldDesignator=R26 NewDesignator=R23
Change Component Designator: OldDesignator=R27 NewDesignator=R24
Change Component Designator: OldDesignator=R28 NewDesignator=R25
Change Component Designator: OldDesignator=R? NewDesignator=R10
Change component parameters: Designator = "R20" ("R20"); Footprint = "RESISTOR_0402"; UniqueID = "\BDINTHGA" ("\BDINTHGA")
Change component parameters (AddParameter): Name = "Datasheet"; Value = ""; VariantName = "[No Variations]"
Change component parameters (AddParameter): Name = "Supply Name"; Value = "Thegioiic"; VariantName = "[No Variations]"
Change component parameters (AddParameter): Name = "Supply Part Number"; Value = "Ði?n Tr? 4.7 KOhm 0603 1%"; VariantName = "[No Variations]"
Change component parameters (AddParameter): Name = "Supply URL"; Value = "https://www.thegioiic.com/dien-tro-4-7-kohm-0603-1-"; VariantName = "[No Variations]"
Change component parameters: Designator = "R21" ("R21"); Footprint = "RESISTOR_0402"; UniqueID = "\OFEAREEO" ("\OFEAREEO")
Change component parameters (AddParameter): Name = "Datasheet"; Value = ""; VariantName = "[No Variations]"
Change component parameters (AddParameter): Name = "Supply Name"; Value = "Thegioiic"; VariantName = "[No Variations]"
Change component parameters (AddParameter): Name = "Supply Part Number"; Value = "Ði?n Tr? 4.7 KOhm 0603 1%"; VariantName = "[No Variations]"
Change component parameters (AddParameter): Name = "Supply URL"; Value = "https://www.thegioiic.com/dien-tro-4-7-kohm-0603-1-"; VariantName = "[No Variations]"
Added Component: Designator=C24(CAP_0603)
Add component (AddParameter): Name = "Datasheet"; Value = ""; VariantName = "[No Variations]"
Add component (AddParameter): Name = "Supply Name"; Value = "tme"; VariantName = "[No Variations]"
Add component (AddParameter): Name = "Supply Part Number"; Value = "CC0603JRNPO9BN200"; VariantName = "[No Variations]"
Add component (AddParameter): Name = "Supply URL"; Value = "http://tme.vn/Product.aspx?id=1305#page=pro_info"; VariantName = "[No Variations]"
Added Component: Designator=C25(CAP_0603)
Add component (AddParameter): Name = "Datasheet"; Value = ""; VariantName = "[No Variations]"
Add component (AddParameter): Name = "Supply Name"; Value = "tme"; VariantName = "[No Variations]"
Add component (AddParameter): Name = "Supply Part Number"; Value = "CC0603JRNPO9BN200"; VariantName = "[No Variations]"
Add component (AddParameter): Name = "Supply URL"; Value = "http://tme.vn/Product.aspx?id=1305#page=pro_info"; VariantName = "[No Variations]"
Added Component: Designator=C28(CAP_0805)
Add component (AddParameter): Name = "Datasheet"; Value = ""; VariantName = "[No Variations]"
Add component (AddParameter): Name = "Supply Name"; Value = "Thegioiic"; VariantName = "[No Variations]"
Add component (AddParameter): Name = "Supply Part Number"; Value = "T? G?m 0805 10uF 50V"; VariantName = "[No Variations]"
Add component (AddParameter): Name = "Supply URL"; Value = "https://www.thegioiic.com/tu-gom-0805-10uf-50v"; VariantName = "[No Variations]"
Added Component: Designator=C29(CAP_0805)
Add component (AddParameter): Name = "Datasheet"; Value = ""; VariantName = "[No Variations]"
Add component (AddParameter): Name = "Supply Name"; Value = "Thegioiic"; VariantName = "[No Variations]"
Add component (AddParameter): Name = "Supply Part Number"; Value = "T? G?m 0805 100nF (0.1uF) 50V"; VariantName = "[No Variations]"
Add component (AddParameter): Name = "Supply URL"; Value = "https://www.thegioiic.com/tu-gom-0805-100nf-0-1uf-50v"; VariantName = "[No Variations]"
Added Component: Designator=J3(JST-XH2.54-4P)
Add component (AddParameter): Name = "Datasheet"; Value = ""; VariantName = "[No Variations]"
Add component (AddParameter): Name = "Supply Name"; Value = "Thegioiic"; VariantName = "[No Variations]"
Add component (AddParameter): Name = "Supply Part Number"; Value = "Ð?u XH2.54mm 4 Chân Dán SMD N?m Ngang"; VariantName = "[No Variations]"
Add component (AddParameter): Name = "Supply URL"; Value = "https://www.thegioiic.com/dau-xh2-54mm-4-chan-dan-smd-nam-ngang"; VariantName = "[No Variations]"
Added Component: Designator=R11(Resistor_0603)
Add component (AddParameter): Name = "Datasheet"; Value = ""; VariantName = "[No Variations]"
Add component (AddParameter): Name = "Supply Name"; Value = "Thegioiic"; VariantName = "[No Variations]"
Add component (AddParameter): Name = "Supply Part Number"; Value = "Ði?n Tr? 10 KOhm 0603 1%"; VariantName = "[No Variations]"
Add component (AddParameter): Name = "Supply URL"; Value = "https://www.thegioiic.com/dien-tro-10-kohm-0603-1-"; VariantName = "[No Variations]"
Added Component: Designator=U6(MODULE_LCD-16X2)
Add component (AddParameter): Name = "Datasheet"; Value = "https://www.snapeda.com/parts/LCD-16X2/Gravitech/view-part/?ref=snap"; VariantName = "[No Variations]"
Add component (AddParameter): Name = "Supply Name"; Value = "Thegioiic"; VariantName = "[No Variations]"
Add component (AddParameter): Name = "Supply Part Number"; Value = "LCD 1602 N?n Xanh Lá Ch? Ðen 5V Kèm I2C Driver"; VariantName = "[No Variations]"
Add component (AddParameter): Name = "Supply URL"; Value = "https://www.thegioiic.com/lcd-1602-nen-xanh-la-chu-den-5v-kem-i2c-driver"; VariantName = "[No Variations]"
Added Pin To Net: NetName=GND Pin=C24-2
Added Pin To Net: NetName=GND Pin=C25-1
Added Pin To Net: NetName=GND Pin=C28-1
Added Pin To Net: NetName=5V Pin=C28-2
Added Pin To Net: NetName=GND Pin=C29-1
Added Pin To Net: NetName=5V Pin=C29-2
Added Pin To Net: NetName=5V Pin=J3-3
Added Pin To Net: NetName=GND Pin=J3-4
Added Pin To Net: NetName=GND Pin=J3-SH1
Added Pin To Net: NetName=GND Pin=J3-SH2
Added Pin To Net: NetName=GND Pin=R11-1
Added Pin To Net: NetName=LED_STATUS Pin=R11-2
Added Pin To Net: NetName=3V3 Pin=R21-2
Added Pin To Net: NetName=GND Pin=Y1-2
Added Pin To Net: NetName=GND Pin=Y1-4
Change Net Name : Old Net Name=NetC28_2 New Net Name=NetC30_2
Change Net Name : Old Net Name=NetC29_2 New Net Name=NetC31_2
Change Net Name : Old Net Name=NetC30_2 New Net Name=NetC32_2
Change Net Name : Old Net Name=NetC?_1 New Net Name=NetC11_1
Change Net Name : Old Net Name=NetR26_1 New Net Name=NetR23_1
Added Pin To Net: NetName=NetC24_1 Pin=C24-1
Added Pin To Net: NetName=NetC24_1 Pin=U4-4
Added Pin To Net: NetName=NetC24_1 Pin=Y1-3
Added Net: Name=NetC24_1
Added Pin To Net: NetName=NetC25_2 Pin=C25-2
Added Pin To Net: NetName=NetC25_2 Pin=U4-5
Added Pin To Net: NetName=NetC25_2 Pin=Y1-1
Added Net: Name=NetC25_2
Added Pin To Net: NetName=NetJ3_1 Pin=J3-1
Added Pin To Net: NetName=NetJ3_1 Pin=R20-1
Added Pin To Net: NetName=NetJ3_1 Pin=U3-13
Added Net: Name=NetJ3_1
Added Pin To Net: NetName=NetJ3_2 Pin=J3-2
Added Pin To Net: NetName=NetJ3_2 Pin=R21-1
Added Pin To Net: NetName=NetJ3_2 Pin=U3-23
Added Net: Name=NetJ3_2
Added Member To Class: ClassName=Ethernet Member=Component C24 20pF/50V
Added Member To Class: ClassName=Ethernet Member=Component C25 20pF/50V
Added Member To Class: ClassName=Display Member=Component C28 10uF/50V
Added Member To Class: ClassName=Display Member=Component C29 100nF/50V
Added Member To Class: ClassName=Display Member=Component J3 JST-XH2.54-4P
Added Member To Class: ClassName=MCU Member=Component R16 1K/1%/1_10W
Added Member To Class: ClassName=Display Member=Component U6 LCD-16X2-I2C
