Removed Pin From Net: NetName=GND Pin=U6-41_10
Removed Pin From Net: NetName=GND Pin=U6-41_11
Removed Pin From Net: NetName=GND Pin=U6-41_12
Removed Pin From Net: NetName=GND Pin=U6-41_13
Removed Pin From Net: NetName=GND Pin=U6-41_14
Removed Pin From Net: NetName=GND Pin=U6-41_15
Removed Pin From Net: NetName=GND Pin=U6-41_16
Removed Pin From Net: NetName=GND Pin=U6-41_17
Removed Pin From Net: NetName=GND Pin=U6-41_18
Removed Pin From Net: NetName=GND Pin=U6-41_19
Removed Pin From Net: NetName=GND Pin=U6-41_20
Removed Pin From Net: NetName=GND Pin=U6-41_21
Added Component: Designator=U7(XCVR_ESP32-S3-WROOM-1U-N16R8)
Add component (AddParameter): Name = "Datasheet"; Value = "https://www.espressif.com/sites/default/files/documentation/esp32-s3_datasheet_en.pdf"; VariantName = "[No Variations]"
Add component (AddParameter): Name = "Supply Name"; Value = "Thegioiic"; VariantName = "[No Variations]"
Add component (AddParameter): Name = "Supply Part Number"; Value = "ESP32-S3-WROOM-1U-N8R2 Module WiFi Bluetooth 8MB Flash, 2MB SRAM 2.4GHz"; VariantName = "[No Variations]"
Add component (AddParameter): Name = "Supply URL"; Value = "https://www.thegioiic.com/esp32-s3-wroom-1u-n8r2-module-wifi-bluetooth-8mb-flash-2mb-sram-2-4ghz"; VariantName = "[No Variations]"
Added Pin To Net: NetName=GND Pin=U7-1
Added Pin To Net: NetName=NetC31_2 Pin=U7-2
Added Pin To Net: NetName=NetC34_2 Pin=U7-3
Added Pin To Net: NetName=NetR85_1 Pin=U7-4
Added Pin To Net: NetName=NetR94_1 Pin=U7-5
Added Pin To Net: NetName=NetR87_2 Pin=U7-6
Added Pin To Net: NetName=NetR91_2 Pin=U7-7
Added Pin To Net: NetName=NetR48_1 Pin=U7-8
Added Pin To Net: NetName=NetR44_1 Pin=U7-9
Added Pin To Net: NetName=NetR42_1 Pin=U7-10
Added Pin To Net: NetName=NetR41_1 Pin=U7-11
Added Pin To Net: NetName=WF_SW_STATUS Pin=U7-12
Added Pin To Net: NetName=NetQ1_1 Pin=U7-13
Added Pin To Net: NetName=NetJ3_2 Pin=U7-17
Added Pin To Net: NetName=NetR81_1 Pin=U7-18
Added Pin To Net: NetName=NetLCD1_15 Pin=U7-19
Added Pin To Net: NetName=NetR36_1 Pin=U7-20
Added Pin To Net: NetName=NetLCD1_17 Pin=U7-21
Added Pin To Net: NetName=NetR82_1 Pin=U7-22
Added Pin To Net: NetName=NetR45_1 Pin=U7-23
Added Pin To Net: NetName=NetU7_24 Pin=U7-24
Added Pin To Net: NetName=NetLCD1_18 Pin=U7-25
Added Pin To Net: NetName=NetC33_2 Pin=U7-27
Added Pin To Net: NetName=NetR47_1 Pin=U7-31
Added Pin To Net: NetName=NetR80_1 Pin=U7-32
Added Pin To Net: NetName=NetR79_1 Pin=U7-33
Added Pin To Net: NetName=NetR137_2 Pin=U7-34
Added Pin To Net: NetName=NetR133_2 Pin=U7-35
Added Pin To Net: NetName=NetR118_1 Pin=U7-36
Added Pin To Net: NetName=NetR119_1 Pin=U7-37
Added Pin To Net: NetName=NetD29_1 Pin=U7-38
Added Pin To Net: NetName=WF_LED_STATUS Pin=U7-39
Added Pin To Net: NetName=GND Pin=U7-40
Added Pin To Net: NetName=GND Pin=U7-41_1
Added Pin To Net: NetName=GND Pin=U7-41_2
Added Pin To Net: NetName=GND Pin=U7-41_3
Added Pin To Net: NetName=GND Pin=U7-41_4
Added Pin To Net: NetName=GND Pin=U7-41_5
Added Pin To Net: NetName=GND Pin=U7-41_6
Added Pin To Net: NetName=GND Pin=U7-41_7
Added Pin To Net: NetName=GND Pin=U7-41_8
Added Pin To Net: NetName=GND Pin=U7-41_9
Add Class: Class already exists: Designator
Add Class: Class already exists: Designator
Add Class: Class already exists: Designator
Add Class: Class already exists: Designator
Add Class: Class already exists: Designator
Add Class: Class already exists: Designator
Add Class: Class already exists: Designator
Add Class: Class already exists: Designator
Add Class: Class already exists: Designator
Add Class: Class already exists: Designator
Add Class: Class already exists: Designator
Add Class: Class already exists: Designator
