Removed Pin From Net: NetName=5V Pin=FB4-2
Removed Member From Class: ClassName=Designator Member=C27
Removed Member From Class: ClassName=Designator Member=FB3
Removed Member From Class: ClassName=Designator Member=R20
Change Component Designator: OldDesignator=FB5 NewDesignator=FB4
Change Component Designator: OldDesignator=FB6 NewDesignator=FB5
Change Component Designator: OldDesignator=FB7 NewDesignator=FB6
Change Component Designator: OldDesignator=FB8 NewDesignator=FB7
Change Component Designator: OldDesignator=FB9 NewDesignator=FB8
Change Component Designator: OldDesignator=FB10 NewDesignator=FB9
Change Component Designator: OldDesignator=FB11 NewDesignator=FB10
Change Component Designator: OldDesignator=FB12 NewDesignator=FB11
Change Component Designator: OldDesignator=FB13 NewDesignator=FB12
Change Component Designator: OldDesignator=FB14 NewDesignator=FB13
Change Component Designator: OldDesignator=FB15 NewDesignator=FB14
Added Pin To Net: NetName=5V Pin=C39-2
Added Pin To Net: NetName=5V Pin=C40-2
Added Pin To Net: NetName=5V Pin=LCD1-1
Change Net Name : Old Net Name=NetFB11_1 New Net Name=NetFB10_1
Change Net Name : Old Net Name=NetFB14_1 New Net Name=NetFB13_1
Add Class: Class already exists: Designator
Add Class: Class already exists: Designator
Add Class: Class already exists: Designator
Add Class: Class already exists: Designator
Add Class: Class already exists: Designator
Add Class: Class already exists: Designator
Add Class: Class already exists: Designator
Add Class: Class already exists: Designator
Add Class: Class already exists: Designator
Add Class: Class already exists: Designator
Add Class: Class already exists: Designator
Add Class: Class already exists: Designator
Added Member To Class: ClassName=Designator Member=Component C26 100nF/50V
Added Member To Class: ClassName=Designator Member=Component FB1 120Ohm
Added Member To Class: ClassName=Designator Member=Component R19 10K/1%/1_16W
