Change Component Footprint: Designator=C53 Old Footprint=CAP_0603 New Footprint=CAP_0402
Change component parameters: Designator = "C53" ("C53"); Footprint = "CAP_0603"; UniqueID = "\PRZWLLOA\NKCJHRIP" ("\PRZWLLOA\NKCJHRIP")
Change component parameters (AddParameter): Name = "Datasheet"; Value = ""; VariantName = "[No Variations]"
Change component parameters (AddParameter): Name = "Supply Name"; Value = "Thegioiic"; VariantName = "[No Variations]"
Change component parameters (AddParameter): Name = "Supply Part Number"; Value = "T? G?m 0402 100nF (0.1uF) 50V"; VariantName = "[No Variations]"
Change component parameters (AddParameter): Name = "Supply URL"; Value = "https://www.thegioiic.com/tu-gom-0402-100nf-0-1uf-50v"; VariantName = "[No Variations]"
Added Component: Designator=C14(CAP_0603)
Add component (AddParameter): Name = "Datasheet"; Value = ""; VariantName = "[No Variations]"
Add component (AddParameter): Name = "Supply Name"; Value = "tme"; VariantName = "[No Variations]"
Add component (AddParameter): Name = "Supply Part Number"; Value = "CC0603KRX5R5BB106"; VariantName = "[No Variations]"
Add component (AddParameter): Name = "Supply URL"; Value = "http://www.tme.vn/Product.aspx?id=1165#page=pro_info"; VariantName = "[No Variations]"
Added Component: Designator=C15(CAP_0603)
Add component (AddParameter): Name = "Datasheet"; Value = ""; VariantName = "[No Variations]"
Add component (AddParameter): Name = "Supply Name"; Value = "Thegioiic"; VariantName = "[No Variations]"
Add component (AddParameter): Name = "Supply Part Number"; Value = "T? G?m 0603 100nF (0.1uF) 50V"; VariantName = "[No Variations]"
Add component (AddParameter): Name = "Supply URL"; Value = "https://www.thegioiic.com/tu-gom-0603-100nf-0-1uf-50v"; VariantName = "[No Variations]"
Added Component: Designator=C16(CAP_0603)
Add component (AddParameter): Name = "Datasheet"; Value = ""; VariantName = "[No Variations]"
Add component (AddParameter): Name = "Supply Name"; Value = "Thegioiic"; VariantName = "[No Variations]"
Add component (AddParameter): Name = "Supply Part Number"; Value = "T? G?m 0603 100nF (0.1uF) 50V"; VariantName = "[No Variations]"
Add component (AddParameter): Name = "Supply URL"; Value = "https://www.thegioiic.com/tu-gom-0603-100nf-0-1uf-50v"; VariantName = "[No Variations]"
Added Component: Designator=C17(CAP_0603)
Add component (AddParameter): Name = "Datasheet"; Value = ""; VariantName = "[No Variations]"
Add component (AddParameter): Name = "Supply Name"; Value = "tme"; VariantName = "[No Variations]"
Add component (AddParameter): Name = "Supply Part Number"; Value = "CC0603KRX5R5BB106"; VariantName = "[No Variations]"
Add component (AddParameter): Name = "Supply URL"; Value = "http://www.tme.vn/Product.aspx?id=1165#page=pro_info"; VariantName = "[No Variations]"
Added Component: Designator=C18(CAP_0603)
Add component (AddParameter): Name = "Datasheet"; Value = ""; VariantName = "[No Variations]"
Add component (AddParameter): Name = "Supply Name"; Value = "tme"; VariantName = "[No Variations]"
Add component (AddParameter): Name = "Supply Part Number"; Value = "CC0603KRX5R5BB106"; VariantName = "[No Variations]"
Add component (AddParameter): Name = "Supply URL"; Value = "http://www.tme.vn/Product.aspx?id=1165#page=pro_info"; VariantName = "[No Variations]"
Added Component: Designator=C21(CAP_0603)
Add component (AddParameter): Name = "Datasheet"; Value = ""; VariantName = "[No Variations]"
Add component (AddParameter): Name = "Supply Name"; Value = "tme"; VariantName = "[No Variations]"
Add component (AddParameter): Name = "Supply Part Number"; Value = "CC0603KRX5R5BB106"; VariantName = "[No Variations]"
Add component (AddParameter): Name = "Supply URL"; Value = "http://www.tme.vn/Product.aspx?id=1165#page=pro_info"; VariantName = "[No Variations]"
Added Component: Designator=C52(CAP_0402)
Add component (AddParameter): Name = "Datasheet"; Value = ""; VariantName = "[No Variations]"
Add component (AddParameter): Name = "Supply Name"; Value = "Thegioiic"; VariantName = "[No Variations]"
Add component (AddParameter): Name = "Supply Part Number"; Value = "T? G?m 0402 100nF (0.1uF) 50V"; VariantName = "[No Variations]"
Add component (AddParameter): Name = "Supply URL"; Value = "https://www.thegioiic.com/tu-gom-0402-100nf-0-1uf-50v"; VariantName = "[No Variations]"
Added Pin To Net: NetName=GND Pin=C14-1
Added Pin To Net: NetName=3V3 Pin=C14-2
Added Pin To Net: NetName=GND Pin=C15-1
Added Pin To Net: NetName=3V3 Pin=C15-2
Added Pin To Net: NetName=GND Pin=C16-1
Added Pin To Net: NetName=2V8 Pin=C16-2
Added Pin To Net: NetName=GND Pin=C17-1
Added Pin To Net: NetName=2V8 Pin=C17-2
Added Pin To Net: NetName=GND Pin=C18-1
Added Pin To Net: NetName=3V3 Pin=C18-2
Added Pin To Net: NetName=GND Pin=C21-1
Added Pin To Net: NetName=1V2 Pin=C21-2
Added Pin To Net: NetName=GND Pin=C52-1
Added Pin To Net: NetName=5V Pin=C52-2
Add Class: Class already exists: Designator
Add Class: Class already exists: Designator
Add Class: Class already exists: Designator
Add Class: Class already exists: Designator
Add Class: Class already exists: Designator
Add Class: Class already exists: Designator
Add Class: Class already exists: Designator
Add Class: Class already exists: Designator
Add Class: Class already exists: Designator
Add Class: Class already exists: Designator
Add Class: Class already exists: Designator
Add Class: Class already exists: Designator
Added Member To Class: ClassName=Designator Member=Component C14 10uF/6.3V
Added Member To Class: ClassName=Designator Member=Component C15 100nF/50V
Added Member To Class: ClassName=Designator Member=Component C16 100nF/50V
Added Member To Class: ClassName=Designator Member=Component C17 10uF/6.3V
Added Member To Class: ClassName=Designator Member=Component C18 10uF/6.3V
Added Member To Class: ClassName=Designator Member=Component C21 10uF/6.3V
