Removed Pin From Net: NetName=3V3 Pin=C83-2
Removed Pin From Net: NetName=3V3 Pin=C84-2
Removed Pin From Net: NetName=3V3 Pin=U16-1
Change Component Designator: OldDesignator=FB10 NewDesignator=FB11
Change Component Designator: OldDesignator=FB11 NewDesignator=FB12
Change Component Designator: OldDesignator=FB12 NewDesignator=FB13
Change Component Designator: OldDesignator=FB13 NewDesignator=FB14
Change Component Description : Designator=J5 Old Description=USB Type C - Connector, Top-mount SMT, 16pos New Description=USB Type C - Connector, Top-mount SMT, 16pos | Molex Incorporated 217179-0001
Change Component Description : Designator=J6 Old Description=USB Type C - Connector, Top-mount SMT, 16pos New Description=USB Type C - Connector, Top-mount SMT, 16pos | Molex Incorporated 217179-0001
Added Component: Designator=FB10(Ferrite_Bead_0805)
Add component (AddParameter): Name = "Datasheet"; Value = ""; VariantName = "[No Variations]"
Add component (AddParameter): Name = "Supply Name"; Value = "Thegioiic"; VariantName = "[No Variations]"
Add component (AddParameter): Name = "Supply Part Number"; Value = "CBW201209U121T Ferrite Beads 2A 120 Ohm 0805"; VariantName = "[No Variations]"
Add component (AddParameter): Name = "Supply URL"; Value = "https://www.thegioiic.com/cbw201209u121t-ferrite-beads-2a-120-ohm-0805"; VariantName = "[No Variations]"
Added Pin To Net: NetName=3V3 Pin=FB10-2
Change Net Name : Old Net Name=NetFB10_1 New Net Name=NetFB11_1
Change Net Name : Old Net Name=NetFB12_1 New Net Name=NetFB13_1
Added Pin To Net: NetName=NetC83_2 Pin=C83-2
Added Pin To Net: NetName=NetC83_2 Pin=C84-2
Added Pin To Net: NetName=NetC83_2 Pin=FB10-1
Added Pin To Net: NetName=NetC83_2 Pin=U16-1
Added Net: Name=NetC83_2
Add Class: Class already exists: Designator
Add Class: Class already exists: Designator
Add Class: Class already exists: Designator
Add Class: Class already exists: Designator
Add Class: Class already exists: Designator
Add Class: Class already exists: Designator
Add Class: Class already exists: Designator
Add Class: Class already exists: Designator
Add Class: Class already exists: Designator
Add Class: Class already exists: Designator
Add Class: Class already exists: Designator
Add Class: Class already exists: Designator
Added Member To Class: ClassName=Designator Member=Component TP5 VCC
Added Member To Class: ClassName=Designator Member=Component TP6 12V
Added Member To Class: ClassName=Designator Member=Component TP8 3V3
