Change Component Designator: OldDesignator=R66 NewDesignator=R67
Change Component Designator: OldDesignator=R67 NewDesignator=R66
Change component parameters: Designator = "C62" ("C62"); Footprint = "CAP_0603"; UniqueID = "\PRZWLLOA\SOCPTDZG" ("\PRZWLLOA\SOCPTDZG")
Change component parameters (AddParameter): Name = "Datasheet"; Value = ""; VariantName = "[No Variations]"
Change component parameters (AddParameter): Name = "Supply Name"; Value = "tme"; VariantName = "[No Variations]"
Change component parameters (AddParameter): Name = "Supply Part Number"; Value = "CC0603KRX7R9BB222"; VariantName = "[No Variations]"
Change component parameters (AddParameter): Name = "Supply URL"; Value = "http://www.tme.vn/Product.aspx?id=1310#page=pro_info"; VariantName = "[No Variations]"
Change component parameters: Designator = "C63" ("C63"); Footprint = "CAP_0603"; UniqueID = "\PRZWLLOA\EOUVWLRN" ("\PRZWLLOA\EOUVWLRN")
Change component parameters (AddParameter): Name = "Datasheet"; Value = ""; VariantName = "[No Variations]"
Change component parameters (AddParameter): Name = "Supply Name"; Value = "tme"; VariantName = "[No Variations]"
Change component parameters (AddParameter): Name = "Supply Part Number"; Value = "CC0603KRX7R9BB222"; VariantName = "[No Variations]"
Change component parameters (AddParameter): Name = "Supply URL"; Value = "http://www.tme.vn/Product.aspx?id=1310#page=pro_info"; VariantName = "[No Variations]"
Change component parameters: Designator = "C68" ("C68"); Footprint = "CAP_0603"; UniqueID = "\PRZWLLOA\DTSJZODH" ("\PRZWLLOA\DTSJZODH")
Change component parameters (AddParameter): Name = "Datasheet"; Value = ""; VariantName = "[No Variations]"
Change component parameters (AddParameter): Name = "Supply Name"; Value = "tme"; VariantName = "[No Variations]"
Change component parameters (AddParameter): Name = "Supply Part Number"; Value = "CC0603KRX7R9BB222"; VariantName = "[No Variations]"
Change component parameters (AddParameter): Name = "Supply URL"; Value = "http://www.tme.vn/Product.aspx?id=1310#page=pro_info"; VariantName = "[No Variations]"
Change component parameters: Designator = "C69" ("C69"); Footprint = "CAP_0603"; UniqueID = "\PRZWLLOA\ZORCIYCW" ("\PRZWLLOA\ZORCIYCW")
Change component parameters (AddParameter): Name = "Datasheet"; Value = ""; VariantName = "[No Variations]"
Change component parameters (AddParameter): Name = "Supply Name"; Value = "tme"; VariantName = "[No Variations]"
Change component parameters (AddParameter): Name = "Supply Part Number"; Value = "CC0603KRX7R9BB222"; VariantName = "[No Variations]"
Change component parameters (AddParameter): Name = "Supply URL"; Value = "http://www.tme.vn/Product.aspx?id=1310#page=pro_info"; VariantName = "[No Variations]"
Add Class: Class already exists: Designator
Add Class: Class already exists: Designator
Add Class: Class already exists: Designator
Add Class: Class already exists: Designator
Add Class: Class already exists: Designator
Add Class: Class already exists: Designator
Add Class: Class already exists: Designator
Add Class: Class already exists: Designator
Add Class: Class already exists: Designator
Add Class: Class already exists: Designator
Add Class: Class already exists: Designator
Add Class: Class already exists: Designator
