Removed Pin From Net: NetName=NetJ2_3 Pin=U7-10
Removed Pin From Net: NetName=NetJ2_2 Pin=U7-11
Change Component Designator: OldDesignator=R41 NewDesignator=R43
Change Component Designator: OldDesignator=R42 NewDesignator=R44
Change Component Designator: OldDesignator=R43 NewDesignator=R45
Change Component Designator: OldDesignator=R44 NewDesignator=R46
Change Component Designator: OldDesignator=R45 NewDesignator=R47
Change Component Designator: OldDesignator=R46 NewDesignator=R48
Change Component Designator: OldDesignator=R47 NewDesignator=R49
Change Component Designator: OldDesignator=R48 NewDesignator=R50
Change Component Designator: OldDesignator=R49 NewDesignator=R51
Change Component Designator: OldDesignator=R50 NewDesignator=R52
Change Component Designator: OldDesignator=R51 NewDesignator=R53
Change Component Designator: OldDesignator=R52 NewDesignator=R54
Change Component Designator: OldDesignator=R53 NewDesignator=R55
Change Component Designator: OldDesignator=R54 NewDesignator=R56
Change Component Designator: OldDesignator=R55 NewDesignator=R57
Change Component Designator: OldDesignator=R56 NewDesignator=R58
Change Component Designator: OldDesignator=R57 NewDesignator=R59
Change Component Designator: OldDesignator=R58 NewDesignator=R60
Change Component Designator: OldDesignator=R59 NewDesignator=R61
Change Component Designator: OldDesignator=R60 NewDesignator=R62
Change Component Designator: OldDesignator=R61 NewDesignator=R63
Change Component Designator: OldDesignator=R62 NewDesignator=R64
Change Component Designator: OldDesignator=R63 NewDesignator=R65
Change Component Designator: OldDesignator=R64 NewDesignator=R66
Change Component Designator: OldDesignator=R65 NewDesignator=R67
Change Component Designator: OldDesignator=R66 NewDesignator=R68
Change Component Designator: OldDesignator=R67 NewDesignator=R69
Change Component Designator: OldDesignator=R68 NewDesignator=R70
Change Component Designator: OldDesignator=R69 NewDesignator=R71
Change Component Designator: OldDesignator=R70 NewDesignator=R72
Change Component Designator: OldDesignator=R71 NewDesignator=R73
Change Component Designator: OldDesignator=R72 NewDesignator=R74
Change Component Designator: OldDesignator=R73 NewDesignator=R75
Change Component Designator: OldDesignator=R74 NewDesignator=R76
Change Component Designator: OldDesignator=R75 NewDesignator=R77
Change Component Designator: OldDesignator=R76 NewDesignator=R78
Change Component Designator: OldDesignator=R77 NewDesignator=R79
Change Component Designator: OldDesignator=R78 NewDesignator=R80
Change Component Designator: OldDesignator=R79 NewDesignator=R81
Change Component Designator: OldDesignator=R80 NewDesignator=R82
Change Component Designator: OldDesignator=R81 NewDesignator=R83
Change Component Designator: OldDesignator=R82 NewDesignator=R84
Change Component Designator: OldDesignator=R83 NewDesignator=R85
Change Component Designator: OldDesignator=R84 NewDesignator=R86
Change Component Designator: OldDesignator=R85 NewDesignator=R87
Change Component Designator: OldDesignator=R86 NewDesignator=R88
Change Component Designator: OldDesignator=R87 NewDesignator=R89
Change Component Designator: OldDesignator=R88 NewDesignator=R90
Change Component Designator: OldDesignator=R89 NewDesignator=R91
Change Component Designator: OldDesignator=R90 NewDesignator=R92
Change Component Designator: OldDesignator=R91 NewDesignator=R93
Change Component Designator: OldDesignator=R92 NewDesignator=R94
Change Component Designator: OldDesignator=R93 NewDesignator=R95
Change Component Designator: OldDesignator=R94 NewDesignator=R96
Change Component Designator: OldDesignator=R95 NewDesignator=R97
Change Component Designator: OldDesignator=R96 NewDesignator=R98
Change Component Designator: OldDesignator=R97 NewDesignator=R99
Change Component Designator: OldDesignator=R98 NewDesignator=R100
Change Component Designator: OldDesignator=R99 NewDesignator=R101
Change Component Designator: OldDesignator=R100 NewDesignator=R102
Change Component Designator: OldDesignator=R101 NewDesignator=R103
Change Component Designator: OldDesignator=R102 NewDesignator=R104
Change Component Designator: OldDesignator=R103 NewDesignator=R105
Change Component Designator: OldDesignator=R104 NewDesignator=R106
Change Component Designator: OldDesignator=R105 NewDesignator=R107
Change Component Designator: OldDesignator=R106 NewDesignator=R108
Change Component Designator: OldDesignator=R107 NewDesignator=R109
Change Component Designator: OldDesignator=R108 NewDesignator=R110
Change Component Designator: OldDesignator=R109 NewDesignator=R111
Change Component Designator: OldDesignator=R110 NewDesignator=R112
Change Component Designator: OldDesignator=R111 NewDesignator=R113
Change Component Designator: OldDesignator=R112 NewDesignator=R114
Change Component Designator: OldDesignator=R113 NewDesignator=R115
Change Component Designator: OldDesignator=R114 NewDesignator=R116
Change Component Designator: OldDesignator=R115 NewDesignator=R117
Change Component Designator: OldDesignator=R116 NewDesignator=R118
Change Component Designator: OldDesignator=R117 NewDesignator=R119
Change Component Designator: OldDesignator=R118 NewDesignator=R120
Change Component Designator: OldDesignator=R119 NewDesignator=R121
Change Component Designator: OldDesignator=R120 NewDesignator=R122
Change Component Designator: OldDesignator=R121 NewDesignator=R123
Change Component Designator: OldDesignator=R122 NewDesignator=R124
Change Component Designator: OldDesignator=R123 NewDesignator=R125
Change Component Designator: OldDesignator=R124 NewDesignator=R126
Change Component Designator: OldDesignator=R125 NewDesignator=R127
Change Component Designator: OldDesignator=R126 NewDesignator=R128
Change Component Designator: OldDesignator=R127 NewDesignator=R129
Change Component Designator: OldDesignator=R128 NewDesignator=R130
Change Component Designator: OldDesignator=R129 NewDesignator=R131
Change Component Designator: OldDesignator=R130 NewDesignator=R132
Change Component Designator: OldDesignator=R131 NewDesignator=R133
Change Component Designator: OldDesignator=R132 NewDesignator=R134
Change Component Designator: OldDesignator=R133 NewDesignator=R135
Change Component Designator: OldDesignator=R134 NewDesignator=R136
Added Component: Designator=R41(RESISTOR_0402)
Add component (AddParameter): Name = "Datasheet"; Value = ""; VariantName = "[No Variations]"
Add component (AddParameter): Name = "Supply Name"; Value = ""; VariantName = "[No Variations]"
Add component (AddParameter): Name = "Supply Part Number"; Value = ""; VariantName = "[No Variations]"
Add component (AddParameter): Name = "Supply URL"; Value = ""; VariantName = "[No Variations]"
Added Component: Designator=R42(RESISTOR_0402)
Add component (AddParameter): Name = "Datasheet"; Value = ""; VariantName = "[No Variations]"
Add component (AddParameter): Name = "Supply Name"; Value = ""; VariantName = "[No Variations]"
Add component (AddParameter): Name = "Supply Part Number"; Value = ""; VariantName = "[No Variations]"
Add component (AddParameter): Name = "Supply URL"; Value = ""; VariantName = "[No Variations]"
Added Pin To Net: NetName=NetJ2_2 Pin=R41-2
Added Pin To Net: NetName=NetJ2_3 Pin=R42-2
Change Net Name : Old Net Name=NetR42_1 New Net Name=NetR44_1
Change Net Name : Old Net Name=NetR42_2 New Net Name=NetR44_2
Change Net Name : Old Net Name=NetR43_1 New Net Name=NetR45_1
Change Net Name : Old Net Name=NetR43_2 New Net Name=NetR45_2
Change Net Name : Old Net Name=NetR45_1 New Net Name=NetR47_1
Change Net Name : Old Net Name=NetR45_2 New Net Name=NetR47_2
Change Net Name : Old Net Name=NetR46_1 New Net Name=NetR48_1
Change Net Name : Old Net Name=NetR46_2 New Net Name=NetR48_2
Change Net Name : Old Net Name=NetR52_1 New Net Name=NetR54_1
Change Net Name : Old Net Name=NetR52_2 New Net Name=NetR54_2
Change Net Name : Old Net Name=NetR56_1 New Net Name=NetR58_1
Change Net Name : Old Net Name=NetR56_2 New Net Name=NetR58_2
Change Net Name : Old Net Name=NetR58_1 New Net Name=NetR60_1
Change Net Name : Old Net Name=NetR74_1 New Net Name=NetR76_1
Change Net Name : Old Net Name=NetR77_1 New Net Name=NetR79_1
Change Net Name : Old Net Name=NetR78_1 New Net Name=NetR80_1
Change Net Name : Old Net Name=NetR79_1 New Net Name=NetR81_1
Change Net Name : Old Net Name=NetR80_1 New Net Name=NetR82_1
Change Net Name : Old Net Name=NetR81_2 New Net Name=NetR83_2
Change Net Name : Old Net Name=NetR83_1 New Net Name=NetR85_1
Change Net Name : Old Net Name=NetR83_2 New Net Name=NetR85_2
Change Net Name : Old Net Name=NetR85_2 New Net Name=NetR87_2
Change Net Name : Old Net Name=NetR89_2 New Net Name=NetR91_2
Change Net Name : Old Net Name=NetR92_1 New Net Name=NetR94_1
Change Net Name : Old Net Name=NetR92_2 New Net Name=NetR94_2
Change Net Name : Old Net Name=NetR103_1 New Net Name=NetR105_1
Change Net Name : Old Net Name=NetR104_1 New Net Name=NetR106_1
Change Net Name : Old Net Name=NetR105_1 New Net Name=NetR107_1
Change Net Name : Old Net Name=NetR106_1 New Net Name=NetR108_1
Change Net Name : Old Net Name=NetR107_1 New Net Name=NetR109_1
Change Net Name : Old Net Name=NetR114_1 New Net Name=NetR116_1
Change Net Name : Old Net Name=NetR115_1 New Net Name=NetR117_1
Change Net Name : Old Net Name=NetR117_1 New Net Name=NetR119_1
Change Net Name : Old Net Name=NetR118_1 New Net Name=NetR120_1
Change Net Name : Old Net Name=NetR119_1 New Net Name=NetR121_1
Change Net Name : Old Net Name=NetR126_1 New Net Name=NetR128_1
Change Net Name : Old Net Name=NetR126_2 New Net Name=NetR128_2
Change Net Name : Old Net Name=NetR127_1 New Net Name=NetR129_1
Change Net Name : Old Net Name=NetR127_2 New Net Name=NetR129_2
Change Net Name : Old Net Name=NetR130_1 New Net Name=NetR132_1
Change Net Name : Old Net Name=NetR130_2 New Net Name=NetR132_2
Change Net Name : Old Net Name=NetR131_1 New Net Name=NetR133_1
Change Net Name : Old Net Name=NetR131_2 New Net Name=NetR133_2
Change Net Name : Old Net Name=NetR132_1 New Net Name=NetR134_1
Change Net Name : Old Net Name=NetR133_1 New Net Name=NetR135_1
Added Pin To Net: NetName=NetR41_1 Pin=R41-1
Added Pin To Net: NetName=NetR41_1 Pin=U7-11
Added Net: Name=NetR41_1
Added Pin To Net: NetName=NetR42_1 Pin=R42-1
Added Pin To Net: NetName=NetR42_1 Pin=U7-10
Added Net: Name=NetR42_1
Add Class: Class already exists: Designator
Add Class: Class already exists: Designator
Add Class: Class already exists: Designator
Add Class: Class already exists: Designator
Add Class: Class already exists: Designator
Add Class: Class already exists: Designator
Add Class: Class already exists: Designator
Add Class: Class already exists: Designator
Add Class: Class already exists: Designator
Add Class: Class already exists: Designator
Add Class: Class already exists: Designator
Add Class: Class already exists: Designator
