Removed Pin From Net: NetName=NetLCD1_18 Pin=R35-1
Removed Pin From Net: NetName=NetLCD1_16 Pin=R36-2
Removed Pin From Net: NetName=NetLCD1_15 Pin=U7-19
Removed Pin From Net: NetName=NetLCD1_17 Pin=U7-21
Removed Pin From Net: NetName=NetLCD1_18 Pin=U7-25
Removed Pin From Net: NetName=NetLCD1_17 Pin=U16-4
Added Pin To Net: NetName=NetLCD1_15 Pin=R35-1
Added Pin To Net: NetName=NetLCD1_18 Pin=R36-2
Added Pin To Net: NetName=NetLCD1_17 Pin=U7-19
Added Pin To Net: NetName=NetLCD1_16 Pin=U7-21
Added Pin To Net: NetName=NetLCD1_15 Pin=U7-25
Added Pin To Net: NetName=NetLCD1_16 Pin=U16-4
Add Class: Class already exists: Designator
Add Class: Class already exists: Designator
Add Class: Class already exists: Designator
Add Class: Class already exists: Designator
Add Class: Class already exists: Designator
Add Class: Class already exists: Designator
Add Class: Class already exists: Designator
Add Class: Class already exists: Designator
Add Class: Class already exists: Designator
Add Class: Class already exists: Designator
Add Class: Class already exists: Designator
Add Class: Class already exists: Designator
