Change Component Designator: OldDesignator=R131 NewDesignator=R133
Change Component Designator: OldDesignator=R132 NewDesignator=R134
Change Component Designator: OldDesignator=R133 NewDesignator=R137
Change Component Designator: OldDesignator=R134 NewDesignator=R138
Change Component Designator: OldDesignator=R135 NewDesignator=R139
Change Component Description : Designator=J6 Old Description=USB Type C - Connector, Top-mount SMT, 16pos New Description=USB Type C - Connector, Top-mount SMT, 16pos | Molex Incorporated 217179-0001
Change Component Description : Designator=J7 Old Description=USB Type C - Connector, Top-mount SMT, 16pos New Description=USB Type C - Connector, Top-mount SMT, 16pos | Molex Incorporated 217179-0001
Added Component: Designator=R131(RESISTOR_0402)
Add component (AddParameter): Name = "Datasheet"; Value = ""; VariantName = "[No Variations]"
Add component (AddParameter): Name = "Supply Name"; Value = ""; VariantName = "[No Variations]"
Add component (AddParameter): Name = "Supply Part Number"; Value = ""; VariantName = "[No Variations]"
Add component (AddParameter): Name = "Supply URL"; Value = ""; VariantName = "[No Variations]"
Added Component: Designator=R132(RESISTOR_0402)
Add component (AddParameter): Name = "Datasheet"; Value = ""; VariantName = "[No Variations]"
Add component (AddParameter): Name = "Supply Name"; Value = ""; VariantName = "[No Variations]"
Add component (AddParameter): Name = "Supply Part Number"; Value = ""; VariantName = "[No Variations]"
Add component (AddParameter): Name = "Supply URL"; Value = ""; VariantName = "[No Variations]"
Added Component: Designator=R135(RESISTOR_0402)
Add component (AddParameter): Name = "Datasheet"; Value = ""; VariantName = "[No Variations]"
Add component (AddParameter): Name = "Supply Name"; Value = ""; VariantName = "[No Variations]"
Add component (AddParameter): Name = "Supply Part Number"; Value = ""; VariantName = "[No Variations]"
Add component (AddParameter): Name = "Supply URL"; Value = ""; VariantName = "[No Variations]"
Added Component: Designator=R136(RESISTOR_0402)
Add component (AddParameter): Name = "Datasheet"; Value = ""; VariantName = "[No Variations]"
Add component (AddParameter): Name = "Supply Name"; Value = ""; VariantName = "[No Variations]"
Add component (AddParameter): Name = "Supply Part Number"; Value = ""; VariantName = "[No Variations]"
Add component (AddParameter): Name = "Supply URL"; Value = ""; VariantName = "[No Variations]"
Change Net Name : Old Net Name=NetR133_1 New Net Name=NetR137_1
Change Net Name : Old Net Name=NetR134_1 New Net Name=NetR138_1
Added Pin To Net: NetName=NetR131_1 Pin=R131-1
Added Pin To Net: NetName=NetR131_1 Pin=U6-15
Added Net: Name=NetR131_1
Added Pin To Net: NetName=NetR131_2 Pin=R131-2
Added Pin To Net: NetName=NetR131_2 Pin=U26-1
Added Net: Name=NetR131_2
Added Pin To Net: NetName=NetR132_1 Pin=R132-1
Added Pin To Net: NetName=NetR132_1 Pin=U27-1
Added Net: Name=NetR132_1
Added Pin To Net: NetName=NetR132_2 Pin=R132-2
Added Pin To Net: NetName=NetR132_2 Pin=U7-35
Added Net: Name=NetR132_2
Added Pin To Net: NetName=NetR135_1 Pin=R135-1
Added Pin To Net: NetName=NetR135_1 Pin=U6-4
Added Net: Name=NetR135_1
Added Pin To Net: NetName=NetR135_2 Pin=R135-2
Added Pin To Net: NetName=NetR135_2 Pin=U26-4
Added Net: Name=NetR135_2
Added Pin To Net: NetName=NetR136_1 Pin=R136-1
Added Pin To Net: NetName=NetR136_1 Pin=U27-4
Added Net: Name=NetR136_1
Added Pin To Net: NetName=NetR136_2 Pin=R136-2
Added Pin To Net: NetName=NetR136_2 Pin=U7-34
Added Net: Name=NetR136_2
Add Class: Class already exists: Designator
Add Class: Class already exists: Designator
Add Class: Class already exists: Designator
Add Class: Class already exists: Designator
Add Class: Class already exists: Designator
Add Class: Class already exists: Designator
Add Class: Class already exists: Designator
Add Class: Class already exists: Designator
Add Class: Class already exists: Designator
Add Class: Class already exists: Designator
Add Class: Class already exists: Designator
Add Class: Class already exists: Designator
