Change Component Designator: OldDesignator=R108 NewDesignator=R109
Change Component Designator: OldDesignator=R109 NewDesignator=R111
Change Component Designator: OldDesignator=R110 NewDesignator=R112
Change Component Designator: OldDesignator=R111 NewDesignator=R113
Change Component Designator: OldDesignator=R112 NewDesignator=R114
Change Component Designator: OldDesignator=R113 NewDesignator=R115
Change Component Designator: OldDesignator=R114 NewDesignator=R116
Change Component Designator: OldDesignator=R115 NewDesignator=R117
Change Component Designator: OldDesignator=R116 NewDesignator=R118
Change Component Designator: OldDesignator=R117 NewDesignator=R119
Change Component Designator: OldDesignator=R118 NewDesignator=R120
Change Component Designator: OldDesignator=R119 NewDesignator=R121
Change Component Designator: OldDesignator=R120 NewDesignator=R123
Change Component Designator: OldDesignator=R121 NewDesignator=R125
Change Component Designator: OldDesignator=R122 NewDesignator=R126
Change Component Designator: OldDesignator=R123 NewDesignator=R127
Change Component Designator: OldDesignator=R124 NewDesignator=R128
Change Component Designator: OldDesignator=R125 NewDesignator=R129
Change Component Designator: OldDesignator=R126 NewDesignator=R130
Change Component Designator: OldDesignator=R127 NewDesignator=R131
Change Component Designator: OldDesignator=R128 NewDesignator=R132
Change Component Designator: OldDesignator=R129 NewDesignator=R133
Change Component Designator: OldDesignator=R130 NewDesignator=R134
Change Component Designator: OldDesignator=R131 NewDesignator=R135
Change Component Designator: OldDesignator=R132 NewDesignator=R136
Change Component Designator: OldDesignator=R133 NewDesignator=R137
Change Component Designator: OldDesignator=R134 NewDesignator=R138
Change Component Designator: OldDesignator=R135 NewDesignator=R139
Change Component Designator: OldDesignator=R136 NewDesignator=R140
Change Component Designator: OldDesignator=R? NewDesignator=R108
Change Component Designator: OldDesignator=R? NewDesignator=R110
Change Component Designator: OldDesignator=R? NewDesignator=R122
Change Component Designator: OldDesignator=R? NewDesignator=R124
Added Pin To Net: NetName=BLE_N Pin=R108-1
Added Pin To Net: NetName=BLE_P Pin=R110-1
Change Net Name : Old Net Name=NetR108_1 New Net Name=NetR109_1
Change Net Name : Old Net Name=NetR109_1 New Net Name=NetR111_1
Change Net Name : Old Net Name=NetR116_1 New Net Name=NetR118_1
Change Net Name : Old Net Name=NetR117_1 New Net Name=NetR119_1
Change Net Name : Old Net Name=NetR119_1 New Net Name=NetR121_1
Change Net Name : Old Net Name=NetR120_1 New Net Name=NetR123_1
Change Net Name : Old Net Name=NetR121_1 New Net Name=NetR125_1
Change Net Name : Old Net Name=NetR128_1 New Net Name=NetR132_1
Change Net Name : Old Net Name=NetR128_2 New Net Name=NetR132_2
Change Net Name : Old Net Name=NetR129_1 New Net Name=NetR133_1
Change Net Name : Old Net Name=NetR129_2 New Net Name=NetR133_2
Change Net Name : Old Net Name=NetR132_1 New Net Name=NetR136_1
Change Net Name : Old Net Name=NetR132_2 New Net Name=NetR136_2
Change Net Name : Old Net Name=NetR133_1 New Net Name=NetR137_1
Change Net Name : Old Net Name=NetR133_2 New Net Name=NetR137_2
Change Net Name : Old Net Name=NetR134_1 New Net Name=NetR138_1
Change Net Name : Old Net Name=NetR135_1 New Net Name=NetR139_1
Change Net Name : Old Net Name=NetR?_2 New Net Name=NetR124_2
Added Pin To Net: NetName=NetR108_2 Pin=R108-2
Added Pin To Net: NetName=NetR108_2 Pin=U22-2
Added Net: Name=NetR108_2
Added Pin To Net: NetName=NetR110_2 Pin=R110-2
Added Pin To Net: NetName=NetR110_2 Pin=U22-1
Added Net: Name=NetR110_2
Added Pin To Net: NetName=NetR122_2 Pin=R122-2
Added Pin To Net: NetName=NetR122_2 Pin=U24-2
Added Net: Name=NetR122_2
Add Class: Class already exists: Designator
Add Class: Class already exists: Designator
Add Class: Class already exists: Designator
Add Class: Class already exists: Designator
Add Class: Class already exists: Designator
Add Class: Class already exists: Designator
Add Class: Class already exists: Designator
Add Class: Class already exists: Designator
Add Class: Class already exists: Designator
Add Class: Class already exists: Designator
Add Class: Class already exists: Designator
Add Class: Class already exists: Designator
