Removed Pin From Net: NetName=3V3 Pin=FB4-2
Change Component Designator: OldDesignator=FB5 NewDesignator=FB4
Change Component Designator: OldDesignator=FB6 NewDesignator=FB5
Change Component Designator: OldDesignator=FB7 NewDesignator=FB6
Change Component Designator: OldDesignator=FB8 NewDesignator=FB7
Change Component Designator: OldDesignator=FB9 NewDesignator=FB8
Change Component Designator: OldDesignator=FB10 NewDesignator=FB9
Change Component Designator: OldDesignator=FB11 NewDesignator=FB10
Change Component Designator: OldDesignator=FB12 NewDesignator=FB11
Change Component Designator: OldDesignator=FB13 NewDesignator=FB12
Change Component Designator: OldDesignator=FB14 NewDesignator=FB13
Change Component Designator: OldDesignator=FB15 NewDesignator=FB14
Added Pin To Net: NetName=3V3 Pin=C44-2
Added Pin To Net: NetName=3V3 Pin=C45-2
Added Pin To Net: NetName=3V3 Pin=U8-8
Change Net Name : Old Net Name=NetFB11_1 New Net Name=NetFB10_1
Change Net Name : Old Net Name=NetFB14_1 New Net Name=NetFB13_1
Add Class: Class already exists: Designator
Add Class: Class already exists: Designator
Add Class: Class already exists: Designator
Add Class: Class already exists: Designator
Add Class: Class already exists: Designator
Add Class: Class already exists: Designator
Add Class: Class already exists: Designator
Add Class: Class already exists: Designator
Add Class: Class already exists: Designator
Add Class: Class already exists: Designator
Add Class: Class already exists: Designator
Add Class: Class already exists: Designator
