Removed Pin From Net: NetName=GND Pin=P4-1
Removed Pin From Net: NetName=NetP4_2 Pin=P4-2
Removed Pin From Net: NetName=GND Pin=P4-3
Added Pin To Net: NetName=GND Pin=P4-2
Added Pin To Net: NetName=NetP4_2 Pin=P4-3
Added Pin To Net: NetName=GND Pin=P4-4
Change Net Name : Old Net Name=NetP4_2 New Net Name=NetP4_3
Added Pin To Net: NetName=NetP4_1 Pin=P4-1
Added Pin To Net: NetName=NetP4_1 Pin=R70-1
Added Pin To Net: NetName=NetP4_1 Pin=TP17-1
Added Net: Name=NetP4_1
Add Class: Class already exists: Designator
Add Class: Class already exists: Designator
Add Class: Class already exists: Designator
Add Class: Class already exists: Designator
Add Class: Class already exists: Designator
Add Class: Class already exists: Designator
Add Class: Class already exists: Designator
Add Class: Class already exists: Designator
Add Class: Class already exists: Designator
Add Class: Class already exists: Designator
Add Class: Class already exists: Designator
Add Class: Class already exists: Designator
