Change Footprint: Footprint Not Found CAP_1206
Change Footprint: Footprint Not Found CAP_1206
Change Component Comment : Designator=C7 Old Comment=10uF/50V New Comment=10uF/35V
Change component parameters: Designator = "C7" ("C7"); Footprint = "CAP_0805"; UniqueID = "\XLUAPMEB\LCNBRIJL" ("\XLUAPMEB\LCNBRIJL")
Change component parameters (AddParameter): Name = "Datasheet"; Value = ""; VariantName = "[No Variations]"
Change component parameters (AddParameter): Name = "Supply Name"; Value = "Thegioiic"; VariantName = "[No Variations]"
Change component parameters (AddParameter): Name = "Supply Part Number"; Value = "T? G?m 1206 10uF 35V"; VariantName = "[No Variations]"
Change component parameters (AddParameter): Name = "Supply URL"; Value = "https://www.thegioiic.com/tu-gom-1206-10uf-35v"; VariantName = "[No Variations]"
Change component parameters: Designator = "C8" ("C8"); Footprint = "CAP_0603"; UniqueID = "\XLUAPMEB\PHCIUVFT" ("\XLUAPMEB\PHCIUVFT")
Change component parameters (AddParameter): Name = "Datasheet"; Value = ""; VariantName = "[No Variations]"
Change component parameters (AddParameter): Name = "Supply Name"; Value = "Thegioiic"; VariantName = "[No Variations]"
Change component parameters (AddParameter): Name = "Supply Part Number"; Value = "T? G?m 1206 100nF (0.1uF) 50V"; VariantName = "[No Variations]"
Change component parameters (AddParameter): Name = "Supply URL"; Value = "https://www.thegioiic.com/tu-gom-1206-100nf-0-1uf-50v"; VariantName = "[No Variations]"
Add Class: Class already exists: Designator
Add Class: Class already exists: Designator
Add Class: Class already exists: Designator
Add Class: Class already exists: Designator
Add Class: Class already exists: Designator
Add Class: Class already exists: Designator
Add Class: Class already exists: Designator
Add Class: Class already exists: Designator
Add Class: Class already exists: Designator
Add Class: Class already exists: Designator
Add Class: Class already exists: Designator
