Change Component Designator: Old Designator=C70 New Designator=C90
Change Component Designator: Old Designator=C71 New Designator=C91
Change Component Designator: Old Designator=C? New Designator=C92
Change Component Designator: Old Designator=C? New Designator=C93
Change Component Designator: Old Designator=C? New Designator=C94
Change Component Designator: Old Designator=C? New Designator=C95
Change Component Designator: Old Designator=C? New Designator=C96
Change Component Designator: Old Designator=C? New Designator=C97
Change Component Designator: Old Designator=D6 New Designator=D15
Change Component Designator: Old Designator=D7 New Designator=D16
Change Component Designator: Old Designator=D? New Designator=D17
Change Component Designator: Old Designator=D? New Designator=D18
Change Component Designator: Old Designator=FB? New Designator=FB12
Change Component Designator: Old Designator=Q2 New Designator=Q3
Change Component Designator: Old Designator=Q3 New Designator=Q4
Change Component Designator: Old Designator=Q? New Designator=Q5
Change Component Designator: Old Designator=R85 New Designator=R82
Change Component Designator: Old Designator=R86 New Designator=R84
Change Component Designator: Old Designator=R87 New Designator=R83
Change Component Designator: Old Designator=R88 New Designator=R87
Change Component Designator: Old Designator=R89 New Designator=R85
Change Component Designator: Old Designator=R90 New Designator=R86
Change Component Designator: Old Designator=R91 New Designator=R88
Change Component Designator: Old Designator=R92 New Designator=R89
Change Component Designator: Old Designator=R93 New Designator=R92
Change Component Designator: Old Designator=R94 New Designator=R90
Change Component Designator: Old Designator=R95 New Designator=R91
Change Component Designator: Old Designator=R96 New Designator=R93
Change Component Designator: Old Designator=R97 New Designator=R94
Change Component Designator: Old Designator=R? New Designator=R95
Change Component Designator: Old Designator=R? New Designator=R96
Change Component Designator: Old Designator=R? New Designator=R97
