Change Component Designator: Old Designator=C80 New Designator=C62
Change Component Designator: Old Designator=C81 New Designator=C63
Change Component Designator: Old Designator=D4 New Designator=D6
Change Component Designator: Old Designator=D5 New Designator=D7
Change Component Designator: Old Designator=P8 New Designator=P7
Change Component Designator: Old Designator=P9 New Designator=P8
Change Component Designator: Old Designator=P10 New Designator=P9
Change Component Designator: Old Designator=Q2 New Designator=Q3
Change Component Designator: Old Designator=Q3 New Designator=Q4
Change Component Designator: Old Designator=R73 New Designator=R68
Change Component Designator: Old Designator=R74 New Designator=R69
Change Component Designator: Old Designator=R75 New Designator=R70
Change Component Designator: Old Designator=R76 New Designator=R72
Change Component Designator: Old Designator=R77 New Designator=R71
Change Component Designator: Old Designator=R78 New Designator=R74
Change Component Designator: Old Designator=R79 New Designator=R75
Change Component Designator: Old Designator=R80 New Designator=R76
Change Component Designator: Old Designator=R81 New Designator=R78
Change Component Designator: Old Designator=R82 New Designator=R79
Change Component Designator: Old Designator=R? New Designator=R73
Change Component Designator: Old Designator=R? New Designator=R77
Change Component Designator: Old Designator=U20 New Designator=U18
Change Component Designator: Old Designator=U21 New Designator=U19
Change Component Designator: Old Designator=U22 New Designator=U20
Change Component Designator: Old Designator=U23 New Designator=U21
Change Component Designator: Old Designator=U24 New Designator=U22
