Change Component Designator: Old Designator=C62 New Designator=C72
Change Component Designator: Old Designator=C63 New Designator=C73
Change Component Designator: Old Designator=C? New Designator=C70
Change Component Designator: Old Designator=C? New Designator=C71
Change Component Designator: Old Designator=Q3 New Designator=Q2
Change Component Designator: Old Designator=Q4 New Designator=Q3
Change Component Designator: Old Designator=R68 New Designator=R85
Change Component Designator: Old Designator=R69 New Designator=R86
Change Component Designator: Old Designator=R70 New Designator=R87
Change Component Designator: Old Designator=R71 New Designator=R88
Change Component Designator: Old Designator=R72 New Designator=R89
Change Component Designator: Old Designator=R73 New Designator=R90
Change Component Designator: Old Designator=R74 New Designator=R91
Change Component Designator: Old Designator=R75 New Designator=R92
Change Component Designator: Old Designator=R76 New Designator=R94
Change Component Designator: Old Designator=R77 New Designator=R95
Change Component Designator: Old Designator=R78 New Designator=R96
Change Component Designator: Old Designator=R79 New Designator=R97
Change Component Designator: Old Designator=R? New Designator=R93
Change Component Designator: Old Designator=U18 New Designator=U17
Change Component Designator: Old Designator=U19 New Designator=U18
Change Component Designator: Old Designator=U20 New Designator=U19
Change Component Designator: Old Designator=U21 New Designator=U20
Change Component Designator: Old Designator=U22 New Designator=U21
