Removed Member From Class: ClassName=Designator Member=C27
Removed Member From Class: ClassName=Designator Member=C28
Removed Member From Class: ClassName=Designator Member=C29
Removed Member From Class: ClassName=Designator Member=C30
Removed Member From Class: ClassName=Designator Member=C31
Removed Member From Class: ClassName=Designator Member=C32
Removed Member From Class: ClassName=Designator Member=C33
Removed Member From Class: ClassName=Designator Member=C34
Removed Member From Class: ClassName=Designator Member=C35
Removed Member From Class: ClassName=Designator Member=C36
Removed Member From Class: ClassName=Designator Member=C37
Removed Member From Class: ClassName=Designator Member=C38
Removed Member From Class: ClassName=Designator Member=C39
Removed Member From Class: ClassName=Designator Member=C40
Removed Member From Class: ClassName=Designator Member=C41
Removed Member From Class: ClassName=Designator Member=C42
Removed Member From Class: ClassName=Designator Member=C43
Removed Member From Class: ClassName=Designator Member=C44
Removed Member From Class: ClassName=Designator Member=C45
Removed Member From Class: ClassName=Designator Member=C46
Removed Member From Class: ClassName=Designator Member=C47
Removed Member From Class: ClassName=Designator Member=C48
Removed Member From Class: ClassName=Designator Member=C49
Removed Member From Class: ClassName=Designator Member=C50
Removed Member From Class: ClassName=Designator Member=C51
Removed Member From Class: ClassName=Designator Member=C52
Removed Member From Class: ClassName=Designator Member=C53
Removed Member From Class: ClassName=Designator Member=C54
Removed Member From Class: ClassName=Designator Member=C55
Removed Member From Class: ClassName=Designator Member=C56
Removed Member From Class: ClassName=Designator Member=C57
Removed Member From Class: ClassName=Designator Member=C58
Removed Member From Class: ClassName=Designator Member=C59
Removed Member From Class: ClassName=Designator Member=C60
Removed Member From Class: ClassName=Designator Member=C61
Removed Member From Class: ClassName=Designator Member=C62
Removed Member From Class: ClassName=Designator Member=C63
Removed Member From Class: ClassName=Designator Member=C64
Removed Member From Class: ClassName=Designator Member=C65
Removed Member From Class: ClassName=Designator Member=C66
Removed Member From Class: ClassName=Designator Member=C67
Removed Member From Class: ClassName=Designator Member=C68
Removed Member From Class: ClassName=Designator Member=C69
Removed Member From Class: ClassName=Designator Member=C70
Removed Member From Class: ClassName=Designator Member=C71
Removed Member From Class: ClassName=Designator Member=C72
Removed Member From Class: ClassName=Designator Member=C73
Removed Member From Class: ClassName=Designator Member=C74
Removed Member From Class: ClassName=Designator Member=C75
Removed Member From Class: ClassName=Designator Member=C76
Removed Member From Class: ClassName=Designator Member=C77
Removed Member From Class: ClassName=Designator Member=C78
Removed Member From Class: ClassName=Designator Member=C79
Removed Member From Class: ClassName=Designator Member=C80
Removed Member From Class: ClassName=Designator Member=C81
Removed Member From Class: ClassName=Designator Member=C82
Removed Member From Class: ClassName=Designator Member=C83
Removed Member From Class: ClassName=Designator Member=C84
Removed Member From Class: ClassName=Designator Member=C85
Removed Member From Class: ClassName=Designator Member=C86
Removed Member From Class: ClassName=Designator Member=C87
Removed Member From Class: ClassName=Designator Member=C88
Removed Member From Class: ClassName=Designator Member=C89
Removed Member From Class: ClassName=Designator Member=C90
Removed Member From Class: ClassName=Designator Member=C91
Removed Member From Class: ClassName=Designator Member=C92
Removed Member From Class: ClassName=Designator Member=C93
Removed Member From Class: ClassName=Designator Member=C94
Removed Member From Class: ClassName=Designator Member=C95
Removed Member From Class: ClassName=Designator Member=C96
Removed Member From Class: ClassName=Designator Member=C97
Removed Member From Class: ClassName=Designator Member=C98
Removed Member From Class: ClassName=Designator Member=C99
Removed Member From Class: ClassName=Designator Member=C100
Removed Member From Class: ClassName=Designator Member=C101
Removed Member From Class: ClassName=Designator Member=C102
Removed Member From Class: ClassName=Designator Member=C103
Removed Member From Class: ClassName=Designator Member=C104
Removed Member From Class: ClassName=Designator Member=C105
Removed Member From Class: ClassName=Designator Member=D10
Removed Member From Class: ClassName=Designator Member=D11
Removed Member From Class: ClassName=Designator Member=D12
Removed Member From Class: ClassName=Designator Member=D13
Removed Member From Class: ClassName=Designator Member=D14
Removed Member From Class: ClassName=Designator Member=D15
Removed Member From Class: ClassName=Designator Member=D16
Removed Member From Class: ClassName=Designator Member=D17
Removed Member From Class: ClassName=Designator Member=D18
Removed Member From Class: ClassName=Designator Member=D19
Removed Member From Class: ClassName=Designator Member=D20
Removed Member From Class: ClassName=Designator Member=D21
Removed Member From Class: ClassName=Designator Member=FB1
Removed Member From Class: ClassName=Designator Member=FB2
Removed Member From Class: ClassName=Designator Member=FB3
Removed Member From Class: ClassName=Designator Member=FB4
Removed Member From Class: ClassName=Designator Member=FB5
Removed Member From Class: ClassName=Designator Member=FB6
Removed Member From Class: ClassName=Designator Member=FB7
Removed Member From Class: ClassName=Designator Member=FB8
Removed Member From Class: ClassName=Designator Member=FB9
Removed Member From Class: ClassName=Designator Member=FB10
Removed Member From Class: ClassName=Designator Member=FB11
Removed Member From Class: ClassName=Designator Member=FB12
Removed Member From Class: ClassName=Designator Member=FB13
Removed Member From Class: ClassName=Designator Member=FB14
Removed Member From Class: ClassName=Designator Member=FB15
Removed Member From Class: ClassName=Designator Member=FB16
Removed Member From Class: ClassName=Designator Member=FB17
Removed Member From Class: ClassName=Designator Member=FB18
Removed Member From Class: ClassName=Designator Member=J1
Removed Member From Class: ClassName=Designator Member=J2
Removed Member From Class: ClassName=Designator Member=J3
Removed Member From Class: ClassName=Designator Member=J4
Removed Member From Class: ClassName=Designator Member=J5
Removed Member From Class: ClassName=Designator Member=J6
Removed Member From Class: ClassName=Designator Member=J7
Removed Member From Class: ClassName=Designator Member=K1
Removed Member From Class: ClassName=Designator Member=K2
Removed Member From Class: ClassName=Designator Member=LCD1
Removed Member From Class: ClassName=Designator Member=P2
Removed Member From Class: ClassName=Designator Member=P3
Removed Member From Class: ClassName=Designator Member=P4
Removed Member From Class: ClassName=Designator Member=P5
Removed Member From Class: ClassName=Designator Member=P6
Removed Member From Class: ClassName=Designator Member=P7
Removed Member From Class: ClassName=Designator Member=P8
Removed Member From Class: ClassName=Designator Member=Q1
Removed Member From Class: ClassName=Designator Member=Q2
Removed Member From Class: ClassName=Designator Member=Q3
Removed Member From Class: ClassName=Designator Member=Q4
Removed Member From Class: ClassName=Designator Member=Q5
Removed Member From Class: ClassName=Designator Member=Q6
Removed Member From Class: ClassName=Designator Member=Q7
Removed Member From Class: ClassName=Designator Member=Q8
Removed Member From Class: ClassName=Designator Member=Q9
Removed Member From Class: ClassName=Designator Member=R19
Removed Member From Class: ClassName=Designator Member=R20
Removed Member From Class: ClassName=Designator Member=R21
Removed Member From Class: ClassName=Designator Member=R22
Removed Member From Class: ClassName=Designator Member=R23
Removed Member From Class: ClassName=Designator Member=R24
Removed Member From Class: ClassName=Designator Member=R25
Removed Member From Class: ClassName=Designator Member=R26
Removed Member From Class: ClassName=Designator Member=R27
Removed Member From Class: ClassName=Designator Member=R28
Removed Member From Class: ClassName=Designator Member=R29
Removed Member From Class: ClassName=Designator Member=R30
Removed Member From Class: ClassName=Designator Member=R31
Removed Member From Class: ClassName=Designator Member=R32
Removed Member From Class: ClassName=Designator Member=R33
Removed Member From Class: ClassName=Designator Member=R34
Removed Member From Class: ClassName=Designator Member=R35
Removed Member From Class: ClassName=Designator Member=R36
Removed Member From Class: ClassName=Designator Member=R37
Removed Member From Class: ClassName=Designator Member=R38
Removed Member From Class: ClassName=Designator Member=R39
Removed Member From Class: ClassName=Designator Member=R40
Removed Member From Class: ClassName=Designator Member=R41
Removed Member From Class: ClassName=Designator Member=R42
Removed Member From Class: ClassName=Designator Member=R43
Removed Member From Class: ClassName=Designator Member=R44
Removed Member From Class: ClassName=Designator Member=R45
Removed Member From Class: ClassName=Designator Member=R46
Removed Member From Class: ClassName=Designator Member=R47
Removed Member From Class: ClassName=Designator Member=R48
Removed Member From Class: ClassName=Designator Member=R49
Removed Member From Class: ClassName=Designator Member=R50
Removed Member From Class: ClassName=Designator Member=R51
Removed Member From Class: ClassName=Designator Member=R52
Removed Member From Class: ClassName=Designator Member=R53
Removed Member From Class: ClassName=Designator Member=R54
Removed Member From Class: ClassName=Designator Member=R55
Removed Member From Class: ClassName=Designator Member=R56
Removed Member From Class: ClassName=Designator Member=R57
Removed Member From Class: ClassName=Designator Member=R58
Removed Member From Class: ClassName=Designator Member=R59
Removed Member From Class: ClassName=Designator Member=R60
Removed Member From Class: ClassName=Designator Member=R61
Removed Member From Class: ClassName=Designator Member=R62
Removed Member From Class: ClassName=Designator Member=R63
Removed Member From Class: ClassName=Designator Member=R64
Removed Member From Class: ClassName=Designator Member=R65
Removed Member From Class: ClassName=Designator Member=R66
Removed Member From Class: ClassName=Designator Member=R67
Removed Member From Class: ClassName=Designator Member=R68
Removed Member From Class: ClassName=Designator Member=R69
Removed Member From Class: ClassName=Designator Member=R70
Removed Member From Class: ClassName=Designator Member=R71
Removed Member From Class: ClassName=Designator Member=R72
Removed Member From Class: ClassName=Designator Member=R73
Removed Member From Class: ClassName=Designator Member=R74
Removed Member From Class: ClassName=Designator Member=R75
Removed Member From Class: ClassName=Designator Member=R76
Removed Member From Class: ClassName=Designator Member=R77
Removed Member From Class: ClassName=Designator Member=R78
Removed Member From Class: ClassName=Designator Member=R79
Removed Member From Class: ClassName=Designator Member=R80
Removed Member From Class: ClassName=Designator Member=R81
Removed Member From Class: ClassName=Designator Member=R82
Removed Member From Class: ClassName=Designator Member=R83
Removed Member From Class: ClassName=Designator Member=R84
Removed Member From Class: ClassName=Designator Member=R85
Removed Member From Class: ClassName=Designator Member=R86
Removed Member From Class: ClassName=Designator Member=R87
Removed Member From Class: ClassName=Designator Member=R88
Removed Member From Class: ClassName=Designator Member=R89
Removed Member From Class: ClassName=Designator Member=R90
Removed Member From Class: ClassName=Designator Member=R91
Removed Member From Class: ClassName=Designator Member=R92
Removed Member From Class: ClassName=Designator Member=R93
Removed Member From Class: ClassName=Designator Member=R94
Removed Member From Class: ClassName=Designator Member=R95
Removed Member From Class: ClassName=Designator Member=R96
Removed Member From Class: ClassName=Designator Member=R97
Removed Member From Class: ClassName=Designator Member=R98
Removed Member From Class: ClassName=Designator Member=R99
Removed Member From Class: ClassName=Designator Member=R100
Removed Member From Class: ClassName=Designator Member=R101
Removed Member From Class: ClassName=Designator Member=R102
Removed Member From Class: ClassName=Designator Member=R103
Removed Member From Class: ClassName=Designator Member=R104
Removed Member From Class: ClassName=Designator Member=R105
Removed Member From Class: ClassName=Designator Member=R106
Removed Member From Class: ClassName=Designator Member=R107
Removed Member From Class: ClassName=Designator Member=R108
Removed Member From Class: ClassName=Designator Member=R109
Removed Member From Class: ClassName=Designator Member=R110
Removed Member From Class: ClassName=Designator Member=R111
Removed Member From Class: ClassName=Designator Member=R112
Removed Member From Class: ClassName=Designator Member=R113
Removed Member From Class: ClassName=Designator Member=R114
Removed Member From Class: ClassName=Designator Member=R115
Removed Member From Class: ClassName=Designator Member=R116
Removed Member From Class: ClassName=Designator Member=R117
Removed Member From Class: ClassName=Designator Member=R118
Removed Member From Class: ClassName=Designator Member=R119
Removed Member From Class: ClassName=Designator Member=R120
Removed Member From Class: ClassName=Designator Member=R121
Removed Member From Class: ClassName=Designator Member=R122
Removed Member From Class: ClassName=Designator Member=R123
Removed Member From Class: ClassName=Designator Member=SW1
Removed Member From Class: ClassName=Designator Member=SW2
Removed Member From Class: ClassName=Designator Member=SW3
Removed Member From Class: ClassName=Designator Member=SW4
Removed Member From Class: ClassName=Designator Member=SW5
Removed Member From Class: ClassName=Designator Member=TP12
Removed Member From Class: ClassName=Designator Member=TP13
Removed Member From Class: ClassName=Designator Member=TP14
Removed Member From Class: ClassName=Designator Member=TP15
Removed Member From Class: ClassName=Designator Member=TP16
Removed Member From Class: ClassName=Designator Member=TP17
Removed Member From Class: ClassName=Designator Member=TP18
Removed Member From Class: ClassName=Designator Member=TP19
Removed Member From Class: ClassName=Designator Member=TP20
Removed Member From Class: ClassName=Designator Member=U6
Removed Member From Class: ClassName=Designator Member=U7
Removed Member From Class: ClassName=Designator Member=U8
Removed Member From Class: ClassName=Designator Member=U9
Removed Member From Class: ClassName=Designator Member=U10
Removed Member From Class: ClassName=Designator Member=U11
Removed Member From Class: ClassName=Designator Member=U12
Removed Member From Class: ClassName=Designator Member=U13
Removed Member From Class: ClassName=Designator Member=U14
Removed Member From Class: ClassName=Designator Member=U15
Removed Member From Class: ClassName=Designator Member=U16
Removed Member From Class: ClassName=Designator Member=U17
Removed Member From Class: ClassName=Designator Member=U18
Removed Member From Class: ClassName=Designator Member=U19
Removed Member From Class: ClassName=Designator Member=U20
Removed Member From Class: ClassName=Designator Member=U21
Removed Member From Class: ClassName=Designator Member=U22
Removed Member From Class: ClassName=Designator Member=U23
Removed Member From Class: ClassName=Designator Member=U24
Removed Member From Class: ClassName=Designator Member=U25
Add Class: Class already exists: Designator
Add Class: Class already exists: Designator
Add Class: Class already exists: Designator
Add Class: Class already exists: Designator
Add Class: Class already exists: Designator
Add Class: Class already exists: Designator
Add Class: Class already exists: Designator
Add Class: Class already exists: Designator
Add Class: Class already exists: Designator
Add Class: Class already exists: Designator
Add Class: Class already exists: Designator
