Change Net Name : Old Net Name=BLE_USB_D_N New Net Name=BLE_USB_N
Change Net Name : Old Net Name=BLE_USB_D_P New Net Name=BLE_USB_P
Added Pin To Net: NetName=BLE_N Pin=U22-2
Added Pin To Net: NetName=BLE_N Pin=U23-3
Added Net: Name=BLE_N
Added Pin To Net: NetName=BLE_P Pin=U22-1
Added Pin To Net: NetName=BLE_P Pin=U23-1
Added Net: Name=BLE_P
Add Class: Class already exists: Designator
Add Class: Class already exists: Designator
Add Class: Class already exists: Designator
Add Class: Class already exists: Designator
Add Class: Class already exists: Designator
Add Class: Class already exists: Designator
Add Class: Class already exists: Designator
Add Class: Class already exists: Designator
Add Class: Class already exists: Designator
Add Class: Class already exists: Designator
Add Class: Class already exists: Designator
Added Differential Pair: Name=BLE_USB
Added Differential Pair: Name=BLE
