Add Component: Footprint Not Found CAP_0603
Add Component: Footprint Not Found CAP_0603
Add Component: Footprint Not Found CAP_0805
Add Component: Footprint Not Found CAP_0603
Add Component: Footprint Not Found CAP_1206
Add Component: Footprint Not Found CAP_1206
Add Component: Footprint Not Found CAP_0805
Add Component: Footprint Not Found CAP_0603
Add Component: Footprint Not Found CAP_0603
Add Component: Footprint Not Found CAP_1206
Add Component: Footprint Not Found CAP_1206
Add Component: Footprint Not Found CAP_0603
Add Component: Footprint Not Found CAP_0603
Add Component: Footprint Not Found CAP_0603
Add Component: Footprint Not Found CAP_0603
Add Component: Footprint Not Found CAP_0603
Add Component: Footprint Not Found CAP_0603
Add Component: Footprint Not Found CAP_0603
Add Component: Footprint Not Found CAP_0603
Add Component: Footprint Not Found CAP_0603
Add Component: Footprint Not Found CAP_0603
Add Component: Footprint Not Found CAP_0805
Add Component: Footprint Not Found CAP_0805
Add Component: Footprint Not Found CAP_0805
Add Component: Footprint Not Found CAP_0603
Add Component: Footprint Not Found CAP_0603
Add Component: Footprint Not Found CAP_0805
Add Component: Footprint Not Found CAP_0805
Add Component: Footprint Not Found CAP_0603
Add Component: Footprint Not Found CAP_0603
Add Component: Footprint Not Found CAP_0805
Add Component: Footprint Not Found CAP_0805
Add Component: Footprint Not Found CAP_0603
Add Component: Footprint Not Found CAP_0603
Add Component: Footprint Not Found CAP_0603
Add Component: Footprint Not Found CAP_0603
Add Component: Footprint Not Found CAP_0603
Add Component: Footprint Not Found CAP_0603
Add Component: Footprint Not Found CAP_0603
Add Component: Footprint Not Found CAP_0603
Add Component: Footprint Not Found CAP_0603
Add Component: Footprint Not Found CAP_0603
Add Component: Footprint Not Found CAP_0603
Add Component: Footprint Not Found CAP_0603
Add Component: Footprint Not Found CAP_0603
Add Component: Footprint Not Found CAP_0603
Add Component: Footprint Not Found CAP_0603
Add Component: Footprint Not Found CAP_0603
Add Component: Footprint Not Found CAP_0603
Add Component: Footprint Not Found CAP_0603
Add Component: Footprint Not Found CAP_0603
Add Component: Footprint Not Found CAP_0603
Add Component: Footprint Not Found CAP_0603
Add Component: Footprint Not Found CAP_0603
Add Component: Footprint Not Found TanTa_Cap_A
Add Component: Footprint Not Found CAP_0603
Add Component: Footprint Not Found CAP_0603
Add Component: Footprint Not Found TanTa_Cap_A
Add Component: Footprint Not Found CAP_0603
Add Component: Footprint Not Found CAP_0603
Add Component: Footprint Not Found CAP_0603
Add Component: Footprint Not Found CAP_0603
Add Component: Footprint Not Found CAP_0603
Add Component: Footprint Not Found CAP_0603
Add Component: Footprint Not Found CAP_0603
Add Component: Footprint Not Found CAP_0603
Add Component: Footprint Not Found CAP_0603
Add Component: Footprint Not Found CAP_0603
Add Component: Footprint Not Found CAP_0603
Add Component: Footprint Not Found CAP_0603
Add Component: Footprint Not Found CAP_0603
Add Component: Footprint Not Found CAP_0603
Add Component: Footprint Not Found CAP_0603
Add Component: Footprint Not Found CAP_0603
Add Component: Footprint Not Found CAP_0603
Add Component: Footprint Not Found CAP_0603
Add Component: Footprint Not Found CAP_0603
Add Component: Footprint Not Found CAP_0603
Add Component: Footprint Not Found CAP_0603
Add Component: Footprint Not Found CAP_0603
Add Component: Footprint Not Found CAP_0603
Add Component: Footprint Not Found CAP_0603
Add Component: Footprint Not Found CAP_0603
Add Component: Footprint Not Found CAP_0603
Add Component: Footprint Not Found CAP_0603
Add Component: Footprint Not Found CAP_0603
Add Component: Footprint Not Found CAP_0603
Add Component: Footprint Not Found CAP_0603
Add Component: Footprint Not Found CAP_0603
Add Component: Footprint Not Found CAP_0603
Add Component: Footprint Not Found CAP_0603
Add Component: Footprint Not Found CAP_0603
Add Component: Footprint Not Found CAP_0603
Add Component: Footprint Not Found CAP_0603
Add Component: Footprint Not Found CAP_0603
Add Component: Footprint Not Found CAP_0603
Add Component: Footprint Not Found CAP_0603
Add Component: Footprint Not Found CAP_0603
Add Component: Footprint Not Found CAP_0603
Add Component: Footprint Not Found CAP_0603
Add Component: Footprint Not Found CAP_0603
Add Component: Footprint Not Found CAP_0603
Add Component: Footprint Not Found CAP_0603
Add Component: Footprint Not Found CAP_0603
Add Component: Footprint Not Found CAP_0603
Add Component: Footprint Not Found D_SMA
Add Component: Footprint Not Found D_SMA
Add Component: Footprint Not Found D_SMA
Add Component: Footprint Not Found SOD-123
Add Component: Footprint Not Found D_SMA
Add Component: Footprint Not Found LED_0805
Add Component: Footprint Not Found LED_0805
Add Component: Footprint Not Found LED_0805
Add Component: Footprint Not Found LED_0805
Add Component: Footprint Not Found LED_0805
Add Component: Footprint Not Found LED_0805
Add Component: Footprint Not Found SOD-80
Add Component: Footprint Not Found SOD-80
Add Component: Footprint Not Found SOD-80
Add Component: Footprint Not Found SOD-80
Add Component: Footprint Not Found D_SMA
Add Component: Footprint Not Found D_SMA
Add Component: Footprint Not Found LED_0805
Add Component: Footprint Not Found LED_0805
Add Component: Footprint Not Found SOT-23
Add Component: Footprint Not Found SOT-23
Add Component: Footprint Not Found FUSER_MF-MSMF075/24-2
Add Component: Footprint Not Found Ferrite_Bead_0805
Add Component: Footprint Not Found Ferrite_Bead_0805
Add Component: Footprint Not Found Ferrite_Bead_0805
Add Component: Footprint Not Found Ferrite_Bead_0805
Add Component: Footprint Not Found Ferrite_Bead_0805
Add Component: Footprint Not Found Ferrite_Bead_0805
Add Component: Footprint Not Found Ferrite_Bead_0805
Add Component: Footprint Not Found Ferrite_Bead_0805
Add Component: Footprint Not Found Ferrite_Bead_0805
Add Component: Footprint Not Found Ferrite_Bead_0805
Add Component: Footprint Not Found Ferrite_Bead_0805
Add Component: Footprint Not Found Ferrite_Bead_0805
Add Component: Footprint Not Found Ferrite_Bead_0805
Add Component: Footprint Not Found Ferrite_Bead_0805
Add Component: Footprint Not Found Ferrite_Bead_0805
Add Component: Footprint Not Found Ferrite_Bead_0805
Add Component: Footprint Not Found Ferrite_Bead_0805
Add Component: Footprint Not Found Ferrite_Bead_0805
Add Component: Footprint Not Found FPC_0.5mm_24P
Add Component: Footprint Not Found MX_1.25mm_8P
Add Component: Footprint Not Found Terminal_Block_3.81mm_2P
Add Component: Footprint Not Found Terminal_Block_3.81mm_3P
Add Component: Footprint Not Found Battery_Holder_CR1220
Add Component: Footprint Not Found USB_TypeC_3.1
Add Component: Footprint Not Found USB_TypeC_3.1
Add Component: Footprint Not Found RELAY_HF46F_005-HS1
Add Component: Footprint Not Found RELAY_HF46F_005-HS1
Add Component: Footprint Not Found Inductor_0630
Add Component: Footprint Not Found Inductor_0630
Add Component: Footprint Not Found Inductor_CDRH4D28
Add Component: Footprint Not Found LCD_TFT_ILI9341_3.2
Add Component: Footprint Not Found Terminal_Block_5.08mm_2P
Add Component: Footprint Not Found Terminal_Block_3.81mm_2P
Add Component: Footprint Not Found Terminal_Block_3.81mm_2P
Add Component: Footprint Not Found Terminal_Block_3.81mm_2P
Add Component: Footprint Not Found Terminal_Block_3.81mm_2P
Add Component: Footprint Not Found Terminal_Block_3.81mm_2P
Add Component: Footprint Not Found Terminal_Block_3.81mm_4P
Add Component: Footprint Not Found Terminal_Block_3.81mm_2P
Add Component: Footprint Not Found SOT-23
Add Component: Footprint Not Found SOT-23
Add Component: Footprint Not Found SOT-23
Add Component: Footprint Not Found SOT-23
Add Component: Footprint Not Found SOT-23
Add Component: Footprint Not Found SOT-23
Add Component: Footprint Not Found SOT-23
Add Component: Footprint Not Found SOT-23
Add Component: Footprint Not Found SOT-23
Add Component: Footprint Not Found Resistor_0603
Add Component: Footprint Not Found Resistor_0603
Add Component: Footprint Not Found Resistor_0603
Add Component: Footprint Not Found Resistor_0603
Add Component: Footprint Not Found Resistor_0603
Add Component: Footprint Not Found Resistor_0603
Add Component: Footprint Not Found Resistor_0603
Add Component: Footprint Not Found Resistor_0603
Add Component: Footprint Not Found Resistor_0603
Add Component: Footprint Not Found Resistor_0603
Add Component: Footprint Not Found Resistor_0603
Add Component: Footprint Not Found Resistor_0603
Add Component: Footprint Not Found Resistor_0603
Add Component: Footprint Not Found Resistor_0603
Add Component: Footprint Not Found Resistor_0603
Add Component: Footprint Not Found Resistor_0603
Add Component: Footprint Not Found Resistor_0603
Add Component: Footprint Not Found Resistor_0603
Add Component: Footprint Not Found Resistor_0603
Add Component: Footprint Not Found Resistor_0603
Add Component: Footprint Not Found Resistor_0603
Add Component: Footprint Not Found Resistor_0603
Add Component: Footprint Not Found Resistor_0603
Add Component: Footprint Not Found Resistor_0603
Add Component: Footprint Not Found Resistor_0603
Add Component: Footprint Not Found Resistor_0603
Add Component: Footprint Not Found Resistor_0603
Add Component: Footprint Not Found Resistor_0603
Add Component: Footprint Not Found Resistor_0603
Add Component: Footprint Not Found Resistor_0603
Add Component: Footprint Not Found Resistor_0603
Add Component: Footprint Not Found Resistor_0603
Add Component: Footprint Not Found Resistor_0603
Add Component: Footprint Not Found Resistor_0603
Add Component: Footprint Not Found Resistor_0603
Add Component: Footprint Not Found Resistor_0603
Add Component: Footprint Not Found Resistor_0603
Add Component: Footprint Not Found Resistor_0603
Add Component: Footprint Not Found Resistor_0603
Add Component: Footprint Not Found Resistor_0603
Add Component: Footprint Not Found Resistor_0603
Add Component: Footprint Not Found Resistor_0603
Add Component: Footprint Not Found Resistor_0603
Add Component: Footprint Not Found Resistor_0603
Add Component: Footprint Not Found Resistor_0603
Add Component: Footprint Not Found Resistor_0603
Add Component: Footprint Not Found Resistor_0603
Add Component: Footprint Not Found RESISTOR_0402
Add Component: Footprint Not Found Resistor_0603
Add Component: Footprint Not Found Resistor_0603
Add Component: Footprint Not Found RESISTOR_0402
Add Component: Footprint Not Found Resistor_0603
Add Component: Footprint Not Found Resistor_0603
Add Component: Footprint Not Found Resistor_0603
Add Component: Footprint Not Found Resistor_0603
Add Component: Footprint Not Found Resistor_0603
Add Component: Footprint Not Found Resistor_0603
Add Component: Footprint Not Found Resistor_0805
Add Component: Footprint Not Found Resistor_0805
Add Component: Footprint Not Found Resistor_0603
Add Component: Footprint Not Found Resistor_0603
Add Component: Footprint Not Found Resistor_0603
Add Component: Footprint Not Found Resistor_0603
Add Component: Footprint Not Found Resistor_0805
Add Component: Footprint Not Found Resistor_0603
Add Component: Footprint Not Found Resistor_0603
Add Component: Footprint Not Found Resistor_0603
Add Component: Footprint Not Found Resistor_0603
Add Component: Footprint Not Found RESISTOR_0402
Add Component: Footprint Not Found Resistor_0603
Add Component: Footprint Not Found Resistor_0603
Add Component: Footprint Not Found RESISTOR_0402
Add Component: Footprint Not Found Resistor_0603
Add Component: Footprint Not Found RESISTOR_0402
Add Component: Footprint Not Found RESISTOR_0402
Add Component: Footprint Not Found Resistor_0603
Add Component: Footprint Not Found Resistor_0603
Add Component: Footprint Not Found Resistor_0603
Add Component: Footprint Not Found Resistor_0603
Add Component: Footprint Not Found Resistor_0603
Add Component: Footprint Not Found Resistor_0603
Add Component: Footprint Not Found Resistor_0603
Add Component: Footprint Not Found Resistor_0805
Add Component: Footprint Not Found Resistor_0603
Add Component: Footprint Not Found Resistor_0603
Add Component: Footprint Not Found Resistor_0603
Add Component: Footprint Not Found Resistor_0603
Add Component: Footprint Not Found Resistor_0603
Add Component: Footprint Not Found Resistor_0805
Add Component: Footprint Not Found Resistor_0603
Add Component: Footprint Not Found Resistor_0603
Add Component: Footprint Not Found Resistor_0603
Add Component: Footprint Not Found Resistor_0603
Add Component: Footprint Not Found Resistor_0603
Add Component: Footprint Not Found Resistor_0603
Add Component: Footprint Not Found Resistor_0603
Add Component: Footprint Not Found Resistor_0603
Add Component: Footprint Not Found Resistor_0603
Add Component: Footprint Not Found Resistor_0603
Add Component: Footprint Not Found Resistor_0603
Add Component: Footprint Not Found Resistor_0603
Add Component: Footprint Not Found Resistor_0603
Add Component: Footprint Not Found Resistor_0603
Add Component: Footprint Not Found Resistor_0603
Add Component: Footprint Not Found Resistor_0603
Add Component: Footprint Not Found Resistor_0603
Add Component: Footprint Not Found Resistor_0603
Add Component: Footprint Not Found Resistor_0603
Add Component: Footprint Not Found Resistor_0603
Add Component: Footprint Not Found Resistor_0603
Add Component: Footprint Not Found Resistor_0603
Add Component: Footprint Not Found Resistor_0603
Add Component: Footprint Not Found Resistor_0603
Add Component: Footprint Not Found Resistor_0603
Add Component: Footprint Not Found Resistor_0603
Add Component: Footprint Not Found Resistor_0603
Add Component: Footprint Not Found Resistor_0603
Add Component: Footprint Not Found Resistor_0603
Add Component: Footprint Not Found Resistor_0603
Add Component: Footprint Not Found Resistor_0603
Add Component: Footprint Not Found Resistor_0603
Add Component: Footprint Not Found Resistor_0603
Add Component: Footprint Not Found Resistor_0603
Add Component: Footprint Not Found Button_3x4mm_SMD_2P
Add Component: Footprint Not Found Button_3x4mm_SMD_2P
Add Component: Footprint Not Found Button_3x4mm_SMD_2P
Add Component: Footprint Not Found Button_3x4mm_SMD_2P
Add Component: Footprint Not Found Button_4.5x4.7mm_SMD_4P
Add Component: Footprint Not Found TestPoint_Pad_3.0x3.0mm
Add Component: Footprint Not Found TestPoint_Pad_3.0x3.0mm
Add Component: Footprint Not Found TestPoint_Pad_3.0x3.0mm
Add Component: Footprint Not Found TestPoint_Pad_3.0x3.0mm
Add Component: Footprint Not Found TestPoint_Pad_3.0x3.0mm
Add Component: Footprint Not Found TestPoint_Pad_3.0x3.0mm
Add Component: Footprint Not Found TestPoint_Pad_3.0x3.0mm
Add Component: Footprint Not Found TestPoint_Pad_3.0x3.0mm
Add Component: Footprint Not Found TestPoint_Pad_3.0x3.0mm
Add Component: Footprint Not Found TestPoint_Pad_3.0x3.0mm
Add Component: Footprint Not Found TestPoint_Pad_3.0x3.0mm
Add Component: Footprint Not Found TestPoint_Pad_3.0x3.0mm
Add Component: Footprint Not Found TestPoint_Pad_3.0x3.0mm
Add Component: Footprint Not Found TestPoint_THTPad_D1.5mm_Drill0.7mm
Add Component: Footprint Not Found TestPoint_THTPad_D1.5mm_Drill0.7mm
Add Component: Footprint Not Found TestPoint_THTPad_D1.5mm_Drill0.7mm
Add Component: Footprint Not Found TestPoint_THTPad_D1.5mm_Drill0.7mm
Add Component: Footprint Not Found TestPoint_THTPad_D1.5mm_Drill0.7mm
Add Component: Footprint Not Found TestPoint_THTPad_D1.5mm_Drill0.7mm
Add Component: Footprint Not Found TestPoint_THTPad_D1.5mm_Drill0.7mm
Add Component: Footprint Not Found SOIC-8E
Add Component: Footprint Not Found SOIC-8E
Add Component: Footprint Not Found TSOT-23-6
Add Component: Footprint Not Found SOT-23
Add Component: Footprint Not Found SOT-23
Add Component: Footprint Not Found XCVR_ESP32-S3-WROOM-1U-N16R8
Add Component: Footprint Not Found XCVR_ESP32-S3-WROOM-1U-N16R8
Add Component: Footprint Not Found SOIC-8
Add Component: Footprint Not Found SOT-23
Add Component: Footprint Not Found SOIC-8
Add Component: Footprint Not Found SOIC-8
Add Component: Footprint Not Found SOIC-8
Add Component: Footprint Not Found SOIC-8
Add Component: Footprint Not Found SOIC-8
Add Component: Footprint Not Found VSSOP-10
Add Component: Footprint Not Found SOIC-8
Add Component: Footprint Not Found SOP-4
Add Component: Footprint Not Found SOP-4
Add Component: Footprint Not Found SOP-4
Add Component: Footprint Not Found SOP-4
Add Component: Footprint Not Found SOIC-16
Add Component: Footprint Not Found EESOP10
Add Component: Footprint Not Found SOT-23-6
Add Component: Footprint Not Found EESOP10
Add Component: Footprint Not Found SOT-23-6
Added Net: Name=1V2
Added Net: Name=2V5
Added Net: Name=2V8
Added Net: Name=3V3_FILTER
Added Net: Name=3V3
Added Net: Name=5V
Added Net: Name=12V_FILTER_1
Added Net: Name=12V_FILTER_2
Added Net: Name=12V_FILTER_3
Added Net: Name=12V_FILTER_4
Added Net: Name=12V_FILTER_5
Added Net: Name=12V
Added Net: Name=Battery
Added Net: Name=BLE_D_N
Added Net: Name=BLE_D_P
Added Net: Name=BLE_DIR
Added Net: Name=BLE_LED_STATUS
Added Net: Name=BLE_RTS
Added Net: Name=BLE_USB_D_N
Added Net: Name=BLE_USB_D_P
Added Net: Name=GND
Added Net: Name=LCD_BL
Added Net: Name=NetC1_1
Added Net: Name=NetC1_2
Added Net: Name=NetC2_1
Added Net: Name=NetC2_2
Added Net: Name=NetC9_1
Added Net: Name=NetC9_2
Added Net: Name=NetC12_1
Added Net: Name=NetC12_2
Added Net: Name=NetC13_1
Added Net: Name=NetC13_2
Added Net: Name=NetC26_1
Added Net: Name=NetC27_2
Added Net: Name=NetC29_2
Added Net: Name=NetC30_2
Added Net: Name=NetC31_2
Added Net: Name=NetC33_2
Added Net: Name=NetC34_2
Added Net: Name=NetC42_2
Added Net: Name=NetC48_2
Added Net: Name=NetC50_1
Added Net: Name=NetC59_1
Added Net: Name=NetC59_2
Added Net: Name=NetC60_2
Added Net: Name=NetC65_1
Added Net: Name=NetC65_2
Added Net: Name=NetC66_1
Added Net: Name=NetC67_1
Added Net: Name=NetC72_1
Added Net: Name=NetC72_2
Added Net: Name=NetC73_1
Added Net: Name=NetC73_2
Added Net: Name=NetC74_1
Added Net: Name=NetC79_1
Added Net: Name=NetC79_2
Added Net: Name=NetC80_1
Added Net: Name=NetC85_1
Added Net: Name=NetC85_2
Added Net: Name=NetC86_2
Added Net: Name=NetC88_2
Added Net: Name=NetC98_2
Added Net: Name=NetC100_1
Added Net: Name=NetC101_1
Added Net: Name=NetC102_2
Added Net: Name=NetC104_1
Added Net: Name=NetC105_1
Added Net: Name=NetD6_A
Added Net: Name=NetD7_A
Added Net: Name=NetD8_A
Added Net: Name=NetD9_A
Added Net: Name=NetD10_A
Added Net: Name=NetD11_A
Added Net: Name=NetD14_A
Added Net: Name=NetD16_2
Added Net: Name=NetD17_2
Added Net: Name=NetD18_C
Added Net: Name=NetD19_A
Added Net: Name=NetD20_1
Added Net: Name=NetD20_3
Added Net: Name=NetD21_1
Added Net: Name=NetD21_3
Added Net: Name=NetF1_1
Added Net: Name=NetFB14_1
Added Net: Name=NetFB17_1
Added Net: Name=NetJ1_3
Added Net: Name=NetJ1_5
Added Net: Name=NetJ1_6
Added Net: Name=NetJ1_7
Added Net: Name=NetJ1_8
Added Net: Name=NetJ1_9
Added Net: Name=NetJ1_12
Added Net: Name=NetJ1_13
Added Net: Name=NetJ1_14
Added Net: Name=NetJ1_16
Added Net: Name=NetJ1_17
Added Net: Name=NetJ1_18
Added Net: Name=NetJ1_19
Added Net: Name=NetJ1_20
Added Net: Name=NetJ1_21
Added Net: Name=NetJ1_22
Added Net: Name=NetJ2_2
Added Net: Name=NetJ2_3
Added Net: Name=NetJ3_1
Added Net: Name=NetJ4_2
Added Net: Name=NetJ6_A5
Added Net: Name=NetJ6_B5
Added Net: Name=NetJ7_A5
Added Net: Name=NetJ7_B5
Added Net: Name=NetK1_3
Added Net: Name=NetK1_4
Added Net: Name=NetK2_3
Added Net: Name=NetK2_4
Added Net: Name=NetLCD1_3
Added Net: Name=NetLCD1_4
Added Net: Name=NetLCD1_5
Added Net: Name=NetLCD1_6
Added Net: Name=NetLCD1_7
Added Net: Name=NetLCD1_10
Added Net: Name=NetLCD1_11
Added Net: Name=NetLCD1_12
Added Net: Name=NetLCD1_13
Added Net: Name=NetLCD1_14
Added Net: Name=NetLCD1_15
Added Net: Name=NetLCD1_16
Added Net: Name=NetLCD1_17
Added Net: Name=NetLCD1_18
Added Net: Name=NetP2_1
Added Net: Name=NetP2_2
Added Net: Name=NetP3_2
Added Net: Name=NetP4_1
Added Net: Name=NetP5_1
Added Net: Name=NetP7_1
Added Net: Name=NetP7_2
Added Net: Name=NetP7_3
Added Net: Name=NetP7_4
Added Net: Name=NetQ1_1
Added Net: Name=NetQ2_1
Added Net: Name=NetQ3_1
Added Net: Name=NetQ4_1
Added Net: Name=NetQ5_1
Added Net: Name=NetQ6_1
Added Net: Name=NetQ7_1
Added Net: Name=NetQ7_3
Added Net: Name=NetQ8_1
Added Net: Name=NetQ9_1
Added Net: Name=NetQ9_3
Added Net: Name=NetR1_1
Added Net: Name=NetR2_1
Added Net: Name=NetR3_1
Added Net: Name=NetR7_2
Added Net: Name=NetR9_2
Added Net: Name=NetR11_1
Added Net: Name=NetR12_1
Added Net: Name=NetR32_1
Added Net: Name=NetR33_1
Added Net: Name=NetR35_1
Added Net: Name=NetR37_1
Added Net: Name=NetR42_1
Added Net: Name=NetR42_2
Added Net: Name=NetR43_1
Added Net: Name=NetR43_2
Added Net: Name=NetR45_1
Added Net: Name=NetR45_2
Added Net: Name=NetR46_1
Added Net: Name=NetR46_2
Added Net: Name=NetR52_1
Added Net: Name=NetR52_2
Added Net: Name=NetR56_1
Added Net: Name=NetR56_2
Added Net: Name=NetR58_1
Added Net: Name=NetR74_1
Added Net: Name=NetR77_1
Added Net: Name=NetR78_1
Added Net: Name=NetR79_1
Added Net: Name=NetR80_1
Added Net: Name=NetR81_2
Added Net: Name=NetR83_1
Added Net: Name=NetR83_2
Added Net: Name=NetR84_2
Added Net: Name=NetR85_1
Added Net: Name=NetR88_2
Added Net: Name=NetR89_1
Added Net: Name=NetR89_2
Added Net: Name=NetR90_1
Added Net: Name=NetR100_1
Added Net: Name=NetR101_1
Added Net: Name=NetR102_1
Added Net: Name=NetR103_2
Added Net: Name=NetR104_1
Added Net: Name=NetR105_2
Added Net: Name=NetR106_1
Added Net: Name=NetR112_1
Added Net: Name=NetR113_1
Added Net: Name=NetR115_1
Added Net: Name=NetR116_2
Added Net: Name=NetR117_1
Added Net: Name=NetR118_2
Added Net: Name=NetR119_1
Added Net: Name=NetU6_4
Added Net: Name=NetU6_15
Added Net: Name=NetU7_24
Added Net: Name=VCC
Added Net: Name=Vref_0.75V
Added Net: Name=WF_D_N
Added Net: Name=WF_D_P
Added Net: Name=WF_DIR
Added Net: Name=WF_LED_STATUS
Added Net: Name=WF_RTS
Added Net: Name=WF_SW_STATUS
Added Net: Name=WF_USB_D_N
Added Net: Name=WF_USB_D_P
Added Class: Name=Designator
Add Class: Class already exists: Designator
Add Class: Class already exists: Designator
Add Class: Class already exists: Designator
Add Class: Class already exists: Designator
Add Class: Class already exists: Designator
Add Class: Class already exists: Designator
Add Class: Class already exists: Designator
Add Class: Class already exists: Designator
Add Class: Class already exists: Designator
Add Class: Class already exists: Designator
Add Class: Class already exists: Designator
Added Differential Pair: Name=BLE_D
Added Differential Pair: Name=BLE_USB_D
Added Differential Pair: Name=WF_D
Added Differential Pair: Name=WF_USB_D
Added Rule: Name=Schematic Supply Nets
Added Rule: Name=Schematic Supply Nets_1
Added Rule: Name=Schematic Supply Nets_2
Added Rule: Name=Schematic Supply Nets_3
Added Rule: Name=Schematic Supply Nets_4
Added Rule: Name=Schematic Supply Nets_5
Added Rule: Name=Schematic Supply Nets_6
Added Rule: Name=Schematic Supply Nets_7
Added Rule: Name=Schematic Supply Nets_8
Added Rule: Name=Schematic Supply Nets_9
Added Rule: Name=Schematic Supply Nets_10
Added Rule: Name=Schematic Supply Nets_11
Added Rule: Name=Schematic Supply Nets_12
Added Rule: Name=Schematic Supply Nets_13
Added Class: Name=diff1
