Change Component Designator: Old Designator=C18 New Designator=C16
Change Component Designator: Old Designator=C19 New Designator=C17
Change Component Designator: Old Designator=C20 New Designator=C18
Change Component Designator: Old Designator=C21 New Designator=C19
Change Component Designator: Old Designator=C22 New Designator=C20
Change Component Designator: Old Designator=C23 New Designator=C21
Change Component Designator: Old Designator=C24 New Designator=C22
Change Component Designator: Old Designator=C25 New Designator=C23
Change Component Designator: Old Designator=C? New Designator=C13
Change Component Designator: Old Designator=C? New Designator=C14
Change Component Designator: Old Designator=C? New Designator=C15
Change Component Designator: Old Designator=C? New Designator=C24
Change Component Designator: Old Designator=C? New Designator=C25
Change Component Designator: Old Designator=C? New Designator=C26
Change Component Designator: Old Designator=D5 New Designator=D6
Change Component Designator: Old Designator=D6 New Designator=D7
Change Component Designator: Old Designator=D7 New Designator=D8
Change Component Designator: Old Designator=D8 New Designator=D9
Change Component Designator: Old Designator=D? New Designator=D4
Change Component Designator: Old Designator=D? New Designator=D5
Change Component Designator: Old Designator=L? New Designator=L3
Change Component Designator: Old Designator=R17 New Designator=R15
Change Component Designator: Old Designator=R18 New Designator=R16
Change Component Designator: Old Designator=R19 New Designator=R17
Change Component Designator: Old Designator=R20 New Designator=R18
Change Component Designator: Old Designator=R? New Designator=R11
Change Component Designator: Old Designator=R? New Designator=R12
Change Component Designator: Old Designator=R? New Designator=R13
Change Component Designator: Old Designator=R? New Designator=R14
Change Component Designator: Old Designator=U? New Designator=U3
