Change Component Designator: Old Designator=C74 New Designator=C98
Change Component Designator: Old Designator=C75 New Designator=C99
Change Component Designator: Old Designator=C76 New Designator=C100
Change Component Designator: Old Designator=C77 New Designator=C101
Change Component Designator: Old Designator=C82 New Designator=C102
Change Component Designator: Old Designator=C83 New Designator=C103
Change Component Designator: Old Designator=C84 New Designator=C104
Change Component Designator: Old Designator=C85 New Designator=C105
Change Component Designator: Old Designator=D? New Designator=D19
Change Component Designator: Old Designator=D? New Designator=D20
Change Component Designator: Old Designator=FB1 New Designator=FB13
Change Component Designator: Old Designator=FB3 New Designator=FB14
Change Component Designator: Old Designator=FB4 New Designator=FB15
Change Component Designator: Old Designator=FB5 New Designator=FB16
Change Component Designator: Old Designator=Q4 New Designator=Q6
Change Component Designator: Old Designator=Q6 New Designator=Q8
Change Component Designator: Old Designator=Q? New Designator=Q7
Change Component Designator: Old Designator=Q? New Designator=Q9
Change Component Designator: Old Designator=R98 New Designator=R102
Change Component Designator: Old Designator=R99 New Designator=R103
Change Component Designator: Old Designator=R100 New Designator=R105
Change Component Designator: Old Designator=R101 New Designator=R106
Change Component Designator: Old Designator=R103 New Designator=R107
Change Component Designator: Old Designator=R105 New Designator=R108
Change Component Designator: Old Designator=R106 New Designator=R109
Change Component Designator: Old Designator=R107 New Designator=R116
Change Component Designator: Old Designator=R108 New Designator=R117
Change Component Designator: Old Designator=R109 New Designator=R118
Change Component Designator: Old Designator=R110 New Designator=R119
Change Component Designator: Old Designator=R111 New Designator=R120
Change Component Designator: Old Designator=R114 New Designator=R121
Change Component Designator: Old Designator=R115 New Designator=R122
Change Component Designator: Old Designator=R? New Designator=R98
Change Component Designator: Old Designator=R? New Designator=R99
Change Component Designator: Old Designator=R? New Designator=R100
Change Component Designator: Old Designator=R? New Designator=R101
Change Component Designator: Old Designator=R? New Designator=R104
Change Component Designator: Old Designator=R? New Designator=R110
Change Component Designator: Old Designator=R? New Designator=R111
Change Component Designator: Old Designator=R? New Designator=R112
Change Component Designator: Old Designator=R? New Designator=R113
Change Component Designator: Old Designator=R? New Designator=R114
Change Component Designator: Old Designator=R? New Designator=R115
Change Component Designator: Old Designator=R? New Designator=R123
Change Component Designator: Old Designator=U24 New Designator=U25
Change Component Designator: Old Designator=U? New Designator=U23
Change Component Designator: Old Designator=U? New Designator=U24
