Change Component Designator: Old Designator=C82 New Designator=C64
Change Component Designator: Old Designator=C83 New Designator=C65
Change Component Designator: Old Designator=C85 New Designator=C66
Change Component Designator: Old Designator=C86 New Designator=C67
Change Component Designator: Old Designator=C87 New Designator=C68
Change Component Designator: Old Designator=C88 New Designator=C69
Change Component Designator: Old Designator=C91 New Designator=C70
Change Component Designator: Old Designator=C92 New Designator=C71
Change Component Designator: Old Designator=C95 New Designator=C72
Change Component Designator: Old Designator=C96 New Designator=C73
Change Component Designator: Old Designator=C97 New Designator=C74
Change Component Designator: Old Designator=C98 New Designator=C75
Change Component Designator: Old Designator=C99 New Designator=C76
Change Component Designator: Old Designator=C100 New Designator=C77
Change Component Designator: Old Designator=C101 New Designator=C78
Change Component Designator: Old Designator=C102 New Designator=C79
Change Component Designator: Old Designator=D6 New Designator=D8
Change Component Designator: Old Designator=D8 New Designator=D9
Change Component Designator: Old Designator=FB3 New Designator=FB1
Change Component Designator: Old Designator=FB4 New Designator=FB2
Change Component Designator: Old Designator=FB6 New Designator=FB3
Change Component Designator: Old Designator=FB8 New Designator=FB4
Change Component Designator: Old Designator=FB9 New Designator=FB5
Change Component Designator: Old Designator=FB10 New Designator=FB6
Change Component Designator: Old Designator=J? New Designator=J5
Change Component Designator: Old Designator=J? New Designator=J6
Change Component Designator: Old Designator=Q4 New Designator=Q5
Change Component Designator: Old Designator=Q5 New Designator=Q6
Change Component Designator: Old Designator=Q6 New Designator=Q7
Change Component Designator: Old Designator=Q7 New Designator=Q8
Change Component Designator: Old Designator=R82 New Designator=R80
Change Component Designator: Old Designator=R84 New Designator=R81
Change Component Designator: Old Designator=R85 New Designator=R82
Change Component Designator: Old Designator=R86 New Designator=R83
Change Component Designator: Old Designator=R87 New Designator=R84
Change Component Designator: Old Designator=R88 New Designator=R85
Change Component Designator: Old Designator=R89 New Designator=R86
Change Component Designator: Old Designator=R90 New Designator=R87
Change Component Designator: Old Designator=R91 New Designator=R88
Change Component Designator: Old Designator=R92 New Designator=R89
Change Component Designator: Old Designator=U25 New Designator=U23
Change Component Designator: Old Designator=U27 New Designator=U24
Change Component Designator: Old Designator=U28 New Designator=U25
Change Component Designator: Old Designator=U29 New Designator=U26
