Change Component Designator: Old Designator=C64 New Designator=C74
Change Component Designator: Old Designator=C65 New Designator=C75
Change Component Designator: Old Designator=C67 New Designator=C77
Change Component Designator: Old Designator=C68 New Designator=C78
Change Component Designator: Old Designator=C69 New Designator=C79
Change Component Designator: Old Designator=C70 New Designator=C80
Change Component Designator: Old Designator=C71 New Designator=C81
Change Component Designator: Old Designator=C72 New Designator=C82
Change Component Designator: Old Designator=C73 New Designator=C83
Change Component Designator: Old Designator=C74 New Designator=C85
Change Component Designator: Old Designator=C76 New Designator=C86
Change Component Designator: Old Designator=C77 New Designator=C87
Change Component Designator: Old Designator=C78 New Designator=C88
Change Component Designator: Old Designator=C79 New Designator=C89
Change Component Designator: Old Designator=C? New Designator=C76
Change Component Designator: Old Designator=C? New Designator=C84
Change Component Designator: Old Designator=Q5 New Designator=Q4
Change Component Designator: Old Designator=Q6 New Designator=Q5
Change Component Designator: Old Designator=Q7 New Designator=Q6
Change Component Designator: Old Designator=Q8 New Designator=Q7
Change Component Designator: Old Designator=R81 New Designator=R103
Change Component Designator: Old Designator=R83 New Designator=R105
Change Component Designator: Old Designator=R84 New Designator=R106
Change Component Designator: Old Designator=R85 New Designator=R112
Change Component Designator: Old Designator=R86 New Designator=R111
Change Component Designator: Old Designator=R87 New Designator=R113
Change Component Designator: Old Designator=R88 New Designator=R114
Change Component Designator: Old Designator=R89 New Designator=R115
Change Component Designator: Old Designator=R? New Designator=R98
Change Component Designator: Old Designator=R? New Designator=R99
Change Component Designator: Old Designator=R? New Designator=R100
Change Component Designator: Old Designator=R? New Designator=R101
Change Component Designator: Old Designator=R? New Designator=R102
Change Component Designator: Old Designator=R? New Designator=R104
Change Component Designator: Old Designator=R? New Designator=R107
Change Component Designator: Old Designator=R? New Designator=R108
Change Component Designator: Old Designator=R? New Designator=R109
Change Component Designator: Old Designator=R? New Designator=R110
Change Component Designator: Old Designator=U23 New Designator=U22
Change Component Designator: Old Designator=U24 New Designator=U23
Change Component Designator: Old Designator=U25 New Designator=U24
Change Component Designator: Old Designator=U26 New Designator=U25
