Change Component Designator: Old Designator=C47 New Designator=C62
Change Component Designator: Old Designator=C48 New Designator=C63
Change Component Designator: Old Designator=C49 New Designator=C64
Change Component Designator: Old Designator=C50 New Designator=C65
Change Component Designator: Old Designator=C51 New Designator=C66
Change Component Designator: Old Designator=C52 New Designator=C67
Change Component Designator: Old Designator=C53 New Designator=C68
Change Component Designator: Old Designator=C54 New Designator=C69
Change Component Designator: Old Designator=C55 New Designator=C70
Change Component Designator: Old Designator=C56 New Designator=C71
Change Component Designator: Old Designator=C57 New Designator=C72
Change Component Designator: Old Designator=C58 New Designator=C73
Change Component Designator: Old Designator=C59 New Designator=C74
Change Component Designator: Old Designator=C60 New Designator=C75
Change Component Designator: Old Designator=C61 New Designator=C76
Change Component Designator: Old Designator=C62 New Designator=C77
Change Component Designator: Old Designator=C63 New Designator=C78
Change Component Designator: Old Designator=C64 New Designator=C79
Change Component Designator: Old Designator=C65 New Designator=C80
Change Component Designator: Old Designator=C66 New Designator=C81
Change Component Designator: Old Designator=C67 New Designator=C82
Change Component Designator: Old Designator=FB1 New Designator=FB2
Change Component Designator: Old Designator=FB2 New Designator=FB3
Change Component Designator: Old Designator=FB3 New Designator=FB4
Change Component Designator: Old Designator=FB4 New Designator=FB5
Change Component Designator: Old Designator=FB5 New Designator=FB6
Change Component Designator: Old Designator=FB6 New Designator=FB7
Change Component Designator: Old Designator=FB7 New Designator=FB8
Change Component Designator: Old Designator=FB8 New Designator=FB9
Change Component Designator: Old Designator=FB9 New Designator=FB10
Change Component Designator: Old Designator=J4 New Designator=J5
Change Component Designator: Old Designator=J5 New Designator=J6
Change Component Designator: Old Designator=J6 New Designator=J7
Change Component Designator: Old Designator=R64 New Designator=R82
Change Component Designator: Old Designator=R65 New Designator=R83
Change Component Designator: Old Designator=R66 New Designator=R84
Change Component Designator: Old Designator=R67 New Designator=R85
Change Component Designator: Old Designator=R68 New Designator=R86
Change Component Designator: Old Designator=R69 New Designator=R87
Change Component Designator: Old Designator=R70 New Designator=R88
Change Component Designator: Old Designator=R71 New Designator=R89
Change Component Designator: Old Designator=R72 New Designator=R90
Change Component Designator: Old Designator=R73 New Designator=R91
Change Component Designator: Old Designator=R74 New Designator=R92
Change Component Designator: Old Designator=U25 New Designator=U26
Change Component Designator: Old Designator=U26 New Designator=U27
Change Component Designator: Old Designator=U27 New Designator=U28
Change Component Designator: Old Designator=U28 New Designator=U29
Change Component Designator: Old Designator=U29 New Designator=U30
