2025-01-14 14:57:08,571 WARN  [RpcServer#1010] [main] [server side] bolt netty low water mark is 32768 bytes, high water mark is 65536 bytes
2025-01-14 14:58:35,977 WARN  [RpcServer#401] [SpringContextShutdownHook] Close all connections from server side!
2025-01-14 14:58:35,977 WARN  [RpcServer#408] [SpringContextShutdownHook] Rpc Server stopped!
2025-01-14 14:58:44,914 WARN  [RpcServer#1010] [main] [server side] bolt netty low water mark is 32768 bytes, high water mark is 65536 bytes
2025-01-14 15:00:50,529 WARN  [RpcServer#401] [SpringContextShutdownHook] Close all connections from server side!
2025-01-14 15:00:50,531 WARN  [RpcServer#408] [SpringContextShutdownHook] Rpc Server stopped!
2025-01-14 15:00:57,591 WARN  [RpcServer#1010] [main] [server side] bolt netty low water mark is 32768 bytes, high water mark is 65536 bytes
2025-01-14 15:00:59,983 WARN  [RpcServer#401] [main] Close all connections from server side!
2025-01-14 15:00:59,983 WARN  [RpcServer#408] [main] Rpc Server stopped!
2025-01-14 15:01:39,674 WARN  [RpcServer#1010] [main] [server side] bolt netty low water mark is 32768 bytes, high water mark is 65536 bytes
2025-01-14 15:03:04,403 WARN  [RpcServer#401] [SpringContextShutdownHook] Close all connections from server side!
2025-01-14 15:03:04,404 WARN  [RpcServer#408] [SpringContextShutdownHook] Rpc Server stopped!
2025-01-14 15:04:12,660 WARN  [RpcServer#1010] [main] [server side] bolt netty low water mark is 32768 bytes, high water mark is 65536 bytes
2025-01-14 15:06:17,184 WARN  [RpcServer#401] [SpringContextShutdownHook] Close all connections from server side!
2025-01-14 15:06:17,185 WARN  [RpcServer#408] [SpringContextShutdownHook] Rpc Server stopped!
2025-01-14 15:08:29,641 WARN  [RpcServer#1010] [main] [server side] bolt netty low water mark is 32768 bytes, high water mark is 65536 bytes
2025-01-14 15:29:40,573 WARN  [RpcServer#401] [SpringContextShutdownHook] Close all connections from server side!
2025-01-14 15:29:40,573 WARN  [RpcServer#408] [SpringContextShutdownHook] Rpc Server stopped!
2025-01-14 16:03:54,654 WARN  [RpcServer#1010] [main] [server side] bolt netty low water mark is 32768 bytes, high water mark is 65536 bytes
2025-01-14 16:04:24,387 WARN  [RpcServer#401] [SpringContextShutdownHook] Close all connections from server side!
2025-01-14 16:04:24,388 WARN  [RpcServer#408] [SpringContextShutdownHook] Rpc Server stopped!
2025-01-14 16:04:33,332 WARN  [RpcServer#1010] [main] [server side] bolt netty low water mark is 32768 bytes, high water mark is 65536 bytes
2025-01-14 16:09:58,366 WARN  [RpcServer#401] [SpringContextShutdownHook] Close all connections from server side!
2025-01-14 16:09:58,366 WARN  [RpcServer#408] [SpringContextShutdownHook] Rpc Server stopped!
2025-01-14 16:10:43,431 WARN  [RpcServer#1010] [main] [server side] bolt netty low water mark is 32768 bytes, high water mark is 65536 bytes
2025-01-14 16:28:59,604 WARN  [RpcServer#401] [SpringContextShutdownHook] Close all connections from server side!
2025-01-14 16:28:59,605 WARN  [RpcServer#408] [SpringContextShutdownHook] Rpc Server stopped!
2025-01-14 16:29:13,389 WARN  [RpcServer#1010] [main] [server side] bolt netty low water mark is 32768 bytes, high water mark is 65536 bytes
2025-01-14 16:38:05,348 WARN  [RpcServer#401] [SpringContextShutdownHook] Close all connections from server side!
2025-01-14 16:38:05,348 WARN  [RpcServer#408] [SpringContextShutdownHook] Rpc Server stopped!
2025-01-14 20:30:40,395 WARN  [RpcServer#1010] [main] [server side] bolt netty low water mark is 32768 bytes, high water mark is 65536 bytes
2025-01-14 20:31:46,185 WARN  [RpcServer#401] [SpringContextShutdownHook] Close all connections from server side!
2025-01-14 20:31:46,186 WARN  [RpcServer#408] [SpringContextShutdownHook] Rpc Server stopped!
2025-01-14 20:37:14,487 WARN  [RpcServer#1010] [main] [server side] bolt netty low water mark is 32768 bytes, high water mark is 65536 bytes
2025-01-14 22:19:15,409 WARN  [RpcServer#1010] [main] [server side] bolt netty low water mark is 32768 bytes, high water mark is 65536 bytes
2025-01-14 22:21:37,076 WARN  [RpcServer#401] [SpringContextShutdownHook] Close all connections from server side!
2025-01-14 22:21:37,076 WARN  [RpcServer#408] [SpringContextShutdownHook] Rpc Server stopped!
2025-01-14 22:41:35,753 WARN  [RpcServer#1010] [main] [server side] bolt netty low water mark is 32768 bytes, high water mark is 65536 bytes
2025-01-14 22:44:09,169 WARN  [RpcServer#401] [SpringContextShutdownHook] Close all connections from server side!
2025-01-14 22:44:09,169 WARN  [RpcServer#408] [SpringContextShutdownHook] Rpc Server stopped!
2025-01-14 22:44:21,589 WARN  [RpcServer#1010] [main] [server side] bolt netty low water mark is 32768 bytes, high water mark is 65536 bytes
2025-01-14 22:46:42,086 WARN  [RpcServer#401] [SpringContextShutdownHook] Close all connections from server side!
2025-01-14 22:46:42,086 WARN  [RpcServer#408] [SpringContextShutdownHook] Rpc Server stopped!
2025-01-14 23:41:51,441 WARN  [RpcServer#1010] [main] [server side] bolt netty low water mark is 32768 bytes, high water mark is 65536 bytes
2025-01-14 23:42:53,076 WARN  [RpcServer#401] [SpringContextShutdownHook] Close all connections from server side!
2025-01-14 23:42:53,076 WARN  [RpcServer#408] [SpringContextShutdownHook] Rpc Server stopped!
2025-01-14 23:46:25,330 WARN  [RpcServer#1010] [main] [server side] bolt netty low water mark is 32768 bytes, high water mark is 65536 bytes
2025-01-14 23:47:26,282 WARN  [RpcServer#401] [SpringContextShutdownHook] Close all connections from server side!
2025-01-14 23:47:26,282 WARN  [RpcServer#408] [SpringContextShutdownHook] Rpc Server stopped!
2025-01-14 23:48:41,118 WARN  [RpcServer#1010] [main] [server side] bolt netty low water mark is 32768 bytes, high water mark is 65536 bytes
2025-01-14 23:48:59,237 WARN  [RpcServer#401] [SpringContextShutdownHook] Close all connections from server side!
2025-01-14 23:48:59,237 WARN  [RpcServer#408] [SpringContextShutdownHook] Rpc Server stopped!
