Change Component Designator: Old Designator=C45 New Designator=C48
Change Component Designator: Old Designator=C46 New Designator=C49
Change Component Designator: Old Designator=C47 New Designator=C50
Change Component Designator: Old Designator=C48 New Designator=C51
Change Component Designator: Old Designator=C49 New Designator=C52
Change Component Designator: Old Designator=C50 New Designator=C53
Change Component Designator: Old Designator=C51 New Designator=C54
Change Component Designator: Old Designator=C52 New Designator=C55
Change Component Designator: Old Designator=C53 New Designator=C56
Change Component Designator: Old Designator=C54 New Designator=C57
Change Component Designator: Old Designator=C55 New Designator=C58
Change Component Designator: Old Designator=C56 New Designator=C59
Change Component Designator: Old Designator=C57 New Designator=C60
Change Component Designator: Old Designator=C58 New Designator=C61
Change Component Designator: Old Designator=C59 New Designator=C62
Change Component Designator: Old Designator=C60 New Designator=C63
Change Component Designator: Old Designator=C61 New Designator=C64
Change Component Designator: Old Designator=C63 New Designator=C65
Change Component Designator: Old Designator=C64 New Designator=C66
Change Component Designator: Old Designator=C65 New Designator=C67
Change Component Designator: Old Designator=C66 New Designator=C68
Change Component Designator: Old Designator=C67 New Designator=C69
Change Component Designator: Old Designator=D12 New Designator=D10
Change Component Designator: Old Designator=D13 New Designator=D11
Change Component Designator: Old Designator=Q? New Designator=Q2
Change Component Designator: Old Designator=R50 New Designator=R48
Change Component Designator: Old Designator=R51 New Designator=R49
Change Component Designator: Old Designator=R52 New Designator=R50
Change Component Designator: Old Designator=R53 New Designator=R51
Change Component Designator: Old Designator=R54 New Designator=R52
Change Component Designator: Old Designator=R55 New Designator=R53
Change Component Designator: Old Designator=R56 New Designator=R54
Change Component Designator: Old Designator=R57 New Designator=R55
Change Component Designator: Old Designator=R58 New Designator=R56
Change Component Designator: Old Designator=R59 New Designator=R57
Change Component Designator: Old Designator=R60 New Designator=R58
Change Component Designator: Old Designator=R61 New Designator=R59
Change Component Designator: Old Designator=R? New Designator=R60
Change Component Designator: Old Designator=R? New Designator=R61
Change Component Designator: Old Designator=R? New Designator=R62
Change Component Designator: Old Designator=R? New Designator=R63
Change Component Designator: Old Designator=R? New Designator=R64
Change Component Designator: Old Designator=U9 New Designator=U10
Change Component Designator: Old Designator=U10 New Designator=U11
Change Component Designator: Old Designator=U10 New Designator=U11
Change Component Designator: Old Designator=U11 New Designator=U12
Change Component Designator: Old Designator=U11 New Designator=U12
Change Component Designator: Old Designator=U12 New Designator=U13
Change Component Designator: Old Designator=U12 New Designator=U13
