Removed Pin From Net: NetName=GND Pin=TP1-1
Removed Member From Class: ClassName=Designator Member=TP9
Change Component Designator: OldDesignator=R24 NewDesignator=R25
Change Component Designator: OldDesignator=R25 NewDesignator=R26
Change Component Designator: OldDesignator=R27 NewDesignator=R24
Change Component Designator: OldDesignator=R31 NewDesignator=R27
Change Component Designator: OldDesignator=R32 NewDesignator=R31
Change Component Designator: OldDesignator=R33 NewDesignator=R32
Change Component Designator: OldDesignator=R34 NewDesignator=R33
Change Component Designator: OldDesignator=R35 NewDesignator=R34
Change Component Designator: OldDesignator=R36 NewDesignator=R35
Change Component Designator: OldDesignator=R37 NewDesignator=R36
Change Component Designator: OldDesignator=R38 NewDesignator=R37
Change Component Designator: OldDesignator=R39 NewDesignator=R38
Change Component Designator: OldDesignator=R40 NewDesignator=R39
Change Component Designator: OldDesignator=R41 NewDesignator=R40
Change Component Designator: OldDesignator=R42 NewDesignator=R41
Change Component Designator: OldDesignator=R43 NewDesignator=R42
Change Component Designator: OldDesignator=R44 NewDesignator=R43
Change Component Designator: OldDesignator=R45 NewDesignator=R44
Change Component Designator: OldDesignator=R46 NewDesignator=R45
Change Component Designator: OldDesignator=R47 NewDesignator=R46
Change Component Designator: OldDesignator=R48 NewDesignator=R47
Change Component Designator: OldDesignator=R49 NewDesignator=R48
Change Component Designator: OldDesignator=R50 NewDesignator=R49
Change Component Designator: OldDesignator=R51 NewDesignator=R50
Change Component Designator: OldDesignator=R52 NewDesignator=R51
Change Component Designator: OldDesignator=R53 NewDesignator=R52
Change Component Designator: OldDesignator=R54 NewDesignator=R53
Change Component Designator: OldDesignator=R55 NewDesignator=R54
Change Component Designator: OldDesignator=R56 NewDesignator=R55
Change Component Designator: OldDesignator=R57 NewDesignator=R56
Change Component Designator: OldDesignator=R58 NewDesignator=R57
Change Component Designator: OldDesignator=R59 NewDesignator=R58
Change Component Designator: OldDesignator=R60 NewDesignator=R59
Change Component Designator: OldDesignator=R61 NewDesignator=R60
Change Component Designator: OldDesignator=R62 NewDesignator=R61
Change Component Designator: OldDesignator=R63 NewDesignator=R62
Change Component Designator: OldDesignator=R64 NewDesignator=R63
Change Component Designator: OldDesignator=R65 NewDesignator=R64
Change Component Designator: OldDesignator=R66 NewDesignator=R65
Change Component Designator: OldDesignator=R67 NewDesignator=R66
Change Component Designator: OldDesignator=R68 NewDesignator=R67
Change Component Designator: OldDesignator=R69 NewDesignator=R68
Change Component Designator: OldDesignator=R70 NewDesignator=R69
Change Component Designator: OldDesignator=R71 NewDesignator=R70
Change Component Designator: OldDesignator=R72 NewDesignator=R71
Change Component Designator: OldDesignator=R73 NewDesignator=R72
Change Component Designator: OldDesignator=R74 NewDesignator=R73
Change Component Designator: OldDesignator=R75 NewDesignator=R74
Change Component Designator: OldDesignator=R76 NewDesignator=R75
Change Component Designator: OldDesignator=R77 NewDesignator=R76
Change Component Designator: OldDesignator=R78 NewDesignator=R77
Change Component Designator: OldDesignator=R79 NewDesignator=R78
Change Component Designator: OldDesignator=R80 NewDesignator=R79
Change Component Designator: OldDesignator=R81 NewDesignator=R80
Change Component Designator: OldDesignator=R82 NewDesignator=R81
Change Component Designator: OldDesignator=R83 NewDesignator=R82
Change Component Designator: OldDesignator=R84 NewDesignator=R83
Change Component Designator: OldDesignator=R85 NewDesignator=R84
Change Component Designator: OldDesignator=R86 NewDesignator=R85
Change Component Designator: OldDesignator=R87 NewDesignator=R86
Change Component Designator: OldDesignator=R88 NewDesignator=R87
Change Component Designator: OldDesignator=R89 NewDesignator=R88
Change Component Designator: OldDesignator=R90 NewDesignator=R89
Change Component Designator: OldDesignator=R91 NewDesignator=R90
Change Component Designator: OldDesignator=R92 NewDesignator=R91
Change Component Designator: OldDesignator=R93 NewDesignator=R92
Change Component Designator: OldDesignator=R94 NewDesignator=R93
Change Component Designator: OldDesignator=R95 NewDesignator=R94
Change Component Designator: OldDesignator=R96 NewDesignator=R95
Change Component Designator: OldDesignator=R97 NewDesignator=R96
Change Component Designator: OldDesignator=R98 NewDesignator=R97
Change Component Designator: OldDesignator=R99 NewDesignator=R98
Change Component Designator: OldDesignator=R100 NewDesignator=R99
Change Component Designator: OldDesignator=R101 NewDesignator=R100
Change Component Designator: OldDesignator=R102 NewDesignator=R101
Change Component Designator: OldDesignator=R103 NewDesignator=R102
Change Component Designator: OldDesignator=R104 NewDesignator=R103
Change Component Designator: OldDesignator=R105 NewDesignator=R104
Change Component Designator: OldDesignator=R106 NewDesignator=R105
Change Component Designator: OldDesignator=R107 NewDesignator=R106
Change Component Designator: OldDesignator=R108 NewDesignator=R107
Change Component Designator: OldDesignator=R109 NewDesignator=R108
Change Component Designator: OldDesignator=R110 NewDesignator=R109
Change Component Designator: OldDesignator=TP2 NewDesignator=TP1
Change Component Designator: OldDesignator=TP3 NewDesignator=TP2
Change Component Designator: OldDesignator=TP4 NewDesignator=TP3
Change Component Designator: OldDesignator=TP5 NewDesignator=TP4
Change Component Designator: OldDesignator=TP6 NewDesignator=TP5
Change Component Designator: OldDesignator=TP7 NewDesignator=TP6
Change Component Designator: OldDesignator=TP8 NewDesignator=TP7
Change Component Designator: OldDesignator=TP9 NewDesignator=TP8
Change Component Designator: OldDesignator=TP10 NewDesignator=TP9
Change Component Designator: OldDesignator=TP11 NewDesignator=TP10
Change Component Designator: OldDesignator=TP12 NewDesignator=TP11
Change Component Designator: OldDesignator=TP13 NewDesignator=TP12
Change Component Designator: OldDesignator=TP14 NewDesignator=TP13
Change Component Designator: OldDesignator=TP15 NewDesignator=TP14
Change Component Designator: OldDesignator=TP16 NewDesignator=TP15
Change Component Designator: OldDesignator=TP17 NewDesignator=TP16
Change Component Designator: OldDesignator=TP18 NewDesignator=TP17
Change Net Name : Old Net Name=NetR27_2 New Net Name=NetR24_2
Change Net Name : Old Net Name=NetR36_1 New Net Name=NetR35_1
Change Net Name : Old Net Name=NetR39_1 New Net Name=NetR38_1
Change Net Name : Old Net Name=NetR44_1 New Net Name=NetR43_1
Change Net Name : Old Net Name=NetR45_1 New Net Name=NetR44_1
Change Net Name : Old Net Name=NetR47_1 New Net Name=NetR46_1
Change Net Name : Old Net Name=NetR47_2 New Net Name=NetR46_2
Change Net Name : Old Net Name=NetR48_1 New Net Name=NetR47_1
Change Net Name : Old Net Name=NetR48_2 New Net Name=NetR47_2
Change Net Name : Old Net Name=NetR50_1 New Net Name=NetR49_1
Change Net Name : Old Net Name=NetR50_2 New Net Name=NetR49_2
Change Net Name : Old Net Name=NetR51_1 New Net Name=NetR50_1
Change Net Name : Old Net Name=NetR51_2 New Net Name=NetR50_2
Change Net Name : Old Net Name=NetR57_1 New Net Name=NetR56_1
Change Net Name : Old Net Name=NetR57_2 New Net Name=NetR56_2
Change Net Name : Old Net Name=NetR61_1 New Net Name=NetR60_1
Change Net Name : Old Net Name=NetR61_2 New Net Name=NetR60_2
Change Net Name : Old Net Name=NetR63_1 New Net Name=NetR62_1
Change Net Name : Old Net Name=NetR75_1 New Net Name=NetR74_1
Change Net Name : Old Net Name=NetR78_1 New Net Name=NetR77_1
Change Net Name : Old Net Name=NetR79_1 New Net Name=NetR78_1
Change Net Name : Old Net Name=NetR80_1 New Net Name=NetR79_1
Change Net Name : Old Net Name=NetR81_2 New Net Name=NetR80_2
Change Net Name : Old Net Name=NetR83_1 New Net Name=NetR82_1
Change Net Name : Old Net Name=NetR83_2 New Net Name=NetR82_2
Change Net Name : Old Net Name=NetR85_2 New Net Name=NetR84_2
Change Net Name : Old Net Name=NetR89_2 New Net Name=NetR88_2
Change Net Name : Old Net Name=NetR92_1 New Net Name=NetR91_1
Change Net Name : Old Net Name=NetR92_2 New Net Name=NetR91_2
Change Net Name : Old Net Name=NetR97_1 New Net Name=NetR96_1
Change Net Name : Old Net Name=NetR98_1 New Net Name=NetR97_1
Change Net Name : Old Net Name=NetR103_1 New Net Name=NetR102_1
Change Net Name : Old Net Name=NetR104_1 New Net Name=NetR103_1
Change Net Name : Old Net Name=NetR107_1 New Net Name=NetR106_1
Change Net Name : Old Net Name=NetR108_1 New Net Name=NetR107_1
Change Net Name : Old Net Name=NetR109_1 New Net Name=NetR108_1
Change Net Name : Old Net Name=NetR110_1 New Net Name=NetR109_1
Add Class: Class already exists: Designator
Add Class: Class already exists: Designator
Add Class: Class already exists: Designator
Add Class: Class already exists: Designator
Add Class: Class already exists: Designator
Add Class: Class already exists: Designator
Add Class: Class already exists: Designator
Add Class: Class already exists: Designator
Add Class: Class already exists: Designator
Add Class: Class already exists: Designator
Add Class: Class already exists: Designator
