Removed Pin From Net: NetName=WF_SW_STATUS Pin=U8-26
Removed Member From Class: ClassName=Designator Member=C30
Removed Member From Class: ClassName=Designator Member=C32
Removed Member From Class: ClassName=Designator Member=C34
Removed Member From Class: ClassName=Designator Member=TP11
Removed Member From Class: ClassName=Designator Member=U7
Change Component Designator: OldDesignator=R19 NewDesignator=R21
Change Component Designator: OldDesignator=R20 NewDesignator=R22
Change Component Designator: OldDesignator=R21 NewDesignator=R23
Change Component Designator: OldDesignator=R22 NewDesignator=R24
Change Component Designator: OldDesignator=R23 NewDesignator=R25
Change Component Designator: OldDesignator=R24 NewDesignator=R28
Change Component Designator: OldDesignator=R25 NewDesignator=R29
Change Component Designator: OldDesignator=R26 NewDesignator=R30
Change Component Designator: OldDesignator=R27 NewDesignator=R31
Change Component Designator: OldDesignator=R28 NewDesignator=R32
Change Component Designator: OldDesignator=R29 NewDesignator=R33
Change Component Designator: OldDesignator=R30 NewDesignator=R34
Change Component Designator: OldDesignator=R31 NewDesignator=R35
Change Component Designator: OldDesignator=R32 NewDesignator=R36
Change Component Designator: OldDesignator=R33 NewDesignator=R37
Change Component Designator: OldDesignator=R34 NewDesignator=R38
Change Component Designator: OldDesignator=R35 NewDesignator=R39
Change Component Designator: OldDesignator=R36 NewDesignator=R40
Change Component Designator: OldDesignator=R37 NewDesignator=R41
Change Component Designator: OldDesignator=R38 NewDesignator=R42
Change Component Designator: OldDesignator=R39 NewDesignator=R43
Change Component Designator: OldDesignator=R40 NewDesignator=R44
Change Component Designator: OldDesignator=R41 NewDesignator=R45
Change Component Designator: OldDesignator=R42 NewDesignator=R46
Change Component Designator: OldDesignator=R43 NewDesignator=R47
Change Component Designator: OldDesignator=R44 NewDesignator=R48
Change Component Designator: OldDesignator=R45 NewDesignator=R49
Change Component Designator: OldDesignator=R46 NewDesignator=R50
Change Component Designator: OldDesignator=R47 NewDesignator=R51
Change Component Designator: OldDesignator=R48 NewDesignator=R52
Change Component Designator: OldDesignator=R49 NewDesignator=R53
Change Component Designator: OldDesignator=R50 NewDesignator=R54
Change Component Designator: OldDesignator=R51 NewDesignator=R55
Change Component Designator: OldDesignator=R52 NewDesignator=R56
Change Component Designator: OldDesignator=R53 NewDesignator=R57
Change Component Designator: OldDesignator=R54 NewDesignator=R58
Change Component Designator: OldDesignator=R55 NewDesignator=R59
Change Component Designator: OldDesignator=R56 NewDesignator=R60
Change Component Designator: OldDesignator=R57 NewDesignator=R61
Change Component Designator: OldDesignator=R58 NewDesignator=R62
Change Component Designator: OldDesignator=R59 NewDesignator=R63
Change Component Designator: OldDesignator=R60 NewDesignator=R64
Change Component Designator: OldDesignator=R61 NewDesignator=R65
Change Component Designator: OldDesignator=R62 NewDesignator=R66
Change Component Designator: OldDesignator=R63 NewDesignator=R67
Change Component Designator: OldDesignator=R64 NewDesignator=R68
Change Component Designator: OldDesignator=R65 NewDesignator=R69
Change Component Designator: OldDesignator=R66 NewDesignator=R70
Change Component Designator: OldDesignator=R67 NewDesignator=R71
Change Component Designator: OldDesignator=R68 NewDesignator=R72
Change Component Designator: OldDesignator=R69 NewDesignator=R73
Change Component Designator: OldDesignator=R70 NewDesignator=R74
Change Component Designator: OldDesignator=R71 NewDesignator=R75
Change Component Designator: OldDesignator=R72 NewDesignator=R76
Change Component Designator: OldDesignator=R73 NewDesignator=R77
Change Component Designator: OldDesignator=R74 NewDesignator=R78
Change Component Designator: OldDesignator=R75 NewDesignator=R79
Change Component Designator: OldDesignator=R76 NewDesignator=R80
Change Component Designator: OldDesignator=R77 NewDesignator=R81
Change Component Designator: OldDesignator=R78 NewDesignator=R82
Change Component Designator: OldDesignator=R79 NewDesignator=R83
Change Component Designator: OldDesignator=R80 NewDesignator=R84
Change Component Designator: OldDesignator=R81 NewDesignator=R85
Change Component Designator: OldDesignator=R82 NewDesignator=R86
Change Component Designator: OldDesignator=R83 NewDesignator=R87
Change Component Designator: OldDesignator=R84 NewDesignator=R88
Change Component Designator: OldDesignator=R85 NewDesignator=R89
Change Component Designator: OldDesignator=R86 NewDesignator=R90
Change Component Designator: OldDesignator=R87 NewDesignator=R91
Change Component Designator: OldDesignator=R88 NewDesignator=R92
Change Component Designator: OldDesignator=R89 NewDesignator=R93
Change Component Designator: OldDesignator=R90 NewDesignator=R94
Change Component Designator: OldDesignator=R91 NewDesignator=R95
Change Component Designator: OldDesignator=R92 NewDesignator=R96
Change Component Designator: OldDesignator=R93 NewDesignator=R97
Change Component Designator: OldDesignator=R94 NewDesignator=R98
Change Component Designator: OldDesignator=R95 NewDesignator=R99
Change Component Designator: OldDesignator=R96 NewDesignator=R100
Change Component Designator: OldDesignator=R97 NewDesignator=R101
Change Component Designator: OldDesignator=R98 NewDesignator=R102
Change Component Designator: OldDesignator=R99 NewDesignator=R103
Change Component Designator: OldDesignator=R100 NewDesignator=R104
Change Component Designator: OldDesignator=R101 NewDesignator=R105
Change Component Designator: OldDesignator=R102 NewDesignator=R106
Change Component Designator: OldDesignator=R103 NewDesignator=R107
Change Component Designator: OldDesignator=R104 NewDesignator=R108
Change Component Designator: OldDesignator=R105 NewDesignator=R109
Change Component Designator: OldDesignator=R106 NewDesignator=R110
Added Component: Designator=R19(Resistor_0603)
Add component (AddParameter): Name = "Datasheet"; Value = ""; VariantName = "[No Variations]"
Add component (AddParameter): Name = "Supply Name"; Value = "Thegioiic"; VariantName = "[No Variations]"
Add component (AddParameter): Name = "Supply Part Number"; Value = "할?n Tr? 10 KOhm 0603 1%"; VariantName = "[No Variations]"
Add component (AddParameter): Name = "Supply URL"; Value = "https://www.thegioiic.com/dien-tro-10-kohm-0603-1-"; VariantName = "[No Variations]"
Added Component: Designator=R20(Resistor_0603)
Add component (AddParameter): Name = "Datasheet"; Value = ""; VariantName = "[No Variations]"
Add component (AddParameter): Name = "Supply Name"; Value = "Thegioiic"; VariantName = "[No Variations]"
Add component (AddParameter): Name = "Supply Part Number"; Value = "할?n Tr? 10 KOhm 0603 1%"; VariantName = "[No Variations]"
Add component (AddParameter): Name = "Supply URL"; Value = "https://www.thegioiic.com/dien-tro-10-kohm-0603-1-"; VariantName = "[No Variations]"
Added Component: Designator=R26(Resistor_0603)
Add component (AddParameter): Name = "Datasheet"; Value = ""; VariantName = "[No Variations]"
Add component (AddParameter): Name = "Supply Name"; Value = "Thegioiic"; VariantName = "[No Variations]"
Add component (AddParameter): Name = "Supply Part Number"; Value = "할?n Tr? 10 KOhm 0603 1%"; VariantName = "[No Variations]"
Add component (AddParameter): Name = "Supply URL"; Value = "https://www.thegioiic.com/dien-tro-10-kohm-0603-1-"; VariantName = "[No Variations]"
Added Component: Designator=R27(Resistor_0603)
Add component (AddParameter): Name = "Datasheet"; Value = ""; VariantName = "[No Variations]"
Add component (AddParameter): Name = "Supply Name"; Value = "Thegioiic"; VariantName = "[No Variations]"
Add component (AddParameter): Name = "Supply Part Number"; Value = "할?n Tr? 10 KOhm 0603 1%"; VariantName = "[No Variations]"
Add component (AddParameter): Name = "Supply URL"; Value = "https://www.thegioiic.com/dien-tro-10-kohm-0603-1-"; VariantName = "[No Variations]"
Added Pin To Net: NetName=GND Pin=R19-1
Added Pin To Net: NetName=GND Pin=R20-1
Added Pin To Net: NetName=NetLCD1_3 Pin=R20-2
Added Pin To Net: NetName=GND Pin=R26-1
Added Pin To Net: NetName=GND Pin=R27-1
Added Pin To Net: NetName=WF_SW_STATUS Pin=U8-14
Change Net Name : Old Net Name=NetR32_1 New Net Name=NetR36_1
Change Net Name : Old Net Name=NetR35_1 New Net Name=NetR39_1
Change Net Name : Old Net Name=NetR40_1 New Net Name=NetR44_1
Change Net Name : Old Net Name=NetR41_1 New Net Name=NetR45_1
Change Net Name : Old Net Name=NetR43_1 New Net Name=NetR47_1
Change Net Name : Old Net Name=NetR43_2 New Net Name=NetR47_2
Change Net Name : Old Net Name=NetR44_1 New Net Name=NetR48_1
Change Net Name : Old Net Name=NetR44_2 New Net Name=NetR48_2
Change Net Name : Old Net Name=NetR46_1 New Net Name=NetR50_1
Change Net Name : Old Net Name=NetR46_2 New Net Name=NetR50_2
Change Net Name : Old Net Name=NetR47_1 New Net Name=NetR51_1
Change Net Name : Old Net Name=NetR47_2 New Net Name=NetR51_2
Change Net Name : Old Net Name=NetR53_1 New Net Name=NetR57_1
Change Net Name : Old Net Name=NetR53_2 New Net Name=NetR57_2
Change Net Name : Old Net Name=NetR57_1 New Net Name=NetR61_1
Change Net Name : Old Net Name=NetR57_2 New Net Name=NetR61_2
Change Net Name : Old Net Name=NetR59_1 New Net Name=NetR63_1
Change Net Name : Old Net Name=NetR71_1 New Net Name=NetR75_1
Change Net Name : Old Net Name=NetR74_1 New Net Name=NetR78_1
Change Net Name : Old Net Name=NetR75_1 New Net Name=NetR79_1
Change Net Name : Old Net Name=NetR76_1 New Net Name=NetR80_1
Change Net Name : Old Net Name=NetR77_2 New Net Name=NetR81_2
Change Net Name : Old Net Name=NetR79_1 New Net Name=NetR83_1
Change Net Name : Old Net Name=NetR79_2 New Net Name=NetR83_2
Change Net Name : Old Net Name=NetR81_2 New Net Name=NetR85_2
Change Net Name : Old Net Name=NetR85_2 New Net Name=NetR89_2
Change Net Name : Old Net Name=NetR88_1 New Net Name=NetR92_1
Change Net Name : Old Net Name=NetR88_2 New Net Name=NetR92_2
Change Net Name : Old Net Name=NetR93_1 New Net Name=NetR97_1
Change Net Name : Old Net Name=NetR94_1 New Net Name=NetR98_1
Change Net Name : Old Net Name=NetR99_1 New Net Name=NetR103_1
Change Net Name : Old Net Name=NetR100_1 New Net Name=NetR104_1
Change Net Name : Old Net Name=NetR103_1 New Net Name=NetR107_1
Change Net Name : Old Net Name=NetR104_1 New Net Name=NetR108_1
Change Net Name : Old Net Name=NetR105_1 New Net Name=NetR109_1
Change Net Name : Old Net Name=NetR106_1 New Net Name=NetR110_1
Added Pin To Net: NetName=NetR19_2 Pin=R19-2
Added Pin To Net: NetName=NetR19_2 Pin=R37-1
Added Pin To Net: NetName=NetR19_2 Pin=U7-26
Added Net: Name=NetR19_2
Added Pin To Net: NetName=NetR26_2 Pin=R26-2
Added Pin To Net: NetName=NetR26_2 Pin=U8-16
Added Net: Name=NetR26_2
Added Pin To Net: NetName=NetR27_2 Pin=R27-2
Added Pin To Net: NetName=NetR27_2 Pin=U8-26
Added Net: Name=NetR27_2
Add Class: Class already exists: Designator
Add Class: Class already exists: Designator
Add Class: Class already exists: Designator
Add Class: Class already exists: Designator
Add Class: Class already exists: Designator
Add Class: Class already exists: Designator
Add Class: Class already exists: Designator
Add Class: Class already exists: Designator
Add Class: Class already exists: Designator
Add Class: Class already exists: Designator
Add Class: Class already exists: Designator
Added Member To Class: ClassName=Designator Member=Component C14 10uF/50V
Added Member To Class: ClassName=Designator Member=Component C15 10uF/16V
Added Member To Class: ClassName=Designator Member=Component C16 10uF/6.3V
Added Member To Class: ClassName=Designator Member=Component C17 100nF/50V
Added Member To Class: ClassName=Designator Member=Component C19 10uF/6.3V
Added Member To Class: ClassName=Designator Member=Component C22 100nF/50V
Added Member To Class: ClassName=Designator Member=Component C23 10uF/6.3V
Added Member To Class: ClassName=Designator Member=Component C27 10uF/35V
Added Member To Class: ClassName=Designator Member=Component C28 10uF/16V
Added Member To Class: ClassName=Designator Member=Component C29 100nF/50V
Added Member To Class: ClassName=Designator Member=Component D5 VCC
Added Member To Class: ClassName=Designator Member=Component D7 5V
Added Member To Class: ClassName=Designator Member=Component D8 3V3
Added Member To Class: ClassName=Designator Member=Component R11 4.7K/1%/1_10W
Added Member To Class: ClassName=Designator Member=Component R12 4.7K/1%/1_10W
Added Member To Class: ClassName=Designator Member=Component R13 4.7K/1%/1_10W
Added Member To Class: ClassName=Designator Member=Component R14 4.7K/1%/1_10W
Added Member To Class: ClassName=Designator Member=Component R15 4.7K/1%/1_10W
Added Member To Class: ClassName=Designator Member=Component R16 10K/1%/1_10W
Added Member To Class: ClassName=Designator Member=Component TP2 GND1
Added Member To Class: ClassName=Designator Member=Component TP9 3V3
Added Member To Class: ClassName=Designator Member=Component U3 XC6206P282MR
Added Member To Class: ClassName=Designator Member=Component U4 XC6206P122MR
Added Member To Class: ClassName=Designator Member=Component U5 ICL7662CBA
Added Member To Class: ClassName=Designator Member=Component U6 AMS1117-5.0
