Removed Pin From Net: NetName=GND Pin=SW4-1
Removed Pin From Net: NetName=WF_SW_STATUS Pin=SW4-2
Removed Pin From Net: NetName=GND Pin=SW4-3
Removed Pin From Net: NetName=WF_SW_STATUS Pin=SW4-4
Added Component: Designator=SW?(Button_4.5x4.7mm_SMD_4P)
Add component (AddParameter): Name = "Datasheet"; Value = ""; VariantName = "[No Variations]"
Add component (AddParameter): Name = "Supply Name"; Value = "Thegioiic"; VariantName = "[No Variations]"
Add component (AddParameter): Name = "Supply Part Number"; Value = "Nút Nh?n Rùa 4.5x4.7mm Cao 1.65mm 4 Chân SMD"; VariantName = "[No Variations]"
Add component (AddParameter): Name = "Supply URL"; Value = "https://www.thegioiic.com/nut-nhan-rua-4-5x4-7mm-cao-1-65mm-4-chan-smd"; VariantName = "[No Variations]"
Added Pin To Net: NetName=WF_SW_STATUS Pin=SW?-1
Added Pin To Net: NetName=WF_SW_STATUS Pin=SW?-2
Added Pin To Net: NetName=GND Pin=SW?-3
Added Pin To Net: NetName=GND Pin=SW?-4
Add Class: Class already exists: Designator
Add Class: Class already exists: Designator
Add Class: Class already exists: Designator
Add Class: Class already exists: Designator
Add Class: Class already exists: Designator
Add Class: Class already exists: Designator
Add Class: Class already exists: Designator
Add Class: Class already exists: Designator
Add Class: Class already exists: Designator
Add Class: Class already exists: Designator
Add Class: Class already exists: Designator
