Change Component Designator: Old Designator=C85 New Designator=C86
Change Component Designator: Old Designator=C86 New Designator=C87
Change Component Designator: Old Designator=C87 New Designator=C88
Change Component Designator: Old Designator=C88 New Designator=C89
Change Component Designator: Old Designator=C89 New Designator=C90
Change Component Designator: Old Designator=C90 New Designator=C91
Change Component Designator: Old Designator=D18 New Designator=D16
Change Component Designator: Old Designator=D19 New Designator=D17
Change Component Designator: Old Designator=D20 New Designator=D18
Change Component Designator: Old Designator=D21 New Designator=D19
Change Component Designator: Old Designator=D22 New Designator=D20
Change Component Designator: Old Designator=D23 New Designator=D21
Change Component Designator: Old Designator=D24 New Designator=D22
Change Component Designator: Old Designator=D25 New Designator=D23
Change Component Designator: Old Designator=J3 New Designator=J5
Change Component Designator: Old Designator=J4 New Designator=J6
Change Component Designator: Old Designator=R83 New Designator=R77
Change Component Designator: Old Designator=R84 New Designator=R78
Change Component Designator: Old Designator=R85 New Designator=R79
Change Component Designator: Old Designator=R86 New Designator=R80
Change Component Designator: Old Designator=R87 New Designator=R81
Change Component Designator: Old Designator=R88 New Designator=R82
Change Component Designator: Old Designator=R89 New Designator=R83
Change Component Designator: Old Designator=R90 New Designator=R84
Change Component Designator: Old Designator=R91 New Designator=R85
Change Component Designator: Old Designator=R92 New Designator=R86
Change Component Designator: Old Designator=R93 New Designator=R87
Change Component Designator: Old Designator=R94 New Designator=R88
Change Component Designator: Old Designator=R95 New Designator=R89
Change Component Designator: Old Designator=R96 New Designator=R90
Change Component Designator: Old Designator=R97 New Designator=R91
Change Component Designator: Old Designator=R98 New Designator=R92
Change Component Designator: Old Designator=R99 New Designator=R93
Change Component Designator: Old Designator=R100 New Designator=R94
Change Component Designator: Old Designator=R101 New Designator=R95
Change Component Designator: Old Designator=R102 New Designator=R96
Change Component Designator: Old Designator=U17 New Designator=U18
Change Component Designator: Old Designator=U18 New Designator=U19
Change Component Designator: Old Designator=U19 New Designator=U20
Change Component Designator: Old Designator=U20 New Designator=U21
Change Component Designator: Old Designator=U21 New Designator=U22
