Change Component Designator: Old Designator=C14 New Designator=C16
Change Component Designator: Old Designator=C15 New Designator=C17
Change Component Designator: Old Designator=C16 New Designator=C18
Change Component Designator: Old Designator=C17 New Designator=C19
Change Component Designator: Old Designator=C18 New Designator=C20
Change Component Designator: Old Designator=C19 New Designator=C21
Change Component Designator: Old Designator=C20 New Designator=C22
Change Component Designator: Old Designator=C21 New Designator=C23
Change Component Designator: Old Designator=C26 New Designator=C29
Change Component Designator: Old Designator=C New Designator=C15
Change Component Designator: Old Designator=C New Designator=C28
Change Component Designator: Old Designator=C? New Designator=C13
Change Component Designator: Old Designator=C? New Designator=C14
Change Component Designator: Old Designator=C? New Designator=C24
Change Component Designator: Old Designator=C? New Designator=C25
Change Component Designator: Old Designator=C? New Designator=C26
Change Component Designator: Old Designator=C? New Designator=C27
Change Component Designator: Old Designator=D6 New Designator=D4
Change Component Designator: Old Designator=D7 New Designator=D5
Change Component Designator: Old Designator=D8 New Designator=D6
Change Component Designator: Old Designator=D9 New Designator=D7
Change Component Designator: Old Designator=R15 New Designator=R11
Change Component Designator: Old Designator=R16 New Designator=R12
Change Component Designator: Old Designator=R17 New Designator=R13
Change Component Designator: Old Designator=R18 New Designator=R14
Change Component Designator: Old Designator=R19 New Designator=R15
Change Component Designator: Old Designator=U4 New Designator=U3
Change Component Designator: Old Designator=U5 New Designator=U4
Change Component Designator: Old Designator=U? New Designator=U5
Change Component Designator: Old Designator=U? New Designator=U6
